05/18/2026 04:08:08.958 PM
LogName=Microsoft-Windows-Sysmon/Operational
EventCode=1
EventType=4
ComputerName=DESKTOP-82HJBKD
User=NOT_TRANSLATED
Sid=S-1-5-18
SidType=0
SourceName=Microsoft-Windows-Sysmon
Type=Information
RecordNumber=15054
Keywords=None
TaskCategory=Process Create (rule: ProcessCreate)
OpCode=Info
Message=Process Create:
RuleName: -
UtcTime: 2026-05-18 10:23:08.956
ProcessGuid: {951b9ce6-e88c-6a0a-2404-000000000900}
ProcessId: 7200
Image: C:\Program Files\Splunk\bin\splunk-powershell.exe
FileVersion: -
Description: -
Product: -
Company: -
OriginalFileName: -
CommandLine: "C:\Program Files\Splunk\bin\splunk-powershell.exe"
CurrentDirectory: C:\WINDOWS\system32\
User: NT AUTHORITY\SYSTEM
LogonGuid: {951b9ce6-e5f9-6a0a-e703-000000000000}
LogonId: 0x3E7
TerminalSessionId: 0
IntegrityLevel: System
Hashes: MD5=09786E423871374ADDE99874569B1D83,SHA256=BAC42959A130084AFD25DEF2520AA63E58F466C472484A0FB011E51B1838D203,IMPHASH=95FBEA9323F5EA405C7BE38624B06950
ParentProcessGuid: {951b9ce6-e5fe-6a0a-5c00-000000000900}
ParentProcessId: 4380
ParentImage: C:\Program Files\Splunk\bin\splunkd.exe
ParentCommandLine: "C:\Program Files\Splunk\bin\splunkd.exe" service
ParentUser: NT AUTHORITY\SYSTEM
05/18/2026 04:07:10.023 PM
LogName=Microsoft-Windows-Sysmon/Operational
EventCode=1
EventType=4
ComputerName=DESKTOP-82HJBKD
User=NOT_TRANSLATED
Sid=S-1-5-18
SidType=0
SourceName=Microsoft-Windows-Sysmon
Type=Information
RecordNumber=14981
Keywords=None
TaskCategory=Process Create (rule: ProcessCreate)
OpCode=Info
Message=Process Create:
RuleName: -
UtcTime: 2026-05-18 10:22:10.019
ProcessGuid: {951b9ce6-e852-6a0a-d503-000000000900}
ProcessId: 5844
Image: C:\Program Files\Splunk\bin\splunk-powershell.exe
FileVersion: -
Description: -
Product: -
Company: -
OriginalFileName: -
CommandLine: "C:\Program Files\Splunk\bin\splunk-powershell.exe" --ps2
CurrentDirectory: C:\WINDOWS\system32\
User: NT AUTHORITY\SYSTEM
LogonGuid: {951b9ce6-e5f9-6a0a-e703-000000000000}
LogonId: 0x3E7
TerminalSessionId: 0
IntegrityLevel: System
Hashes: MD5=09786E423871374ADDE99874569B1D83,SHA256=BAC42959A130084AFD25DEF2520AA63E58F466C472484A0FB011E51B1838D203,IMPHASH=95FBEA9323F5EA405C7BE38624B06950
ParentProcessGuid: {951b9ce6-e5fe-6a0a-5c00-000000000900}
ParentProcessId: 4380
ParentImage: C:\Program Files\Splunk\bin\splunkd.exe
ParentCommandLine: "C:\Program Files\Splunk\bin\splunkd.exe" service
ParentUser: NT AUTHORITY\SYSTEM
05/18/2026 04:07:08.948 PM
LogName=Microsoft-Windows-Sysmon/Operational
EventCode=1
EventType=4
ComputerName=DESKTOP-82HJBKD
User=NOT_TRANSLATED
Sid=S-1-5-18
SidType=0
SourceName=Microsoft-Windows-Sysmon
Type=Information
RecordNumber=14977
Keywords=None
TaskCategory=Process Create (rule: ProcessCreate)
OpCode=Info
Message=Process Create:
RuleName: -
UtcTime: 2026-05-18 10:22:08.944
ProcessGuid: {951b9ce6-e850-6a0a-d103-000000000900}
ProcessId: 2000
Image: C:\Program Files\Splunk\bin\splunk-powershell.exe
FileVersion: -
Description: -
Product: -
Company: -
OriginalFileName: -
CommandLine: "C:\Program Files\Splunk\bin\splunk-powershell.exe"
CurrentDirectory: C:\WINDOWS\system32\
User: NT AUTHORITY\SYSTEM
LogonGuid: {951b9ce6-e5f9-6a0a-e703-000000000000}
LogonId: 0x3E7
TerminalSessionId: 0
IntegrityLevel: System
Hashes: MD5=09786E423871374ADDE99874569B1D83,SHA256=BAC42959A130084AFD25DEF2520AA63E58F466C472484A0FB011E51B1838D203,IMPHASH=95FBEA9323F5EA405C7BE38624B06950
ParentProcessGuid: {951b9ce6-e5fe-6a0a-5c00-000000000900}
ParentProcessId: 4380
ParentImage: C:\Program Files\Splunk\bin\splunkd.exe
ParentCommandLine: "C:\Program Files\Splunk\bin\splunkd.exe" service
ParentUser: NT AUTHORITY\SYSTEM
05/18/2026 04:06:09.937 PM
LogName=Microsoft-Windows-Sysmon/Operational
EventCode=1
EventType=4
ComputerName=DESKTOP-82HJBKD
User=NOT_TRANSLATED
Sid=S-1-5-18
SidType=0
SourceName=Microsoft-Windows-Sysmon
Type=Information
RecordNumber=14912
Keywords=None
TaskCategory=Process Create (rule: ProcessCreate)
OpCode=Info
Message=Process Create:
RuleName: -
UtcTime: 2026-05-18 10:21:09.935
ProcessGuid: {951b9ce6-e815-6a0a-8b03-000000000900}
ProcessId: 7864
Image: C:\Program Files\Splunk\bin\splunk-powershell.exe
FileVersion: -
Description: -
Product: -
Company: -
OriginalFileName: -
CommandLine: "C:\Program Files\Splunk\bin\splunk-powershell.exe" --ps2
CurrentDirectory: C:\WINDOWS\system32\
User: NT AUTHORITY\SYSTEM
LogonGuid: {951b9ce6-e5f9-6a0a-e703-000000000000}
LogonId: 0x3E7
TerminalSessionId: 0
IntegrityLevel: System
Hashes: MD5=09786E423871374ADDE99874569B1D83,SHA256=BAC42959A130084AFD25DEF2520AA63E58F466C472484A0FB011E51B1838D203,IMPHASH=95FBEA9323F5EA405C7BE38624B06950
ParentProcessGuid: {951b9ce6-e5fe-6a0a-5c00-000000000900}
ParentProcessId: 4380
ParentImage: C:\Program Files\Splunk\bin\splunkd.exe
ParentCommandLine: "C:\Program Files\Splunk\bin\splunkd.exe" service
ParentUser: NT AUTHORITY\SYSTEM
05/18/2026 04:06:08.971 PM
LogName=Microsoft-Windows-Sysmon/Operational
EventCode=1
EventType=4
ComputerName=DESKTOP-82HJBKD
User=NOT_TRANSLATED
Sid=S-1-5-18
SidType=0
SourceName=Microsoft-Windows-Sysmon
Type=Information
RecordNumber=14911
Keywords=None
TaskCategory=Process Create (rule: ProcessCreate)
OpCode=Info
Message=Process Create:
RuleName: -
UtcTime: 2026-05-18 10:21:08.968
ProcessGuid: {951b9ce6-e814-6a0a-8a03-000000000900}
ProcessId: 7936
Image: C:\Program Files\Splunk\bin\splunk-powershell.exe
FileVersion: -
Description: -
Product: -
Company: -
OriginalFileName: -
CommandLine: "C:\Program Files\Splunk\bin\splunk-powershell.exe"
CurrentDirectory: C:\WINDOWS\system32\
User: NT AUTHORITY\SYSTEM
LogonGuid: {951b9ce6-e5f9-6a0a-e703-000000000000}
LogonId: 0x3E7
TerminalSessionId: 0
IntegrityLevel: System
Hashes: MD5=09786E423871374ADDE99874569B1D83,SHA256=BAC42959A130084AFD25DEF2520AA63E58F466C472484A0FB011E51B1838D203,IMPHASH=95FBEA9323F5EA405C7BE38624B06950
ParentProcessGuid: {951b9ce6-e5fe-6a0a-5c00-000000000900}
ParentProcessId: 4380
ParentImage: C:\Program Files\Splunk\bin\splunkd.exe
ParentCommandLine: "C:\Program Files\Splunk\bin\splunkd.exe" service
ParentUser: NT AUTHORITY\SYSTEM
05/18/2026 04:05:09.920 PM
LogName=Microsoft-Windows-Sysmon/Operational
EventCode=1
EventType=4
ComputerName=DESKTOP-82HJBKD
User=NOT_TRANSLATED
Sid=S-1-5-18
SidType=0
SourceName=Microsoft-Windows-Sysmon
Type=Information
RecordNumber=14852
Keywords=None
TaskCategory=Process Create (rule: ProcessCreate)
OpCode=Info
Message=Process Create:
RuleName: -
UtcTime: 2026-05-18 10:20:09.918
ProcessGuid: {951b9ce6-e7d9-6a0a-4e03-000000000900}
ProcessId: 9316
Image: C:\Program Files\Splunk\bin\splunk-powershell.exe
FileVersion: -
Description: -
Product: -
Company: -
OriginalFileName: -
CommandLine: "C:\Program Files\Splunk\bin\splunk-powershell.exe" --ps2
CurrentDirectory: C:\WINDOWS\system32\
User: NT AUTHORITY\SYSTEM
LogonGuid: {951b9ce6-e5f9-6a0a-e703-000000000000}
LogonId: 0x3E7
TerminalSessionId: 0
IntegrityLevel: System
Hashes: MD5=09786E423871374ADDE99874569B1D83,SHA256=BAC42959A130084AFD25DEF2520AA63E58F466C472484A0FB011E51B1838D203,IMPHASH=95FBEA9323F5EA405C7BE38624B06950
ParentProcessGuid: {951b9ce6-e5fe-6a0a-5c00-000000000900}
ParentProcessId: 4380
ParentImage: C:\Program Files\Splunk\bin\splunkd.exe
ParentCommandLine: "C:\Program Files\Splunk\bin\splunkd.exe" service
ParentUser: NT AUTHORITY\SYSTEM
05/18/2026 04:05:09.025 PM
LogName=Microsoft-Windows-Sysmon/Operational
EventCode=1
EventType=4
ComputerName=DESKTOP-82HJBKD
User=NOT_TRANSLATED
Sid=S-1-5-18
SidType=0
SourceName=Microsoft-Windows-Sysmon
Type=Information
RecordNumber=14851
Keywords=None
TaskCategory=Process Create (rule: ProcessCreate)
OpCode=Info
Message=Process Create:
RuleName: -
UtcTime: 2026-05-18 10:20:09.024
ProcessGuid: {951b9ce6-e7d9-6a0a-4d03-000000000900}
ProcessId: 1960
Image: C:\Program Files\Splunk\bin\splunk-powershell.exe
FileVersion: -
Description: -
Product: -
Company: -
OriginalFileName: -
CommandLine: "C:\Program Files\Splunk\bin\splunk-powershell.exe"
CurrentDirectory: C:\WINDOWS\system32\
User: NT AUTHORITY\SYSTEM
LogonGuid: {951b9ce6-e5f9-6a0a-e703-000000000000}
LogonId: 0x3E7
TerminalSessionId: 0
IntegrityLevel: System
Hashes: MD5=09786E423871374ADDE99874569B1D83,SHA256=BAC42959A130084AFD25DEF2520AA63E58F466C472484A0FB011E51B1838D203,IMPHASH=95FBEA9323F5EA405C7BE38624B06950
ParentProcessGuid: {951b9ce6-e5fe-6a0a-5c00-000000000900}
ParentProcessId: 4380
ParentImage: C:\Program Files\Splunk\bin\splunkd.exe
ParentCommandLine: "C:\Program Files\Splunk\bin\splunkd.exe" service
ParentUser: NT AUTHORITY\SYSTEM
05/18/2026 04:04:09.907 PM
LogName=Microsoft-Windows-Sysmon/Operational
EventCode=1
EventType=4
ComputerName=DESKTOP-82HJBKD
User=NOT_TRANSLATED
Sid=S-1-5-18
SidType=0
SourceName=Microsoft-Windows-Sysmon
Type=Information
RecordNumber=14781
Keywords=None
TaskCategory=Process Create (rule: ProcessCreate)
OpCode=Info
Message=Process Create:
RuleName: -
UtcTime: 2026-05-18 10:19:09.905
ProcessGuid: {951b9ce6-e79d-6a0a-1503-000000000900}
ProcessId: 4420
Image: C:\Program Files\Splunk\bin\splunk-powershell.exe
FileVersion: -
Description: -
Product: -
Company: -
OriginalFileName: -
CommandLine: "C:\Program Files\Splunk\bin\splunk-powershell.exe" --ps2
CurrentDirectory: C:\WINDOWS\system32\
User: NT AUTHORITY\SYSTEM
LogonGuid: {951b9ce6-e5f9-6a0a-e703-000000000000}
LogonId: 0x3E7
TerminalSessionId: 0
IntegrityLevel: System
Hashes: MD5=09786E423871374ADDE99874569B1D83,SHA256=BAC42959A130084AFD25DEF2520AA63E58F466C472484A0FB011E51B1838D203,IMPHASH=95FBEA9323F5EA405C7BE38624B06950
ParentProcessGuid: {951b9ce6-e5fe-6a0a-5c00-000000000900}
ParentProcessId: 4380
ParentImage: C:\Program Files\Splunk\bin\splunkd.exe
ParentCommandLine: "C:\Program Files\Splunk\bin\splunkd.exe" service
ParentUser: NT AUTHORITY\SYSTEM
05/18/2026 04:04:09.029 PM
LogName=Microsoft-Windows-Sysmon/Operational
EventCode=1
EventType=4
ComputerName=DESKTOP-82HJBKD
User=NOT_TRANSLATED
Sid=S-1-5-18
SidType=0
SourceName=Microsoft-Windows-Sysmon
Type=Information
RecordNumber=14780
Keywords=None
TaskCategory=Process Create (rule: ProcessCreate)
OpCode=Info
Message=Process Create:
RuleName: -
UtcTime: 2026-05-18 10:19:09.027
ProcessGuid: {951b9ce6-e79d-6a0a-1403-000000000900}
ProcessId: 2572
Image: C:\Program Files\Splunk\bin\splunk-powershell.exe
FileVersion: -
Description: -
Product: -
Company: -
OriginalFileName: -
CommandLine: "C:\Program Files\Splunk\bin\splunk-powershell.exe"
CurrentDirectory: C:\WINDOWS\system32\
User: NT AUTHORITY\SYSTEM
LogonGuid: {951b9ce6-e5f9-6a0a-e703-000000000000}
LogonId: 0x3E7
TerminalSessionId: 0
IntegrityLevel: System
Hashes: MD5=09786E423871374ADDE99874569B1D83,SHA256=BAC42959A130084AFD25DEF2520AA63E58F466C472484A0FB011E51B1838D203,IMPHASH=95FBEA9323F5EA405C7BE38624B06950
ParentProcessGuid: {951b9ce6-e5fe-6a0a-5c00-000000000900}
ParentProcessId: 4380
ParentImage: C:\Program Files\Splunk\bin\splunkd.exe
ParentCommandLine: "C:\Program Files\Splunk\bin\splunkd.exe" service
ParentUser: NT AUTHORITY\SYSTEM
05/18/2026 04:03:09.895 PM
LogName=Microsoft-Windows-Sysmon/Operational
EventCode=1
EventType=4
ComputerName=DESKTOP-82HJBKD
User=NOT_TRANSLATED
Sid=S-1-5-18
SidType=0
SourceName=Microsoft-Windows-Sysmon
Type=Information
RecordNumber=14698
Keywords=None
TaskCategory=Process Create (rule: ProcessCreate)
OpCode=Info
Message=Process Create:
RuleName: -
UtcTime: 2026-05-18 10:18:09.893
ProcessGuid: {951b9ce6-e761-6a0a-d902-000000000900}
ProcessId: 3996
Image: C:\Program Files\Splunk\bin\splunk-powershell.exe
FileVersion: -
Description: -
Product: -
Company: -
OriginalFileName: -
CommandLine: "C:\Program Files\Splunk\bin\splunk-powershell.exe" --ps2
CurrentDirectory: C:\WINDOWS\system32\
User: NT AUTHORITY\SYSTEM
LogonGuid: {951b9ce6-e5f9-6a0a-e703-000000000000}
LogonId: 0x3E7
TerminalSessionId: 0
IntegrityLevel: System
Hashes: MD5=09786E423871374ADDE99874569B1D83,SHA256=BAC42959A130084AFD25DEF2520AA63E58F466C472484A0FB011E51B1838D203,IMPHASH=95FBEA9323F5EA405C7BE38624B06950
ParentProcessGuid: {951b9ce6-e5fe-6a0a-5c00-000000000900}
ParentProcessId: 4380
ParentImage: C:\Program Files\Splunk\bin\splunkd.exe
ParentCommandLine: "C:\Program Files\Splunk\bin\splunkd.exe" service
ParentUser: NT AUTHORITY\SYSTEM
05/18/2026 04:03:09.014 PM
LogName=Microsoft-Windows-Sysmon/Operational
EventCode=1
EventType=4
ComputerName=DESKTOP-82HJBKD
User=NOT_TRANSLATED
Sid=S-1-5-18
SidType=0
SourceName=Microsoft-Windows-Sysmon
Type=Information
RecordNumber=14697
Keywords=None
TaskCategory=Process Create (rule: ProcessCreate)
OpCode=Info
Message=Process Create:
RuleName: -
UtcTime: 2026-05-18 10:18:09.012
ProcessGuid: {951b9ce6-e761-6a0a-d802-000000000900}
ProcessId: 9144
Image: C:\Program Files\Splunk\bin\splunk-powershell.exe
FileVersion: -
Description: -
Product: -
Company: -
OriginalFileName: -
CommandLine: "C:\Program Files\Splunk\bin\splunk-powershell.exe"
CurrentDirectory: C:\WINDOWS\system32\
User: NT AUTHORITY\SYSTEM
LogonGuid: {951b9ce6-e5f9-6a0a-e703-000000000000}
LogonId: 0x3E7
TerminalSessionId: 0
IntegrityLevel: System
Hashes: MD5=09786E423871374ADDE99874569B1D83,SHA256=BAC42959A130084AFD25DEF2520AA63E58F466C472484A0FB011E51B1838D203,IMPHASH=95FBEA9323F5EA405C7BE38624B06950
ParentProcessGuid: {951b9ce6-e5fe-6a0a-5c00-000000000900}
ParentProcessId: 4380
ParentImage: C:\Program Files\Splunk\bin\splunkd.exe
ParentCommandLine: "C:\Program Files\Splunk\bin\splunkd.exe" service
ParentUser: NT AUTHORITY\SYSTEM
05/18/2026 04:02:09.876 PM
LogName=Microsoft-Windows-Sysmon/Operational
EventCode=1
EventType=4
ComputerName=DESKTOP-82HJBKD
User=NOT_TRANSLATED
Sid=S-1-5-18
SidType=0
SourceName=Microsoft-Windows-Sysmon
Type=Information
RecordNumber=14600
Keywords=None
TaskCategory=Process Create (rule: ProcessCreate)
OpCode=Info
Message=Process Create:
RuleName: -
UtcTime: 2026-05-18 10:17:09.874
ProcessGuid: {951b9ce6-e725-6a0a-8002-000000000900}
ProcessId: 3704
Image: C:\Program Files\Splunk\bin\splunk-powershell.exe
FileVersion: -
Description: -
Product: -
Company: -
OriginalFileName: -
CommandLine: "C:\Program Files\Splunk\bin\splunk-powershell.exe" --ps2
CurrentDirectory: C:\WINDOWS\system32\
User: NT AUTHORITY\SYSTEM
LogonGuid: {951b9ce6-e5f9-6a0a-e703-000000000000}
LogonId: 0x3E7
TerminalSessionId: 0
IntegrityLevel: System
Hashes: MD5=09786E423871374ADDE99874569B1D83,SHA256=BAC42959A130084AFD25DEF2520AA63E58F466C472484A0FB011E51B1838D203,IMPHASH=95FBEA9323F5EA405C7BE38624B06950
ParentProcessGuid: {951b9ce6-e5fe-6a0a-5c00-000000000900}
ParentProcessId: 4380
ParentImage: C:\Program Files\Splunk\bin\splunkd.exe
ParentCommandLine: "C:\Program Files\Splunk\bin\splunkd.exe" service
ParentUser: NT AUTHORITY\SYSTEM
05/18/2026 04:02:09.171 PM
LogName=Microsoft-Windows-Sysmon/Operational
EventCode=1
EventType=4
ComputerName=DESKTOP-82HJBKD
User=NOT_TRANSLATED
Sid=S-1-5-18
SidType=0
SourceName=Microsoft-Windows-Sysmon
Type=Information
RecordNumber=14599
Keywords=None
TaskCategory=Process Create (rule: ProcessCreate)
OpCode=Info
Message=Process Create:
RuleName: -
UtcTime: 2026-05-18 10:17:09.170
ProcessGuid: {951b9ce6-e725-6a0a-7f02-000000000900}
ProcessId: 5280
Image: C:\Program Files\Splunk\bin\splunk-powershell.exe
FileVersion: -
Description: -
Product: -
Company: -
OriginalFileName: -
CommandLine: "C:\Program Files\Splunk\bin\splunk-powershell.exe"
CurrentDirectory: C:\WINDOWS\system32\
User: NT AUTHORITY\SYSTEM
LogonGuid: {951b9ce6-e5f9-6a0a-e703-000000000000}
LogonId: 0x3E7
TerminalSessionId: 0
IntegrityLevel: System
Hashes: MD5=09786E423871374ADDE99874569B1D83,SHA256=BAC42959A130084AFD25DEF2520AA63E58F466C472484A0FB011E51B1838D203,IMPHASH=95FBEA9323F5EA405C7BE38624B06950
ParentProcessGuid: {951b9ce6-e5fe-6a0a-5c00-000000000900}
ParentProcessId: 4380
ParentImage: C:\Program Files\Splunk\bin\splunkd.exe
ParentCommandLine: "C:\Program Files\Splunk\bin\splunkd.exe" service
ParentUser: NT AUTHORITY\SYSTEM
05/18/2026 04:01:09.884 PM
LogName=Microsoft-Windows-Sysmon/Operational
EventCode=1
EventType=4
ComputerName=DESKTOP-82HJBKD
User=NOT_TRANSLATED
Sid=S-1-5-18
SidType=0
SourceName=Microsoft-Windows-Sysmon
Type=Information
RecordNumber=14538
Keywords=None
TaskCategory=Process Create (rule: ProcessCreate)
OpCode=Info
Message=Process Create:
RuleName: -
UtcTime: 2026-05-18 10:16:09.882
ProcessGuid: {951b9ce6-e6e9-6a0a-4202-000000000900}
ProcessId: 1184
Image: C:\Program Files\Splunk\bin\splunk-powershell.exe
FileVersion: -
Description: -
Product: -
Company: -
OriginalFileName: -
CommandLine: "C:\Program Files\Splunk\bin\splunk-powershell.exe" --ps2
CurrentDirectory: C:\WINDOWS\system32\
User: NT AUTHORITY\SYSTEM
LogonGuid: {951b9ce6-e5f9-6a0a-e703-000000000000}
LogonId: 0x3E7
TerminalSessionId: 0
IntegrityLevel: System
Hashes: MD5=09786E423871374ADDE99874569B1D83,SHA256=BAC42959A130084AFD25DEF2520AA63E58F466C472484A0FB011E51B1838D203,IMPHASH=95FBEA9323F5EA405C7BE38624B06950
ParentProcessGuid: {951b9ce6-e5fe-6a0a-5c00-000000000900}
ParentProcessId: 4380
ParentImage: C:\Program Files\Splunk\bin\splunkd.exe
ParentCommandLine: "C:\Program Files\Splunk\bin\splunkd.exe" service
ParentUser: NT AUTHORITY\SYSTEM
05/18/2026 04:01:09.271 PM
LogName=Microsoft-Windows-Sysmon/Operational
EventCode=1
EventType=4
ComputerName=DESKTOP-82HJBKD
User=NOT_TRANSLATED
Sid=S-1-5-18
SidType=0
SourceName=Microsoft-Windows-Sysmon
Type=Information
RecordNumber=14537
Keywords=None
TaskCategory=Process Create (rule: ProcessCreate)
OpCode=Info
Message=Process Create:
RuleName: -
UtcTime: 2026-05-18 10:16:09.269
ProcessGuid: {951b9ce6-e6e9-6a0a-4102-000000000900}
ProcessId: 2552
Image: C:\Program Files\Splunk\bin\splunk-powershell.exe
FileVersion: -
Description: -
Product: -
Company: -
OriginalFileName: -
CommandLine: "C:\Program Files\Splunk\bin\splunk-powershell.exe"
CurrentDirectory: C:\WINDOWS\system32\
User: NT AUTHORITY\SYSTEM
LogonGuid: {951b9ce6-e5f9-6a0a-e703-000000000000}
LogonId: 0x3E7
TerminalSessionId: 0
IntegrityLevel: System
Hashes: MD5=09786E423871374ADDE99874569B1D83,SHA256=BAC42959A130084AFD25DEF2520AA63E58F466C472484A0FB011E51B1838D203,IMPHASH=95FBEA9323F5EA405C7BE38624B06950
ParentProcessGuid: {951b9ce6-e5fe-6a0a-5c00-000000000900}
ParentProcessId: 4380
ParentImage: C:\Program Files\Splunk\bin\splunkd.exe
ParentCommandLine: "C:\Program Files\Splunk\bin\splunkd.exe" service
ParentUser: NT AUTHORITY\SYSTEM
05/18/2026 04:00:09.888 PM
LogName=Microsoft-Windows-Sysmon/Operational
EventCode=1
EventType=4
ComputerName=DESKTOP-82HJBKD
User=NOT_TRANSLATED
Sid=S-1-5-18
SidType=0
SourceName=Microsoft-Windows-Sysmon
Type=Information
RecordNumber=14470
Keywords=None
TaskCategory=Process Create (rule: ProcessCreate)
OpCode=Info
Message=Process Create:
RuleName: -
UtcTime: 2026-05-18 10:15:09.886
ProcessGuid: {951b9ce6-e6ad-6a0a-fa01-000000000900}
ProcessId: 10700
Image: C:\Program Files\Splunk\bin\splunk-powershell.exe
FileVersion: -
Description: -
Product: -
Company: -
OriginalFileName: -
CommandLine: "C:\Program Files\Splunk\bin\splunk-powershell.exe" --ps2
CurrentDirectory: C:\WINDOWS\system32\
User: NT AUTHORITY\SYSTEM
LogonGuid: {951b9ce6-e5f9-6a0a-e703-000000000000}
LogonId: 0x3E7
TerminalSessionId: 0
IntegrityLevel: System
Hashes: MD5=09786E423871374ADDE99874569B1D83,SHA256=BAC42959A130084AFD25DEF2520AA63E58F466C472484A0FB011E51B1838D203,IMPHASH=95FBEA9323F5EA405C7BE38624B06950
ParentProcessGuid: {951b9ce6-e5fe-6a0a-5c00-000000000900}
ParentProcessId: 4380
ParentImage: C:\Program Files\Splunk\bin\splunkd.exe
ParentCommandLine: "C:\Program Files\Splunk\bin\splunkd.exe" service
ParentUser: NT AUTHORITY\SYSTEM
05/18/2026 04:00:09.273 PM
LogName=Microsoft-Windows-Sysmon/Operational
EventCode=1
EventType=4
ComputerName=DESKTOP-82HJBKD
User=NOT_TRANSLATED
Sid=S-1-5-18
SidType=0
SourceName=Microsoft-Windows-Sysmon
Type=Information
RecordNumber=14469
Keywords=None
TaskCategory=Process Create (rule: ProcessCreate)
OpCode=Info
Message=Process Create:
RuleName: -
UtcTime: 2026-05-18 10:15:09.271
ProcessGuid: {951b9ce6-e6ad-6a0a-f901-000000000900}
ProcessId: 3728
Image: C:\Program Files\Splunk\bin\splunk-powershell.exe
FileVersion: -
Description: -
Product: -
Company: -
OriginalFileName: -
CommandLine: "C:\Program Files\Splunk\bin\splunk-powershell.exe"
CurrentDirectory: C:\WINDOWS\system32\
User: NT AUTHORITY\SYSTEM
LogonGuid: {951b9ce6-e5f9-6a0a-e703-000000000000}
LogonId: 0x3E7
TerminalSessionId: 0
IntegrityLevel: System
Hashes: MD5=09786E423871374ADDE99874569B1D83,SHA256=BAC42959A130084AFD25DEF2520AA63E58F466C472484A0FB011E51B1838D203,IMPHASH=95FBEA9323F5EA405C7BE38624B06950
ParentProcessGuid: {951b9ce6-e5fe-6a0a-5c00-000000000900}
ParentProcessId: 4380
ParentImage: C:\Program Files\Splunk\bin\splunkd.exe
ParentCommandLine: "C:\Program Files\Splunk\bin\splunkd.exe" service
ParentUser: NT AUTHORITY\SYSTEM
05/18/2026 03:59:09.878 PM
LogName=Microsoft-Windows-Sysmon/Operational
EventCode=1
EventType=4
ComputerName=DESKTOP-82HJBKD
User=NOT_TRANSLATED
Sid=S-1-5-18
SidType=0
SourceName=Microsoft-Windows-Sysmon
Type=Information
RecordNumber=14397
Keywords=None
TaskCategory=Process Create (rule: ProcessCreate)
OpCode=Info
Message=Process Create:
RuleName: -
UtcTime: 2026-05-18 10:14:09.876
ProcessGuid: {951b9ce6-e671-6a0a-aa01-000000000900}
ProcessId: 9424
Image: C:\Program Files\Splunk\bin\splunk-powershell.exe
FileVersion: -
Description: -
Product: -
Company: -
OriginalFileName: -
CommandLine: "C:\Program Files\Splunk\bin\splunk-powershell.exe" --ps2
CurrentDirectory: C:\WINDOWS\system32\
User: NT AUTHORITY\SYSTEM
LogonGuid: {951b9ce6-e5f9-6a0a-e703-000000000000}
LogonId: 0x3E7
TerminalSessionId: 0
IntegrityLevel: System
Hashes: MD5=09786E423871374ADDE99874569B1D83,SHA256=BAC42959A130084AFD25DEF2520AA63E58F466C472484A0FB011E51B1838D203,IMPHASH=95FBEA9323F5EA405C7BE38624B06950
ParentProcessGuid: {951b9ce6-e5fe-6a0a-5c00-000000000900}
ParentProcessId: 4380
ParentImage: C:\Program Files\Splunk\bin\splunkd.exe
ParentCommandLine: "C:\Program Files\Splunk\bin\splunkd.exe" service
ParentUser: NT AUTHORITY\SYSTEM
05/18/2026 03:59:09.282 PM
LogName=Microsoft-Windows-Sysmon/Operational
EventCode=1
EventType=4
ComputerName=DESKTOP-82HJBKD
User=NOT_TRANSLATED
Sid=S-1-5-18
SidType=0
SourceName=Microsoft-Windows-Sysmon
Type=Information
RecordNumber=14395
Keywords=None
TaskCategory=Process Create (rule: ProcessCreate)
OpCode=Info
Message=Process Create:
RuleName: -
UtcTime: 2026-05-18 10:14:09.280
ProcessGuid: {951b9ce6-e671-6a0a-a901-000000000900}
ProcessId: 7364
Image: C:\Program Files\Splunk\bin\splunk-powershell.exe
FileVersion: -
Description: -
Product: -
Company: -
OriginalFileName: -
CommandLine: "C:\Program Files\Splunk\bin\splunk-powershell.exe"
CurrentDirectory: C:\WINDOWS\system32\
User: NT AUTHORITY\SYSTEM
LogonGuid: {951b9ce6-e5f9-6a0a-e703-000000000000}
LogonId: 0x3E7
TerminalSessionId: 0
IntegrityLevel: System
Hashes: MD5=09786E423871374ADDE99874569B1D83,SHA256=BAC42959A130084AFD25DEF2520AA63E58F466C472484A0FB011E51B1838D203,IMPHASH=95FBEA9323F5EA405C7BE38624B06950
ParentProcessGuid: {951b9ce6-e5fe-6a0a-5c00-000000000900}
ParentProcessId: 4380
ParentImage: C:\Program Files\Splunk\bin\splunkd.exe
ParentCommandLine: "C:\Program Files\Splunk\bin\splunkd.exe" service
ParentUser: NT AUTHORITY\SYSTEM
05/18/2026 03:59:03.554 PM
LogName=Microsoft-Windows-Sysmon/Operational
EventCode=1
EventType=4
ComputerName=DESKTOP-82HJBKD
User=NOT_TRANSLATED
Sid=S-1-5-18
SidType=0
SourceName=Microsoft-Windows-Sysmon
Type=Information
RecordNumber=14382
Keywords=None
TaskCategory=Process Create (rule: ProcessCreate)
OpCode=Info
Message=Process Create:
RuleName: -
UtcTime: 2026-05-18 10:14:03.548
ProcessGuid: {951b9ce6-e66b-6a0a-9c01-000000000900}
ProcessId: 4504
Image: C:\Windows\System32\ipconfig.exe
FileVersion: 10.0.26100.7920 (WinBuild.160101.0800)
Description: IP Configuration Utility
Product: Microsoft® Windows® Operating System
Company: Microsoft Corporation
OriginalFileName: ipconfig.exe
CommandLine: "C:\WINDOWS\system32\ipconfig.exe"
CurrentDirectory: C:\Users\USERR\
User: DESKTOP-82HJBKD\USERR
LogonGuid: {951b9ce6-e5fc-6a0a-c016-020000000000}
LogonId: 0x216C0
TerminalSessionId: 1
IntegrityLevel: Medium
Hashes: MD5=D04CD82851F58EB9F89421A74E6CC404,SHA256=0F37E40BE5F08AA72B5A1252FA284C2FEDF686EAE5DF7A7834C7469DFA50A89C,IMPHASH=AC1E61EA9B679DC4FA60D111B674230D
ParentProcessGuid: {951b9ce6-e660-6a0a-8c01-000000000900}
ParentProcessId: 1256
ParentImage: C:\Windows\System32\WindowsPowerShell\v1.0\powershell.exe
ParentCommandLine: C:\WINDOWS\System32\WindowsPowerShell\v1.0\powershell.exe
ParentUser: DESKTOP-82HJBKD\USERR
05/18/2026 03:58:52.169 PM
LogName=Microsoft-Windows-Sysmon/Operational
EventCode=1
EventType=4
ComputerName=DESKTOP-82HJBKD
User=NOT_TRANSLATED
Sid=S-1-5-18
SidType=0
SourceName=Microsoft-Windows-Sysmon
Type=Information
RecordNumber=14363
Keywords=None
TaskCategory=Process Create (rule: ProcessCreate)
OpCode=Info
Message=Process Create:
RuleName: -
UtcTime: 2026-05-18 10:13:52.153
ProcessGuid: {951b9ce6-e660-6a0a-8c01-000000000900}
ProcessId: 1256
Image: C:\Windows\System32\WindowsPowerShell\v1.0\powershell.exe
FileVersion: 10.0.26100.5074 (WinBuild.160101.0800)
Description: Windows PowerShell
Product: Microsoft® Windows® Operating System
Company: Microsoft Corporation
OriginalFileName: PowerShell.EXE
CommandLine: C:\WINDOWS\System32\WindowsPowerShell\v1.0\powershell.exe
CurrentDirectory: C:\Users\USERR\
User: DESKTOP-82HJBKD\USERR
LogonGuid: {951b9ce6-e5fc-6a0a-c016-020000000000}
LogonId: 0x216C0
TerminalSessionId: 1
IntegrityLevel: Medium
Hashes: MD5=A97E6573B97B44C96122BFA543A82EA1,SHA256=0FF6F2C94BC7E2833A5F7E16DE1622E5DBA70396F31C7D5F56381870317E8C46,IMPHASH=AFACF6DC9041114B198160AAB4D0AE77
ParentProcessGuid: {951b9ce6-e65f-6a0a-8a01-000000000900}
ParentProcessId: 10956
ParentImage: C:\Program Files\WindowsApps\Microsoft.WindowsTerminal_1.24.11321.0_x64__8wekyb3d8bbwe\WindowsTerminal.exe
ParentCommandLine: "C:\Program Files\WindowsApps\Microsoft.WindowsTerminal_1.24.11321.0_x64__8wekyb3d8bbwe\WindowsTerminal.exe" 
ParentUser: DESKTOP-82HJBKD\USERR
05/18/2026 03:58:09.902 PM
LogName=Microsoft-Windows-Sysmon/Operational
EventCode=1
EventType=4
ComputerName=DESKTOP-82HJBKD
User=NOT_TRANSLATED
Sid=S-1-5-18
SidType=0
SourceName=Microsoft-Windows-Sysmon
Type=Information
RecordNumber=14261
Keywords=None
TaskCategory=Process Create (rule: ProcessCreate)
OpCode=Info
Message=Process Create:
RuleName: -
UtcTime: 2026-05-18 10:13:09.888
ProcessGuid: {951b9ce6-e635-6a0a-2901-000000000900}
ProcessId: 11116
Image: C:\Program Files\Splunk\bin\splunk-powershell.exe
FileVersion: -
Description: -
Product: -
Company: -
OriginalFileName: -
CommandLine: "C:\Program Files\Splunk\bin\splunk-powershell.exe" --ps2
CurrentDirectory: C:\WINDOWS\system32\
User: NT AUTHORITY\SYSTEM
LogonGuid: {951b9ce6-e5f9-6a0a-e703-000000000000}
LogonId: 0x3E7
TerminalSessionId: 0
IntegrityLevel: System
Hashes: MD5=09786E423871374ADDE99874569B1D83,SHA256=BAC42959A130084AFD25DEF2520AA63E58F466C472484A0FB011E51B1838D203,IMPHASH=95FBEA9323F5EA405C7BE38624B06950
ParentProcessGuid: {951b9ce6-e5fe-6a0a-5c00-000000000900}
ParentProcessId: 4380
ParentImage: C:\Program Files\Splunk\bin\splunkd.exe
ParentCommandLine: "C:\Program Files\Splunk\bin\splunkd.exe" service
ParentUser: NT AUTHORITY\SYSTEM
05/18/2026 03:58:09.671 PM
LogName=Microsoft-Windows-Sysmon/Operational
EventCode=1
EventType=4
ComputerName=DESKTOP-82HJBKD
User=NOT_TRANSLATED
Sid=S-1-5-18
SidType=0
SourceName=Microsoft-Windows-Sysmon
Type=Information
RecordNumber=14260
Keywords=None
TaskCategory=Process Create (rule: ProcessCreate)
OpCode=Info
Message=Process Create:
RuleName: -
UtcTime: 2026-05-18 10:13:09.556
ProcessGuid: {951b9ce6-e635-6a0a-2801-000000000900}
ProcessId: 11084
Image: C:\Program Files\Splunk\bin\splunk-powershell.exe
FileVersion: -
Description: -
Product: -
Company: -
OriginalFileName: -
CommandLine: "C:\Program Files\Splunk\bin\splunk-powershell.exe"
CurrentDirectory: C:\WINDOWS\system32\
User: NT AUTHORITY\SYSTEM
LogonGuid: {951b9ce6-e5f9-6a0a-e703-000000000000}
LogonId: 0x3E7
TerminalSessionId: 0
IntegrityLevel: System
Hashes: MD5=09786E423871374ADDE99874569B1D83,SHA256=BAC42959A130084AFD25DEF2520AA63E58F466C472484A0FB011E51B1838D203,IMPHASH=95FBEA9323F5EA405C7BE38624B06950
ParentProcessGuid: {951b9ce6-e5fe-6a0a-5c00-000000000900}
ParentProcessId: 4380
ParentImage: C:\Program Files\Splunk\bin\splunkd.exe
ParentCommandLine: "C:\Program Files\Splunk\bin\splunkd.exe" service
ParentUser: NT AUTHORITY\SYSTEM
05/17/2026 03:19:53.863 PM
LogName=Microsoft-Windows-Sysmon/Operational
EventCode=1
EventType=4
ComputerName=DESKTOP-82HJBKD
User=NOT_TRANSLATED
Sid=S-1-5-18
SidType=0
SourceName=Microsoft-Windows-Sysmon
Type=Information
RecordNumber=13850
Keywords=None
TaskCategory=Sysmon config state changed
OpCode=Info
Message=Process Create:
RuleName: -
UtcTime: 2026-05-17 09:34:53.861
ProcessGuid: {951b9ce6-8bbd-6a09-9218-000000000800}
ProcessId: 6708
Image: C:\Program Files\Splunk\bin\splunk-powershell.exe
FileVersion: -
Description: -
Product: -
Company: -
OriginalFileName: -
CommandLine: "C:\Program Files\Splunk\bin\splunk-powershell.exe" --ps2
CurrentDirectory: C:\WINDOWS\system32\
User: NT AUTHORITY\SYSTEM
LogonGuid: {951b9ce6-7362-6a09-e703-000000000000}
LogonId: 0x3E7
TerminalSessionId: 0
IntegrityLevel: System
Hashes: MD5=09786E423871374ADDE99874569B1D83,SHA256=BAC42959A130084AFD25DEF2520AA63E58F466C472484A0FB011E51B1838D203,IMPHASH=95FBEA9323F5EA405C7BE38624B06950
ParentProcessGuid: {951b9ce6-8a6b-6a09-c616-000000000800}
ParentProcessId: 8364
ParentImage: C:\Program Files\Splunk\bin\splunkd.exe
ParentCommandLine: "C:\Program Files\Splunk\bin\splunkd.exe" service
ParentUser: NT AUTHORITY\SYSTEM
05/17/2026 03:19:53.515 PM
LogName=Microsoft-Windows-Sysmon/Operational
EventCode=1
EventType=4
ComputerName=DESKTOP-82HJBKD
User=NOT_TRANSLATED
Sid=S-1-5-18
SidType=0
SourceName=Microsoft-Windows-Sysmon
Type=Information
RecordNumber=13848
Keywords=None
TaskCategory=Sysmon config state changed
OpCode=Info
Message=Process Create:
RuleName: -
UtcTime: 2026-05-17 09:34:53.512
ProcessGuid: {951b9ce6-8bbd-6a09-9118-000000000800}
ProcessId: 1796
Image: C:\Program Files\Splunk\bin\splunk-powershell.exe
FileVersion: -
Description: -
Product: -
Company: -
OriginalFileName: -
CommandLine: "C:\Program Files\Splunk\bin\splunk-powershell.exe"
CurrentDirectory: C:\WINDOWS\system32\
User: NT AUTHORITY\SYSTEM
LogonGuid: {951b9ce6-7362-6a09-e703-000000000000}
LogonId: 0x3E7
TerminalSessionId: 0
IntegrityLevel: System
Hashes: MD5=09786E423871374ADDE99874569B1D83,SHA256=BAC42959A130084AFD25DEF2520AA63E58F466C472484A0FB011E51B1838D203,IMPHASH=95FBEA9323F5EA405C7BE38624B06950
ParentProcessGuid: {951b9ce6-8a6b-6a09-c616-000000000800}
ParentProcessId: 8364
ParentImage: C:\Program Files\Splunk\bin\splunkd.exe
ParentCommandLine: "C:\Program Files\Splunk\bin\splunkd.exe" service
ParentUser: NT AUTHORITY\SYSTEM
05/17/2026 03:18:53.863 PM
LogName=Microsoft-Windows-Sysmon/Operational
EventCode=1
EventType=4
ComputerName=DESKTOP-82HJBKD
User=NOT_TRANSLATED
Sid=S-1-5-18
SidType=0
SourceName=Microsoft-Windows-Sysmon
Type=Information
RecordNumber=13773
Keywords=None
TaskCategory=Sysmon config state changed
OpCode=Info
Message=Process Create:
RuleName: -
UtcTime: 2026-05-17 09:33:53.860
ProcessGuid: {951b9ce6-8b81-6a09-4918-000000000800}
ProcessId: 10404
Image: C:\Program Files\Splunk\bin\splunk-powershell.exe
FileVersion: -
Description: -
Product: -
Company: -
OriginalFileName: -
CommandLine: "C:\Program Files\Splunk\bin\splunk-powershell.exe" --ps2
CurrentDirectory: C:\WINDOWS\system32\
User: NT AUTHORITY\SYSTEM
LogonGuid: {951b9ce6-7362-6a09-e703-000000000000}
LogonId: 0x3E7
TerminalSessionId: 0
IntegrityLevel: System
Hashes: MD5=09786E423871374ADDE99874569B1D83,SHA256=BAC42959A130084AFD25DEF2520AA63E58F466C472484A0FB011E51B1838D203,IMPHASH=95FBEA9323F5EA405C7BE38624B06950
ParentProcessGuid: {951b9ce6-8a6b-6a09-c616-000000000800}
ParentProcessId: 8364
ParentImage: C:\Program Files\Splunk\bin\splunkd.exe
ParentCommandLine: "C:\Program Files\Splunk\bin\splunkd.exe" service
ParentUser: NT AUTHORITY\SYSTEM
05/17/2026 03:18:53.518 PM
LogName=Microsoft-Windows-Sysmon/Operational
EventCode=1
EventType=4
ComputerName=DESKTOP-82HJBKD
User=NOT_TRANSLATED
Sid=S-1-5-18
SidType=0
SourceName=Microsoft-Windows-Sysmon
Type=Information
RecordNumber=13772
Keywords=None
TaskCategory=Sysmon config state changed
OpCode=Info
Message=Process Create:
RuleName: -
UtcTime: 2026-05-17 09:33:53.516
ProcessGuid: {951b9ce6-8b81-6a09-4818-000000000800}
ProcessId: 6996
Image: C:\Program Files\Splunk\bin\splunk-powershell.exe
FileVersion: -
Description: -
Product: -
Company: -
OriginalFileName: -
CommandLine: "C:\Program Files\Splunk\bin\splunk-powershell.exe"
CurrentDirectory: C:\WINDOWS\system32\
User: NT AUTHORITY\SYSTEM
LogonGuid: {951b9ce6-7362-6a09-e703-000000000000}
LogonId: 0x3E7
TerminalSessionId: 0
IntegrityLevel: System
Hashes: MD5=09786E423871374ADDE99874569B1D83,SHA256=BAC42959A130084AFD25DEF2520AA63E58F466C472484A0FB011E51B1838D203,IMPHASH=95FBEA9323F5EA405C7BE38624B06950
ParentProcessGuid: {951b9ce6-8a6b-6a09-c616-000000000800}
ParentProcessId: 8364
ParentImage: C:\Program Files\Splunk\bin\splunkd.exe
ParentCommandLine: "C:\Program Files\Splunk\bin\splunkd.exe" service
ParentUser: NT AUTHORITY\SYSTEM
05/17/2026 03:17:53.851 PM
LogName=Microsoft-Windows-Sysmon/Operational
EventCode=1
EventType=4
ComputerName=DESKTOP-82HJBKD
User=NOT_TRANSLATED
Sid=S-1-5-18
SidType=0
SourceName=Microsoft-Windows-Sysmon
Type=Information
RecordNumber=13705
Keywords=None
TaskCategory=Sysmon config state changed
OpCode=Info
Message=Process Create:
RuleName: -
UtcTime: 2026-05-17 09:32:53.849
ProcessGuid: {951b9ce6-8b45-6a09-0818-000000000800}
ProcessId: 2216
Image: C:\Program Files\Splunk\bin\splunk-powershell.exe
FileVersion: -
Description: -
Product: -
Company: -
OriginalFileName: -
CommandLine: "C:\Program Files\Splunk\bin\splunk-powershell.exe" --ps2
CurrentDirectory: C:\WINDOWS\system32\
User: NT AUTHORITY\SYSTEM
LogonGuid: {951b9ce6-7362-6a09-e703-000000000000}
LogonId: 0x3E7
TerminalSessionId: 0
IntegrityLevel: System
Hashes: MD5=09786E423871374ADDE99874569B1D83,SHA256=BAC42959A130084AFD25DEF2520AA63E58F466C472484A0FB011E51B1838D203,IMPHASH=95FBEA9323F5EA405C7BE38624B06950
ParentProcessGuid: {951b9ce6-8a6b-6a09-c616-000000000800}
ParentProcessId: 8364
ParentImage: C:\Program Files\Splunk\bin\splunkd.exe
ParentCommandLine: "C:\Program Files\Splunk\bin\splunkd.exe" service
ParentUser: NT AUTHORITY\SYSTEM
05/17/2026 03:17:53.508 PM
LogName=Microsoft-Windows-Sysmon/Operational
EventCode=1
EventType=4
ComputerName=DESKTOP-82HJBKD
User=NOT_TRANSLATED
Sid=S-1-5-18
SidType=0
SourceName=Microsoft-Windows-Sysmon
Type=Information
RecordNumber=13704
Keywords=None
TaskCategory=Sysmon config state changed
OpCode=Info
Message=Process Create:
RuleName: -
UtcTime: 2026-05-17 09:32:53.503
ProcessGuid: {951b9ce6-8b45-6a09-0718-000000000800}
ProcessId: 3808
Image: C:\Program Files\Splunk\bin\splunk-powershell.exe
FileVersion: -
Description: -
Product: -
Company: -
OriginalFileName: -
CommandLine: "C:\Program Files\Splunk\bin\splunk-powershell.exe"
CurrentDirectory: C:\WINDOWS\system32\
User: NT AUTHORITY\SYSTEM
LogonGuid: {951b9ce6-7362-6a09-e703-000000000000}
LogonId: 0x3E7
TerminalSessionId: 0
IntegrityLevel: System
Hashes: MD5=09786E423871374ADDE99874569B1D83,SHA256=BAC42959A130084AFD25DEF2520AA63E58F466C472484A0FB011E51B1838D203,IMPHASH=95FBEA9323F5EA405C7BE38624B06950
ParentProcessGuid: {951b9ce6-8a6b-6a09-c616-000000000800}
ParentProcessId: 8364
ParentImage: C:\Program Files\Splunk\bin\splunkd.exe
ParentCommandLine: "C:\Program Files\Splunk\bin\splunkd.exe" service
ParentUser: NT AUTHORITY\SYSTEM
05/17/2026 03:16:53.849 PM
LogName=Microsoft-Windows-Sysmon/Operational
EventCode=1
EventType=4
ComputerName=DESKTOP-82HJBKD
User=NOT_TRANSLATED
Sid=S-1-5-18
SidType=0
SourceName=Microsoft-Windows-Sysmon
Type=Information
RecordNumber=13628
Keywords=None
TaskCategory=Sysmon config state changed
OpCode=Info
Message=Process Create:
RuleName: -
UtcTime: 2026-05-17 09:31:53.847
ProcessGuid: {951b9ce6-8b09-6a09-c517-000000000800}
ProcessId: 6300
Image: C:\Program Files\Splunk\bin\splunk-powershell.exe
FileVersion: -
Description: -
Product: -
Company: -
OriginalFileName: -
CommandLine: "C:\Program Files\Splunk\bin\splunk-powershell.exe" --ps2
CurrentDirectory: C:\WINDOWS\system32\
User: NT AUTHORITY\SYSTEM
LogonGuid: {951b9ce6-7362-6a09-e703-000000000000}
LogonId: 0x3E7
TerminalSessionId: 0
IntegrityLevel: System
Hashes: MD5=09786E423871374ADDE99874569B1D83,SHA256=BAC42959A130084AFD25DEF2520AA63E58F466C472484A0FB011E51B1838D203,IMPHASH=95FBEA9323F5EA405C7BE38624B06950
ParentProcessGuid: {951b9ce6-8a6b-6a09-c616-000000000800}
ParentProcessId: 8364
ParentImage: C:\Program Files\Splunk\bin\splunkd.exe
ParentCommandLine: "C:\Program Files\Splunk\bin\splunkd.exe" service
ParentUser: NT AUTHORITY\SYSTEM
05/17/2026 03:16:53.489 PM
LogName=Microsoft-Windows-Sysmon/Operational
EventCode=1
EventType=4
ComputerName=DESKTOP-82HJBKD
User=NOT_TRANSLATED
Sid=S-1-5-18
SidType=0
SourceName=Microsoft-Windows-Sysmon
Type=Information
RecordNumber=13627
Keywords=None
TaskCategory=Sysmon config state changed
OpCode=Info
Message=Process Create:
RuleName: -
UtcTime: 2026-05-17 09:31:53.487
ProcessGuid: {951b9ce6-8b09-6a09-c417-000000000800}
ProcessId: 1944
Image: C:\Program Files\Splunk\bin\splunk-powershell.exe
FileVersion: -
Description: -
Product: -
Company: -
OriginalFileName: -
CommandLine: "C:\Program Files\Splunk\bin\splunk-powershell.exe"
CurrentDirectory: C:\WINDOWS\system32\
User: NT AUTHORITY\SYSTEM
LogonGuid: {951b9ce6-7362-6a09-e703-000000000000}
LogonId: 0x3E7
TerminalSessionId: 0
IntegrityLevel: System
Hashes: MD5=09786E423871374ADDE99874569B1D83,SHA256=BAC42959A130084AFD25DEF2520AA63E58F466C472484A0FB011E51B1838D203,IMPHASH=95FBEA9323F5EA405C7BE38624B06950
ParentProcessGuid: {951b9ce6-8a6b-6a09-c616-000000000800}
ParentProcessId: 8364
ParentImage: C:\Program Files\Splunk\bin\splunkd.exe
ParentCommandLine: "C:\Program Files\Splunk\bin\splunkd.exe" service
ParentUser: NT AUTHORITY\SYSTEM
05/17/2026 03:15:53.839 PM
LogName=Microsoft-Windows-Sysmon/Operational
EventCode=1
EventType=4
ComputerName=DESKTOP-82HJBKD
User=NOT_TRANSLATED
Sid=S-1-5-18
SidType=0
SourceName=Microsoft-Windows-Sysmon
Type=Information
RecordNumber=13541
Keywords=None
TaskCategory=Sysmon config state changed
OpCode=Info
Message=Process Create:
RuleName: -
UtcTime: 2026-05-17 09:30:53.837
ProcessGuid: {951b9ce6-8acd-6a09-7f17-000000000800}
ProcessId: 10544
Image: C:\Program Files\Splunk\bin\splunk-powershell.exe
FileVersion: -
Description: -
Product: -
Company: -
OriginalFileName: -
CommandLine: "C:\Program Files\Splunk\bin\splunk-powershell.exe" --ps2
CurrentDirectory: C:\WINDOWS\system32\
User: NT AUTHORITY\SYSTEM
LogonGuid: {951b9ce6-7362-6a09-e703-000000000000}
LogonId: 0x3E7
TerminalSessionId: 0
IntegrityLevel: System
Hashes: MD5=09786E423871374ADDE99874569B1D83,SHA256=BAC42959A130084AFD25DEF2520AA63E58F466C472484A0FB011E51B1838D203,IMPHASH=95FBEA9323F5EA405C7BE38624B06950
ParentProcessGuid: {951b9ce6-8a6b-6a09-c616-000000000800}
ParentProcessId: 8364
ParentImage: C:\Program Files\Splunk\bin\splunkd.exe
ParentCommandLine: "C:\Program Files\Splunk\bin\splunkd.exe" service
ParentUser: NT AUTHORITY\SYSTEM
05/17/2026 03:15:53.476 PM
LogName=Microsoft-Windows-Sysmon/Operational
EventCode=1
EventType=4
ComputerName=DESKTOP-82HJBKD
User=NOT_TRANSLATED
Sid=S-1-5-18
SidType=0
SourceName=Microsoft-Windows-Sysmon
Type=Information
RecordNumber=13540
Keywords=None
TaskCategory=Sysmon config state changed
OpCode=Info
Message=Process Create:
RuleName: -
UtcTime: 2026-05-17 09:30:53.473
ProcessGuid: {951b9ce6-8acd-6a09-7e17-000000000800}
ProcessId: 9764
Image: C:\Program Files\Splunk\bin\splunk-powershell.exe
FileVersion: -
Description: -
Product: -
Company: -
OriginalFileName: -
CommandLine: "C:\Program Files\Splunk\bin\splunk-powershell.exe"
CurrentDirectory: C:\WINDOWS\system32\
User: NT AUTHORITY\SYSTEM
LogonGuid: {951b9ce6-7362-6a09-e703-000000000000}
LogonId: 0x3E7
TerminalSessionId: 0
IntegrityLevel: System
Hashes: MD5=09786E423871374ADDE99874569B1D83,SHA256=BAC42959A130084AFD25DEF2520AA63E58F466C472484A0FB011E51B1838D203,IMPHASH=95FBEA9323F5EA405C7BE38624B06950
ParentProcessGuid: {951b9ce6-8a6b-6a09-c616-000000000800}
ParentProcessId: 8364
ParentImage: C:\Program Files\Splunk\bin\splunkd.exe
ParentCommandLine: "C:\Program Files\Splunk\bin\splunkd.exe" service
ParentUser: NT AUTHORITY\SYSTEM
05/17/2026 03:14:53.880 PM
LogName=Microsoft-Windows-Sysmon/Operational
EventCode=1
EventType=4
ComputerName=DESKTOP-82HJBKD
User=NOT_TRANSLATED
Sid=S-1-5-18
SidType=0
SourceName=Microsoft-Windows-Sysmon
Type=Information
RecordNumber=13432
Keywords=None
TaskCategory=Sysmon config state changed
OpCode=Info
Message=Process Create:
RuleName: -
UtcTime: 2026-05-17 09:29:53.842
ProcessGuid: {951b9ce6-8a91-6a09-2417-000000000800}
ProcessId: 3620
Image: C:\Program Files\Splunk\bin\splunk-powershell.exe
FileVersion: -
Description: -
Product: -
Company: -
OriginalFileName: -
CommandLine: "C:\Program Files\Splunk\bin\splunk-powershell.exe" --ps2
CurrentDirectory: C:\WINDOWS\system32\
User: NT AUTHORITY\SYSTEM
LogonGuid: {951b9ce6-7362-6a09-e703-000000000000}
LogonId: 0x3E7
TerminalSessionId: 0
IntegrityLevel: System
Hashes: MD5=09786E423871374ADDE99874569B1D83,SHA256=BAC42959A130084AFD25DEF2520AA63E58F466C472484A0FB011E51B1838D203,IMPHASH=95FBEA9323F5EA405C7BE38624B06950
ParentProcessGuid: {00000000-0000-0000-0000-000000000000}
ParentProcessId: 8364
ParentImage: -
ParentCommandLine: -
ParentUser: -
05/17/2026 03:14:53.579 PM
LogName=Microsoft-Windows-Sysmon/Operational
EventCode=1
EventType=4
ComputerName=DESKTOP-82HJBKD
User=NOT_TRANSLATED
Sid=S-1-5-18
SidType=0
SourceName=Microsoft-Windows-Sysmon
Type=Information
RecordNumber=13431
Keywords=None
TaskCategory=Sysmon config state changed
OpCode=Info
Message=Process Create:
RuleName: -
UtcTime: 2026-05-17 09:29:53.516
ProcessGuid: {951b9ce6-8a91-6a09-2317-000000000800}
ProcessId: 9544
Image: C:\Program Files\Splunk\bin\splunk-powershell.exe
FileVersion: -
Description: -
Product: -
Company: -
OriginalFileName: -
CommandLine: "C:\Program Files\Splunk\bin\splunk-powershell.exe"
CurrentDirectory: C:\WINDOWS\system32\
User: NT AUTHORITY\SYSTEM
LogonGuid: {951b9ce6-7362-6a09-e703-000000000000}
LogonId: 0x3E7
TerminalSessionId: 0
IntegrityLevel: System
Hashes: MD5=09786E423871374ADDE99874569B1D83,SHA256=BAC42959A130084AFD25DEF2520AA63E58F466C472484A0FB011E51B1838D203,IMPHASH=95FBEA9323F5EA405C7BE38624B06950
ParentProcessGuid: {00000000-0000-0000-0000-000000000000}
ParentProcessId: 8364
ParentImage: C:\Program Files\Splunk\bin\splunkd.exe
ParentCommandLine: "C:\Program Files\Splunk\bin\splunkd.exe" service
ParentUser: -
05/17/2026 03:13:11.268 PM
LogName=Microsoft-Windows-Sysmon/Operational
EventCode=1
EventType=4
ComputerName=DESKTOP-82HJBKD
User=NOT_TRANSLATED
Sid=S-1-5-18
SidType=0
SourceName=Microsoft-Windows-Sysmon
Type=Information
RecordNumber=13212
Keywords=None
TaskCategory=Sysmon config state changed
OpCode=Info
Message=Process Create:
RuleName: -
UtcTime: 2026-05-17 09:28:11.266
ProcessGuid: {951b9ce6-8a2b-6a09-5616-000000000800}
ProcessId: 8404
Image: C:\Program Files\Splunk\bin\splunk-powershell.exe
FileVersion: -
Description: -
Product: -
Company: -
OriginalFileName: -
CommandLine: "C:\Program Files\Splunk\bin\splunk-powershell.exe" --ps2
CurrentDirectory: C:\WINDOWS\system32\
User: NT AUTHORITY\SYSTEM
LogonGuid: {951b9ce6-7362-6a09-e703-000000000000}
LogonId: 0x3E7
TerminalSessionId: 0
IntegrityLevel: System
Hashes: MD5=09786E423871374ADDE99874569B1D83,SHA256=BAC42959A130084AFD25DEF2520AA63E58F466C472484A0FB011E51B1838D203,IMPHASH=95FBEA9323F5EA405C7BE38624B06950
ParentProcessGuid: {951b9ce6-7366-6a09-4e00-000000000800}
ParentProcessId: 3560
ParentImage: C:\Program Files\Splunk\bin\splunkd.exe
ParentCommandLine: "C:\Program Files\Splunk\bin\splunkd.exe" service
ParentUser: NT AUTHORITY\SYSTEM
05/17/2026 03:13:10.562 PM
LogName=Microsoft-Windows-Sysmon/Operational
EventCode=1
EventType=4
ComputerName=DESKTOP-82HJBKD
User=NOT_TRANSLATED
Sid=S-1-5-18
SidType=0
SourceName=Microsoft-Windows-Sysmon
Type=Information
RecordNumber=13210
Keywords=None
TaskCategory=Sysmon config state changed
OpCode=Info
Message=Process Create:
RuleName: -
UtcTime: 2026-05-17 09:28:10.560
ProcessGuid: {951b9ce6-8a2a-6a09-5416-000000000800}
ProcessId: 7572
Image: C:\Program Files\Splunk\bin\splunk-powershell.exe
FileVersion: -
Description: -
Product: -
Company: -
OriginalFileName: -
CommandLine: "C:\Program Files\Splunk\bin\splunk-powershell.exe"
CurrentDirectory: C:\WINDOWS\system32\
User: NT AUTHORITY\SYSTEM
LogonGuid: {951b9ce6-7362-6a09-e703-000000000000}
LogonId: 0x3E7
TerminalSessionId: 0
IntegrityLevel: System
Hashes: MD5=09786E423871374ADDE99874569B1D83,SHA256=BAC42959A130084AFD25DEF2520AA63E58F466C472484A0FB011E51B1838D203,IMPHASH=95FBEA9323F5EA405C7BE38624B06950
ParentProcessGuid: {951b9ce6-7366-6a09-4e00-000000000800}
ParentProcessId: 3560
ParentImage: C:\Program Files\Splunk\bin\splunkd.exe
ParentCommandLine: "C:\Program Files\Splunk\bin\splunkd.exe" service
ParentUser: NT AUTHORITY\SYSTEM
05/17/2026 03:12:11.271 PM
LogName=Microsoft-Windows-Sysmon/Operational
EventCode=1
EventType=4
ComputerName=DESKTOP-82HJBKD
User=NOT_TRANSLATED
Sid=S-1-5-18
SidType=0
SourceName=Microsoft-Windows-Sysmon
Type=Information
RecordNumber=13148
Keywords=None
TaskCategory=Sysmon config state changed
OpCode=Info
Message=Process Create:
RuleName: -
UtcTime: 2026-05-17 09:27:11.269
ProcessGuid: {951b9ce6-89ef-6a09-1a16-000000000800}
ProcessId: 4580
Image: C:\Program Files\Splunk\bin\splunk-powershell.exe
FileVersion: -
Description: -
Product: -
Company: -
OriginalFileName: -
CommandLine: "C:\Program Files\Splunk\bin\splunk-powershell.exe" --ps2
CurrentDirectory: C:\WINDOWS\system32\
User: NT AUTHORITY\SYSTEM
LogonGuid: {951b9ce6-7362-6a09-e703-000000000000}
LogonId: 0x3E7
TerminalSessionId: 0
IntegrityLevel: System
Hashes: MD5=09786E423871374ADDE99874569B1D83,SHA256=BAC42959A130084AFD25DEF2520AA63E58F466C472484A0FB011E51B1838D203,IMPHASH=95FBEA9323F5EA405C7BE38624B06950
ParentProcessGuid: {951b9ce6-7366-6a09-4e00-000000000800}
ParentProcessId: 3560
ParentImage: C:\Program Files\Splunk\bin\splunkd.exe
ParentCommandLine: "C:\Program Files\Splunk\bin\splunkd.exe" service
ParentUser: NT AUTHORITY\SYSTEM
05/17/2026 03:12:10.551 PM
LogName=Microsoft-Windows-Sysmon/Operational
EventCode=1
EventType=4
ComputerName=DESKTOP-82HJBKD
User=NOT_TRANSLATED
Sid=S-1-5-18
SidType=0
SourceName=Microsoft-Windows-Sysmon
Type=Information
RecordNumber=13146
Keywords=None
TaskCategory=Sysmon config state changed
OpCode=Info
Message=Process Create:
RuleName: -
UtcTime: 2026-05-17 09:27:10.548
ProcessGuid: {951b9ce6-89ee-6a09-1816-000000000800}
ProcessId: 10508
Image: C:\Program Files\Splunk\bin\splunk-powershell.exe
FileVersion: -
Description: -
Product: -
Company: -
OriginalFileName: -
CommandLine: "C:\Program Files\Splunk\bin\splunk-powershell.exe"
CurrentDirectory: C:\WINDOWS\system32\
User: NT AUTHORITY\SYSTEM
LogonGuid: {951b9ce6-7362-6a09-e703-000000000000}
LogonId: 0x3E7
TerminalSessionId: 0
IntegrityLevel: System
Hashes: MD5=09786E423871374ADDE99874569B1D83,SHA256=BAC42959A130084AFD25DEF2520AA63E58F466C472484A0FB011E51B1838D203,IMPHASH=95FBEA9323F5EA405C7BE38624B06950
ParentProcessGuid: {951b9ce6-7366-6a09-4e00-000000000800}
ParentProcessId: 3560
ParentImage: C:\Program Files\Splunk\bin\splunkd.exe
ParentCommandLine: "C:\Program Files\Splunk\bin\splunkd.exe" service
ParentUser: NT AUTHORITY\SYSTEM
05/17/2026 03:11:11.279 PM
LogName=Microsoft-Windows-Sysmon/Operational
EventCode=1
EventType=4
ComputerName=DESKTOP-82HJBKD
User=NOT_TRANSLATED
Sid=S-1-5-18
SidType=0
SourceName=Microsoft-Windows-Sysmon
Type=Information
RecordNumber=13086
Keywords=None
TaskCategory=Sysmon config state changed
OpCode=Info
Message=Process Create:
RuleName: -
UtcTime: 2026-05-17 09:26:11.277
ProcessGuid: {951b9ce6-89b3-6a09-db15-000000000800}
ProcessId: 5848
Image: C:\Program Files\Splunk\bin\splunk-powershell.exe
FileVersion: -
Description: -
Product: -
Company: -
OriginalFileName: -
CommandLine: "C:\Program Files\Splunk\bin\splunk-powershell.exe" --ps2
CurrentDirectory: C:\WINDOWS\system32\
User: NT AUTHORITY\SYSTEM
LogonGuid: {951b9ce6-7362-6a09-e703-000000000000}
LogonId: 0x3E7
TerminalSessionId: 0
IntegrityLevel: System
Hashes: MD5=09786E423871374ADDE99874569B1D83,SHA256=BAC42959A130084AFD25DEF2520AA63E58F466C472484A0FB011E51B1838D203,IMPHASH=95FBEA9323F5EA405C7BE38624B06950
ParentProcessGuid: {951b9ce6-7366-6a09-4e00-000000000800}
ParentProcessId: 3560
ParentImage: C:\Program Files\Splunk\bin\splunkd.exe
ParentCommandLine: "C:\Program Files\Splunk\bin\splunkd.exe" service
ParentUser: NT AUTHORITY\SYSTEM
05/17/2026 03:11:10.540 PM
LogName=Microsoft-Windows-Sysmon/Operational
EventCode=1
EventType=4
ComputerName=DESKTOP-82HJBKD
User=NOT_TRANSLATED
Sid=S-1-5-18
SidType=0
SourceName=Microsoft-Windows-Sysmon
Type=Information
RecordNumber=13084
Keywords=None
TaskCategory=Sysmon config state changed
OpCode=Info
Message=Process Create:
RuleName: -
UtcTime: 2026-05-17 09:26:10.538
ProcessGuid: {951b9ce6-89b2-6a09-d915-000000000800}
ProcessId: 5128
Image: C:\Program Files\Splunk\bin\splunk-powershell.exe
FileVersion: -
Description: -
Product: -
Company: -
OriginalFileName: -
CommandLine: "C:\Program Files\Splunk\bin\splunk-powershell.exe"
CurrentDirectory: C:\WINDOWS\system32\
User: NT AUTHORITY\SYSTEM
LogonGuid: {951b9ce6-7362-6a09-e703-000000000000}
LogonId: 0x3E7
TerminalSessionId: 0
IntegrityLevel: System
Hashes: MD5=09786E423871374ADDE99874569B1D83,SHA256=BAC42959A130084AFD25DEF2520AA63E58F466C472484A0FB011E51B1838D203,IMPHASH=95FBEA9323F5EA405C7BE38624B06950
ParentProcessGuid: {951b9ce6-7366-6a09-4e00-000000000800}
ParentProcessId: 3560
ParentImage: C:\Program Files\Splunk\bin\splunkd.exe
ParentCommandLine: "C:\Program Files\Splunk\bin\splunkd.exe" service
ParentUser: NT AUTHORITY\SYSTEM
