05/17/2026 03:10:11.239 PM
LogName=Microsoft-Windows-Sysmon/Operational
EventCode=1
EventType=4
ComputerName=DESKTOP-82HJBKD
User=NOT_TRANSLATED
Sid=S-1-5-18
SidType=0
SourceName=Microsoft-Windows-Sysmon
Type=Information
RecordNumber=13007
Keywords=None
TaskCategory=Sysmon config state changed
OpCode=Info
Message=Process Create:
RuleName: -
UtcTime: 2026-05-17 09:25:11.237
ProcessGuid: {951b9ce6-8977-6a09-8c15-000000000800}
ProcessId: 2216
Image: C:\Program Files\Splunk\bin\splunk-powershell.exe
FileVersion: -
Description: -
Product: -
Company: -
OriginalFileName: -
CommandLine: "C:\Program Files\Splunk\bin\splunk-powershell.exe" --ps2
CurrentDirectory: C:\WINDOWS\system32\
User: NT AUTHORITY\SYSTEM
LogonGuid: {951b9ce6-7362-6a09-e703-000000000000}
LogonId: 0x3E7
TerminalSessionId: 0
IntegrityLevel: System
Hashes: MD5=09786E423871374ADDE99874569B1D83,SHA256=BAC42959A130084AFD25DEF2520AA63E58F466C472484A0FB011E51B1838D203,IMPHASH=95FBEA9323F5EA405C7BE38624B06950
ParentProcessGuid: {951b9ce6-7366-6a09-4e00-000000000800}
ParentProcessId: 3560
ParentImage: C:\Program Files\Splunk\bin\splunkd.exe
ParentCommandLine: "C:\Program Files\Splunk\bin\splunkd.exe" service
ParentUser: NT AUTHORITY\SYSTEM
05/17/2026 03:10:10.532 PM
LogName=Microsoft-Windows-Sysmon/Operational
EventCode=1
EventType=4
ComputerName=DESKTOP-82HJBKD
User=NOT_TRANSLATED
Sid=S-1-5-18
SidType=0
SourceName=Microsoft-Windows-Sysmon
Type=Information
RecordNumber=13005
Keywords=None
TaskCategory=Sysmon config state changed
OpCode=Info
Message=Process Create:
RuleName: -
UtcTime: 2026-05-17 09:25:10.529
ProcessGuid: {951b9ce6-8976-6a09-8a15-000000000800}
ProcessId: 9000
Image: C:\Program Files\Splunk\bin\splunk-powershell.exe
FileVersion: -
Description: -
Product: -
Company: -
OriginalFileName: -
CommandLine: "C:\Program Files\Splunk\bin\splunk-powershell.exe"
CurrentDirectory: C:\WINDOWS\system32\
User: NT AUTHORITY\SYSTEM
LogonGuid: {951b9ce6-7362-6a09-e703-000000000000}
LogonId: 0x3E7
TerminalSessionId: 0
IntegrityLevel: System
Hashes: MD5=09786E423871374ADDE99874569B1D83,SHA256=BAC42959A130084AFD25DEF2520AA63E58F466C472484A0FB011E51B1838D203,IMPHASH=95FBEA9323F5EA405C7BE38624B06950
ParentProcessGuid: {951b9ce6-7366-6a09-4e00-000000000800}
ParentProcessId: 3560
ParentImage: C:\Program Files\Splunk\bin\splunkd.exe
ParentCommandLine: "C:\Program Files\Splunk\bin\splunkd.exe" service
ParentUser: NT AUTHORITY\SYSTEM
05/17/2026 03:09:11.222 PM
LogName=Microsoft-Windows-Sysmon/Operational
EventCode=1
EventType=4
ComputerName=DESKTOP-82HJBKD
User=NOT_TRANSLATED
Sid=S-1-5-18
SidType=0
SourceName=Microsoft-Windows-Sysmon
Type=Information
RecordNumber=12925
Keywords=None
TaskCategory=Sysmon config state changed
OpCode=Info
Message=Process Create:
RuleName: -
UtcTime: 2026-05-17 09:24:11.220
ProcessGuid: {951b9ce6-893b-6a09-3b15-000000000800}
ProcessId: 612
Image: C:\Program Files\Splunk\bin\splunk-powershell.exe
FileVersion: -
Description: -
Product: -
Company: -
OriginalFileName: -
CommandLine: "C:\Program Files\Splunk\bin\splunk-powershell.exe" --ps2
CurrentDirectory: C:\WINDOWS\system32\
User: NT AUTHORITY\SYSTEM
LogonGuid: {951b9ce6-7362-6a09-e703-000000000000}
LogonId: 0x3E7
TerminalSessionId: 0
IntegrityLevel: System
Hashes: MD5=09786E423871374ADDE99874569B1D83,SHA256=BAC42959A130084AFD25DEF2520AA63E58F466C472484A0FB011E51B1838D203,IMPHASH=95FBEA9323F5EA405C7BE38624B06950
ParentProcessGuid: {951b9ce6-7366-6a09-4e00-000000000800}
ParentProcessId: 3560
ParentImage: C:\Program Files\Splunk\bin\splunkd.exe
ParentCommandLine: "C:\Program Files\Splunk\bin\splunkd.exe" service
ParentUser: NT AUTHORITY\SYSTEM
05/17/2026 03:09:10.528 PM
LogName=Microsoft-Windows-Sysmon/Operational
EventCode=1
EventType=4
ComputerName=DESKTOP-82HJBKD
User=NOT_TRANSLATED
Sid=S-1-5-18
SidType=0
SourceName=Microsoft-Windows-Sysmon
Type=Information
RecordNumber=12922
Keywords=None
TaskCategory=Sysmon config state changed
OpCode=Info
Message=Process Create:
RuleName: -
UtcTime: 2026-05-17 09:24:10.526
ProcessGuid: {951b9ce6-893a-6a09-3815-000000000800}
ProcessId: 5324
Image: C:\Program Files\Splunk\bin\splunk-powershell.exe
FileVersion: -
Description: -
Product: -
Company: -
OriginalFileName: -
CommandLine: "C:\Program Files\Splunk\bin\splunk-powershell.exe"
CurrentDirectory: C:\WINDOWS\system32\
User: NT AUTHORITY\SYSTEM
LogonGuid: {951b9ce6-7362-6a09-e703-000000000000}
LogonId: 0x3E7
TerminalSessionId: 0
IntegrityLevel: System
Hashes: MD5=09786E423871374ADDE99874569B1D83,SHA256=BAC42959A130084AFD25DEF2520AA63E58F466C472484A0FB011E51B1838D203,IMPHASH=95FBEA9323F5EA405C7BE38624B06950
ParentProcessGuid: {951b9ce6-7366-6a09-4e00-000000000800}
ParentProcessId: 3560
ParentImage: C:\Program Files\Splunk\bin\splunkd.exe
ParentCommandLine: "C:\Program Files\Splunk\bin\splunkd.exe" service
ParentUser: NT AUTHORITY\SYSTEM
05/17/2026 03:08:11.210 PM
LogName=Microsoft-Windows-Sysmon/Operational
EventCode=1
EventType=4
ComputerName=DESKTOP-82HJBKD
User=NOT_TRANSLATED
Sid=S-1-5-18
SidType=0
SourceName=Microsoft-Windows-Sysmon
Type=Information
RecordNumber=12869
Keywords=None
TaskCategory=Sysmon config state changed
OpCode=Info
Message=Process Create:
RuleName: -
UtcTime: 2026-05-17 09:23:11.208
ProcessGuid: {951b9ce6-88ff-6a09-0315-000000000800}
ProcessId: 3768
Image: C:\Program Files\Splunk\bin\splunk-powershell.exe
FileVersion: -
Description: -
Product: -
Company: -
OriginalFileName: -
CommandLine: "C:\Program Files\Splunk\bin\splunk-powershell.exe" --ps2
CurrentDirectory: C:\WINDOWS\system32\
User: NT AUTHORITY\SYSTEM
LogonGuid: {951b9ce6-7362-6a09-e703-000000000000}
LogonId: 0x3E7
TerminalSessionId: 0
IntegrityLevel: System
Hashes: MD5=09786E423871374ADDE99874569B1D83,SHA256=BAC42959A130084AFD25DEF2520AA63E58F466C472484A0FB011E51B1838D203,IMPHASH=95FBEA9323F5EA405C7BE38624B06950
ParentProcessGuid: {951b9ce6-7366-6a09-4e00-000000000800}
ParentProcessId: 3560
ParentImage: C:\Program Files\Splunk\bin\splunkd.exe
ParentCommandLine: "C:\Program Files\Splunk\bin\splunkd.exe" service
ParentUser: NT AUTHORITY\SYSTEM
05/17/2026 03:08:10.522 PM
LogName=Microsoft-Windows-Sysmon/Operational
EventCode=1
EventType=4
ComputerName=DESKTOP-82HJBKD
User=NOT_TRANSLATED
Sid=S-1-5-18
SidType=0
SourceName=Microsoft-Windows-Sysmon
Type=Information
RecordNumber=12867
Keywords=None
TaskCategory=Sysmon config state changed
OpCode=Info
Message=Process Create:
RuleName: -
UtcTime: 2026-05-17 09:23:10.520
ProcessGuid: {951b9ce6-88fe-6a09-0115-000000000800}
ProcessId: 6392
Image: C:\Program Files\Splunk\bin\splunk-powershell.exe
FileVersion: -
Description: -
Product: -
Company: -
OriginalFileName: -
CommandLine: "C:\Program Files\Splunk\bin\splunk-powershell.exe"
CurrentDirectory: C:\WINDOWS\system32\
User: NT AUTHORITY\SYSTEM
LogonGuid: {951b9ce6-7362-6a09-e703-000000000000}
LogonId: 0x3E7
TerminalSessionId: 0
IntegrityLevel: System
Hashes: MD5=09786E423871374ADDE99874569B1D83,SHA256=BAC42959A130084AFD25DEF2520AA63E58F466C472484A0FB011E51B1838D203,IMPHASH=95FBEA9323F5EA405C7BE38624B06950
ParentProcessGuid: {951b9ce6-7366-6a09-4e00-000000000800}
ParentProcessId: 3560
ParentImage: C:\Program Files\Splunk\bin\splunkd.exe
ParentCommandLine: "C:\Program Files\Splunk\bin\splunkd.exe" service
ParentUser: NT AUTHORITY\SYSTEM
05/17/2026 03:07:11.233 PM
LogName=Microsoft-Windows-Sysmon/Operational
EventCode=1
EventType=4
ComputerName=DESKTOP-82HJBKD
User=NOT_TRANSLATED
Sid=S-1-5-18
SidType=0
SourceName=Microsoft-Windows-Sysmon
Type=Information
RecordNumber=12807
Keywords=None
TaskCategory=Sysmon config state changed
OpCode=Info
Message=Process Create:
RuleName: -
UtcTime: 2026-05-17 09:22:11.231
ProcessGuid: {951b9ce6-88c3-6a09-cc14-000000000800}
ProcessId: 5760
Image: C:\Program Files\Splunk\bin\splunk-powershell.exe
FileVersion: -
Description: -
Product: -
Company: -
OriginalFileName: -
CommandLine: "C:\Program Files\Splunk\bin\splunk-powershell.exe" --ps2
CurrentDirectory: C:\WINDOWS\system32\
User: NT AUTHORITY\SYSTEM
LogonGuid: {951b9ce6-7362-6a09-e703-000000000000}
LogonId: 0x3E7
TerminalSessionId: 0
IntegrityLevel: System
Hashes: MD5=09786E423871374ADDE99874569B1D83,SHA256=BAC42959A130084AFD25DEF2520AA63E58F466C472484A0FB011E51B1838D203,IMPHASH=95FBEA9323F5EA405C7BE38624B06950
ParentProcessGuid: {951b9ce6-7366-6a09-4e00-000000000800}
ParentProcessId: 3560
ParentImage: C:\Program Files\Splunk\bin\splunkd.exe
ParentCommandLine: "C:\Program Files\Splunk\bin\splunkd.exe" service
ParentUser: NT AUTHORITY\SYSTEM
05/17/2026 03:07:10.512 PM
LogName=Microsoft-Windows-Sysmon/Operational
EventCode=1
EventType=4
ComputerName=DESKTOP-82HJBKD
User=NOT_TRANSLATED
Sid=S-1-5-18
SidType=0
SourceName=Microsoft-Windows-Sysmon
Type=Information
RecordNumber=12805
Keywords=None
TaskCategory=Sysmon config state changed
OpCode=Info
Message=Process Create:
RuleName: -
UtcTime: 2026-05-17 09:22:10.509
ProcessGuid: {951b9ce6-88c2-6a09-ca14-000000000800}
ProcessId: 10224
Image: C:\Program Files\Splunk\bin\splunk-powershell.exe
FileVersion: -
Description: -
Product: -
Company: -
OriginalFileName: -
CommandLine: "C:\Program Files\Splunk\bin\splunk-powershell.exe"
CurrentDirectory: C:\WINDOWS\system32\
User: NT AUTHORITY\SYSTEM
LogonGuid: {951b9ce6-7362-6a09-e703-000000000000}
LogonId: 0x3E7
TerminalSessionId: 0
IntegrityLevel: System
Hashes: MD5=09786E423871374ADDE99874569B1D83,SHA256=BAC42959A130084AFD25DEF2520AA63E58F466C472484A0FB011E51B1838D203,IMPHASH=95FBEA9323F5EA405C7BE38624B06950
ParentProcessGuid: {951b9ce6-7366-6a09-4e00-000000000800}
ParentProcessId: 3560
ParentImage: C:\Program Files\Splunk\bin\splunkd.exe
ParentCommandLine: "C:\Program Files\Splunk\bin\splunkd.exe" service
ParentUser: NT AUTHORITY\SYSTEM
05/17/2026 03:06:17.521 PM
LogName=Microsoft-Windows-Sysmon/Operational
EventCode=1
EventType=4
ComputerName=DESKTOP-82HJBKD
User=NOT_TRANSLATED
Sid=S-1-5-18
SidType=0
SourceName=Microsoft-Windows-Sysmon
Type=Information
RecordNumber=12751
Keywords=None
TaskCategory=Sysmon config state changed
OpCode=Info
Message=Process Create:
RuleName: -
UtcTime: 2026-05-17 09:21:17.517
ProcessGuid: {951b9ce6-888d-6a09-9414-000000000800}
ProcessId: 3180
Image: C:\Program Files\WindowsApps\Microsoft.WindowsNotepad_11.2512.29.0_x64__8wekyb3d8bbwe\Notepad\Notepad.exe
FileVersion: -
Description: -
Product: -
Company: -
OriginalFileName: -
CommandLine: "C:\WINDOWS\system32\notepad.exe" "C:\Program Files\Splunk\etc\system\local\inputs.conf"
CurrentDirectory: C:\Users\USERR\Downloads\Sysmon\
User: DESKTOP-82HJBKD\USERR
LogonGuid: {951b9ce6-7378-6a09-ced2-0d0000000000}
LogonId: 0xDD2CE
TerminalSessionId: 1
IntegrityLevel: High
Hashes: MD5=4A00CD3ACA28D0567BF8F73EE5250D72,SHA256=F00F5329411B16DA2FE7E6252FD249F8D88A2402D2010084F4996146B58C1556,IMPHASH=3D2FDD2FC41ECD36E48AB37C1433C71F
ParentProcessGuid: {951b9ce6-83b6-6a09-a60f-000000000800}
ParentProcessId: 2776
ParentImage: C:\Windows\System32\WindowsPowerShell\v1.0\powershell.exe
ParentCommandLine: C:\WINDOWS\System32\WindowsPowerShell\v1.0\powershell.exe
ParentUser: DESKTOP-82HJBKD\USERR
05/17/2026 03:06:11.226 PM
LogName=Microsoft-Windows-Sysmon/Operational
EventCode=1
EventType=4
ComputerName=DESKTOP-82HJBKD
User=NOT_TRANSLATED
Sid=S-1-5-18
SidType=0
SourceName=Microsoft-Windows-Sysmon
Type=Information
RecordNumber=12746
Keywords=None
TaskCategory=Sysmon config state changed
OpCode=Info
Message=Process Create:
RuleName: -
UtcTime: 2026-05-17 09:21:11.224
ProcessGuid: {951b9ce6-8887-6a09-9114-000000000800}
ProcessId: 4364
Image: C:\Program Files\Splunk\bin\splunk-powershell.exe
FileVersion: -
Description: -
Product: -
Company: -
OriginalFileName: -
CommandLine: "C:\Program Files\Splunk\bin\splunk-powershell.exe" --ps2
CurrentDirectory: C:\WINDOWS\system32\
User: NT AUTHORITY\SYSTEM
LogonGuid: {951b9ce6-7362-6a09-e703-000000000000}
LogonId: 0x3E7
TerminalSessionId: 0
IntegrityLevel: System
Hashes: MD5=09786E423871374ADDE99874569B1D83,SHA256=BAC42959A130084AFD25DEF2520AA63E58F466C472484A0FB011E51B1838D203,IMPHASH=95FBEA9323F5EA405C7BE38624B06950
ParentProcessGuid: {951b9ce6-7366-6a09-4e00-000000000800}
ParentProcessId: 3560
ParentImage: C:\Program Files\Splunk\bin\splunkd.exe
ParentCommandLine: "C:\Program Files\Splunk\bin\splunkd.exe" service
ParentUser: NT AUTHORITY\SYSTEM
05/17/2026 03:06:10.503 PM
LogName=Microsoft-Windows-Sysmon/Operational
EventCode=1
EventType=4
ComputerName=DESKTOP-82HJBKD
User=NOT_TRANSLATED
Sid=S-1-5-18
SidType=0
SourceName=Microsoft-Windows-Sysmon
Type=Information
RecordNumber=12744
Keywords=None
TaskCategory=Sysmon config state changed
OpCode=Info
Message=Process Create:
RuleName: -
UtcTime: 2026-05-17 09:21:10.500
ProcessGuid: {951b9ce6-8886-6a09-8f14-000000000800}
ProcessId: 2020
Image: C:\Program Files\Splunk\bin\splunk-powershell.exe
FileVersion: -
Description: -
Product: -
Company: -
OriginalFileName: -
CommandLine: "C:\Program Files\Splunk\bin\splunk-powershell.exe"
CurrentDirectory: C:\WINDOWS\system32\
User: NT AUTHORITY\SYSTEM
LogonGuid: {951b9ce6-7362-6a09-e703-000000000000}
LogonId: 0x3E7
TerminalSessionId: 0
IntegrityLevel: System
Hashes: MD5=09786E423871374ADDE99874569B1D83,SHA256=BAC42959A130084AFD25DEF2520AA63E58F466C472484A0FB011E51B1838D203,IMPHASH=95FBEA9323F5EA405C7BE38624B06950
ParentProcessGuid: {951b9ce6-7366-6a09-4e00-000000000800}
ParentProcessId: 3560
ParentImage: C:\Program Files\Splunk\bin\splunkd.exe
ParentCommandLine: "C:\Program Files\Splunk\bin\splunkd.exe" service
ParentUser: NT AUTHORITY\SYSTEM
05/17/2026 03:05:11.184 PM
LogName=Microsoft-Windows-Sysmon/Operational
EventCode=1
EventType=4
ComputerName=DESKTOP-82HJBKD
User=NOT_TRANSLATED
Sid=S-1-5-18
SidType=0
SourceName=Microsoft-Windows-Sysmon
Type=Information
RecordNumber=12682
Keywords=None
TaskCategory=Sysmon config state changed
OpCode=Info
Message=Process Create:
RuleName: -
UtcTime: 2026-05-17 09:20:11.182
ProcessGuid: {951b9ce6-884b-6a09-5714-000000000800}
ProcessId: 7936
Image: C:\Program Files\Splunk\bin\splunk-powershell.exe
FileVersion: -
Description: -
Product: -
Company: -
OriginalFileName: -
CommandLine: "C:\Program Files\Splunk\bin\splunk-powershell.exe" --ps2
CurrentDirectory: C:\WINDOWS\system32\
User: NT AUTHORITY\SYSTEM
LogonGuid: {951b9ce6-7362-6a09-e703-000000000000}
LogonId: 0x3E7
TerminalSessionId: 0
IntegrityLevel: System
Hashes: MD5=09786E423871374ADDE99874569B1D83,SHA256=BAC42959A130084AFD25DEF2520AA63E58F466C472484A0FB011E51B1838D203,IMPHASH=95FBEA9323F5EA405C7BE38624B06950
ParentProcessGuid: {951b9ce6-7366-6a09-4e00-000000000800}
ParentProcessId: 3560
ParentImage: C:\Program Files\Splunk\bin\splunkd.exe
ParentCommandLine: "C:\Program Files\Splunk\bin\splunkd.exe" service
ParentUser: NT AUTHORITY\SYSTEM
05/17/2026 03:05:10.492 PM
LogName=Microsoft-Windows-Sysmon/Operational
EventCode=1
EventType=4
ComputerName=DESKTOP-82HJBKD
User=NOT_TRANSLATED
Sid=S-1-5-18
SidType=0
SourceName=Microsoft-Windows-Sysmon
Type=Information
RecordNumber=12680
Keywords=None
TaskCategory=Sysmon config state changed
OpCode=Info
Message=Process Create:
RuleName: -
UtcTime: 2026-05-17 09:20:10.490
ProcessGuid: {951b9ce6-884a-6a09-5514-000000000800}
ProcessId: 10516
Image: C:\Program Files\Splunk\bin\splunk-powershell.exe
FileVersion: -
Description: -
Product: -
Company: -
OriginalFileName: -
CommandLine: "C:\Program Files\Splunk\bin\splunk-powershell.exe"
CurrentDirectory: C:\WINDOWS\system32\
User: NT AUTHORITY\SYSTEM
LogonGuid: {951b9ce6-7362-6a09-e703-000000000000}
LogonId: 0x3E7
TerminalSessionId: 0
IntegrityLevel: System
Hashes: MD5=09786E423871374ADDE99874569B1D83,SHA256=BAC42959A130084AFD25DEF2520AA63E58F466C472484A0FB011E51B1838D203,IMPHASH=95FBEA9323F5EA405C7BE38624B06950
ParentProcessGuid: {951b9ce6-7366-6a09-4e00-000000000800}
ParentProcessId: 3560
ParentImage: C:\Program Files\Splunk\bin\splunkd.exe
ParentCommandLine: "C:\Program Files\Splunk\bin\splunkd.exe" service
ParentUser: NT AUTHORITY\SYSTEM
05/17/2026 03:04:11.270 PM
LogName=Microsoft-Windows-Sysmon/Operational
EventCode=1
EventType=4
ComputerName=DESKTOP-82HJBKD
User=NOT_TRANSLATED
Sid=S-1-5-18
SidType=0
SourceName=Microsoft-Windows-Sysmon
Type=Information
RecordNumber=12587
Keywords=None
TaskCategory=Sysmon config state changed
OpCode=Info
Message=Process Create:
RuleName: -
UtcTime: 2026-05-17 09:19:11.268
ProcessGuid: {951b9ce6-880f-6a09-1b14-000000000800}
ProcessId: 4508
Image: C:\Program Files\Splunk\bin\splunk-powershell.exe
FileVersion: -
Description: -
Product: -
Company: -
OriginalFileName: -
CommandLine: "C:\Program Files\Splunk\bin\splunk-powershell.exe" --ps2
CurrentDirectory: C:\WINDOWS\system32\
User: NT AUTHORITY\SYSTEM
LogonGuid: {951b9ce6-7362-6a09-e703-000000000000}
LogonId: 0x3E7
TerminalSessionId: 0
IntegrityLevel: System
Hashes: MD5=09786E423871374ADDE99874569B1D83,SHA256=BAC42959A130084AFD25DEF2520AA63E58F466C472484A0FB011E51B1838D203,IMPHASH=95FBEA9323F5EA405C7BE38624B06950
ParentProcessGuid: {951b9ce6-7366-6a09-4e00-000000000800}
ParentProcessId: 3560
ParentImage: C:\Program Files\Splunk\bin\splunkd.exe
ParentCommandLine: "C:\Program Files\Splunk\bin\splunkd.exe" service
ParentUser: NT AUTHORITY\SYSTEM
05/17/2026 03:04:10.568 PM
LogName=Microsoft-Windows-Sysmon/Operational
EventCode=1
EventType=4
ComputerName=DESKTOP-82HJBKD
User=NOT_TRANSLATED
Sid=S-1-5-18
SidType=0
SourceName=Microsoft-Windows-Sysmon
Type=Information
RecordNumber=12584
Keywords=None
TaskCategory=Sysmon config state changed
OpCode=Info
Message=Process Create:
RuleName: -
UtcTime: 2026-05-17 09:19:10.488
ProcessGuid: {951b9ce6-880e-6a09-1814-000000000800}
ProcessId: 6644
Image: C:\Program Files\Splunk\bin\splunk-powershell.exe
FileVersion: -
Description: -
Product: -
Company: -
OriginalFileName: -
CommandLine: "C:\Program Files\Splunk\bin\splunk-powershell.exe"
CurrentDirectory: C:\WINDOWS\system32\
User: NT AUTHORITY\SYSTEM
LogonGuid: {951b9ce6-7362-6a09-e703-000000000000}
LogonId: 0x3E7
TerminalSessionId: 0
IntegrityLevel: System
Hashes: MD5=09786E423871374ADDE99874569B1D83,SHA256=BAC42959A130084AFD25DEF2520AA63E58F466C472484A0FB011E51B1838D203,IMPHASH=95FBEA9323F5EA405C7BE38624B06950
ParentProcessGuid: {951b9ce6-7366-6a09-4e00-000000000800}
ParentProcessId: 3560
ParentImage: C:\Program Files\Splunk\bin\splunkd.exe
ParentCommandLine: "C:\Program Files\Splunk\bin\splunkd.exe" service
ParentUser: NT AUTHORITY\SYSTEM
05/17/2026 03:03:11.013 PM
LogName=Microsoft-Windows-Sysmon/Operational
EventCode=1
EventType=4
ComputerName=DESKTOP-82HJBKD
User=NOT_TRANSLATED
Sid=S-1-5-18
SidType=0
SourceName=Microsoft-Windows-Sysmon
Type=Information
RecordNumber=12462
Keywords=None
TaskCategory=Sysmon config state changed
OpCode=Info
Message=Process Create:
RuleName: -
UtcTime: 2026-05-17 09:18:11.011
ProcessGuid: {951b9ce6-87d3-6a09-d713-000000000800}
ProcessId: 6028
Image: C:\Program Files\Splunk\bin\splunk-powershell.exe
FileVersion: -
Description: -
Product: -
Company: -
OriginalFileName: -
CommandLine: "C:\Program Files\Splunk\bin\splunk-powershell.exe" --ps2
CurrentDirectory: C:\WINDOWS\system32\
User: NT AUTHORITY\SYSTEM
LogonGuid: {951b9ce6-7362-6a09-e703-000000000000}
LogonId: 0x3E7
TerminalSessionId: 0
IntegrityLevel: System
Hashes: MD5=09786E423871374ADDE99874569B1D83,SHA256=BAC42959A130084AFD25DEF2520AA63E58F466C472484A0FB011E51B1838D203,IMPHASH=95FBEA9323F5EA405C7BE38624B06950
ParentProcessGuid: {951b9ce6-7366-6a09-4e00-000000000800}
ParentProcessId: 3560
ParentImage: C:\Program Files\Splunk\bin\splunkd.exe
ParentCommandLine: "C:\Program Files\Splunk\bin\splunkd.exe" service
ParentUser: NT AUTHORITY\SYSTEM
05/17/2026 03:03:10.458 PM
LogName=Microsoft-Windows-Sysmon/Operational
EventCode=1
EventType=4
ComputerName=DESKTOP-82HJBKD
User=NOT_TRANSLATED
Sid=S-1-5-18
SidType=0
SourceName=Microsoft-Windows-Sysmon
Type=Information
RecordNumber=12461
Keywords=None
TaskCategory=Sysmon config state changed
OpCode=Info
Message=Process Create:
RuleName: -
UtcTime: 2026-05-17 09:18:10.456
ProcessGuid: {951b9ce6-87d2-6a09-d613-000000000800}
ProcessId: 2964
Image: C:\Program Files\Splunk\bin\splunk-powershell.exe
FileVersion: -
Description: -
Product: -
Company: -
OriginalFileName: -
CommandLine: "C:\Program Files\Splunk\bin\splunk-powershell.exe"
CurrentDirectory: C:\WINDOWS\system32\
User: NT AUTHORITY\SYSTEM
LogonGuid: {951b9ce6-7362-6a09-e703-000000000000}
LogonId: 0x3E7
TerminalSessionId: 0
IntegrityLevel: System
Hashes: MD5=09786E423871374ADDE99874569B1D83,SHA256=BAC42959A130084AFD25DEF2520AA63E58F466C472484A0FB011E51B1838D203,IMPHASH=95FBEA9323F5EA405C7BE38624B06950
ParentProcessGuid: {951b9ce6-7366-6a09-4e00-000000000800}
ParentProcessId: 3560
ParentImage: C:\Program Files\Splunk\bin\splunkd.exe
ParentCommandLine: "C:\Program Files\Splunk\bin\splunkd.exe" service
ParentUser: NT AUTHORITY\SYSTEM
05/17/2026 03:02:50.343 PM
LogName=Microsoft-Windows-Sysmon/Operational
EventCode=1
EventType=4
ComputerName=DESKTOP-82HJBKD
User=NOT_TRANSLATED
Sid=S-1-5-18
SidType=0
SourceName=Microsoft-Windows-Sysmon
Type=Information
RecordNumber=12285
Keywords=None
TaskCategory=Sysmon config state changed
OpCode=Info
Message=Process Create:
RuleName: -
UtcTime: 2026-05-17 09:17:50.332
ProcessGuid: {951b9ce6-87be-6a09-c113-000000000800}
ProcessId: 1912
Image: C:\Windows\SysWOW64\WindowsPowerShell\v1.0\powershell.exe
FileVersion: 10.0.26100.5074 (WinBuild.160101.0800)
Description: Windows PowerShell
Product: Microsoft® Windows® Operating System
Company: Microsoft Corporation
OriginalFileName: PowerShell.EXE
CommandLine: "C:\Windows\System32\WindowsPowerShell\v1.0\powershell.exe" -NoLogo -NoProfile -NonInteractive -WindowStyle Hidden -ExecutionPolicy Bypass -Command "Add-AppxPackage -Path 'C:\Users\USERR\AppData\Local\Programs\Microsoft VS Code\0958016b2a\appx\code_x64.appx' -ExternalLocation 'C:\Users\USERR\AppData\Local\Programs\Microsoft VS Code\0958016b2a\appx'"
CurrentDirectory: C:\WINDOWS\system32\
User: DESKTOP-82HJBKD\USERR
LogonGuid: {951b9ce6-7378-6a09-dbd3-0d0000000000}
LogonId: 0xDD3DB
TerminalSessionId: 1
IntegrityLevel: Medium
Hashes: MD5=0CB6529404FAEF431547CFF590744553,SHA256=3BFEDAAA40D9E19E45A3EE10C0F14B1750B01619EBB9F39BE3865BCFDACDD2E5,IMPHASH=9F91C97560360686D37B0E311BB8BD64
ParentProcessGuid: {951b9ce6-8762-6a09-5313-000000000800}
ParentProcessId: 1408
ParentImage: C:\Users\USERR\AppData\Local\Temp\is-TCH6D.tmp\CodeSetup-stable-0958016b2af9f09bb4257e0df4a95e2f90590f9f.tmp
ParentCommandLine: "C:\Users\USERR\AppData\Local\Temp\is-TCH6D.tmp\CodeSetup-stable-0958016b2af9f09bb4257e0df4a95e2f90590f9f.tmp" /SL5="$604FE,155613699,841216,C:\Users\USERR\AppData\Local\Temp\vscode-stable-user-x64\CodeSetup-stable-0958016b2af9f09bb4257e0df4a95e2f90590f9f.exe" /verysilent /log /update="C:\Users\USERR\AppData\Local\Temp\vscode-stable-user-x64\CodeSetup-stable-0958016b2af9f09bb4257e0df4a95e2f90590f9f.flag" /progress="C:\Users\USERR\AppData\Local\Temp\vscode-stable-user-x64\update-progress" /sessionend="C:\Users\USERR\AppData\Local\Temp\vscode-stable-user-x64\session-ending.flag" /cancel="C:\Users\USERR\AppData\Local\Temp\vscode-stable-user-x64\cancel.flag" /nocloseapplications /mergetasks=runcode,!desktopicon,!quicklaunchicon
ParentUser: DESKTOP-82HJBKD\USERR
05/17/2026 03:02:48.087 PM
LogName=Microsoft-Windows-Sysmon/Operational
EventCode=1
EventType=4
ComputerName=DESKTOP-82HJBKD
User=NOT_TRANSLATED
Sid=S-1-5-18
SidType=0
SourceName=Microsoft-Windows-Sysmon
Type=Information
RecordNumber=12271
Keywords=None
TaskCategory=Sysmon config state changed
OpCode=Info
Message=Process Create:
RuleName: -
UtcTime: 2026-05-17 09:17:48.082
ProcessGuid: {951b9ce6-87bc-6a09-b713-000000000800}
ProcessId: 1036
Image: C:\Windows\System32\WindowsPowerShell\v1.0\powershell.exe
FileVersion: 10.0.26100.5074 (WinBuild.160101.0800)
Description: Windows PowerShell
Product: Microsoft® Windows® Operating System
Company: Microsoft Corporation
OriginalFileName: PowerShell.EXE
CommandLine: "powershell.exe" -NoLogo -NoProfile -NonInteractive -WindowStyle Hidden -ExecutionPolicy Bypass -Command "Get-AppxPackage -Name 'Microsoft.VisualStudioCode' | Select-Object -ExpandProperty PackageFullName"
CurrentDirectory: C:\WINDOWS\system32\
User: DESKTOP-82HJBKD\USERR
LogonGuid: {951b9ce6-7378-6a09-dbd3-0d0000000000}
LogonId: 0xDD3DB
TerminalSessionId: 1
IntegrityLevel: Medium
Hashes: MD5=A97E6573B97B44C96122BFA543A82EA1,SHA256=0FF6F2C94BC7E2833A5F7E16DE1622E5DBA70396F31C7D5F56381870317E8C46,IMPHASH=AFACF6DC9041114B198160AAB4D0AE77
ParentProcessGuid: {951b9ce6-8762-6a09-5313-000000000800}
ParentProcessId: 1408
ParentImage: C:\Users\USERR\AppData\Local\Temp\is-TCH6D.tmp\CodeSetup-stable-0958016b2af9f09bb4257e0df4a95e2f90590f9f.tmp
ParentCommandLine: "C:\Users\USERR\AppData\Local\Temp\is-TCH6D.tmp\CodeSetup-stable-0958016b2af9f09bb4257e0df4a95e2f90590f9f.tmp" /SL5="$604FE,155613699,841216,C:\Users\USERR\AppData\Local\Temp\vscode-stable-user-x64\CodeSetup-stable-0958016b2af9f09bb4257e0df4a95e2f90590f9f.exe" /verysilent /log /update="C:\Users\USERR\AppData\Local\Temp\vscode-stable-user-x64\CodeSetup-stable-0958016b2af9f09bb4257e0df4a95e2f90590f9f.flag" /progress="C:\Users\USERR\AppData\Local\Temp\vscode-stable-user-x64\update-progress" /sessionend="C:\Users\USERR\AppData\Local\Temp\vscode-stable-user-x64\session-ending.flag" /cancel="C:\Users\USERR\AppData\Local\Temp\vscode-stable-user-x64\cancel.flag" /nocloseapplications /mergetasks=runcode,!desktopicon,!quicklaunchicon
ParentUser: DESKTOP-82HJBKD\USERR
05/17/2026 03:02:42.643 PM
LogName=Microsoft-Windows-Sysmon/Operational
EventCode=1
EventType=4
ComputerName=DESKTOP-82HJBKD
User=NOT_TRANSLATED
Sid=S-1-5-18
SidType=0
SourceName=Microsoft-Windows-Sysmon
Type=Information
RecordNumber=12265
Keywords=None
TaskCategory=Sysmon config state changed
OpCode=Info
Message=Process Create:
RuleName: -
UtcTime: 2026-05-17 09:17:42.630
ProcessGuid: {951b9ce6-87b6-6a09-ae13-000000000800}
ProcessId: 4312
Image: C:\Windows\SysWOW64\WindowsPowerShell\v1.0\powershell.exe
FileVersion: 10.0.26100.5074 (WinBuild.160101.0800)
Description: Windows PowerShell
Product: Microsoft® Windows® Operating System
Company: Microsoft Corporation
OriginalFileName: PowerShell.EXE
CommandLine: "C:\Windows\System32\WindowsPowerShell\v1.0\powershell.exe" -NoLogo -NoProfile -NonInteractive -WindowStyle Hidden -ExecutionPolicy Bypass -Command "Remove-AppxPackage -Package 'Microsoft.VisualStudioCode_1.0.119.0_neutral__8wekyb3d8bbwe'"
CurrentDirectory: C:\WINDOWS\system32\
User: DESKTOP-82HJBKD\USERR
LogonGuid: {951b9ce6-7378-6a09-dbd3-0d0000000000}
LogonId: 0xDD3DB
TerminalSessionId: 1
IntegrityLevel: Medium
Hashes: MD5=0CB6529404FAEF431547CFF590744553,SHA256=3BFEDAAA40D9E19E45A3EE10C0F14B1750B01619EBB9F39BE3865BCFDACDD2E5,IMPHASH=9F91C97560360686D37B0E311BB8BD64
ParentProcessGuid: {951b9ce6-8762-6a09-5313-000000000800}
ParentProcessId: 1408
ParentImage: C:\Users\USERR\AppData\Local\Temp\is-TCH6D.tmp\CodeSetup-stable-0958016b2af9f09bb4257e0df4a95e2f90590f9f.tmp
ParentCommandLine: "C:\Users\USERR\AppData\Local\Temp\is-TCH6D.tmp\CodeSetup-stable-0958016b2af9f09bb4257e0df4a95e2f90590f9f.tmp" /SL5="$604FE,155613699,841216,C:\Users\USERR\AppData\Local\Temp\vscode-stable-user-x64\CodeSetup-stable-0958016b2af9f09bb4257e0df4a95e2f90590f9f.exe" /verysilent /log /update="C:\Users\USERR\AppData\Local\Temp\vscode-stable-user-x64\CodeSetup-stable-0958016b2af9f09bb4257e0df4a95e2f90590f9f.flag" /progress="C:\Users\USERR\AppData\Local\Temp\vscode-stable-user-x64\update-progress" /sessionend="C:\Users\USERR\AppData\Local\Temp\vscode-stable-user-x64\session-ending.flag" /cancel="C:\Users\USERR\AppData\Local\Temp\vscode-stable-user-x64\cancel.flag" /nocloseapplications /mergetasks=runcode,!desktopicon,!quicklaunchicon
ParentUser: DESKTOP-82HJBKD\USERR
05/17/2026 03:02:39.601 PM
LogName=Microsoft-Windows-Sysmon/Operational
EventCode=1
EventType=4
ComputerName=DESKTOP-82HJBKD
User=NOT_TRANSLATED
Sid=S-1-5-18
SidType=0
SourceName=Microsoft-Windows-Sysmon
Type=Information
RecordNumber=12261
Keywords=None
TaskCategory=Sysmon config state changed
OpCode=Info
Message=Process Create:
RuleName: -
UtcTime: 2026-05-17 09:17:39.586
ProcessGuid: {951b9ce6-87b3-6a09-a913-000000000800}
ProcessId: 9800
Image: C:\Windows\System32\WindowsPowerShell\v1.0\powershell.exe
FileVersion: 10.0.26100.5074 (WinBuild.160101.0800)
Description: Windows PowerShell
Product: Microsoft® Windows® Operating System
Company: Microsoft Corporation
OriginalFileName: PowerShell.EXE
CommandLine: "powershell.exe" -NoLogo -NoProfile -NonInteractive -WindowStyle Hidden -ExecutionPolicy Bypass -Command "Get-AppxPackage -Name 'Microsoft.VisualStudioCode' | Select-Object -ExpandProperty PackageFullName"
CurrentDirectory: C:\WINDOWS\system32\
User: DESKTOP-82HJBKD\USERR
LogonGuid: {951b9ce6-7378-6a09-dbd3-0d0000000000}
LogonId: 0xDD3DB
TerminalSessionId: 1
IntegrityLevel: Medium
Hashes: MD5=A97E6573B97B44C96122BFA543A82EA1,SHA256=0FF6F2C94BC7E2833A5F7E16DE1622E5DBA70396F31C7D5F56381870317E8C46,IMPHASH=AFACF6DC9041114B198160AAB4D0AE77
ParentProcessGuid: {951b9ce6-8762-6a09-5313-000000000800}
ParentProcessId: 1408
ParentImage: C:\Users\USERR\AppData\Local\Temp\is-TCH6D.tmp\CodeSetup-stable-0958016b2af9f09bb4257e0df4a95e2f90590f9f.tmp
ParentCommandLine: "C:\Users\USERR\AppData\Local\Temp\is-TCH6D.tmp\CodeSetup-stable-0958016b2af9f09bb4257e0df4a95e2f90590f9f.tmp" /SL5="$604FE,155613699,841216,C:\Users\USERR\AppData\Local\Temp\vscode-stable-user-x64\CodeSetup-stable-0958016b2af9f09bb4257e0df4a95e2f90590f9f.exe" /verysilent /log /update="C:\Users\USERR\AppData\Local\Temp\vscode-stable-user-x64\CodeSetup-stable-0958016b2af9f09bb4257e0df4a95e2f90590f9f.flag" /progress="C:\Users\USERR\AppData\Local\Temp\vscode-stable-user-x64\update-progress" /sessionend="C:\Users\USERR\AppData\Local\Temp\vscode-stable-user-x64\session-ending.flag" /cancel="C:\Users\USERR\AppData\Local\Temp\vscode-stable-user-x64\cancel.flag" /nocloseapplications /mergetasks=runcode,!desktopicon,!quicklaunchicon
ParentUser: DESKTOP-82HJBKD\USERR
05/17/2026 03:02:37.356 PM
LogName=Microsoft-Windows-Sysmon/Operational
EventCode=1
EventType=4
ComputerName=DESKTOP-82HJBKD
User=NOT_TRANSLATED
Sid=S-1-5-18
SidType=0
SourceName=Microsoft-Windows-Sysmon
Type=Information
RecordNumber=12255
Keywords=None
TaskCategory=Sysmon config state changed
OpCode=Info
Message=Process Create:
RuleName: -
UtcTime: 2026-05-17 09:17:37.334
ProcessGuid: {951b9ce6-87b1-6a09-a713-000000000800}
ProcessId: 1984
Image: C:\Windows\SysWOW64\WindowsPowerShell\v1.0\powershell.exe
FileVersion: 10.0.26100.5074 (WinBuild.160101.0800)
Description: Windows PowerShell
Product: Microsoft® Windows® Operating System
Company: Microsoft Corporation
OriginalFileName: PowerShell.EXE
CommandLine: "C:\Windows\System32\WindowsPowerShell\v1.0\powershell.exe" -NoLogo -NoProfile -NonInteractive -WindowStyle Hidden -ExecutionPolicy Bypass -Command "Get-CimInstance Win32_Process -Filter ""Name = 'dllhost.exe'"" | Where-Object { $_.CommandLine -like '*/Processid:1C6DF0C0-192A-4451-BE36-6A59A86A692E*' } | ForEach-Object { try { Stop-Process -Id $_.ProcessId -Force -ErrorAction Stop } catch {} }"
CurrentDirectory: C:\WINDOWS\system32\
User: DESKTOP-82HJBKD\USERR
LogonGuid: {951b9ce6-7378-6a09-dbd3-0d0000000000}
LogonId: 0xDD3DB
TerminalSessionId: 1
IntegrityLevel: Medium
Hashes: MD5=0CB6529404FAEF431547CFF590744553,SHA256=3BFEDAAA40D9E19E45A3EE10C0F14B1750B01619EBB9F39BE3865BCFDACDD2E5,IMPHASH=9F91C97560360686D37B0E311BB8BD64
ParentProcessGuid: {951b9ce6-8762-6a09-5313-000000000800}
ParentProcessId: 1408
ParentImage: C:\Users\USERR\AppData\Local\Temp\is-TCH6D.tmp\CodeSetup-stable-0958016b2af9f09bb4257e0df4a95e2f90590f9f.tmp
ParentCommandLine: "C:\Users\USERR\AppData\Local\Temp\is-TCH6D.tmp\CodeSetup-stable-0958016b2af9f09bb4257e0df4a95e2f90590f9f.tmp" /SL5="$604FE,155613699,841216,C:\Users\USERR\AppData\Local\Temp\vscode-stable-user-x64\CodeSetup-stable-0958016b2af9f09bb4257e0df4a95e2f90590f9f.exe" /verysilent /log /update="C:\Users\USERR\AppData\Local\Temp\vscode-stable-user-x64\CodeSetup-stable-0958016b2af9f09bb4257e0df4a95e2f90590f9f.flag" /progress="C:\Users\USERR\AppData\Local\Temp\vscode-stable-user-x64\update-progress" /sessionend="C:\Users\USERR\AppData\Local\Temp\vscode-stable-user-x64\session-ending.flag" /cancel="C:\Users\USERR\AppData\Local\Temp\vscode-stable-user-x64\cancel.flag" /nocloseapplications /mergetasks=runcode,!desktopicon,!quicklaunchicon
ParentUser: DESKTOP-82HJBKD\USERR
05/17/2026 03:02:11.044 PM
LogName=Microsoft-Windows-Sysmon/Operational
EventCode=1
EventType=4
ComputerName=DESKTOP-82HJBKD
User=NOT_TRANSLATED
Sid=S-1-5-18
SidType=0
SourceName=Microsoft-Windows-Sysmon
Type=Information
RecordNumber=12209
Keywords=None
TaskCategory=Sysmon config state changed
OpCode=Info
Message=Process Create:
RuleName: -
UtcTime: 2026-05-17 09:17:11.016
ProcessGuid: {951b9ce6-8797-6a09-9013-000000000800}
ProcessId: 7228
Image: C:\Program Files\Splunk\bin\splunk-powershell.exe
FileVersion: -
Description: -
Product: -
Company: -
OriginalFileName: -
CommandLine: "C:\Program Files\Splunk\bin\splunk-powershell.exe" --ps2
CurrentDirectory: C:\WINDOWS\system32\
User: NT AUTHORITY\SYSTEM
LogonGuid: {951b9ce6-7362-6a09-e703-000000000000}
LogonId: 0x3E7
TerminalSessionId: 0
IntegrityLevel: System
Hashes: MD5=09786E423871374ADDE99874569B1D83,SHA256=BAC42959A130084AFD25DEF2520AA63E58F466C472484A0FB011E51B1838D203,IMPHASH=95FBEA9323F5EA405C7BE38624B06950
ParentProcessGuid: {951b9ce6-7366-6a09-4e00-000000000800}
ParentProcessId: 3560
ParentImage: C:\Program Files\Splunk\bin\splunkd.exe
ParentCommandLine: "C:\Program Files\Splunk\bin\splunkd.exe" service
ParentUser: NT AUTHORITY\SYSTEM
05/17/2026 03:02:10.459 PM
LogName=Microsoft-Windows-Sysmon/Operational
EventCode=1
EventType=4
ComputerName=DESKTOP-82HJBKD
User=NOT_TRANSLATED
Sid=S-1-5-18
SidType=0
SourceName=Microsoft-Windows-Sysmon
Type=Information
RecordNumber=12207
Keywords=None
TaskCategory=Sysmon config state changed
OpCode=Info
Message=Process Create:
RuleName: -
UtcTime: 2026-05-17 09:17:10.443
ProcessGuid: {951b9ce6-8796-6a09-8f13-000000000800}
ProcessId: 7420
Image: C:\Program Files\Splunk\bin\splunk-powershell.exe
FileVersion: -
Description: -
Product: -
Company: -
OriginalFileName: -
CommandLine: "C:\Program Files\Splunk\bin\splunk-powershell.exe"
CurrentDirectory: C:\WINDOWS\system32\
User: NT AUTHORITY\SYSTEM
LogonGuid: {951b9ce6-7362-6a09-e703-000000000000}
LogonId: 0x3E7
TerminalSessionId: 0
IntegrityLevel: System
Hashes: MD5=09786E423871374ADDE99874569B1D83,SHA256=BAC42959A130084AFD25DEF2520AA63E58F466C472484A0FB011E51B1838D203,IMPHASH=95FBEA9323F5EA405C7BE38624B06950
ParentProcessGuid: {951b9ce6-7366-6a09-4e00-000000000800}
ParentProcessId: 3560
ParentImage: C:\Program Files\Splunk\bin\splunkd.exe
ParentCommandLine: "C:\Program Files\Splunk\bin\splunkd.exe" service
ParentUser: NT AUTHORITY\SYSTEM
05/17/2026 03:01:11.090 PM
LogName=Microsoft-Windows-Sysmon/Operational
EventCode=1
EventType=4
ComputerName=DESKTOP-82HJBKD
User=NOT_TRANSLATED
Sid=S-1-5-18
SidType=0
SourceName=Microsoft-Windows-Sysmon
Type=Information
RecordNumber=12134
Keywords=None
TaskCategory=Sysmon config state changed
OpCode=Info
Message=Process Create:
RuleName: -
UtcTime: 2026-05-17 09:16:11.088
ProcessGuid: {951b9ce6-875b-6a09-4e13-000000000800}
ProcessId: 9684
Image: C:\Program Files\Splunk\bin\splunk-powershell.exe
FileVersion: -
Description: -
Product: -
Company: -
OriginalFileName: -
CommandLine: "C:\Program Files\Splunk\bin\splunk-powershell.exe" --ps2
CurrentDirectory: C:\WINDOWS\system32\
User: NT AUTHORITY\SYSTEM
LogonGuid: {951b9ce6-7362-6a09-e703-000000000000}
LogonId: 0x3E7
TerminalSessionId: 0
IntegrityLevel: System
Hashes: MD5=09786E423871374ADDE99874569B1D83,SHA256=BAC42959A130084AFD25DEF2520AA63E58F466C472484A0FB011E51B1838D203,IMPHASH=95FBEA9323F5EA405C7BE38624B06950
ParentProcessGuid: {951b9ce6-7366-6a09-4e00-000000000800}
ParentProcessId: 3560
ParentImage: C:\Program Files\Splunk\bin\splunkd.exe
ParentCommandLine: "C:\Program Files\Splunk\bin\splunkd.exe" service
ParentUser: NT AUTHORITY\SYSTEM
05/17/2026 03:01:10.448 PM
LogName=Microsoft-Windows-Sysmon/Operational
EventCode=1
EventType=4
ComputerName=DESKTOP-82HJBKD
User=NOT_TRANSLATED
Sid=S-1-5-18
SidType=0
SourceName=Microsoft-Windows-Sysmon
Type=Information
RecordNumber=12132
Keywords=None
TaskCategory=Sysmon config state changed
OpCode=Info
Message=Process Create:
RuleName: -
UtcTime: 2026-05-17 09:16:10.444
ProcessGuid: {951b9ce6-875a-6a09-4c13-000000000800}
ProcessId: 4032
Image: C:\Program Files\Splunk\bin\splunk-powershell.exe
FileVersion: -
Description: -
Product: -
Company: -
OriginalFileName: -
CommandLine: "C:\Program Files\Splunk\bin\splunk-powershell.exe"
CurrentDirectory: C:\WINDOWS\system32\
User: NT AUTHORITY\SYSTEM
LogonGuid: {951b9ce6-7362-6a09-e703-000000000000}
LogonId: 0x3E7
TerminalSessionId: 0
IntegrityLevel: System
Hashes: MD5=09786E423871374ADDE99874569B1D83,SHA256=BAC42959A130084AFD25DEF2520AA63E58F466C472484A0FB011E51B1838D203,IMPHASH=95FBEA9323F5EA405C7BE38624B06950
ParentProcessGuid: {951b9ce6-7366-6a09-4e00-000000000800}
ParentProcessId: 3560
ParentImage: C:\Program Files\Splunk\bin\splunkd.exe
ParentCommandLine: "C:\Program Files\Splunk\bin\splunkd.exe" service
ParentUser: NT AUTHORITY\SYSTEM
05/17/2026 03:00:11.082 PM
LogName=Microsoft-Windows-Sysmon/Operational
EventCode=1
EventType=4
ComputerName=DESKTOP-82HJBKD
User=NOT_TRANSLATED
Sid=S-1-5-18
SidType=0
SourceName=Microsoft-Windows-Sysmon
Type=Information
RecordNumber=12026
Keywords=None
TaskCategory=Sysmon config state changed
OpCode=Info
Message=Process Create:
RuleName: -
UtcTime: 2026-05-17 09:15:11.080
ProcessGuid: {951b9ce6-871f-6a09-ff12-000000000800}
ProcessId: 604
Image: C:\Program Files\Splunk\bin\splunk-powershell.exe
FileVersion: -
Description: -
Product: -
Company: -
OriginalFileName: -
CommandLine: "C:\Program Files\Splunk\bin\splunk-powershell.exe" --ps2
CurrentDirectory: C:\WINDOWS\system32\
User: NT AUTHORITY\SYSTEM
LogonGuid: {951b9ce6-7362-6a09-e703-000000000000}
LogonId: 0x3E7
TerminalSessionId: 0
IntegrityLevel: System
Hashes: MD5=09786E423871374ADDE99874569B1D83,SHA256=BAC42959A130084AFD25DEF2520AA63E58F466C472484A0FB011E51B1838D203,IMPHASH=95FBEA9323F5EA405C7BE38624B06950
ParentProcessGuid: {951b9ce6-7366-6a09-4e00-000000000800}
ParentProcessId: 3560
ParentImage: C:\Program Files\Splunk\bin\splunkd.exe
ParentCommandLine: "C:\Program Files\Splunk\bin\splunkd.exe" service
ParentUser: NT AUTHORITY\SYSTEM
05/17/2026 03:00:10.455 PM
LogName=Microsoft-Windows-Sysmon/Operational
EventCode=1
EventType=4
ComputerName=DESKTOP-82HJBKD
User=NOT_TRANSLATED
Sid=S-1-5-18
SidType=0
SourceName=Microsoft-Windows-Sysmon
Type=Information
RecordNumber=12024
Keywords=None
TaskCategory=Sysmon config state changed
OpCode=Info
Message=Process Create:
RuleName: -
UtcTime: 2026-05-17 09:15:10.452
ProcessGuid: {951b9ce6-871e-6a09-fd12-000000000800}
ProcessId: 1940
Image: C:\Program Files\Splunk\bin\splunk-powershell.exe
FileVersion: -
Description: -
Product: -
Company: -
OriginalFileName: -
CommandLine: "C:\Program Files\Splunk\bin\splunk-powershell.exe"
CurrentDirectory: C:\WINDOWS\system32\
User: NT AUTHORITY\SYSTEM
LogonGuid: {951b9ce6-7362-6a09-e703-000000000000}
LogonId: 0x3E7
TerminalSessionId: 0
IntegrityLevel: System
Hashes: MD5=09786E423871374ADDE99874569B1D83,SHA256=BAC42959A130084AFD25DEF2520AA63E58F466C472484A0FB011E51B1838D203,IMPHASH=95FBEA9323F5EA405C7BE38624B06950
ParentProcessGuid: {951b9ce6-7366-6a09-4e00-000000000800}
ParentProcessId: 3560
ParentImage: C:\Program Files\Splunk\bin\splunkd.exe
ParentCommandLine: "C:\Program Files\Splunk\bin\splunkd.exe" service
ParentUser: NT AUTHORITY\SYSTEM
05/17/2026 02:59:11.112 PM
LogName=Microsoft-Windows-Sysmon/Operational
EventCode=1
EventType=4
ComputerName=DESKTOP-82HJBKD
User=NOT_TRANSLATED
Sid=S-1-5-18
SidType=0
SourceName=Microsoft-Windows-Sysmon
Type=Information
RecordNumber=11957
Keywords=None
TaskCategory=Sysmon config state changed
OpCode=Info
Message=Process Create:
RuleName: -
UtcTime: 2026-05-17 09:14:11.111
ProcessGuid: {951b9ce6-86e3-6a09-c512-000000000800}
ProcessId: 1860
Image: C:\Program Files\Splunk\bin\splunk-powershell.exe
FileVersion: -
Description: -
Product: -
Company: -
OriginalFileName: -
CommandLine: "C:\Program Files\Splunk\bin\splunk-powershell.exe" --ps2
CurrentDirectory: C:\WINDOWS\system32\
User: NT AUTHORITY\SYSTEM
LogonGuid: {951b9ce6-7362-6a09-e703-000000000000}
LogonId: 0x3E7
TerminalSessionId: 0
IntegrityLevel: System
Hashes: MD5=09786E423871374ADDE99874569B1D83,SHA256=BAC42959A130084AFD25DEF2520AA63E58F466C472484A0FB011E51B1838D203,IMPHASH=95FBEA9323F5EA405C7BE38624B06950
ParentProcessGuid: {951b9ce6-7366-6a09-4e00-000000000800}
ParentProcessId: 3560
ParentImage: C:\Program Files\Splunk\bin\splunkd.exe
ParentCommandLine: "C:\Program Files\Splunk\bin\splunkd.exe" service
ParentUser: NT AUTHORITY\SYSTEM
05/17/2026 02:59:10.457 PM
LogName=Microsoft-Windows-Sysmon/Operational
EventCode=1
EventType=4
ComputerName=DESKTOP-82HJBKD
User=NOT_TRANSLATED
Sid=S-1-5-18
SidType=0
SourceName=Microsoft-Windows-Sysmon
Type=Information
RecordNumber=11955
Keywords=None
TaskCategory=Sysmon config state changed
OpCode=Info
Message=Process Create:
RuleName: -
UtcTime: 2026-05-17 09:14:10.454
ProcessGuid: {951b9ce6-86e2-6a09-c312-000000000800}
ProcessId: 8580
Image: C:\Program Files\Splunk\bin\splunk-powershell.exe
FileVersion: -
Description: -
Product: -
Company: -
OriginalFileName: -
CommandLine: "C:\Program Files\Splunk\bin\splunk-powershell.exe"
CurrentDirectory: C:\WINDOWS\system32\
User: NT AUTHORITY\SYSTEM
LogonGuid: {951b9ce6-7362-6a09-e703-000000000000}
LogonId: 0x3E7
TerminalSessionId: 0
IntegrityLevel: System
Hashes: MD5=09786E423871374ADDE99874569B1D83,SHA256=BAC42959A130084AFD25DEF2520AA63E58F466C472484A0FB011E51B1838D203,IMPHASH=95FBEA9323F5EA405C7BE38624B06950
ParentProcessGuid: {951b9ce6-7366-6a09-4e00-000000000800}
ParentProcessId: 3560
ParentImage: C:\Program Files\Splunk\bin\splunkd.exe
ParentCommandLine: "C:\Program Files\Splunk\bin\splunkd.exe" service
ParentUser: NT AUTHORITY\SYSTEM
05/17/2026 02:58:11.091 PM
LogName=Microsoft-Windows-Sysmon/Operational
EventCode=1
EventType=4
ComputerName=DESKTOP-82HJBKD
User=NOT_TRANSLATED
Sid=S-1-5-18
SidType=0
SourceName=Microsoft-Windows-Sysmon
Type=Information
RecordNumber=11883
Keywords=None
TaskCategory=Sysmon config state changed
OpCode=Info
Message=Process Create:
RuleName: -
UtcTime: 2026-05-17 09:13:11.089
ProcessGuid: {951b9ce6-86a7-6a09-8912-000000000800}
ProcessId: 5004
Image: C:\Program Files\Splunk\bin\splunk-powershell.exe
FileVersion: -
Description: -
Product: -
Company: -
OriginalFileName: -
CommandLine: "C:\Program Files\Splunk\bin\splunk-powershell.exe" --ps2
CurrentDirectory: C:\WINDOWS\system32\
User: NT AUTHORITY\SYSTEM
LogonGuid: {951b9ce6-7362-6a09-e703-000000000000}
LogonId: 0x3E7
TerminalSessionId: 0
IntegrityLevel: System
Hashes: MD5=09786E423871374ADDE99874569B1D83,SHA256=BAC42959A130084AFD25DEF2520AA63E58F466C472484A0FB011E51B1838D203,IMPHASH=95FBEA9323F5EA405C7BE38624B06950
ParentProcessGuid: {951b9ce6-7366-6a09-4e00-000000000800}
ParentProcessId: 3560
ParentImage: C:\Program Files\Splunk\bin\splunkd.exe
ParentCommandLine: "C:\Program Files\Splunk\bin\splunkd.exe" service
ParentUser: NT AUTHORITY\SYSTEM
05/17/2026 02:58:10.447 PM
LogName=Microsoft-Windows-Sysmon/Operational
EventCode=1
EventType=4
ComputerName=DESKTOP-82HJBKD
User=NOT_TRANSLATED
Sid=S-1-5-18
SidType=0
SourceName=Microsoft-Windows-Sysmon
Type=Information
RecordNumber=11881
Keywords=None
TaskCategory=Sysmon config state changed
OpCode=Info
Message=Process Create:
RuleName: -
UtcTime: 2026-05-17 09:13:10.445
ProcessGuid: {951b9ce6-86a6-6a09-8712-000000000800}
ProcessId: 9940
Image: C:\Program Files\Splunk\bin\splunk-powershell.exe
FileVersion: -
Description: -
Product: -
Company: -
OriginalFileName: -
CommandLine: "C:\Program Files\Splunk\bin\splunk-powershell.exe"
CurrentDirectory: C:\WINDOWS\system32\
User: NT AUTHORITY\SYSTEM
LogonGuid: {951b9ce6-7362-6a09-e703-000000000000}
LogonId: 0x3E7
TerminalSessionId: 0
IntegrityLevel: System
Hashes: MD5=09786E423871374ADDE99874569B1D83,SHA256=BAC42959A130084AFD25DEF2520AA63E58F466C472484A0FB011E51B1838D203,IMPHASH=95FBEA9323F5EA405C7BE38624B06950
ParentProcessGuid: {951b9ce6-7366-6a09-4e00-000000000800}
ParentProcessId: 3560
ParentImage: C:\Program Files\Splunk\bin\splunkd.exe
ParentCommandLine: "C:\Program Files\Splunk\bin\splunkd.exe" service
ParentUser: NT AUTHORITY\SYSTEM
05/17/2026 02:57:11.114 PM
LogName=Microsoft-Windows-Sysmon/Operational
EventCode=1
EventType=4
ComputerName=DESKTOP-82HJBKD
User=NOT_TRANSLATED
Sid=S-1-5-18
SidType=0
SourceName=Microsoft-Windows-Sysmon
Type=Information
RecordNumber=11819
Keywords=None
TaskCategory=Sysmon config state changed
OpCode=Info
Message=Process Create:
RuleName: -
UtcTime: 2026-05-17 09:12:11.112
ProcessGuid: {951b9ce6-866b-6a09-4e12-000000000800}
ProcessId: 10196
Image: C:\Program Files\Splunk\bin\splunk-powershell.exe
FileVersion: -
Description: -
Product: -
Company: -
OriginalFileName: -
CommandLine: "C:\Program Files\Splunk\bin\splunk-powershell.exe" --ps2
CurrentDirectory: C:\WINDOWS\system32\
User: NT AUTHORITY\SYSTEM
LogonGuid: {951b9ce6-7362-6a09-e703-000000000000}
LogonId: 0x3E7
TerminalSessionId: 0
IntegrityLevel: System
Hashes: MD5=09786E423871374ADDE99874569B1D83,SHA256=BAC42959A130084AFD25DEF2520AA63E58F466C472484A0FB011E51B1838D203,IMPHASH=95FBEA9323F5EA405C7BE38624B06950
ParentProcessGuid: {951b9ce6-7366-6a09-4e00-000000000800}
ParentProcessId: 3560
ParentImage: C:\Program Files\Splunk\bin\splunkd.exe
ParentCommandLine: "C:\Program Files\Splunk\bin\splunkd.exe" service
ParentUser: NT AUTHORITY\SYSTEM
05/17/2026 02:57:10.439 PM
LogName=Microsoft-Windows-Sysmon/Operational
EventCode=1
EventType=4
ComputerName=DESKTOP-82HJBKD
User=NOT_TRANSLATED
Sid=S-1-5-18
SidType=0
SourceName=Microsoft-Windows-Sysmon
Type=Information
RecordNumber=11817
Keywords=None
TaskCategory=Sysmon config state changed
OpCode=Info
Message=Process Create:
RuleName: -
UtcTime: 2026-05-17 09:12:10.437
ProcessGuid: {951b9ce6-866a-6a09-4c12-000000000800}
ProcessId: 2148
Image: C:\Program Files\Splunk\bin\splunk-powershell.exe
FileVersion: -
Description: -
Product: -
Company: -
OriginalFileName: -
CommandLine: "C:\Program Files\Splunk\bin\splunk-powershell.exe"
CurrentDirectory: C:\WINDOWS\system32\
User: NT AUTHORITY\SYSTEM
LogonGuid: {951b9ce6-7362-6a09-e703-000000000000}
LogonId: 0x3E7
TerminalSessionId: 0
IntegrityLevel: System
Hashes: MD5=09786E423871374ADDE99874569B1D83,SHA256=BAC42959A130084AFD25DEF2520AA63E58F466C472484A0FB011E51B1838D203,IMPHASH=95FBEA9323F5EA405C7BE38624B06950
ParentProcessGuid: {951b9ce6-7366-6a09-4e00-000000000800}
ParentProcessId: 3560
ParentImage: C:\Program Files\Splunk\bin\splunkd.exe
ParentCommandLine: "C:\Program Files\Splunk\bin\splunkd.exe" service
ParentUser: NT AUTHORITY\SYSTEM
05/17/2026 02:56:11.056 PM
LogName=Microsoft-Windows-Sysmon/Operational
EventCode=1
EventType=4
ComputerName=DESKTOP-82HJBKD
User=NOT_TRANSLATED
Sid=S-1-5-18
SidType=0
SourceName=Microsoft-Windows-Sysmon
Type=Information
RecordNumber=11742
Keywords=None
TaskCategory=Sysmon config state changed
OpCode=Info
Message=Process Create:
RuleName: -
UtcTime: 2026-05-17 09:11:11.055
ProcessGuid: {951b9ce6-862f-6a09-0e12-000000000800}
ProcessId: 10712
Image: C:\Program Files\Splunk\bin\splunk-powershell.exe
FileVersion: -
Description: -
Product: -
Company: -
OriginalFileName: -
CommandLine: "C:\Program Files\Splunk\bin\splunk-powershell.exe" --ps2
CurrentDirectory: C:\WINDOWS\system32\
User: NT AUTHORITY\SYSTEM
LogonGuid: {951b9ce6-7362-6a09-e703-000000000000}
LogonId: 0x3E7
TerminalSessionId: 0
IntegrityLevel: System
Hashes: MD5=09786E423871374ADDE99874569B1D83,SHA256=BAC42959A130084AFD25DEF2520AA63E58F466C472484A0FB011E51B1838D203,IMPHASH=95FBEA9323F5EA405C7BE38624B06950
ParentProcessGuid: {951b9ce6-7366-6a09-4e00-000000000800}
ParentProcessId: 3560
ParentImage: C:\Program Files\Splunk\bin\splunkd.exe
ParentCommandLine: "C:\Program Files\Splunk\bin\splunkd.exe" service
ParentUser: NT AUTHORITY\SYSTEM
05/17/2026 02:56:10.413 PM
LogName=Microsoft-Windows-Sysmon/Operational
EventCode=1
EventType=4
ComputerName=DESKTOP-82HJBKD
User=NOT_TRANSLATED
Sid=S-1-5-18
SidType=0
SourceName=Microsoft-Windows-Sysmon
Type=Information
RecordNumber=11740
Keywords=None
TaskCategory=Sysmon config state changed
OpCode=Info
Message=Process Create:
RuleName: -
UtcTime: 2026-05-17 09:11:10.411
ProcessGuid: {951b9ce6-862e-6a09-0c12-000000000800}
ProcessId: 1664
Image: C:\Program Files\Splunk\bin\splunk-powershell.exe
FileVersion: -
Description: -
Product: -
Company: -
OriginalFileName: -
CommandLine: "C:\Program Files\Splunk\bin\splunk-powershell.exe"
CurrentDirectory: C:\WINDOWS\system32\
User: NT AUTHORITY\SYSTEM
LogonGuid: {951b9ce6-7362-6a09-e703-000000000000}
LogonId: 0x3E7
TerminalSessionId: 0
IntegrityLevel: System
Hashes: MD5=09786E423871374ADDE99874569B1D83,SHA256=BAC42959A130084AFD25DEF2520AA63E58F466C472484A0FB011E51B1838D203,IMPHASH=95FBEA9323F5EA405C7BE38624B06950
ParentProcessGuid: {951b9ce6-7366-6a09-4e00-000000000800}
ParentProcessId: 3560
ParentImage: C:\Program Files\Splunk\bin\splunkd.exe
ParentCommandLine: "C:\Program Files\Splunk\bin\splunkd.exe" service
ParentUser: NT AUTHORITY\SYSTEM
