05/17/2026 02:36:10.191 PM
LogName=Microsoft-Windows-Sysmon/Operational
EventCode=1
EventType=4
ComputerName=DESKTOP-82HJBKD
User=NOT_TRANSLATED
Sid=S-1-5-18
SidType=0
SourceName=Microsoft-Windows-Sysmon
Type=Information
RecordNumber=9877
Keywords=None
TaskCategory=Sysmon config state changed
OpCode=Info
Message=Process Create:
RuleName: -
UtcTime: 2026-05-17 08:51:10.189
ProcessGuid: {951b9ce6-817e-6a09-910d-000000000800}
ProcessId: 8384
Image: C:\Program Files\Splunk\bin\splunk-powershell.exe
FileVersion: -
Description: -
Product: -
Company: -
OriginalFileName: -
CommandLine: "C:\Program Files\Splunk\bin\splunk-powershell.exe"
CurrentDirectory: C:\WINDOWS\system32\
User: NT AUTHORITY\SYSTEM
LogonGuid: {951b9ce6-7362-6a09-e703-000000000000}
LogonId: 0x3E7
TerminalSessionId: 0
IntegrityLevel: System
Hashes: SHA256=BAC42959A130084AFD25DEF2520AA63E58F466C472484A0FB011E51B1838D203
ParentProcessGuid: {951b9ce6-7366-6a09-4e00-000000000800}
ParentProcessId: 3560
ParentImage: C:\Program Files\Splunk\bin\splunkd.exe
ParentCommandLine: "C:\Program Files\Splunk\bin\splunkd.exe" service
ParentUser: NT AUTHORITY\SYSTEM
05/17/2026 02:35:10.897 PM
LogName=Microsoft-Windows-Sysmon/Operational
EventCode=1
EventType=4
ComputerName=DESKTOP-82HJBKD
User=NOT_TRANSLATED
Sid=S-1-5-18
SidType=0
SourceName=Microsoft-Windows-Sysmon
Type=Information
RecordNumber=9736
Keywords=None
TaskCategory=Sysmon config state changed
OpCode=Info
Message=Process Create:
RuleName: -
UtcTime: 2026-05-17 08:50:10.895
ProcessGuid: {951b9ce6-8142-6a09-4c0d-000000000800}
ProcessId: 9852
Image: C:\Program Files\Splunk\bin\splunk-powershell.exe
FileVersion: -
Description: -
Product: -
Company: -
OriginalFileName: -
CommandLine: "C:\Program Files\Splunk\bin\splunk-powershell.exe" --ps2
CurrentDirectory: C:\WINDOWS\system32\
User: NT AUTHORITY\SYSTEM
LogonGuid: {951b9ce6-7362-6a09-e703-000000000000}
LogonId: 0x3E7
TerminalSessionId: 0
IntegrityLevel: System
Hashes: SHA256=BAC42959A130084AFD25DEF2520AA63E58F466C472484A0FB011E51B1838D203
ParentProcessGuid: {951b9ce6-7366-6a09-4e00-000000000800}
ParentProcessId: 3560
ParentImage: C:\Program Files\Splunk\bin\splunkd.exe
ParentCommandLine: "C:\Program Files\Splunk\bin\splunkd.exe" service
ParentUser: NT AUTHORITY\SYSTEM
05/17/2026 02:35:10.190 PM
LogName=Microsoft-Windows-Sysmon/Operational
EventCode=1
EventType=4
ComputerName=DESKTOP-82HJBKD
User=NOT_TRANSLATED
Sid=S-1-5-18
SidType=0
SourceName=Microsoft-Windows-Sysmon
Type=Information
RecordNumber=9732
Keywords=None
TaskCategory=Sysmon config state changed
OpCode=Info
Message=Process Create:
RuleName: -
UtcTime: 2026-05-17 08:50:10.188
ProcessGuid: {951b9ce6-8142-6a09-4a0d-000000000800}
ProcessId: 2524
Image: C:\Program Files\Splunk\bin\splunk-powershell.exe
FileVersion: -
Description: -
Product: -
Company: -
OriginalFileName: -
CommandLine: "C:\Program Files\Splunk\bin\splunk-powershell.exe"
CurrentDirectory: C:\WINDOWS\system32\
User: NT AUTHORITY\SYSTEM
LogonGuid: {951b9ce6-7362-6a09-e703-000000000000}
LogonId: 0x3E7
TerminalSessionId: 0
IntegrityLevel: System
Hashes: SHA256=BAC42959A130084AFD25DEF2520AA63E58F466C472484A0FB011E51B1838D203
ParentProcessGuid: {951b9ce6-7366-6a09-4e00-000000000800}
ParentProcessId: 3560
ParentImage: C:\Program Files\Splunk\bin\splunkd.exe
ParentCommandLine: "C:\Program Files\Splunk\bin\splunkd.exe" service
ParentUser: NT AUTHORITY\SYSTEM
05/17/2026 02:34:10.811 PM
LogName=Microsoft-Windows-Sysmon/Operational
EventCode=1
EventType=4
ComputerName=DESKTOP-82HJBKD
User=NOT_TRANSLATED
Sid=S-1-5-18
SidType=0
SourceName=Microsoft-Windows-Sysmon
Type=Information
RecordNumber=9611
Keywords=None
TaskCategory=Sysmon config state changed
OpCode=Info
Message=Process Create:
RuleName: -
UtcTime: 2026-05-17 08:49:10.809
ProcessGuid: {951b9ce6-8106-6a09-0c0d-000000000800}
ProcessId: 10100
Image: C:\Program Files\Splunk\bin\splunk-powershell.exe
FileVersion: -
Description: -
Product: -
Company: -
OriginalFileName: -
CommandLine: "C:\Program Files\Splunk\bin\splunk-powershell.exe" --ps2
CurrentDirectory: C:\WINDOWS\system32\
User: NT AUTHORITY\SYSTEM
LogonGuid: {951b9ce6-7362-6a09-e703-000000000000}
LogonId: 0x3E7
TerminalSessionId: 0
IntegrityLevel: System
Hashes: SHA256=BAC42959A130084AFD25DEF2520AA63E58F466C472484A0FB011E51B1838D203
ParentProcessGuid: {951b9ce6-7366-6a09-4e00-000000000800}
ParentProcessId: 3560
ParentImage: C:\Program Files\Splunk\bin\splunkd.exe
ParentCommandLine: "C:\Program Files\Splunk\bin\splunkd.exe" service
ParentUser: NT AUTHORITY\SYSTEM
05/17/2026 02:34:10.183 PM
LogName=Microsoft-Windows-Sysmon/Operational
EventCode=1
EventType=4
ComputerName=DESKTOP-82HJBKD
User=NOT_TRANSLATED
Sid=S-1-5-18
SidType=0
SourceName=Microsoft-Windows-Sysmon
Type=Information
RecordNumber=9609
Keywords=None
TaskCategory=Sysmon config state changed
OpCode=Info
Message=Process Create:
RuleName: -
UtcTime: 2026-05-17 08:49:10.181
ProcessGuid: {951b9ce6-8106-6a09-0b0d-000000000800}
ProcessId: 9248
Image: C:\Program Files\Splunk\bin\splunk-powershell.exe
FileVersion: -
Description: -
Product: -
Company: -
OriginalFileName: -
CommandLine: "C:\Program Files\Splunk\bin\splunk-powershell.exe"
CurrentDirectory: C:\WINDOWS\system32\
User: NT AUTHORITY\SYSTEM
LogonGuid: {951b9ce6-7362-6a09-e703-000000000000}
LogonId: 0x3E7
TerminalSessionId: 0
IntegrityLevel: System
Hashes: SHA256=BAC42959A130084AFD25DEF2520AA63E58F466C472484A0FB011E51B1838D203
ParentProcessGuid: {951b9ce6-7366-6a09-4e00-000000000800}
ParentProcessId: 3560
ParentImage: C:\Program Files\Splunk\bin\splunkd.exe
ParentCommandLine: "C:\Program Files\Splunk\bin\splunkd.exe" service
ParentUser: NT AUTHORITY\SYSTEM
05/17/2026 02:33:10.933 PM
LogName=Microsoft-Windows-Sysmon/Operational
EventCode=1
EventType=4
ComputerName=DESKTOP-82HJBKD
User=NOT_TRANSLATED
Sid=S-1-5-18
SidType=0
SourceName=Microsoft-Windows-Sysmon
Type=Information
RecordNumber=9498
Keywords=None
TaskCategory=Sysmon config state changed
OpCode=Info
Message=Process Create:
RuleName: -
UtcTime: 2026-05-17 08:48:10.931
ProcessGuid: {951b9ce6-80ca-6a09-d40c-000000000800}
ProcessId: 1048
Image: C:\Program Files\Splunk\bin\splunk-powershell.exe
FileVersion: -
Description: -
Product: -
Company: -
OriginalFileName: -
CommandLine: "C:\Program Files\Splunk\bin\splunk-powershell.exe" --ps2
CurrentDirectory: C:\WINDOWS\system32\
User: NT AUTHORITY\SYSTEM
LogonGuid: {951b9ce6-7362-6a09-e703-000000000000}
LogonId: 0x3E7
TerminalSessionId: 0
IntegrityLevel: System
Hashes: SHA256=BAC42959A130084AFD25DEF2520AA63E58F466C472484A0FB011E51B1838D203
ParentProcessGuid: {951b9ce6-7366-6a09-4e00-000000000800}
ParentProcessId: 3560
ParentImage: C:\Program Files\Splunk\bin\splunkd.exe
ParentCommandLine: "C:\Program Files\Splunk\bin\splunkd.exe" service
ParentUser: NT AUTHORITY\SYSTEM
05/17/2026 02:33:10.180 PM
LogName=Microsoft-Windows-Sysmon/Operational
EventCode=1
EventType=4
ComputerName=DESKTOP-82HJBKD
User=NOT_TRANSLATED
Sid=S-1-5-18
SidType=0
SourceName=Microsoft-Windows-Sysmon
Type=Information
RecordNumber=9494
Keywords=None
TaskCategory=Sysmon config state changed
OpCode=Info
Message=Process Create:
RuleName: -
UtcTime: 2026-05-17 08:48:10.177
ProcessGuid: {951b9ce6-80ca-6a09-d20c-000000000800}
ProcessId: 6540
Image: C:\Program Files\Splunk\bin\splunk-powershell.exe
FileVersion: -
Description: -
Product: -
Company: -
OriginalFileName: -
CommandLine: "C:\Program Files\Splunk\bin\splunk-powershell.exe"
CurrentDirectory: C:\WINDOWS\system32\
User: NT AUTHORITY\SYSTEM
LogonGuid: {951b9ce6-7362-6a09-e703-000000000000}
LogonId: 0x3E7
TerminalSessionId: 0
IntegrityLevel: System
Hashes: SHA256=BAC42959A130084AFD25DEF2520AA63E58F466C472484A0FB011E51B1838D203
ParentProcessGuid: {951b9ce6-7366-6a09-4e00-000000000800}
ParentProcessId: 3560
ParentImage: C:\Program Files\Splunk\bin\splunkd.exe
ParentCommandLine: "C:\Program Files\Splunk\bin\splunkd.exe" service
ParentUser: NT AUTHORITY\SYSTEM
05/17/2026 02:32:10.896 PM
LogName=Microsoft-Windows-Sysmon/Operational
EventCode=1
EventType=4
ComputerName=DESKTOP-82HJBKD
User=NOT_TRANSLATED
Sid=S-1-5-18
SidType=0
SourceName=Microsoft-Windows-Sysmon
Type=Information
RecordNumber=9378
Keywords=None
TaskCategory=Sysmon config state changed
OpCode=Info
Message=Process Create:
RuleName: -
UtcTime: 2026-05-17 08:47:10.894
ProcessGuid: {951b9ce6-808e-6a09-980c-000000000800}
ProcessId: 4336
Image: C:\Program Files\Splunk\bin\splunk-powershell.exe
FileVersion: -
Description: -
Product: -
Company: -
OriginalFileName: -
CommandLine: "C:\Program Files\Splunk\bin\splunk-powershell.exe" --ps2
CurrentDirectory: C:\WINDOWS\system32\
User: NT AUTHORITY\SYSTEM
LogonGuid: {951b9ce6-7362-6a09-e703-000000000000}
LogonId: 0x3E7
TerminalSessionId: 0
IntegrityLevel: System
Hashes: SHA256=BAC42959A130084AFD25DEF2520AA63E58F466C472484A0FB011E51B1838D203
ParentProcessGuid: {951b9ce6-7366-6a09-4e00-000000000800}
ParentProcessId: 3560
ParentImage: C:\Program Files\Splunk\bin\splunkd.exe
ParentCommandLine: "C:\Program Files\Splunk\bin\splunkd.exe" service
ParentUser: NT AUTHORITY\SYSTEM
05/17/2026 02:32:10.177 PM
LogName=Microsoft-Windows-Sysmon/Operational
EventCode=1
EventType=4
ComputerName=DESKTOP-82HJBKD
User=NOT_TRANSLATED
Sid=S-1-5-18
SidType=0
SourceName=Microsoft-Windows-Sysmon
Type=Information
RecordNumber=9374
Keywords=None
TaskCategory=Sysmon config state changed
OpCode=Info
Message=Process Create:
RuleName: -
UtcTime: 2026-05-17 08:47:10.175
ProcessGuid: {951b9ce6-808e-6a09-960c-000000000800}
ProcessId: 5844
Image: C:\Program Files\Splunk\bin\splunk-powershell.exe
FileVersion: -
Description: -
Product: -
Company: -
OriginalFileName: -
CommandLine: "C:\Program Files\Splunk\bin\splunk-powershell.exe"
CurrentDirectory: C:\WINDOWS\system32\
User: NT AUTHORITY\SYSTEM
LogonGuid: {951b9ce6-7362-6a09-e703-000000000000}
LogonId: 0x3E7
TerminalSessionId: 0
IntegrityLevel: System
Hashes: SHA256=BAC42959A130084AFD25DEF2520AA63E58F466C472484A0FB011E51B1838D203
ParentProcessGuid: {951b9ce6-7366-6a09-4e00-000000000800}
ParentProcessId: 3560
ParentImage: C:\Program Files\Splunk\bin\splunkd.exe
ParentCommandLine: "C:\Program Files\Splunk\bin\splunkd.exe" service
ParentUser: NT AUTHORITY\SYSTEM
05/17/2026 02:31:10.931 PM
LogName=Microsoft-Windows-Sysmon/Operational
EventCode=1
EventType=4
ComputerName=DESKTOP-82HJBKD
User=NOT_TRANSLATED
Sid=S-1-5-18
SidType=0
SourceName=Microsoft-Windows-Sysmon
Type=Information
RecordNumber=9264
Keywords=None
TaskCategory=Sysmon config state changed
OpCode=Info
Message=Process Create:
RuleName: -
UtcTime: 2026-05-17 08:46:10.928
ProcessGuid: {951b9ce6-8052-6a09-5f0c-000000000800}
ProcessId: 592
Image: C:\Program Files\Splunk\bin\splunk-powershell.exe
FileVersion: -
Description: -
Product: -
Company: -
OriginalFileName: -
CommandLine: "C:\Program Files\Splunk\bin\splunk-powershell.exe" --ps2
CurrentDirectory: C:\WINDOWS\system32\
User: NT AUTHORITY\SYSTEM
LogonGuid: {951b9ce6-7362-6a09-e703-000000000000}
LogonId: 0x3E7
TerminalSessionId: 0
IntegrityLevel: System
Hashes: SHA256=BAC42959A130084AFD25DEF2520AA63E58F466C472484A0FB011E51B1838D203
ParentProcessGuid: {951b9ce6-7366-6a09-4e00-000000000800}
ParentProcessId: 3560
ParentImage: C:\Program Files\Splunk\bin\splunkd.exe
ParentCommandLine: "C:\Program Files\Splunk\bin\splunkd.exe" service
ParentUser: NT AUTHORITY\SYSTEM
05/17/2026 02:31:10.181 PM
LogName=Microsoft-Windows-Sysmon/Operational
EventCode=1
EventType=4
ComputerName=DESKTOP-82HJBKD
User=NOT_TRANSLATED
Sid=S-1-5-18
SidType=0
SourceName=Microsoft-Windows-Sysmon
Type=Information
RecordNumber=9259
Keywords=None
TaskCategory=Sysmon config state changed
OpCode=Info
Message=Process Create:
RuleName: -
UtcTime: 2026-05-17 08:46:10.177
ProcessGuid: {951b9ce6-8052-6a09-5d0c-000000000800}
ProcessId: 5488
Image: C:\Program Files\Splunk\bin\splunk-powershell.exe
FileVersion: -
Description: -
Product: -
Company: -
OriginalFileName: -
CommandLine: "C:\Program Files\Splunk\bin\splunk-powershell.exe"
CurrentDirectory: C:\WINDOWS\system32\
User: NT AUTHORITY\SYSTEM
LogonGuid: {951b9ce6-7362-6a09-e703-000000000000}
LogonId: 0x3E7
TerminalSessionId: 0
IntegrityLevel: System
Hashes: SHA256=BAC42959A130084AFD25DEF2520AA63E58F466C472484A0FB011E51B1838D203
ParentProcessGuid: {951b9ce6-7366-6a09-4e00-000000000800}
ParentProcessId: 3560
ParentImage: C:\Program Files\Splunk\bin\splunkd.exe
ParentCommandLine: "C:\Program Files\Splunk\bin\splunkd.exe" service
ParentUser: NT AUTHORITY\SYSTEM
05/17/2026 02:30:10.969 PM
LogName=Microsoft-Windows-Sysmon/Operational
EventCode=1
EventType=4
ComputerName=DESKTOP-82HJBKD
User=NOT_TRANSLATED
Sid=S-1-5-18
SidType=0
SourceName=Microsoft-Windows-Sysmon
Type=Information
RecordNumber=9126
Keywords=None
TaskCategory=Sysmon config state changed
OpCode=Info
Message=Process Create:
RuleName: -
UtcTime: 2026-05-17 08:45:10.967
ProcessGuid: {951b9ce6-8016-6a09-190c-000000000800}
ProcessId: 2372
Image: C:\Program Files\Splunk\bin\splunk-powershell.exe
FileVersion: -
Description: -
Product: -
Company: -
OriginalFileName: -
CommandLine: "C:\Program Files\Splunk\bin\splunk-powershell.exe" --ps2
CurrentDirectory: C:\WINDOWS\system32\
User: NT AUTHORITY\SYSTEM
LogonGuid: {951b9ce6-7362-6a09-e703-000000000000}
LogonId: 0x3E7
TerminalSessionId: 0
IntegrityLevel: System
Hashes: SHA256=BAC42959A130084AFD25DEF2520AA63E58F466C472484A0FB011E51B1838D203
ParentProcessGuid: {951b9ce6-7366-6a09-4e00-000000000800}
ParentProcessId: 3560
ParentImage: C:\Program Files\Splunk\bin\splunkd.exe
ParentCommandLine: "C:\Program Files\Splunk\bin\splunkd.exe" service
ParentUser: NT AUTHORITY\SYSTEM
05/17/2026 02:30:10.168 PM
LogName=Microsoft-Windows-Sysmon/Operational
EventCode=1
EventType=4
ComputerName=DESKTOP-82HJBKD
User=NOT_TRANSLATED
Sid=S-1-5-18
SidType=0
SourceName=Microsoft-Windows-Sysmon
Type=Information
RecordNumber=9124
Keywords=None
TaskCategory=Sysmon config state changed
OpCode=Info
Message=Process Create:
RuleName: -
UtcTime: 2026-05-17 08:45:10.166
ProcessGuid: {951b9ce6-8016-6a09-180c-000000000800}
ProcessId: 11036
Image: C:\Program Files\Splunk\bin\splunk-powershell.exe
FileVersion: -
Description: -
Product: -
Company: -
OriginalFileName: -
CommandLine: "C:\Program Files\Splunk\bin\splunk-powershell.exe"
CurrentDirectory: C:\WINDOWS\system32\
User: NT AUTHORITY\SYSTEM
LogonGuid: {951b9ce6-7362-6a09-e703-000000000000}
LogonId: 0x3E7
TerminalSessionId: 0
IntegrityLevel: System
Hashes: SHA256=BAC42959A130084AFD25DEF2520AA63E58F466C472484A0FB011E51B1838D203
ParentProcessGuid: {951b9ce6-7366-6a09-4e00-000000000800}
ParentProcessId: 3560
ParentImage: C:\Program Files\Splunk\bin\splunkd.exe
ParentCommandLine: "C:\Program Files\Splunk\bin\splunkd.exe" service
ParentUser: NT AUTHORITY\SYSTEM
05/17/2026 02:29:10.965 PM
LogName=Microsoft-Windows-Sysmon/Operational
EventCode=1
EventType=4
ComputerName=DESKTOP-82HJBKD
User=NOT_TRANSLATED
Sid=S-1-5-18
SidType=0
SourceName=Microsoft-Windows-Sysmon
Type=Information
RecordNumber=8994
Keywords=None
TaskCategory=Sysmon config state changed
OpCode=Info
Message=Process Create:
RuleName: -
UtcTime: 2026-05-17 08:44:10.963
ProcessGuid: {951b9ce6-7fda-6a09-d80b-000000000800}
ProcessId: 7736
Image: C:\Program Files\Splunk\bin\splunk-powershell.exe
FileVersion: -
Description: -
Product: -
Company: -
OriginalFileName: -
CommandLine: "C:\Program Files\Splunk\bin\splunk-powershell.exe" --ps2
CurrentDirectory: C:\WINDOWS\system32\
User: NT AUTHORITY\SYSTEM
LogonGuid: {951b9ce6-7362-6a09-e703-000000000000}
LogonId: 0x3E7
TerminalSessionId: 0
IntegrityLevel: System
Hashes: SHA256=BAC42959A130084AFD25DEF2520AA63E58F466C472484A0FB011E51B1838D203
ParentProcessGuid: {951b9ce6-7366-6a09-4e00-000000000800}
ParentProcessId: 3560
ParentImage: C:\Program Files\Splunk\bin\splunkd.exe
ParentCommandLine: "C:\Program Files\Splunk\bin\splunkd.exe" service
ParentUser: NT AUTHORITY\SYSTEM
05/17/2026 02:29:10.146 PM
LogName=Microsoft-Windows-Sysmon/Operational
EventCode=1
EventType=4
ComputerName=DESKTOP-82HJBKD
User=NOT_TRANSLATED
Sid=S-1-5-18
SidType=0
SourceName=Microsoft-Windows-Sysmon
Type=Information
RecordNumber=8990
Keywords=None
TaskCategory=Sysmon config state changed
OpCode=Info
Message=Process Create:
RuleName: -
UtcTime: 2026-05-17 08:44:10.143
ProcessGuid: {951b9ce6-7fda-6a09-d60b-000000000800}
ProcessId: 6576
Image: C:\Program Files\Splunk\bin\splunk-powershell.exe
FileVersion: -
Description: -
Product: -
Company: -
OriginalFileName: -
CommandLine: "C:\Program Files\Splunk\bin\splunk-powershell.exe"
CurrentDirectory: C:\WINDOWS\system32\
User: NT AUTHORITY\SYSTEM
LogonGuid: {951b9ce6-7362-6a09-e703-000000000000}
LogonId: 0x3E7
TerminalSessionId: 0
IntegrityLevel: System
Hashes: SHA256=BAC42959A130084AFD25DEF2520AA63E58F466C472484A0FB011E51B1838D203
ParentProcessGuid: {951b9ce6-7366-6a09-4e00-000000000800}
ParentProcessId: 3560
ParentImage: C:\Program Files\Splunk\bin\splunkd.exe
ParentCommandLine: "C:\Program Files\Splunk\bin\splunkd.exe" service
ParentUser: NT AUTHORITY\SYSTEM
05/17/2026 02:28:10.966 PM
LogName=Microsoft-Windows-Sysmon/Operational
EventCode=1
EventType=4
ComputerName=DESKTOP-82HJBKD
User=NOT_TRANSLATED
Sid=S-1-5-18
SidType=0
SourceName=Microsoft-Windows-Sysmon
Type=Information
RecordNumber=8872
Keywords=None
TaskCategory=Sysmon config state changed
OpCode=Info
Message=Process Create:
RuleName: -
UtcTime: 2026-05-17 08:43:10.964
ProcessGuid: {951b9ce6-7f9e-6a09-9c0b-000000000800}
ProcessId: 1732
Image: C:\Program Files\Splunk\bin\splunk-powershell.exe
FileVersion: -
Description: -
Product: -
Company: -
OriginalFileName: -
CommandLine: "C:\Program Files\Splunk\bin\splunk-powershell.exe" --ps2
CurrentDirectory: C:\WINDOWS\system32\
User: NT AUTHORITY\SYSTEM
LogonGuid: {951b9ce6-7362-6a09-e703-000000000000}
LogonId: 0x3E7
TerminalSessionId: 0
IntegrityLevel: System
Hashes: SHA256=BAC42959A130084AFD25DEF2520AA63E58F466C472484A0FB011E51B1838D203
ParentProcessGuid: {951b9ce6-7366-6a09-4e00-000000000800}
ParentProcessId: 3560
ParentImage: C:\Program Files\Splunk\bin\splunkd.exe
ParentCommandLine: "C:\Program Files\Splunk\bin\splunkd.exe" service
ParentUser: NT AUTHORITY\SYSTEM
05/17/2026 02:28:10.133 PM
LogName=Microsoft-Windows-Sysmon/Operational
EventCode=1
EventType=4
ComputerName=DESKTOP-82HJBKD
User=NOT_TRANSLATED
Sid=S-1-5-18
SidType=0
SourceName=Microsoft-Windows-Sysmon
Type=Information
RecordNumber=8870
Keywords=None
TaskCategory=Sysmon config state changed
OpCode=Info
Message=Process Create:
RuleName: -
UtcTime: 2026-05-17 08:43:10.130
ProcessGuid: {951b9ce6-7f9e-6a09-9b0b-000000000800}
ProcessId: 1336
Image: C:\Program Files\Splunk\bin\splunk-powershell.exe
FileVersion: -
Description: -
Product: -
Company: -
OriginalFileName: -
CommandLine: "C:\Program Files\Splunk\bin\splunk-powershell.exe"
CurrentDirectory: C:\WINDOWS\system32\
User: NT AUTHORITY\SYSTEM
LogonGuid: {951b9ce6-7362-6a09-e703-000000000000}
LogonId: 0x3E7
TerminalSessionId: 0
IntegrityLevel: System
Hashes: SHA256=BAC42959A130084AFD25DEF2520AA63E58F466C472484A0FB011E51B1838D203
ParentProcessGuid: {951b9ce6-7366-6a09-4e00-000000000800}
ParentProcessId: 3560
ParentImage: C:\Program Files\Splunk\bin\splunkd.exe
ParentCommandLine: "C:\Program Files\Splunk\bin\splunkd.exe" service
ParentUser: NT AUTHORITY\SYSTEM
05/17/2026 02:27:11.056 PM
LogName=Microsoft-Windows-Sysmon/Operational
EventCode=1
EventType=4
ComputerName=DESKTOP-82HJBKD
User=NOT_TRANSLATED
Sid=S-1-5-18
SidType=0
SourceName=Microsoft-Windows-Sysmon
Type=Information
RecordNumber=8747
Keywords=None
TaskCategory=Sysmon config state changed
OpCode=Info
Message=Process Create:
RuleName: -
UtcTime: 2026-05-17 08:42:11.054
ProcessGuid: {951b9ce6-7f63-6a09-5d0b-000000000800}
ProcessId: 7420
Image: C:\Program Files\Splunk\bin\splunk-powershell.exe
FileVersion: -
Description: -
Product: -
Company: -
OriginalFileName: -
CommandLine: "C:\Program Files\Splunk\bin\splunk-powershell.exe" --ps2
CurrentDirectory: C:\WINDOWS\system32\
User: NT AUTHORITY\SYSTEM
LogonGuid: {951b9ce6-7362-6a09-e703-000000000000}
LogonId: 0x3E7
TerminalSessionId: 0
IntegrityLevel: System
Hashes: SHA256=BAC42959A130084AFD25DEF2520AA63E58F466C472484A0FB011E51B1838D203
ParentProcessGuid: {951b9ce6-7366-6a09-4e00-000000000800}
ParentProcessId: 3560
ParentImage: C:\Program Files\Splunk\bin\splunkd.exe
ParentCommandLine: "C:\Program Files\Splunk\bin\splunkd.exe" service
ParentUser: NT AUTHORITY\SYSTEM
05/17/2026 02:27:10.133 PM
LogName=Microsoft-Windows-Sysmon/Operational
EventCode=1
EventType=4
ComputerName=DESKTOP-82HJBKD
User=NOT_TRANSLATED
Sid=S-1-5-18
SidType=0
SourceName=Microsoft-Windows-Sysmon
Type=Information
RecordNumber=8743
Keywords=None
TaskCategory=Sysmon config state changed
OpCode=Info
Message=Process Create:
RuleName: -
UtcTime: 2026-05-17 08:42:10.129
ProcessGuid: {951b9ce6-7f62-6a09-5b0b-000000000800}
ProcessId: 9056
Image: C:\Program Files\Splunk\bin\splunk-powershell.exe
FileVersion: -
Description: -
Product: -
Company: -
OriginalFileName: -
CommandLine: "C:\Program Files\Splunk\bin\splunk-powershell.exe"
CurrentDirectory: C:\WINDOWS\system32\
User: NT AUTHORITY\SYSTEM
LogonGuid: {951b9ce6-7362-6a09-e703-000000000000}
LogonId: 0x3E7
TerminalSessionId: 0
IntegrityLevel: System
Hashes: SHA256=BAC42959A130084AFD25DEF2520AA63E58F466C472484A0FB011E51B1838D203
ParentProcessGuid: {951b9ce6-7366-6a09-4e00-000000000800}
ParentProcessId: 3560
ParentImage: C:\Program Files\Splunk\bin\splunkd.exe
ParentCommandLine: "C:\Program Files\Splunk\bin\splunkd.exe" service
ParentUser: NT AUTHORITY\SYSTEM
05/17/2026 02:26:11.095 PM
LogName=Microsoft-Windows-Sysmon/Operational
EventCode=1
EventType=4
ComputerName=DESKTOP-82HJBKD
User=NOT_TRANSLATED
Sid=S-1-5-18
SidType=0
SourceName=Microsoft-Windows-Sysmon
Type=Information
RecordNumber=8615
Keywords=None
TaskCategory=Sysmon config state changed
OpCode=Info
Message=Process Create:
RuleName: -
UtcTime: 2026-05-17 08:41:11.093
ProcessGuid: {951b9ce6-7f27-6a09-1c0b-000000000800}
ProcessId: 1208
Image: C:\Program Files\Splunk\bin\splunk-powershell.exe
FileVersion: -
Description: -
Product: -
Company: -
OriginalFileName: -
CommandLine: "C:\Program Files\Splunk\bin\splunk-powershell.exe" --ps2
CurrentDirectory: C:\WINDOWS\system32\
User: NT AUTHORITY\SYSTEM
LogonGuid: {951b9ce6-7362-6a09-e703-000000000000}
LogonId: 0x3E7
TerminalSessionId: 0
IntegrityLevel: System
Hashes: SHA256=BAC42959A130084AFD25DEF2520AA63E58F466C472484A0FB011E51B1838D203
ParentProcessGuid: {951b9ce6-7366-6a09-4e00-000000000800}
ParentProcessId: 3560
ParentImage: C:\Program Files\Splunk\bin\splunkd.exe
ParentCommandLine: "C:\Program Files\Splunk\bin\splunkd.exe" service
ParentUser: NT AUTHORITY\SYSTEM
05/17/2026 02:26:10.120 PM
LogName=Microsoft-Windows-Sysmon/Operational
EventCode=1
EventType=4
ComputerName=DESKTOP-82HJBKD
User=NOT_TRANSLATED
Sid=S-1-5-18
SidType=0
SourceName=Microsoft-Windows-Sysmon
Type=Information
RecordNumber=8607
Keywords=None
TaskCategory=Sysmon config state changed
OpCode=Info
Message=Process Create:
RuleName: -
UtcTime: 2026-05-17 08:41:10.118
ProcessGuid: {951b9ce6-7f26-6a09-180b-000000000800}
ProcessId: 1656
Image: C:\Program Files\Splunk\bin\splunk-powershell.exe
FileVersion: -
Description: -
Product: -
Company: -
OriginalFileName: -
CommandLine: "C:\Program Files\Splunk\bin\splunk-powershell.exe"
CurrentDirectory: C:\WINDOWS\system32\
User: NT AUTHORITY\SYSTEM
LogonGuid: {951b9ce6-7362-6a09-e703-000000000000}
LogonId: 0x3E7
TerminalSessionId: 0
IntegrityLevel: System
Hashes: SHA256=BAC42959A130084AFD25DEF2520AA63E58F466C472484A0FB011E51B1838D203
ParentProcessGuid: {951b9ce6-7366-6a09-4e00-000000000800}
ParentProcessId: 3560
ParentImage: C:\Program Files\Splunk\bin\splunkd.exe
ParentCommandLine: "C:\Program Files\Splunk\bin\splunkd.exe" service
ParentUser: NT AUTHORITY\SYSTEM
05/17/2026 02:25:11.080 PM
LogName=Microsoft-Windows-Sysmon/Operational
EventCode=1
EventType=4
ComputerName=DESKTOP-82HJBKD
User=NOT_TRANSLATED
Sid=S-1-5-18
SidType=0
SourceName=Microsoft-Windows-Sysmon
Type=Information
RecordNumber=8480
Keywords=None
TaskCategory=Sysmon config state changed
OpCode=Info
Message=Process Create:
RuleName: -
UtcTime: 2026-05-17 08:40:11.078
ProcessGuid: {951b9ce6-7eeb-6a09-d90a-000000000800}
ProcessId: 4696
Image: C:\Program Files\Splunk\bin\splunk-powershell.exe
FileVersion: -
Description: -
Product: -
Company: -
OriginalFileName: -
CommandLine: "C:\Program Files\Splunk\bin\splunk-powershell.exe" --ps2
CurrentDirectory: C:\WINDOWS\system32\
User: NT AUTHORITY\SYSTEM
LogonGuid: {951b9ce6-7362-6a09-e703-000000000000}
LogonId: 0x3E7
TerminalSessionId: 0
IntegrityLevel: System
Hashes: SHA256=BAC42959A130084AFD25DEF2520AA63E58F466C472484A0FB011E51B1838D203
ParentProcessGuid: {951b9ce6-7366-6a09-4e00-000000000800}
ParentProcessId: 3560
ParentImage: C:\Program Files\Splunk\bin\splunkd.exe
ParentCommandLine: "C:\Program Files\Splunk\bin\splunkd.exe" service
ParentUser: NT AUTHORITY\SYSTEM
05/17/2026 02:25:10.110 PM
LogName=Microsoft-Windows-Sysmon/Operational
EventCode=1
EventType=4
ComputerName=DESKTOP-82HJBKD
User=NOT_TRANSLATED
Sid=S-1-5-18
SidType=0
SourceName=Microsoft-Windows-Sysmon
Type=Information
RecordNumber=8476
Keywords=None
TaskCategory=Sysmon config state changed
OpCode=Info
Message=Process Create:
RuleName: -
UtcTime: 2026-05-17 08:40:10.105
ProcessGuid: {951b9ce6-7eea-6a09-d70a-000000000800}
ProcessId: 3468
Image: C:\Program Files\Splunk\bin\splunk-powershell.exe
FileVersion: -
Description: -
Product: -
Company: -
OriginalFileName: -
CommandLine: "C:\Program Files\Splunk\bin\splunk-powershell.exe"
CurrentDirectory: C:\WINDOWS\system32\
User: NT AUTHORITY\SYSTEM
LogonGuid: {951b9ce6-7362-6a09-e703-000000000000}
LogonId: 0x3E7
TerminalSessionId: 0
IntegrityLevel: System
Hashes: SHA256=BAC42959A130084AFD25DEF2520AA63E58F466C472484A0FB011E51B1838D203
ParentProcessGuid: {951b9ce6-7366-6a09-4e00-000000000800}
ParentProcessId: 3560
ParentImage: C:\Program Files\Splunk\bin\splunkd.exe
ParentCommandLine: "C:\Program Files\Splunk\bin\splunkd.exe" service
ParentUser: NT AUTHORITY\SYSTEM
05/17/2026 02:24:11.091 PM
LogName=Microsoft-Windows-Sysmon/Operational
EventCode=1
EventType=4
ComputerName=DESKTOP-82HJBKD
User=NOT_TRANSLATED
Sid=S-1-5-18
SidType=0
SourceName=Microsoft-Windows-Sysmon
Type=Information
RecordNumber=8272
Keywords=None
TaskCategory=Sysmon config state changed
OpCode=Info
Message=Process Create:
RuleName: -
UtcTime: 2026-05-17 08:39:11.089
ProcessGuid: {951b9ce6-7eaf-6a09-6d0a-000000000800}
ProcessId: 9420
Image: C:\Program Files\Splunk\bin\splunk-powershell.exe
FileVersion: -
Description: -
Product: -
Company: -
OriginalFileName: -
CommandLine: "C:\Program Files\Splunk\bin\splunk-powershell.exe" --ps2
CurrentDirectory: C:\WINDOWS\system32\
User: NT AUTHORITY\SYSTEM
LogonGuid: {951b9ce6-7362-6a09-e703-000000000000}
LogonId: 0x3E7
TerminalSessionId: 0
IntegrityLevel: System
Hashes: SHA256=BAC42959A130084AFD25DEF2520AA63E58F466C472484A0FB011E51B1838D203
ParentProcessGuid: {951b9ce6-7366-6a09-4e00-000000000800}
ParentProcessId: 3560
ParentImage: C:\Program Files\Splunk\bin\splunkd.exe
ParentCommandLine: "C:\Program Files\Splunk\bin\splunkd.exe" service
ParentUser: NT AUTHORITY\SYSTEM
05/17/2026 02:24:10.098 PM
LogName=Microsoft-Windows-Sysmon/Operational
EventCode=1
EventType=4
ComputerName=DESKTOP-82HJBKD
User=NOT_TRANSLATED
Sid=S-1-5-18
SidType=0
SourceName=Microsoft-Windows-Sysmon
Type=Information
RecordNumber=8268
Keywords=None
TaskCategory=Sysmon config state changed
OpCode=Info
Message=Process Create:
RuleName: -
UtcTime: 2026-05-17 08:39:10.095
ProcessGuid: {951b9ce6-7eae-6a09-6b0a-000000000800}
ProcessId: 2940
Image: C:\Program Files\Splunk\bin\splunk-powershell.exe
FileVersion: -
Description: -
Product: -
Company: -
OriginalFileName: -
CommandLine: "C:\Program Files\Splunk\bin\splunk-powershell.exe"
CurrentDirectory: C:\WINDOWS\system32\
User: NT AUTHORITY\SYSTEM
LogonGuid: {951b9ce6-7362-6a09-e703-000000000000}
LogonId: 0x3E7
TerminalSessionId: 0
IntegrityLevel: System
Hashes: SHA256=BAC42959A130084AFD25DEF2520AA63E58F466C472484A0FB011E51B1838D203
ParentProcessGuid: {951b9ce6-7366-6a09-4e00-000000000800}
ParentProcessId: 3560
ParentImage: C:\Program Files\Splunk\bin\splunkd.exe
ParentCommandLine: "C:\Program Files\Splunk\bin\splunkd.exe" service
ParentUser: NT AUTHORITY\SYSTEM
05/17/2026 02:23:11.095 PM
LogName=Microsoft-Windows-Sysmon/Operational
EventCode=1
EventType=4
ComputerName=DESKTOP-82HJBKD
User=NOT_TRANSLATED
Sid=S-1-5-18
SidType=0
SourceName=Microsoft-Windows-Sysmon
Type=Information
RecordNumber=8120
Keywords=None
TaskCategory=Sysmon config state changed
OpCode=Info
Message=Process Create:
RuleName: -
UtcTime: 2026-05-17 08:38:11.092
ProcessGuid: {951b9ce6-7e73-6a09-200a-000000000800}
ProcessId: 3160
Image: C:\Program Files\Splunk\bin\splunk-powershell.exe
FileVersion: -
Description: -
Product: -
Company: -
OriginalFileName: -
CommandLine: "C:\Program Files\Splunk\bin\splunk-powershell.exe" --ps2
CurrentDirectory: C:\WINDOWS\system32\
User: NT AUTHORITY\SYSTEM
LogonGuid: {951b9ce6-7362-6a09-e703-000000000000}
LogonId: 0x3E7
TerminalSessionId: 0
IntegrityLevel: System
Hashes: SHA256=BAC42959A130084AFD25DEF2520AA63E58F466C472484A0FB011E51B1838D203
ParentProcessGuid: {951b9ce6-7366-6a09-4e00-000000000800}
ParentProcessId: 3560
ParentImage: C:\Program Files\Splunk\bin\splunkd.exe
ParentCommandLine: "C:\Program Files\Splunk\bin\splunkd.exe" service
ParentUser: NT AUTHORITY\SYSTEM
05/17/2026 02:23:10.097 PM
LogName=Microsoft-Windows-Sysmon/Operational
EventCode=1
EventType=4
ComputerName=DESKTOP-82HJBKD
User=NOT_TRANSLATED
Sid=S-1-5-18
SidType=0
SourceName=Microsoft-Windows-Sysmon
Type=Information
RecordNumber=8114
Keywords=None
TaskCategory=Sysmon config state changed
OpCode=Info
Message=Process Create:
RuleName: -
UtcTime: 2026-05-17 08:38:10.094
ProcessGuid: {951b9ce6-7e72-6a09-1d0a-000000000800}
ProcessId: 4836
Image: C:\Program Files\Splunk\bin\splunk-powershell.exe
FileVersion: -
Description: -
Product: -
Company: -
OriginalFileName: -
CommandLine: "C:\Program Files\Splunk\bin\splunk-powershell.exe"
CurrentDirectory: C:\WINDOWS\system32\
User: NT AUTHORITY\SYSTEM
LogonGuid: {951b9ce6-7362-6a09-e703-000000000000}
LogonId: 0x3E7
TerminalSessionId: 0
IntegrityLevel: System
Hashes: SHA256=BAC42959A130084AFD25DEF2520AA63E58F466C472484A0FB011E51B1838D203
ParentProcessGuid: {951b9ce6-7366-6a09-4e00-000000000800}
ParentProcessId: 3560
ParentImage: C:\Program Files\Splunk\bin\splunkd.exe
ParentCommandLine: "C:\Program Files\Splunk\bin\splunkd.exe" service
ParentUser: NT AUTHORITY\SYSTEM
05/17/2026 02:22:10.949 PM
LogName=Microsoft-Windows-Sysmon/Operational
EventCode=1
EventType=4
ComputerName=DESKTOP-82HJBKD
User=NOT_TRANSLATED
Sid=S-1-5-18
SidType=0
SourceName=Microsoft-Windows-Sysmon
Type=Information
RecordNumber=8011
Keywords=None
TaskCategory=Sysmon config state changed
OpCode=Info
Message=Process Create:
RuleName: -
UtcTime: 2026-05-17 08:37:10.947
ProcessGuid: {951b9ce6-7e36-6a09-e909-000000000800}
ProcessId: 6120
Image: C:\Program Files\Splunk\bin\splunk-powershell.exe
FileVersion: -
Description: -
Product: -
Company: -
OriginalFileName: -
CommandLine: "C:\Program Files\Splunk\bin\splunk-powershell.exe" --ps2
CurrentDirectory: C:\WINDOWS\system32\
User: NT AUTHORITY\SYSTEM
LogonGuid: {951b9ce6-7362-6a09-e703-000000000000}
LogonId: 0x3E7
TerminalSessionId: 0
IntegrityLevel: System
Hashes: SHA256=BAC42959A130084AFD25DEF2520AA63E58F466C472484A0FB011E51B1838D203
ParentProcessGuid: {951b9ce6-7366-6a09-4e00-000000000800}
ParentProcessId: 3560
ParentImage: C:\Program Files\Splunk\bin\splunkd.exe
ParentCommandLine: "C:\Program Files\Splunk\bin\splunkd.exe" service
ParentUser: NT AUTHORITY\SYSTEM
05/17/2026 02:22:10.083 PM
LogName=Microsoft-Windows-Sysmon/Operational
EventCode=1
EventType=4
ComputerName=DESKTOP-82HJBKD
User=NOT_TRANSLATED
Sid=S-1-5-18
SidType=0
SourceName=Microsoft-Windows-Sysmon
Type=Information
RecordNumber=8009
Keywords=None
TaskCategory=Sysmon config state changed
OpCode=Info
Message=Process Create:
RuleName: -
UtcTime: 2026-05-17 08:37:10.081
ProcessGuid: {951b9ce6-7e36-6a09-e809-000000000800}
ProcessId: 4168
Image: C:\Program Files\Splunk\bin\splunk-powershell.exe
FileVersion: -
Description: -
Product: -
Company: -
OriginalFileName: -
CommandLine: "C:\Program Files\Splunk\bin\splunk-powershell.exe"
CurrentDirectory: C:\WINDOWS\system32\
User: NT AUTHORITY\SYSTEM
LogonGuid: {951b9ce6-7362-6a09-e703-000000000000}
LogonId: 0x3E7
TerminalSessionId: 0
IntegrityLevel: System
Hashes: SHA256=BAC42959A130084AFD25DEF2520AA63E58F466C472484A0FB011E51B1838D203
ParentProcessGuid: {951b9ce6-7366-6a09-4e00-000000000800}
ParentProcessId: 3560
ParentImage: C:\Program Files\Splunk\bin\splunkd.exe
ParentCommandLine: "C:\Program Files\Splunk\bin\splunkd.exe" service
ParentUser: NT AUTHORITY\SYSTEM
05/17/2026 02:21:10.982 PM
LogName=Microsoft-Windows-Sysmon/Operational
EventCode=1
EventType=4
ComputerName=DESKTOP-82HJBKD
User=NOT_TRANSLATED
Sid=S-1-5-18
SidType=0
SourceName=Microsoft-Windows-Sysmon
Type=Information
RecordNumber=7902
Keywords=None
TaskCategory=Sysmon config state changed
OpCode=Info
Message=Process Create:
RuleName: -
UtcTime: 2026-05-17 08:36:10.979
ProcessGuid: {951b9ce6-7dfa-6a09-b309-000000000800}
ProcessId: 10736
Image: C:\Program Files\Splunk\bin\splunk-powershell.exe
FileVersion: -
Description: -
Product: -
Company: -
OriginalFileName: -
CommandLine: "C:\Program Files\Splunk\bin\splunk-powershell.exe" --ps2
CurrentDirectory: C:\WINDOWS\system32\
User: NT AUTHORITY\SYSTEM
LogonGuid: {951b9ce6-7362-6a09-e703-000000000000}
LogonId: 0x3E7
TerminalSessionId: 0
IntegrityLevel: System
Hashes: SHA256=BAC42959A130084AFD25DEF2520AA63E58F466C472484A0FB011E51B1838D203
ParentProcessGuid: {951b9ce6-7366-6a09-4e00-000000000800}
ParentProcessId: 3560
ParentImage: C:\Program Files\Splunk\bin\splunkd.exe
ParentCommandLine: "C:\Program Files\Splunk\bin\splunkd.exe" service
ParentUser: NT AUTHORITY\SYSTEM
05/17/2026 02:21:10.068 PM
LogName=Microsoft-Windows-Sysmon/Operational
EventCode=1
EventType=4
ComputerName=DESKTOP-82HJBKD
User=NOT_TRANSLATED
Sid=S-1-5-18
SidType=0
SourceName=Microsoft-Windows-Sysmon
Type=Information
RecordNumber=7900
Keywords=None
TaskCategory=Sysmon config state changed
OpCode=Info
Message=Process Create:
RuleName: -
UtcTime: 2026-05-17 08:36:10.066
ProcessGuid: {951b9ce6-7dfa-6a09-b209-000000000800}
ProcessId: 10520
Image: C:\Program Files\Splunk\bin\splunk-powershell.exe
FileVersion: -
Description: -
Product: -
Company: -
OriginalFileName: -
CommandLine: "C:\Program Files\Splunk\bin\splunk-powershell.exe"
CurrentDirectory: C:\WINDOWS\system32\
User: NT AUTHORITY\SYSTEM
LogonGuid: {951b9ce6-7362-6a09-e703-000000000000}
LogonId: 0x3E7
TerminalSessionId: 0
IntegrityLevel: System
Hashes: SHA256=BAC42959A130084AFD25DEF2520AA63E58F466C472484A0FB011E51B1838D203
ParentProcessGuid: {951b9ce6-7366-6a09-4e00-000000000800}
ParentProcessId: 3560
ParentImage: C:\Program Files\Splunk\bin\splunkd.exe
ParentCommandLine: "C:\Program Files\Splunk\bin\splunkd.exe" service
ParentUser: NT AUTHORITY\SYSTEM
05/17/2026 02:20:10.975 PM
LogName=Microsoft-Windows-Sysmon/Operational
EventCode=1
EventType=4
ComputerName=DESKTOP-82HJBKD
User=NOT_TRANSLATED
Sid=S-1-5-18
SidType=0
SourceName=Microsoft-Windows-Sysmon
Type=Information
RecordNumber=7788
Keywords=None
TaskCategory=Sysmon config state changed
OpCode=Info
Message=Process Create:
RuleName: -
UtcTime: 2026-05-17 08:35:10.973
ProcessGuid: {951b9ce6-7dbe-6a09-7a09-000000000800}
ProcessId: 6524
Image: C:\Program Files\Splunk\bin\splunk-powershell.exe
FileVersion: -
Description: -
Product: -
Company: -
OriginalFileName: -
CommandLine: "C:\Program Files\Splunk\bin\splunk-powershell.exe" --ps2
CurrentDirectory: C:\WINDOWS\system32\
User: NT AUTHORITY\SYSTEM
LogonGuid: {951b9ce6-7362-6a09-e703-000000000000}
LogonId: 0x3E7
TerminalSessionId: 0
IntegrityLevel: System
Hashes: SHA256=BAC42959A130084AFD25DEF2520AA63E58F466C472484A0FB011E51B1838D203
ParentProcessGuid: {951b9ce6-7366-6a09-4e00-000000000800}
ParentProcessId: 3560
ParentImage: C:\Program Files\Splunk\bin\splunkd.exe
ParentCommandLine: "C:\Program Files\Splunk\bin\splunkd.exe" service
ParentUser: NT AUTHORITY\SYSTEM
05/17/2026 02:20:10.065 PM
LogName=Microsoft-Windows-Sysmon/Operational
EventCode=1
EventType=4
ComputerName=DESKTOP-82HJBKD
User=NOT_TRANSLATED
Sid=S-1-5-18
SidType=0
SourceName=Microsoft-Windows-Sysmon
Type=Information
RecordNumber=7783
Keywords=None
TaskCategory=Sysmon config state changed
OpCode=Info
Message=Process Create:
RuleName: -
UtcTime: 2026-05-17 08:35:10.063
ProcessGuid: {951b9ce6-7dbe-6a09-7809-000000000800}
ProcessId: 7932
Image: C:\Program Files\Splunk\bin\splunk-powershell.exe
FileVersion: -
Description: -
Product: -
Company: -
OriginalFileName: -
CommandLine: "C:\Program Files\Splunk\bin\splunk-powershell.exe"
CurrentDirectory: C:\WINDOWS\system32\
User: NT AUTHORITY\SYSTEM
LogonGuid: {951b9ce6-7362-6a09-e703-000000000000}
LogonId: 0x3E7
TerminalSessionId: 0
IntegrityLevel: System
Hashes: SHA256=BAC42959A130084AFD25DEF2520AA63E58F466C472484A0FB011E51B1838D203
ParentProcessGuid: {951b9ce6-7366-6a09-4e00-000000000800}
ParentProcessId: 3560
ParentImage: C:\Program Files\Splunk\bin\splunkd.exe
ParentCommandLine: "C:\Program Files\Splunk\bin\splunkd.exe" service
ParentUser: NT AUTHORITY\SYSTEM
05/17/2026 02:19:11.155 PM
LogName=Microsoft-Windows-Sysmon/Operational
EventCode=1
EventType=4
ComputerName=DESKTOP-82HJBKD
User=NOT_TRANSLATED
Sid=S-1-5-18
SidType=0
SourceName=Microsoft-Windows-Sysmon
Type=Information
RecordNumber=7670
Keywords=None
TaskCategory=Sysmon config state changed
OpCode=Info
Message=Process Create:
RuleName: -
UtcTime: 2026-05-17 08:34:11.154
ProcessGuid: {951b9ce6-7d83-6a09-4109-000000000800}
ProcessId: 7768
Image: C:\Program Files\Splunk\bin\splunk-powershell.exe
FileVersion: -
Description: -
Product: -
Company: -
OriginalFileName: -
CommandLine: "C:\Program Files\Splunk\bin\splunk-powershell.exe" --ps2
CurrentDirectory: C:\WINDOWS\system32\
User: NT AUTHORITY\SYSTEM
LogonGuid: {951b9ce6-7362-6a09-e703-000000000000}
LogonId: 0x3E7
TerminalSessionId: 0
IntegrityLevel: System
Hashes: SHA256=BAC42959A130084AFD25DEF2520AA63E58F466C472484A0FB011E51B1838D203
ParentProcessGuid: {951b9ce6-7366-6a09-4e00-000000000800}
ParentProcessId: 3560
ParentImage: C:\Program Files\Splunk\bin\splunkd.exe
ParentCommandLine: "C:\Program Files\Splunk\bin\splunkd.exe" service
ParentUser: NT AUTHORITY\SYSTEM
05/17/2026 02:19:10.051 PM
LogName=Microsoft-Windows-Sysmon/Operational
EventCode=1
EventType=4
ComputerName=DESKTOP-82HJBKD
User=NOT_TRANSLATED
Sid=S-1-5-18
SidType=0
SourceName=Microsoft-Windows-Sysmon
Type=Information
RecordNumber=7666
Keywords=None
TaskCategory=Sysmon config state changed
OpCode=Info
Message=Process Create:
RuleName: -
UtcTime: 2026-05-17 08:34:10.049
ProcessGuid: {951b9ce6-7d82-6a09-3f09-000000000800}
ProcessId: 1948
Image: C:\Program Files\Splunk\bin\splunk-powershell.exe
FileVersion: -
Description: -
Product: -
Company: -
OriginalFileName: -
CommandLine: "C:\Program Files\Splunk\bin\splunk-powershell.exe"
CurrentDirectory: C:\WINDOWS\system32\
User: NT AUTHORITY\SYSTEM
LogonGuid: {951b9ce6-7362-6a09-e703-000000000000}
LogonId: 0x3E7
TerminalSessionId: 0
IntegrityLevel: System
Hashes: SHA256=BAC42959A130084AFD25DEF2520AA63E58F466C472484A0FB011E51B1838D203
ParentProcessGuid: {951b9ce6-7366-6a09-4e00-000000000800}
ParentProcessId: 3560
ParentImage: C:\Program Files\Splunk\bin\splunkd.exe
ParentCommandLine: "C:\Program Files\Splunk\bin\splunkd.exe" service
ParentUser: NT AUTHORITY\SYSTEM
05/17/2026 02:18:10.969 PM
LogName=Microsoft-Windows-Sysmon/Operational
EventCode=1
EventType=4
ComputerName=DESKTOP-82HJBKD
User=NOT_TRANSLATED
Sid=S-1-5-18
SidType=0
SourceName=Microsoft-Windows-Sysmon
Type=Information
RecordNumber=7535
Keywords=None
TaskCategory=Sysmon config state changed
OpCode=Info
Message=Process Create:
RuleName: -
UtcTime: 2026-05-17 08:33:10.967
ProcessGuid: {951b9ce6-7d46-6a09-fd08-000000000800}
ProcessId: 4364
Image: C:\Program Files\Splunk\bin\splunk-powershell.exe
FileVersion: -
Description: -
Product: -
Company: -
OriginalFileName: -
CommandLine: "C:\Program Files\Splunk\bin\splunk-powershell.exe" --ps2
CurrentDirectory: C:\WINDOWS\system32\
User: NT AUTHORITY\SYSTEM
LogonGuid: {951b9ce6-7362-6a09-e703-000000000000}
LogonId: 0x3E7
TerminalSessionId: 0
IntegrityLevel: System
Hashes: SHA256=BAC42959A130084AFD25DEF2520AA63E58F466C472484A0FB011E51B1838D203
ParentProcessGuid: {951b9ce6-7366-6a09-4e00-000000000800}
ParentProcessId: 3560
ParentImage: C:\Program Files\Splunk\bin\splunkd.exe
ParentCommandLine: "C:\Program Files\Splunk\bin\splunkd.exe" service
ParentUser: NT AUTHORITY\SYSTEM
05/17/2026 02:18:10.047 PM
LogName=Microsoft-Windows-Sysmon/Operational
EventCode=1
EventType=4
ComputerName=DESKTOP-82HJBKD
User=NOT_TRANSLATED
Sid=S-1-5-18
SidType=0
SourceName=Microsoft-Windows-Sysmon
Type=Information
RecordNumber=7527
Keywords=None
TaskCategory=Sysmon config state changed
OpCode=Info
Message=Process Create:
RuleName: -
UtcTime: 2026-05-17 08:33:10.043
ProcessGuid: {951b9ce6-7d46-6a09-f908-000000000800}
ProcessId: 1896
Image: C:\Program Files\Splunk\bin\splunk-powershell.exe
FileVersion: -
Description: -
Product: -
Company: -
OriginalFileName: -
CommandLine: "C:\Program Files\Splunk\bin\splunk-powershell.exe"
CurrentDirectory: C:\WINDOWS\system32\
User: NT AUTHORITY\SYSTEM
LogonGuid: {951b9ce6-7362-6a09-e703-000000000000}
LogonId: 0x3E7
TerminalSessionId: 0
IntegrityLevel: System
Hashes: SHA256=BAC42959A130084AFD25DEF2520AA63E58F466C472484A0FB011E51B1838D203
ParentProcessGuid: {951b9ce6-7366-6a09-4e00-000000000800}
ParentProcessId: 3560
ParentImage: C:\Program Files\Splunk\bin\splunkd.exe
ParentCommandLine: "C:\Program Files\Splunk\bin\splunkd.exe" service
ParentUser: NT AUTHORITY\SYSTEM
05/17/2026 02:17:10.952 PM
LogName=Microsoft-Windows-Sysmon/Operational
EventCode=1
EventType=4
ComputerName=DESKTOP-82HJBKD
User=NOT_TRANSLATED
Sid=S-1-5-18
SidType=0
SourceName=Microsoft-Windows-Sysmon
Type=Information
RecordNumber=7422
Keywords=None
TaskCategory=Sysmon config state changed
OpCode=Info
Message=Process Create:
RuleName: -
UtcTime: 2026-05-17 08:32:10.950
ProcessGuid: {951b9ce6-7d0a-6a09-c508-000000000800}
ProcessId: 7744
Image: C:\Program Files\Splunk\bin\splunk-powershell.exe
FileVersion: -
Description: -
Product: -
Company: -
OriginalFileName: -
CommandLine: "C:\Program Files\Splunk\bin\splunk-powershell.exe" --ps2
CurrentDirectory: C:\WINDOWS\system32\
User: NT AUTHORITY\SYSTEM
LogonGuid: {951b9ce6-7362-6a09-e703-000000000000}
LogonId: 0x3E7
TerminalSessionId: 0
IntegrityLevel: System
Hashes: SHA256=BAC42959A130084AFD25DEF2520AA63E58F466C472484A0FB011E51B1838D203
ParentProcessGuid: {951b9ce6-7366-6a09-4e00-000000000800}
ParentProcessId: 3560
ParentImage: C:\Program Files\Splunk\bin\splunkd.exe
ParentCommandLine: "C:\Program Files\Splunk\bin\splunkd.exe" service
ParentUser: NT AUTHORITY\SYSTEM
05/17/2026 02:17:10.042 PM
LogName=Microsoft-Windows-Sysmon/Operational
EventCode=1
EventType=4
ComputerName=DESKTOP-82HJBKD
User=NOT_TRANSLATED
Sid=S-1-5-18
SidType=0
SourceName=Microsoft-Windows-Sysmon
Type=Information
RecordNumber=7418
Keywords=None
TaskCategory=Sysmon config state changed
OpCode=Info
Message=Process Create:
RuleName: -
UtcTime: 2026-05-17 08:32:10.040
ProcessGuid: {951b9ce6-7d0a-6a09-c308-000000000800}
ProcessId: 2304
Image: C:\Program Files\Splunk\bin\splunk-powershell.exe
FileVersion: -
Description: -
Product: -
Company: -
OriginalFileName: -
CommandLine: "C:\Program Files\Splunk\bin\splunk-powershell.exe"
CurrentDirectory: C:\WINDOWS\system32\
User: NT AUTHORITY\SYSTEM
LogonGuid: {951b9ce6-7362-6a09-e703-000000000000}
LogonId: 0x3E7
TerminalSessionId: 0
IntegrityLevel: System
Hashes: SHA256=BAC42959A130084AFD25DEF2520AA63E58F466C472484A0FB011E51B1838D203
ParentProcessGuid: {951b9ce6-7366-6a09-4e00-000000000800}
ParentProcessId: 3560
ParentImage: C:\Program Files\Splunk\bin\splunkd.exe
ParentCommandLine: "C:\Program Files\Splunk\bin\splunkd.exe" service
ParentUser: NT AUTHORITY\SYSTEM
05/17/2026 02:16:11.039 PM
LogName=Microsoft-Windows-Sysmon/Operational
EventCode=1
EventType=4
ComputerName=DESKTOP-82HJBKD
User=NOT_TRANSLATED
Sid=S-1-5-18
SidType=0
SourceName=Microsoft-Windows-Sysmon
Type=Information
RecordNumber=7286
Keywords=None
TaskCategory=Sysmon config state changed
OpCode=Info
Message=Process Create:
RuleName: -
UtcTime: 2026-05-17 08:31:11.037
ProcessGuid: {951b9ce6-7ccf-6a09-7f08-000000000800}
ProcessId: 8000
Image: C:\Program Files\Splunk\bin\splunk-powershell.exe
FileVersion: -
Description: -
Product: -
Company: -
OriginalFileName: -
CommandLine: "C:\Program Files\Splunk\bin\splunk-powershell.exe" --ps2
CurrentDirectory: C:\WINDOWS\system32\
User: NT AUTHORITY\SYSTEM
LogonGuid: {951b9ce6-7362-6a09-e703-000000000000}
LogonId: 0x3E7
TerminalSessionId: 0
IntegrityLevel: System
Hashes: SHA256=BAC42959A130084AFD25DEF2520AA63E58F466C472484A0FB011E51B1838D203
ParentProcessGuid: {951b9ce6-7366-6a09-4e00-000000000800}
ParentProcessId: 3560
ParentImage: C:\Program Files\Splunk\bin\splunkd.exe
ParentCommandLine: "C:\Program Files\Splunk\bin\splunkd.exe" service
ParentUser: NT AUTHORITY\SYSTEM
05/17/2026 02:16:10.038 PM
LogName=Microsoft-Windows-Sysmon/Operational
EventCode=1
EventType=4
ComputerName=DESKTOP-82HJBKD
User=NOT_TRANSLATED
Sid=S-1-5-18
SidType=0
SourceName=Microsoft-Windows-Sysmon
Type=Information
RecordNumber=7282
Keywords=None
TaskCategory=Sysmon config state changed
OpCode=Info
Message=Process Create:
RuleName: -
UtcTime: 2026-05-17 08:31:10.036
ProcessGuid: {951b9ce6-7cce-6a09-7d08-000000000800}
ProcessId: 9800
Image: C:\Program Files\Splunk\bin\splunk-powershell.exe
FileVersion: -
Description: -
Product: -
Company: -
OriginalFileName: -
CommandLine: "C:\Program Files\Splunk\bin\splunk-powershell.exe"
CurrentDirectory: C:\WINDOWS\system32\
User: NT AUTHORITY\SYSTEM
LogonGuid: {951b9ce6-7362-6a09-e703-000000000000}
LogonId: 0x3E7
TerminalSessionId: 0
IntegrityLevel: System
Hashes: SHA256=BAC42959A130084AFD25DEF2520AA63E58F466C472484A0FB011E51B1838D203
ParentProcessGuid: {951b9ce6-7366-6a09-4e00-000000000800}
ParentProcessId: 3560
ParentImage: C:\Program Files\Splunk\bin\splunkd.exe
ParentCommandLine: "C:\Program Files\Splunk\bin\splunkd.exe" service
ParentUser: NT AUTHORITY\SYSTEM
05/17/2026 02:15:11.064 PM
LogName=Microsoft-Windows-Sysmon/Operational
EventCode=1
EventType=4
ComputerName=DESKTOP-82HJBKD
User=NOT_TRANSLATED
Sid=S-1-5-18
SidType=0
SourceName=Microsoft-Windows-Sysmon
Type=Information
RecordNumber=7168
Keywords=None
TaskCategory=Sysmon config state changed
OpCode=Info
Message=Process Create:
RuleName: -
UtcTime: 2026-05-17 08:30:11.062
ProcessGuid: {951b9ce6-7c93-6a09-4308-000000000800}
ProcessId: 1164
Image: C:\Program Files\Splunk\bin\splunk-powershell.exe
FileVersion: -
Description: -
Product: -
Company: -
OriginalFileName: -
CommandLine: "C:\Program Files\Splunk\bin\splunk-powershell.exe" --ps2
CurrentDirectory: C:\WINDOWS\system32\
User: NT AUTHORITY\SYSTEM
LogonGuid: {951b9ce6-7362-6a09-e703-000000000000}
LogonId: 0x3E7
TerminalSessionId: 0
IntegrityLevel: System
Hashes: SHA256=BAC42959A130084AFD25DEF2520AA63E58F466C472484A0FB011E51B1838D203
ParentProcessGuid: {951b9ce6-7366-6a09-4e00-000000000800}
ParentProcessId: 3560
ParentImage: C:\Program Files\Splunk\bin\splunkd.exe
ParentCommandLine: "C:\Program Files\Splunk\bin\splunkd.exe" service
ParentUser: NT AUTHORITY\SYSTEM
05/17/2026 02:15:10.029 PM
LogName=Microsoft-Windows-Sysmon/Operational
EventCode=1
EventType=4
ComputerName=DESKTOP-82HJBKD
User=NOT_TRANSLATED
Sid=S-1-5-18
SidType=0
SourceName=Microsoft-Windows-Sysmon
Type=Information
RecordNumber=7164
Keywords=None
TaskCategory=Sysmon config state changed
OpCode=Info
Message=Process Create:
RuleName: -
UtcTime: 2026-05-17 08:30:10.025
ProcessGuid: {951b9ce6-7c92-6a09-4108-000000000800}
ProcessId: 1168
Image: C:\Program Files\Splunk\bin\splunk-powershell.exe
FileVersion: -
Description: -
Product: -
Company: -
OriginalFileName: -
CommandLine: "C:\Program Files\Splunk\bin\splunk-powershell.exe"
CurrentDirectory: C:\WINDOWS\system32\
User: NT AUTHORITY\SYSTEM
LogonGuid: {951b9ce6-7362-6a09-e703-000000000000}
LogonId: 0x3E7
TerminalSessionId: 0
IntegrityLevel: System
Hashes: SHA256=BAC42959A130084AFD25DEF2520AA63E58F466C472484A0FB011E51B1838D203
ParentProcessGuid: {951b9ce6-7366-6a09-4e00-000000000800}
ParentProcessId: 3560
ParentImage: C:\Program Files\Splunk\bin\splunkd.exe
ParentCommandLine: "C:\Program Files\Splunk\bin\splunkd.exe" service
ParentUser: NT AUTHORITY\SYSTEM
05/17/2026 02:14:11.029 PM
LogName=Microsoft-Windows-Sysmon/Operational
EventCode=1
EventType=4
ComputerName=DESKTOP-82HJBKD
User=NOT_TRANSLATED
Sid=S-1-5-18
SidType=0
SourceName=Microsoft-Windows-Sysmon
Type=Information
RecordNumber=7044
Keywords=None
TaskCategory=Sysmon config state changed
OpCode=Info
Message=Process Create:
RuleName: -
UtcTime: 2026-05-17 08:29:11.027
ProcessGuid: {951b9ce6-7c57-6a09-0508-000000000800}
ProcessId: 9088
Image: C:\Program Files\Splunk\bin\splunk-powershell.exe
FileVersion: -
Description: -
Product: -
Company: -
OriginalFileName: -
CommandLine: "C:\Program Files\Splunk\bin\splunk-powershell.exe" --ps2
CurrentDirectory: C:\WINDOWS\system32\
User: NT AUTHORITY\SYSTEM
LogonGuid: {951b9ce6-7362-6a09-e703-000000000000}
LogonId: 0x3E7
TerminalSessionId: 0
IntegrityLevel: System
Hashes: SHA256=BAC42959A130084AFD25DEF2520AA63E58F466C472484A0FB011E51B1838D203
ParentProcessGuid: {951b9ce6-7366-6a09-4e00-000000000800}
ParentProcessId: 3560
ParentImage: C:\Program Files\Splunk\bin\splunkd.exe
ParentCommandLine: "C:\Program Files\Splunk\bin\splunkd.exe" service
ParentUser: NT AUTHORITY\SYSTEM
