05/20/2026 03:08:01.614 PM
LogName=Microsoft-Windows-Sysmon/Operational
EventCode=1
EventType=4
ComputerName=DESKTOP-82HJBKD
User=NOT_TRANSLATED
Sid=S-1-5-18
SidType=0
SourceName=Microsoft-Windows-Sysmon
Type=Information
RecordNumber=22529
Keywords=None
TaskCategory=File created (rule: FileCreate)
OpCode=Info
Message=Process Create:
RuleName: -
UtcTime: 2026-05-20 09:23:01.611
ProcessGuid: {951b9ce6-7d75-6a0d-2e0e-000000000b00}
ProcessId: 7356
Image: C:\Program Files\Splunk\bin\splunk-powershell.exe
FileVersion: -
Description: -
Product: -
Company: -
OriginalFileName: -
CommandLine: "C:\Program Files\Splunk\bin\splunk-powershell.exe" --ps2
CurrentDirectory: C:\WINDOWS\system32\
User: NT AUTHORITY\SYSTEM
LogonGuid: {951b9ce6-713d-6a0d-e703-000000000000}
LogonId: 0x3E7
TerminalSessionId: 0
IntegrityLevel: System
Hashes: MD5=09786E423871374ADDE99874569B1D83,SHA256=BAC42959A130084AFD25DEF2520AA63E58F466C472484A0FB011E51B1838D203,IMPHASH=95FBEA9323F5EA405C7BE38624B06950
ParentProcessGuid: {951b9ce6-7142-6a0d-4a00-000000000b00}
ParentProcessId: 3848
ParentImage: C:\Program Files\Splunk\bin\splunkd.exe
ParentCommandLine: "C:\Program Files\Splunk\bin\splunkd.exe" service
ParentUser: NT AUTHORITY\SYSTEM
05/20/2026 03:08:01.224 PM
LogName=Microsoft-Windows-Sysmon/Operational
EventCode=1
EventType=4
ComputerName=DESKTOP-82HJBKD
User=NOT_TRANSLATED
Sid=S-1-5-18
SidType=0
SourceName=Microsoft-Windows-Sysmon
Type=Information
RecordNumber=22527
Keywords=None
TaskCategory=File created (rule: FileCreate)
OpCode=Info
Message=Process Create:
RuleName: -
UtcTime: 2026-05-20 09:23:01.220
ProcessGuid: {951b9ce6-7d75-6a0d-2c0e-000000000b00}
ProcessId: 2404
Image: C:\Program Files\Splunk\bin\splunk-powershell.exe
FileVersion: -
Description: -
Product: -
Company: -
OriginalFileName: -
CommandLine: "C:\Program Files\Splunk\bin\splunk-powershell.exe"
CurrentDirectory: C:\WINDOWS\system32\
User: NT AUTHORITY\SYSTEM
LogonGuid: {951b9ce6-713d-6a0d-e703-000000000000}
LogonId: 0x3E7
TerminalSessionId: 0
IntegrityLevel: System
Hashes: MD5=09786E423871374ADDE99874569B1D83,SHA256=BAC42959A130084AFD25DEF2520AA63E58F466C472484A0FB011E51B1838D203,IMPHASH=95FBEA9323F5EA405C7BE38624B06950
ParentProcessGuid: {951b9ce6-7142-6a0d-4a00-000000000b00}
ParentProcessId: 3848
ParentImage: C:\Program Files\Splunk\bin\splunkd.exe
ParentCommandLine: "C:\Program Files\Splunk\bin\splunkd.exe" service
ParentUser: NT AUTHORITY\SYSTEM
05/20/2026 03:07:01.319 PM
LogName=Microsoft-Windows-Sysmon/Operational
EventCode=1
EventType=4
ComputerName=DESKTOP-82HJBKD
User=NOT_TRANSLATED
Sid=S-1-5-18
SidType=0
SourceName=Microsoft-Windows-Sysmon
Type=Information
RecordNumber=22473
Keywords=None
TaskCategory=File created (rule: FileCreate)
OpCode=Info
Message=Process Create:
RuleName: -
UtcTime: 2026-05-20 09:22:01.318
ProcessGuid: {951b9ce6-7d39-6a0d-f70d-000000000b00}
ProcessId: 1428
Image: C:\Program Files\Splunk\bin\splunk-powershell.exe
FileVersion: -
Description: -
Product: -
Company: -
OriginalFileName: -
CommandLine: "C:\Program Files\Splunk\bin\splunk-powershell.exe" --ps2
CurrentDirectory: C:\WINDOWS\system32\
User: NT AUTHORITY\SYSTEM
LogonGuid: {951b9ce6-713d-6a0d-e703-000000000000}
LogonId: 0x3E7
TerminalSessionId: 0
IntegrityLevel: System
Hashes: MD5=09786E423871374ADDE99874569B1D83,SHA256=BAC42959A130084AFD25DEF2520AA63E58F466C472484A0FB011E51B1838D203,IMPHASH=95FBEA9323F5EA405C7BE38624B06950
ParentProcessGuid: {951b9ce6-7142-6a0d-4a00-000000000b00}
ParentProcessId: 3848
ParentImage: C:\Program Files\Splunk\bin\splunkd.exe
ParentCommandLine: "C:\Program Files\Splunk\bin\splunkd.exe" service
ParentUser: NT AUTHORITY\SYSTEM
05/20/2026 03:07:01.195 PM
LogName=Microsoft-Windows-Sysmon/Operational
EventCode=1
EventType=4
ComputerName=DESKTOP-82HJBKD
User=NOT_TRANSLATED
Sid=S-1-5-18
SidType=0
SourceName=Microsoft-Windows-Sysmon
Type=Information
RecordNumber=22472
Keywords=None
TaskCategory=File created (rule: FileCreate)
OpCode=Info
Message=Process Create:
RuleName: -
UtcTime: 2026-05-20 09:22:01.193
ProcessGuid: {951b9ce6-7d39-6a0d-f60d-000000000b00}
ProcessId: 7208
Image: C:\Program Files\Splunk\bin\splunk-powershell.exe
FileVersion: -
Description: -
Product: -
Company: -
OriginalFileName: -
CommandLine: "C:\Program Files\Splunk\bin\splunk-powershell.exe"
CurrentDirectory: C:\WINDOWS\system32\
User: NT AUTHORITY\SYSTEM
LogonGuid: {951b9ce6-713d-6a0d-e703-000000000000}
LogonId: 0x3E7
TerminalSessionId: 0
IntegrityLevel: System
Hashes: MD5=09786E423871374ADDE99874569B1D83,SHA256=BAC42959A130084AFD25DEF2520AA63E58F466C472484A0FB011E51B1838D203,IMPHASH=95FBEA9323F5EA405C7BE38624B06950
ParentProcessGuid: {951b9ce6-7142-6a0d-4a00-000000000b00}
ParentProcessId: 3848
ParentImage: C:\Program Files\Splunk\bin\splunkd.exe
ParentCommandLine: "C:\Program Files\Splunk\bin\splunkd.exe" service
ParentUser: NT AUTHORITY\SYSTEM
05/20/2026 03:06:01.968 PM
LogName=Microsoft-Windows-Sysmon/Operational
EventCode=1
EventType=4
ComputerName=DESKTOP-82HJBKD
User=NOT_TRANSLATED
Sid=S-1-5-18
SidType=0
SourceName=Microsoft-Windows-Sysmon
Type=Information
RecordNumber=22404
Keywords=None
TaskCategory=File created (rule: FileCreate)
OpCode=Info
Message=Process Create:
RuleName: -
UtcTime: 2026-05-20 09:21:01.965
ProcessGuid: {951b9ce6-7cfd-6a0d-bb0d-000000000b00}
ProcessId: 1264
Image: C:\Program Files\Splunk\bin\splunk-powershell.exe
FileVersion: -
Description: -
Product: -
Company: -
OriginalFileName: -
CommandLine: "C:\Program Files\Splunk\bin\splunk-powershell.exe" --ps2
CurrentDirectory: C:\WINDOWS\system32\
User: NT AUTHORITY\SYSTEM
LogonGuid: {951b9ce6-713d-6a0d-e703-000000000000}
LogonId: 0x3E7
TerminalSessionId: 0
IntegrityLevel: System
Hashes: MD5=09786E423871374ADDE99874569B1D83,SHA256=BAC42959A130084AFD25DEF2520AA63E58F466C472484A0FB011E51B1838D203,IMPHASH=95FBEA9323F5EA405C7BE38624B06950
ParentProcessGuid: {951b9ce6-7142-6a0d-4a00-000000000b00}
ParentProcessId: 3848
ParentImage: C:\Program Files\Splunk\bin\splunkd.exe
ParentCommandLine: "C:\Program Files\Splunk\bin\splunkd.exe" service
ParentUser: NT AUTHORITY\SYSTEM
05/20/2026 03:06:01.185 PM
LogName=Microsoft-Windows-Sysmon/Operational
EventCode=1
EventType=4
ComputerName=DESKTOP-82HJBKD
User=NOT_TRANSLATED
Sid=S-1-5-18
SidType=0
SourceName=Microsoft-Windows-Sysmon
Type=Information
RecordNumber=22402
Keywords=None
TaskCategory=File created (rule: FileCreate)
OpCode=Info
Message=Process Create:
RuleName: -
UtcTime: 2026-05-20 09:21:01.182
ProcessGuid: {951b9ce6-7cfd-6a0d-b90d-000000000b00}
ProcessId: 5356
Image: C:\Program Files\Splunk\bin\splunk-powershell.exe
FileVersion: -
Description: -
Product: -
Company: -
OriginalFileName: -
CommandLine: "C:\Program Files\Splunk\bin\splunk-powershell.exe"
CurrentDirectory: C:\WINDOWS\system32\
User: NT AUTHORITY\SYSTEM
LogonGuid: {951b9ce6-713d-6a0d-e703-000000000000}
LogonId: 0x3E7
TerminalSessionId: 0
IntegrityLevel: System
Hashes: MD5=09786E423871374ADDE99874569B1D83,SHA256=BAC42959A130084AFD25DEF2520AA63E58F466C472484A0FB011E51B1838D203,IMPHASH=95FBEA9323F5EA405C7BE38624B06950
ParentProcessGuid: {951b9ce6-7142-6a0d-4a00-000000000b00}
ParentProcessId: 3848
ParentImage: C:\Program Files\Splunk\bin\splunkd.exe
ParentCommandLine: "C:\Program Files\Splunk\bin\splunkd.exe" service
ParentUser: NT AUTHORITY\SYSTEM
05/20/2026 03:05:01.303 PM
LogName=Microsoft-Windows-Sysmon/Operational
EventCode=1
EventType=4
ComputerName=DESKTOP-82HJBKD
User=NOT_TRANSLATED
Sid=S-1-5-18
SidType=0
SourceName=Microsoft-Windows-Sysmon
Type=Information
RecordNumber=22341
Keywords=None
TaskCategory=File created (rule: FileCreate)
OpCode=Info
Message=Process Create:
RuleName: -
UtcTime: 2026-05-20 09:20:01.300
ProcessGuid: {951b9ce6-7cc1-6a0d-7b0d-000000000b00}
ProcessId: 7580
Image: C:\Program Files\Splunk\bin\splunk-powershell.exe
FileVersion: -
Description: -
Product: -
Company: -
OriginalFileName: -
CommandLine: "C:\Program Files\Splunk\bin\splunk-powershell.exe" --ps2
CurrentDirectory: C:\WINDOWS\system32\
User: NT AUTHORITY\SYSTEM
LogonGuid: {951b9ce6-713d-6a0d-e703-000000000000}
LogonId: 0x3E7
TerminalSessionId: 0
IntegrityLevel: System
Hashes: MD5=09786E423871374ADDE99874569B1D83,SHA256=BAC42959A130084AFD25DEF2520AA63E58F466C472484A0FB011E51B1838D203,IMPHASH=95FBEA9323F5EA405C7BE38624B06950
ParentProcessGuid: {951b9ce6-7142-6a0d-4a00-000000000b00}
ParentProcessId: 3848
ParentImage: C:\Program Files\Splunk\bin\splunkd.exe
ParentCommandLine: "C:\Program Files\Splunk\bin\splunkd.exe" service
ParentUser: NT AUTHORITY\SYSTEM
05/20/2026 03:05:01.174 PM
LogName=Microsoft-Windows-Sysmon/Operational
EventCode=1
EventType=4
ComputerName=DESKTOP-82HJBKD
User=NOT_TRANSLATED
Sid=S-1-5-18
SidType=0
SourceName=Microsoft-Windows-Sysmon
Type=Information
RecordNumber=22340
Keywords=None
TaskCategory=File created (rule: FileCreate)
OpCode=Info
Message=Process Create:
RuleName: -
UtcTime: 2026-05-20 09:20:01.172
ProcessGuid: {951b9ce6-7cc1-6a0d-7a0d-000000000b00}
ProcessId: 6204
Image: C:\Program Files\Splunk\bin\splunk-powershell.exe
FileVersion: -
Description: -
Product: -
Company: -
OriginalFileName: -
CommandLine: "C:\Program Files\Splunk\bin\splunk-powershell.exe"
CurrentDirectory: C:\WINDOWS\system32\
User: NT AUTHORITY\SYSTEM
LogonGuid: {951b9ce6-713d-6a0d-e703-000000000000}
LogonId: 0x3E7
TerminalSessionId: 0
IntegrityLevel: System
Hashes: MD5=09786E423871374ADDE99874569B1D83,SHA256=BAC42959A130084AFD25DEF2520AA63E58F466C472484A0FB011E51B1838D203,IMPHASH=95FBEA9323F5EA405C7BE38624B06950
ParentProcessGuid: {951b9ce6-7142-6a0d-4a00-000000000b00}
ParentProcessId: 3848
ParentImage: C:\Program Files\Splunk\bin\splunkd.exe
ParentCommandLine: "C:\Program Files\Splunk\bin\splunkd.exe" service
ParentUser: NT AUTHORITY\SYSTEM
05/20/2026 03:04:01.417 PM
LogName=Microsoft-Windows-Sysmon/Operational
EventCode=1
EventType=4
ComputerName=DESKTOP-82HJBKD
User=NOT_TRANSLATED
Sid=S-1-5-18
SidType=0
SourceName=Microsoft-Windows-Sysmon
Type=Information
RecordNumber=22277
Keywords=None
TaskCategory=File created (rule: FileCreate)
OpCode=Info
Message=Process Create:
RuleName: -
UtcTime: 2026-05-20 09:19:01.415
ProcessGuid: {951b9ce6-7c85-6a0d-440d-000000000b00}
ProcessId: 2072
Image: C:\Program Files\Splunk\bin\splunk-powershell.exe
FileVersion: -
Description: -
Product: -
Company: -
OriginalFileName: -
CommandLine: "C:\Program Files\Splunk\bin\splunk-powershell.exe"
CurrentDirectory: C:\WINDOWS\system32\
User: NT AUTHORITY\SYSTEM
LogonGuid: {951b9ce6-713d-6a0d-e703-000000000000}
LogonId: 0x3E7
TerminalSessionId: 0
IntegrityLevel: System
Hashes: MD5=09786E423871374ADDE99874569B1D83,SHA256=BAC42959A130084AFD25DEF2520AA63E58F466C472484A0FB011E51B1838D203,IMPHASH=95FBEA9323F5EA405C7BE38624B06950
ParentProcessGuid: {951b9ce6-7142-6a0d-4a00-000000000b00}
ParentProcessId: 3848
ParentImage: C:\Program Files\Splunk\bin\splunkd.exe
ParentCommandLine: "C:\Program Files\Splunk\bin\splunkd.exe" service
ParentUser: NT AUTHORITY\SYSTEM
05/20/2026 03:04:01.152 PM
LogName=Microsoft-Windows-Sysmon/Operational
EventCode=1
EventType=4
ComputerName=DESKTOP-82HJBKD
User=NOT_TRANSLATED
Sid=S-1-5-18
SidType=0
SourceName=Microsoft-Windows-Sysmon
Type=Information
RecordNumber=22276
Keywords=None
TaskCategory=File created (rule: FileCreate)
OpCode=Info
Message=Process Create:
RuleName: -
UtcTime: 2026-05-20 09:19:01.150
ProcessGuid: {951b9ce6-7c85-6a0d-430d-000000000b00}
ProcessId: 7152
Image: C:\Program Files\Splunk\bin\splunk-powershell.exe
FileVersion: -
Description: -
Product: -
Company: -
OriginalFileName: -
CommandLine: "C:\Program Files\Splunk\bin\splunk-powershell.exe" --ps2
CurrentDirectory: C:\WINDOWS\system32\
User: NT AUTHORITY\SYSTEM
LogonGuid: {951b9ce6-713d-6a0d-e703-000000000000}
LogonId: 0x3E7
TerminalSessionId: 0
IntegrityLevel: System
Hashes: MD5=09786E423871374ADDE99874569B1D83,SHA256=BAC42959A130084AFD25DEF2520AA63E58F466C472484A0FB011E51B1838D203,IMPHASH=95FBEA9323F5EA405C7BE38624B06950
ParentProcessGuid: {951b9ce6-7142-6a0d-4a00-000000000b00}
ParentProcessId: 3848
ParentImage: C:\Program Files\Splunk\bin\splunkd.exe
ParentCommandLine: "C:\Program Files\Splunk\bin\splunkd.exe" service
ParentUser: NT AUTHORITY\SYSTEM
05/20/2026 03:03:01.816 PM
LogName=Microsoft-Windows-Sysmon/Operational
EventCode=1
EventType=4
ComputerName=DESKTOP-82HJBKD
User=NOT_TRANSLATED
Sid=S-1-5-18
SidType=0
SourceName=Microsoft-Windows-Sysmon
Type=Information
RecordNumber=22222
Keywords=None
TaskCategory=File created (rule: FileCreate)
OpCode=Info
Message=Process Create:
RuleName: -
UtcTime: 2026-05-20 09:18:01.814
ProcessGuid: {951b9ce6-7c49-6a0d-0d0d-000000000b00}
ProcessId: 6432
Image: C:\Program Files\Splunk\bin\splunk-powershell.exe
FileVersion: -
Description: -
Product: -
Company: -
OriginalFileName: -
CommandLine: "C:\Program Files\Splunk\bin\splunk-powershell.exe"
CurrentDirectory: C:\WINDOWS\system32\
User: NT AUTHORITY\SYSTEM
LogonGuid: {951b9ce6-713d-6a0d-e703-000000000000}
LogonId: 0x3E7
TerminalSessionId: 0
IntegrityLevel: System
Hashes: MD5=09786E423871374ADDE99874569B1D83,SHA256=BAC42959A130084AFD25DEF2520AA63E58F466C472484A0FB011E51B1838D203,IMPHASH=95FBEA9323F5EA405C7BE38624B06950
ParentProcessGuid: {951b9ce6-7142-6a0d-4a00-000000000b00}
ParentProcessId: 3848
ParentImage: C:\Program Files\Splunk\bin\splunkd.exe
ParentCommandLine: "C:\Program Files\Splunk\bin\splunkd.exe" service
ParentUser: NT AUTHORITY\SYSTEM
05/20/2026 03:03:01.153 PM
LogName=Microsoft-Windows-Sysmon/Operational
EventCode=1
EventType=4
ComputerName=DESKTOP-82HJBKD
User=NOT_TRANSLATED
Sid=S-1-5-18
SidType=0
SourceName=Microsoft-Windows-Sysmon
Type=Information
RecordNumber=22220
Keywords=None
TaskCategory=File created (rule: FileCreate)
OpCode=Info
Message=Process Create:
RuleName: -
UtcTime: 2026-05-20 09:18:01.150
ProcessGuid: {951b9ce6-7c49-6a0d-0b0d-000000000b00}
ProcessId: 8596
Image: C:\Program Files\Splunk\bin\splunk-powershell.exe
FileVersion: -
Description: -
Product: -
Company: -
OriginalFileName: -
CommandLine: "C:\Program Files\Splunk\bin\splunk-powershell.exe" --ps2
CurrentDirectory: C:\WINDOWS\system32\
User: NT AUTHORITY\SYSTEM
LogonGuid: {951b9ce6-713d-6a0d-e703-000000000000}
LogonId: 0x3E7
TerminalSessionId: 0
IntegrityLevel: System
Hashes: MD5=09786E423871374ADDE99874569B1D83,SHA256=BAC42959A130084AFD25DEF2520AA63E58F466C472484A0FB011E51B1838D203,IMPHASH=95FBEA9323F5EA405C7BE38624B06950
ParentProcessGuid: {951b9ce6-7142-6a0d-4a00-000000000b00}
ParentProcessId: 3848
ParentImage: C:\Program Files\Splunk\bin\splunkd.exe
ParentCommandLine: "C:\Program Files\Splunk\bin\splunkd.exe" service
ParentUser: NT AUTHORITY\SYSTEM
05/20/2026 03:02:01.398 PM
LogName=Microsoft-Windows-Sysmon/Operational
EventCode=1
EventType=4
ComputerName=DESKTOP-82HJBKD
User=NOT_TRANSLATED
Sid=S-1-5-18
SidType=0
SourceName=Microsoft-Windows-Sysmon
Type=Information
RecordNumber=22166
Keywords=None
TaskCategory=File created (rule: FileCreate)
OpCode=Info
Message=Process Create:
RuleName: -
UtcTime: 2026-05-20 09:17:01.396
ProcessGuid: {951b9ce6-7c0d-6a0d-d50c-000000000b00}
ProcessId: 10272
Image: C:\Program Files\Splunk\bin\splunk-powershell.exe
FileVersion: -
Description: -
Product: -
Company: -
OriginalFileName: -
CommandLine: "C:\Program Files\Splunk\bin\splunk-powershell.exe"
CurrentDirectory: C:\WINDOWS\system32\
User: NT AUTHORITY\SYSTEM
LogonGuid: {951b9ce6-713d-6a0d-e703-000000000000}
LogonId: 0x3E7
TerminalSessionId: 0
IntegrityLevel: System
Hashes: MD5=09786E423871374ADDE99874569B1D83,SHA256=BAC42959A130084AFD25DEF2520AA63E58F466C472484A0FB011E51B1838D203,IMPHASH=95FBEA9323F5EA405C7BE38624B06950
ParentProcessGuid: {951b9ce6-7142-6a0d-4a00-000000000b00}
ParentProcessId: 3848
ParentImage: C:\Program Files\Splunk\bin\splunkd.exe
ParentCommandLine: "C:\Program Files\Splunk\bin\splunkd.exe" service
ParentUser: NT AUTHORITY\SYSTEM
05/20/2026 03:02:01.148 PM
LogName=Microsoft-Windows-Sysmon/Operational
EventCode=1
EventType=4
ComputerName=DESKTOP-82HJBKD
User=NOT_TRANSLATED
Sid=S-1-5-18
SidType=0
SourceName=Microsoft-Windows-Sysmon
Type=Information
RecordNumber=22165
Keywords=None
TaskCategory=File created (rule: FileCreate)
OpCode=Info
Message=Process Create:
RuleName: -
UtcTime: 2026-05-20 09:17:01.145
ProcessGuid: {951b9ce6-7c0d-6a0d-d40c-000000000b00}
ProcessId: 1064
Image: C:\Program Files\Splunk\bin\splunk-powershell.exe
FileVersion: -
Description: -
Product: -
Company: -
OriginalFileName: -
CommandLine: "C:\Program Files\Splunk\bin\splunk-powershell.exe" --ps2
CurrentDirectory: C:\WINDOWS\system32\
User: NT AUTHORITY\SYSTEM
LogonGuid: {951b9ce6-713d-6a0d-e703-000000000000}
LogonId: 0x3E7
TerminalSessionId: 0
IntegrityLevel: System
Hashes: MD5=09786E423871374ADDE99874569B1D83,SHA256=BAC42959A130084AFD25DEF2520AA63E58F466C472484A0FB011E51B1838D203,IMPHASH=95FBEA9323F5EA405C7BE38624B06950
ParentProcessGuid: {951b9ce6-7142-6a0d-4a00-000000000b00}
ParentProcessId: 3848
ParentImage: C:\Program Files\Splunk\bin\splunkd.exe
ParentCommandLine: "C:\Program Files\Splunk\bin\splunkd.exe" service
ParentUser: NT AUTHORITY\SYSTEM
05/20/2026 03:01:01.528 PM
LogName=Microsoft-Windows-Sysmon/Operational
EventCode=1
EventType=4
ComputerName=DESKTOP-82HJBKD
User=NOT_TRANSLATED
Sid=S-1-5-18
SidType=0
SourceName=Microsoft-Windows-Sysmon
Type=Information
RecordNumber=22108
Keywords=None
TaskCategory=File created (rule: FileCreate)
OpCode=Info
Message=Process Create:
RuleName: -
UtcTime: 2026-05-20 09:16:01.526
ProcessGuid: {951b9ce6-7bd1-6a0d-9b0c-000000000b00}
ProcessId: 4612
Image: C:\Program Files\Splunk\bin\splunk-powershell.exe
FileVersion: -
Description: -
Product: -
Company: -
OriginalFileName: -
CommandLine: "C:\Program Files\Splunk\bin\splunk-powershell.exe"
CurrentDirectory: C:\WINDOWS\system32\
User: NT AUTHORITY\SYSTEM
LogonGuid: {951b9ce6-713d-6a0d-e703-000000000000}
LogonId: 0x3E7
TerminalSessionId: 0
IntegrityLevel: System
Hashes: MD5=09786E423871374ADDE99874569B1D83,SHA256=BAC42959A130084AFD25DEF2520AA63E58F466C472484A0FB011E51B1838D203,IMPHASH=95FBEA9323F5EA405C7BE38624B06950
ParentProcessGuid: {951b9ce6-7142-6a0d-4a00-000000000b00}
ParentProcessId: 3848
ParentImage: C:\Program Files\Splunk\bin\splunkd.exe
ParentCommandLine: "C:\Program Files\Splunk\bin\splunkd.exe" service
ParentUser: NT AUTHORITY\SYSTEM
05/20/2026 03:01:01.135 PM
LogName=Microsoft-Windows-Sysmon/Operational
EventCode=1
EventType=4
ComputerName=DESKTOP-82HJBKD
User=NOT_TRANSLATED
Sid=S-1-5-18
SidType=0
SourceName=Microsoft-Windows-Sysmon
Type=Information
RecordNumber=22106
Keywords=None
TaskCategory=File created (rule: FileCreate)
OpCode=Info
Message=Process Create:
RuleName: -
UtcTime: 2026-05-20 09:16:01.133
ProcessGuid: {951b9ce6-7bd1-6a0d-990c-000000000b00}
ProcessId: 10216
Image: C:\Program Files\Splunk\bin\splunk-powershell.exe
FileVersion: -
Description: -
Product: -
Company: -
OriginalFileName: -
CommandLine: "C:\Program Files\Splunk\bin\splunk-powershell.exe" --ps2
CurrentDirectory: C:\WINDOWS\system32\
User: NT AUTHORITY\SYSTEM
LogonGuid: {951b9ce6-713d-6a0d-e703-000000000000}
LogonId: 0x3E7
TerminalSessionId: 0
IntegrityLevel: System
Hashes: MD5=09786E423871374ADDE99874569B1D83,SHA256=BAC42959A130084AFD25DEF2520AA63E58F466C472484A0FB011E51B1838D203,IMPHASH=95FBEA9323F5EA405C7BE38624B06950
ParentProcessGuid: {951b9ce6-7142-6a0d-4a00-000000000b00}
ParentProcessId: 3848
ParentImage: C:\Program Files\Splunk\bin\splunkd.exe
ParentCommandLine: "C:\Program Files\Splunk\bin\splunkd.exe" service
ParentUser: NT AUTHORITY\SYSTEM
05/20/2026 03:00:01.376 PM
LogName=Microsoft-Windows-Sysmon/Operational
EventCode=1
EventType=4
ComputerName=DESKTOP-82HJBKD
User=NOT_TRANSLATED
Sid=S-1-5-18
SidType=0
SourceName=Microsoft-Windows-Sysmon
Type=Information
RecordNumber=22046
Keywords=None
TaskCategory=File created (rule: FileCreate)
OpCode=Info
Message=Process Create:
RuleName: -
UtcTime: 2026-05-20 09:15:01.374
ProcessGuid: {951b9ce6-7b95-6a0d-5c0c-000000000b00}
ProcessId: 1964
Image: C:\Program Files\Splunk\bin\splunk-powershell.exe
FileVersion: -
Description: -
Product: -
Company: -
OriginalFileName: -
CommandLine: "C:\Program Files\Splunk\bin\splunk-powershell.exe"
CurrentDirectory: C:\WINDOWS\system32\
User: NT AUTHORITY\SYSTEM
LogonGuid: {951b9ce6-713d-6a0d-e703-000000000000}
LogonId: 0x3E7
TerminalSessionId: 0
IntegrityLevel: System
Hashes: MD5=09786E423871374ADDE99874569B1D83,SHA256=BAC42959A130084AFD25DEF2520AA63E58F466C472484A0FB011E51B1838D203,IMPHASH=95FBEA9323F5EA405C7BE38624B06950
ParentProcessGuid: {951b9ce6-7142-6a0d-4a00-000000000b00}
ParentProcessId: 3848
ParentImage: C:\Program Files\Splunk\bin\splunkd.exe
ParentCommandLine: "C:\Program Files\Splunk\bin\splunkd.exe" service
ParentUser: NT AUTHORITY\SYSTEM
05/20/2026 03:00:01.123 PM
LogName=Microsoft-Windows-Sysmon/Operational
EventCode=1
EventType=4
ComputerName=DESKTOP-82HJBKD
User=NOT_TRANSLATED
Sid=S-1-5-18
SidType=0
SourceName=Microsoft-Windows-Sysmon
Type=Information
RecordNumber=22044
Keywords=None
TaskCategory=File created (rule: FileCreate)
OpCode=Info
Message=Process Create:
RuleName: -
UtcTime: 2026-05-20 09:15:01.122
ProcessGuid: {951b9ce6-7b95-6a0d-5a0c-000000000b00}
ProcessId: 9828
Image: C:\Program Files\Splunk\bin\splunk-powershell.exe
FileVersion: -
Description: -
Product: -
Company: -
OriginalFileName: -
CommandLine: "C:\Program Files\Splunk\bin\splunk-powershell.exe" --ps2
CurrentDirectory: C:\WINDOWS\system32\
User: NT AUTHORITY\SYSTEM
LogonGuid: {951b9ce6-713d-6a0d-e703-000000000000}
LogonId: 0x3E7
TerminalSessionId: 0
IntegrityLevel: System
Hashes: MD5=09786E423871374ADDE99874569B1D83,SHA256=BAC42959A130084AFD25DEF2520AA63E58F466C472484A0FB011E51B1838D203,IMPHASH=95FBEA9323F5EA405C7BE38624B06950
ParentProcessGuid: {951b9ce6-7142-6a0d-4a00-000000000b00}
ParentProcessId: 3848
ParentImage: C:\Program Files\Splunk\bin\splunkd.exe
ParentCommandLine: "C:\Program Files\Splunk\bin\splunkd.exe" service
ParentUser: NT AUTHORITY\SYSTEM
05/20/2026 02:59:01.454 PM
LogName=Microsoft-Windows-Sysmon/Operational
EventCode=1
EventType=4
ComputerName=DESKTOP-82HJBKD
User=NOT_TRANSLATED
Sid=S-1-5-18
SidType=0
SourceName=Microsoft-Windows-Sysmon
Type=Information
RecordNumber=21993
Keywords=None
TaskCategory=File created (rule: FileCreate)
OpCode=Info
Message=Process Create:
RuleName: -
UtcTime: 2026-05-20 09:14:01.452
ProcessGuid: {951b9ce6-7b59-6a0d-260c-000000000b00}
ProcessId: 8220
Image: C:\Program Files\Splunk\bin\splunk-powershell.exe
FileVersion: -
Description: -
Product: -
Company: -
OriginalFileName: -
CommandLine: "C:\Program Files\Splunk\bin\splunk-powershell.exe"
CurrentDirectory: C:\WINDOWS\system32\
User: NT AUTHORITY\SYSTEM
LogonGuid: {951b9ce6-713d-6a0d-e703-000000000000}
LogonId: 0x3E7
TerminalSessionId: 0
IntegrityLevel: System
Hashes: MD5=09786E423871374ADDE99874569B1D83,SHA256=BAC42959A130084AFD25DEF2520AA63E58F466C472484A0FB011E51B1838D203,IMPHASH=95FBEA9323F5EA405C7BE38624B06950
ParentProcessGuid: {951b9ce6-7142-6a0d-4a00-000000000b00}
ParentProcessId: 3848
ParentImage: C:\Program Files\Splunk\bin\splunkd.exe
ParentCommandLine: "C:\Program Files\Splunk\bin\splunkd.exe" service
ParentUser: NT AUTHORITY\SYSTEM
05/20/2026 02:59:01.108 PM
LogName=Microsoft-Windows-Sysmon/Operational
EventCode=1
EventType=4
ComputerName=DESKTOP-82HJBKD
User=NOT_TRANSLATED
Sid=S-1-5-18
SidType=0
SourceName=Microsoft-Windows-Sysmon
Type=Information
RecordNumber=21990
Keywords=None
TaskCategory=File created (rule: FileCreate)
OpCode=Info
Message=Process Create:
RuleName: -
UtcTime: 2026-05-20 09:14:01.106
ProcessGuid: {951b9ce6-7b59-6a0d-230c-000000000b00}
ProcessId: 4664
Image: C:\Program Files\Splunk\bin\splunk-powershell.exe
FileVersion: -
Description: -
Product: -
Company: -
OriginalFileName: -
CommandLine: "C:\Program Files\Splunk\bin\splunk-powershell.exe" --ps2
CurrentDirectory: C:\WINDOWS\system32\
User: NT AUTHORITY\SYSTEM
LogonGuid: {951b9ce6-713d-6a0d-e703-000000000000}
LogonId: 0x3E7
TerminalSessionId: 0
IntegrityLevel: System
Hashes: MD5=09786E423871374ADDE99874569B1D83,SHA256=BAC42959A130084AFD25DEF2520AA63E58F466C472484A0FB011E51B1838D203,IMPHASH=95FBEA9323F5EA405C7BE38624B06950
ParentProcessGuid: {951b9ce6-7142-6a0d-4a00-000000000b00}
ParentProcessId: 3848
ParentImage: C:\Program Files\Splunk\bin\splunkd.exe
ParentCommandLine: "C:\Program Files\Splunk\bin\splunkd.exe" service
ParentUser: NT AUTHORITY\SYSTEM
05/20/2026 02:58:01.292 PM
LogName=Microsoft-Windows-Sysmon/Operational
EventCode=1
EventType=4
ComputerName=DESKTOP-82HJBKD
User=NOT_TRANSLATED
Sid=S-1-5-18
SidType=0
SourceName=Microsoft-Windows-Sysmon
Type=Information
RecordNumber=21938
Keywords=None
TaskCategory=File created (rule: FileCreate)
OpCode=Info
Message=Process Create:
RuleName: -
UtcTime: 2026-05-20 09:13:01.291
ProcessGuid: {951b9ce6-7b1d-6a0d-ef0b-000000000b00}
ProcessId: 2760
Image: C:\Program Files\Splunk\bin\splunk-powershell.exe
FileVersion: -
Description: -
Product: -
Company: -
OriginalFileName: -
CommandLine: "C:\Program Files\Splunk\bin\splunk-powershell.exe"
CurrentDirectory: C:\WINDOWS\system32\
User: NT AUTHORITY\SYSTEM
LogonGuid: {951b9ce6-713d-6a0d-e703-000000000000}
LogonId: 0x3E7
TerminalSessionId: 0
IntegrityLevel: System
Hashes: MD5=09786E423871374ADDE99874569B1D83,SHA256=BAC42959A130084AFD25DEF2520AA63E58F466C472484A0FB011E51B1838D203,IMPHASH=95FBEA9323F5EA405C7BE38624B06950
ParentProcessGuid: {951b9ce6-7142-6a0d-4a00-000000000b00}
ParentProcessId: 3848
ParentImage: C:\Program Files\Splunk\bin\splunkd.exe
ParentCommandLine: "C:\Program Files\Splunk\bin\splunkd.exe" service
ParentUser: NT AUTHORITY\SYSTEM
05/20/2026 02:58:01.106 PM
LogName=Microsoft-Windows-Sysmon/Operational
EventCode=1
EventType=4
ComputerName=DESKTOP-82HJBKD
User=NOT_TRANSLATED
Sid=S-1-5-18
SidType=0
SourceName=Microsoft-Windows-Sysmon
Type=Information
RecordNumber=21934
Keywords=None
TaskCategory=File created (rule: FileCreate)
OpCode=Info
Message=Process Create:
RuleName: -
UtcTime: 2026-05-20 09:13:01.103
ProcessGuid: {951b9ce6-7b1d-6a0d-eb0b-000000000b00}
ProcessId: 8420
Image: C:\Program Files\Splunk\bin\splunk-powershell.exe
FileVersion: -
Description: -
Product: -
Company: -
OriginalFileName: -
CommandLine: "C:\Program Files\Splunk\bin\splunk-powershell.exe" --ps2
CurrentDirectory: C:\WINDOWS\system32\
User: NT AUTHORITY\SYSTEM
LogonGuid: {951b9ce6-713d-6a0d-e703-000000000000}
LogonId: 0x3E7
TerminalSessionId: 0
IntegrityLevel: System
Hashes: MD5=09786E423871374ADDE99874569B1D83,SHA256=BAC42959A130084AFD25DEF2520AA63E58F466C472484A0FB011E51B1838D203,IMPHASH=95FBEA9323F5EA405C7BE38624B06950
ParentProcessGuid: {951b9ce6-7142-6a0d-4a00-000000000b00}
ParentProcessId: 3848
ParentImage: C:\Program Files\Splunk\bin\splunkd.exe
ParentCommandLine: "C:\Program Files\Splunk\bin\splunkd.exe" service
ParentUser: NT AUTHORITY\SYSTEM
05/20/2026 02:57:01.489 PM
LogName=Microsoft-Windows-Sysmon/Operational
EventCode=1
EventType=4
ComputerName=DESKTOP-82HJBKD
User=NOT_TRANSLATED
Sid=S-1-5-18
SidType=0
SourceName=Microsoft-Windows-Sysmon
Type=Information
RecordNumber=21877
Keywords=None
TaskCategory=File created (rule: FileCreate)
OpCode=Info
Message=Process Create:
RuleName: -
UtcTime: 2026-05-20 09:12:01.487
ProcessGuid: {951b9ce6-7ae1-6a0d-b00b-000000000b00}
ProcessId: 3132
Image: C:\Program Files\Splunk\bin\splunk-powershell.exe
FileVersion: -
Description: -
Product: -
Company: -
OriginalFileName: -
CommandLine: "C:\Program Files\Splunk\bin\splunk-powershell.exe"
CurrentDirectory: C:\WINDOWS\system32\
User: NT AUTHORITY\SYSTEM
LogonGuid: {951b9ce6-713d-6a0d-e703-000000000000}
LogonId: 0x3E7
TerminalSessionId: 0
IntegrityLevel: System
Hashes: MD5=09786E423871374ADDE99874569B1D83,SHA256=BAC42959A130084AFD25DEF2520AA63E58F466C472484A0FB011E51B1838D203,IMPHASH=95FBEA9323F5EA405C7BE38624B06950
ParentProcessGuid: {951b9ce6-7142-6a0d-4a00-000000000b00}
ParentProcessId: 3848
ParentImage: C:\Program Files\Splunk\bin\splunkd.exe
ParentCommandLine: "C:\Program Files\Splunk\bin\splunkd.exe" service
ParentUser: NT AUTHORITY\SYSTEM
05/20/2026 02:57:01.110 PM
LogName=Microsoft-Windows-Sysmon/Operational
EventCode=1
EventType=4
ComputerName=DESKTOP-82HJBKD
User=NOT_TRANSLATED
Sid=S-1-5-18
SidType=0
SourceName=Microsoft-Windows-Sysmon
Type=Information
RecordNumber=21875
Keywords=None
TaskCategory=File created (rule: FileCreate)
OpCode=Info
Message=Process Create:
RuleName: -
UtcTime: 2026-05-20 09:12:01.108
ProcessGuid: {951b9ce6-7ae1-6a0d-ae0b-000000000b00}
ProcessId: 8596
Image: C:\Program Files\Splunk\bin\splunk-powershell.exe
FileVersion: -
Description: -
Product: -
Company: -
OriginalFileName: -
CommandLine: "C:\Program Files\Splunk\bin\splunk-powershell.exe" --ps2
CurrentDirectory: C:\WINDOWS\system32\
User: NT AUTHORITY\SYSTEM
LogonGuid: {951b9ce6-713d-6a0d-e703-000000000000}
LogonId: 0x3E7
TerminalSessionId: 0
IntegrityLevel: System
Hashes: MD5=09786E423871374ADDE99874569B1D83,SHA256=BAC42959A130084AFD25DEF2520AA63E58F466C472484A0FB011E51B1838D203,IMPHASH=95FBEA9323F5EA405C7BE38624B06950
ParentProcessGuid: {951b9ce6-7142-6a0d-4a00-000000000b00}
ParentProcessId: 3848
ParentImage: C:\Program Files\Splunk\bin\splunkd.exe
ParentCommandLine: "C:\Program Files\Splunk\bin\splunkd.exe" service
ParentUser: NT AUTHORITY\SYSTEM
05/20/2026 02:56:01.639 PM
LogName=Microsoft-Windows-Sysmon/Operational
EventCode=1
EventType=4
ComputerName=DESKTOP-82HJBKD
User=NOT_TRANSLATED
Sid=S-1-5-18
SidType=0
SourceName=Microsoft-Windows-Sysmon
Type=Information
RecordNumber=21811
Keywords=None
TaskCategory=File created (rule: FileCreate)
OpCode=Info
Message=Process Create:
RuleName: -
UtcTime: 2026-05-20 09:11:01.637
ProcessGuid: {951b9ce6-7aa5-6a0d-6e0b-000000000b00}
ProcessId: 7580
Image: C:\Program Files\Splunk\bin\splunk-powershell.exe
FileVersion: -
Description: -
Product: -
Company: -
OriginalFileName: -
CommandLine: "C:\Program Files\Splunk\bin\splunk-powershell.exe"
CurrentDirectory: C:\WINDOWS\system32\
User: NT AUTHORITY\SYSTEM
LogonGuid: {951b9ce6-713d-6a0d-e703-000000000000}
LogonId: 0x3E7
TerminalSessionId: 0
IntegrityLevel: System
Hashes: MD5=09786E423871374ADDE99874569B1D83,SHA256=BAC42959A130084AFD25DEF2520AA63E58F466C472484A0FB011E51B1838D203,IMPHASH=95FBEA9323F5EA405C7BE38624B06950
ParentProcessGuid: {951b9ce6-7142-6a0d-4a00-000000000b00}
ParentProcessId: 3848
ParentImage: C:\Program Files\Splunk\bin\splunkd.exe
ParentCommandLine: "C:\Program Files\Splunk\bin\splunkd.exe" service
ParentUser: NT AUTHORITY\SYSTEM
05/20/2026 02:56:01.388 PM
LogName=Microsoft-Windows-Sysmon/Operational
EventCode=1
EventType=4
ComputerName=DESKTOP-82HJBKD
User=NOT_TRANSLATED
Sid=S-1-5-18
SidType=0
SourceName=Microsoft-Windows-Sysmon
Type=Information
RecordNumber=21810
Keywords=None
TaskCategory=File created (rule: FileCreate)
OpCode=Info
Message=Process Create:
RuleName: -
UtcTime: 2026-05-20 09:11:01.385
ProcessGuid: {951b9ce6-7aa5-6a0d-6d0b-000000000b00}
ProcessId: 8608
Image: C:\Program Files\Splunk\bin\splunk-powershell.exe
FileVersion: -
Description: -
Product: -
Company: -
OriginalFileName: -
CommandLine: "C:\Program Files\Splunk\bin\splunk-powershell.exe" --ps2
CurrentDirectory: C:\WINDOWS\system32\
User: NT AUTHORITY\SYSTEM
LogonGuid: {951b9ce6-713d-6a0d-e703-000000000000}
LogonId: 0x3E7
TerminalSessionId: 0
IntegrityLevel: System
Hashes: MD5=09786E423871374ADDE99874569B1D83,SHA256=BAC42959A130084AFD25DEF2520AA63E58F466C472484A0FB011E51B1838D203,IMPHASH=95FBEA9323F5EA405C7BE38624B06950
ParentProcessGuid: {951b9ce6-7142-6a0d-4a00-000000000b00}
ParentProcessId: 3848
ParentImage: C:\Program Files\Splunk\bin\splunkd.exe
ParentCommandLine: "C:\Program Files\Splunk\bin\splunkd.exe" service
ParentUser: NT AUTHORITY\SYSTEM
05/20/2026 02:55:01.423 PM
LogName=Microsoft-Windows-Sysmon/Operational
EventCode=1
EventType=4
ComputerName=DESKTOP-82HJBKD
User=NOT_TRANSLATED
Sid=S-1-5-18
SidType=0
SourceName=Microsoft-Windows-Sysmon
Type=Information
RecordNumber=21754
Keywords=None
TaskCategory=File created (rule: FileCreate)
OpCode=Info
Message=Process Create:
RuleName: -
UtcTime: 2026-05-20 09:10:01.421
ProcessGuid: {951b9ce6-7a69-6a0d-350b-000000000b00}
ProcessId: 4644
Image: C:\Program Files\Splunk\bin\splunk-powershell.exe
FileVersion: -
Description: -
Product: -
Company: -
OriginalFileName: -
CommandLine: "C:\Program Files\Splunk\bin\splunk-powershell.exe"
CurrentDirectory: C:\WINDOWS\system32\
User: NT AUTHORITY\SYSTEM
LogonGuid: {951b9ce6-713d-6a0d-e703-000000000000}
LogonId: 0x3E7
TerminalSessionId: 0
IntegrityLevel: System
Hashes: MD5=09786E423871374ADDE99874569B1D83,SHA256=BAC42959A130084AFD25DEF2520AA63E58F466C472484A0FB011E51B1838D203,IMPHASH=95FBEA9323F5EA405C7BE38624B06950
ParentProcessGuid: {951b9ce6-7142-6a0d-4a00-000000000b00}
ParentProcessId: 3848
ParentImage: C:\Program Files\Splunk\bin\splunkd.exe
ParentCommandLine: "C:\Program Files\Splunk\bin\splunkd.exe" service
ParentUser: NT AUTHORITY\SYSTEM
05/20/2026 02:55:00.917 PM
LogName=Microsoft-Windows-Sysmon/Operational
EventCode=1
EventType=4
ComputerName=DESKTOP-82HJBKD
User=NOT_TRANSLATED
Sid=S-1-5-18
SidType=0
SourceName=Microsoft-Windows-Sysmon
Type=Information
RecordNumber=21752
Keywords=None
TaskCategory=File created (rule: FileCreate)
OpCode=Info
Message=Process Create:
RuleName: -
UtcTime: 2026-05-20 09:10:00.914
ProcessGuid: {951b9ce6-7a68-6a0d-330b-000000000b00}
ProcessId: 3824
Image: C:\Program Files\Splunk\bin\splunk-powershell.exe
FileVersion: -
Description: -
Product: -
Company: -
OriginalFileName: -
CommandLine: "C:\Program Files\Splunk\bin\splunk-powershell.exe" --ps2
CurrentDirectory: C:\WINDOWS\system32\
User: NT AUTHORITY\SYSTEM
LogonGuid: {951b9ce6-713d-6a0d-e703-000000000000}
LogonId: 0x3E7
TerminalSessionId: 0
IntegrityLevel: System
Hashes: MD5=09786E423871374ADDE99874569B1D83,SHA256=BAC42959A130084AFD25DEF2520AA63E58F466C472484A0FB011E51B1838D203,IMPHASH=95FBEA9323F5EA405C7BE38624B06950
ParentProcessGuid: {951b9ce6-7142-6a0d-4a00-000000000b00}
ParentProcessId: 3848
ParentImage: C:\Program Files\Splunk\bin\splunkd.exe
ParentCommandLine: "C:\Program Files\Splunk\bin\splunkd.exe" service
ParentUser: NT AUTHORITY\SYSTEM
05/20/2026 02:54:01.099 PM
LogName=Microsoft-Windows-Sysmon/Operational
EventCode=1
EventType=4
ComputerName=DESKTOP-82HJBKD
User=NOT_TRANSLATED
Sid=S-1-5-18
SidType=0
SourceName=Microsoft-Windows-Sysmon
Type=Information
RecordNumber=21696
Keywords=None
TaskCategory=File created (rule: FileCreate)
OpCode=Info
Message=Process Create:
RuleName: -
UtcTime: 2026-05-20 09:09:01.097
ProcessGuid: {951b9ce6-7a2d-6a0d-fa0a-000000000b00}
ProcessId: 1352
Image: C:\Program Files\Splunk\bin\splunk-powershell.exe
FileVersion: -
Description: -
Product: -
Company: -
OriginalFileName: -
CommandLine: "C:\Program Files\Splunk\bin\splunk-powershell.exe" --ps2
CurrentDirectory: C:\WINDOWS\system32\
User: NT AUTHORITY\SYSTEM
LogonGuid: {951b9ce6-713d-6a0d-e703-000000000000}
LogonId: 0x3E7
TerminalSessionId: 0
IntegrityLevel: System
Hashes: MD5=09786E423871374ADDE99874569B1D83,SHA256=BAC42959A130084AFD25DEF2520AA63E58F466C472484A0FB011E51B1838D203,IMPHASH=95FBEA9323F5EA405C7BE38624B06950
ParentProcessGuid: {951b9ce6-7142-6a0d-4a00-000000000b00}
ParentProcessId: 3848
ParentImage: C:\Program Files\Splunk\bin\splunkd.exe
ParentCommandLine: "C:\Program Files\Splunk\bin\splunkd.exe" service
ParentUser: NT AUTHORITY\SYSTEM
05/20/2026 02:54:00.911 PM
LogName=Microsoft-Windows-Sysmon/Operational
EventCode=1
EventType=4
ComputerName=DESKTOP-82HJBKD
User=NOT_TRANSLATED
Sid=S-1-5-18
SidType=0
SourceName=Microsoft-Windows-Sysmon
Type=Information
RecordNumber=21695
Keywords=None
TaskCategory=File created (rule: FileCreate)
OpCode=Info
Message=Process Create:
RuleName: -
UtcTime: 2026-05-20 09:09:00.909
ProcessGuid: {951b9ce6-7a2c-6a0d-f90a-000000000b00}
ProcessId: 6572
Image: C:\Program Files\Splunk\bin\splunk-powershell.exe
FileVersion: -
Description: -
Product: -
Company: -
OriginalFileName: -
CommandLine: "C:\Program Files\Splunk\bin\splunk-powershell.exe"
CurrentDirectory: C:\WINDOWS\system32\
User: NT AUTHORITY\SYSTEM
LogonGuid: {951b9ce6-713d-6a0d-e703-000000000000}
LogonId: 0x3E7
TerminalSessionId: 0
IntegrityLevel: System
Hashes: MD5=09786E423871374ADDE99874569B1D83,SHA256=BAC42959A130084AFD25DEF2520AA63E58F466C472484A0FB011E51B1838D203,IMPHASH=95FBEA9323F5EA405C7BE38624B06950
ParentProcessGuid: {951b9ce6-7142-6a0d-4a00-000000000b00}
ParentProcessId: 3848
ParentImage: C:\Program Files\Splunk\bin\splunkd.exe
ParentCommandLine: "C:\Program Files\Splunk\bin\splunkd.exe" service
ParentUser: NT AUTHORITY\SYSTEM
05/20/2026 02:53:01.252 PM
LogName=Microsoft-Windows-Sysmon/Operational
EventCode=1
EventType=4
ComputerName=DESKTOP-82HJBKD
User=NOT_TRANSLATED
Sid=S-1-5-18
SidType=0
SourceName=Microsoft-Windows-Sysmon
Type=Information
RecordNumber=21637
Keywords=None
TaskCategory=File created (rule: FileCreate)
OpCode=Info
Message=Process Create:
RuleName: -
UtcTime: 2026-05-20 09:08:01.249
ProcessGuid: {951b9ce6-79f1-6a0d-bf0a-000000000b00}
ProcessId: 5304
Image: C:\Program Files\Splunk\bin\splunk-powershell.exe
FileVersion: -
Description: -
Product: -
Company: -
OriginalFileName: -
CommandLine: "C:\Program Files\Splunk\bin\splunk-powershell.exe" --ps2
CurrentDirectory: C:\WINDOWS\system32\
User: NT AUTHORITY\SYSTEM
LogonGuid: {951b9ce6-713d-6a0d-e703-000000000000}
LogonId: 0x3E7
TerminalSessionId: 0
IntegrityLevel: System
Hashes: MD5=09786E423871374ADDE99874569B1D83,SHA256=BAC42959A130084AFD25DEF2520AA63E58F466C472484A0FB011E51B1838D203,IMPHASH=95FBEA9323F5EA405C7BE38624B06950
ParentProcessGuid: {951b9ce6-7142-6a0d-4a00-000000000b00}
ParentProcessId: 3848
ParentImage: C:\Program Files\Splunk\bin\splunkd.exe
ParentCommandLine: "C:\Program Files\Splunk\bin\splunkd.exe" service
ParentUser: NT AUTHORITY\SYSTEM
05/20/2026 02:53:00.904 PM
LogName=Microsoft-Windows-Sysmon/Operational
EventCode=1
EventType=4
ComputerName=DESKTOP-82HJBKD
User=NOT_TRANSLATED
Sid=S-1-5-18
SidType=0
SourceName=Microsoft-Windows-Sysmon
Type=Information
RecordNumber=21635
Keywords=None
TaskCategory=File created (rule: FileCreate)
OpCode=Info
Message=Process Create:
RuleName: -
UtcTime: 2026-05-20 09:08:00.901
ProcessGuid: {951b9ce6-79f0-6a0d-bd0a-000000000b00}
ProcessId: 4936
Image: C:\Program Files\Splunk\bin\splunk-powershell.exe
FileVersion: -
Description: -
Product: -
Company: -
OriginalFileName: -
CommandLine: "C:\Program Files\Splunk\bin\splunk-powershell.exe"
CurrentDirectory: C:\WINDOWS\system32\
User: NT AUTHORITY\SYSTEM
LogonGuid: {951b9ce6-713d-6a0d-e703-000000000000}
LogonId: 0x3E7
TerminalSessionId: 0
IntegrityLevel: System
Hashes: MD5=09786E423871374ADDE99874569B1D83,SHA256=BAC42959A130084AFD25DEF2520AA63E58F466C472484A0FB011E51B1838D203,IMPHASH=95FBEA9323F5EA405C7BE38624B06950
ParentProcessGuid: {951b9ce6-7142-6a0d-4a00-000000000b00}
ParentProcessId: 3848
ParentImage: C:\Program Files\Splunk\bin\splunkd.exe
ParentCommandLine: "C:\Program Files\Splunk\bin\splunkd.exe" service
ParentUser: NT AUTHORITY\SYSTEM
05/20/2026 02:52:01.147 PM
LogName=Microsoft-Windows-Sysmon/Operational
EventCode=1
EventType=4
ComputerName=DESKTOP-82HJBKD
User=NOT_TRANSLATED
Sid=S-1-5-18
SidType=0
SourceName=Microsoft-Windows-Sysmon
Type=Information
RecordNumber=21574
Keywords=None
TaskCategory=File created (rule: FileCreate)
OpCode=Info
Message=Process Create:
RuleName: -
UtcTime: 2026-05-20 09:07:01.145
ProcessGuid: {951b9ce6-79b5-6a0d-840a-000000000b00}
ProcessId: 8220
Image: C:\Program Files\Splunk\bin\splunk-powershell.exe
FileVersion: -
Description: -
Product: -
Company: -
OriginalFileName: -
CommandLine: "C:\Program Files\Splunk\bin\splunk-powershell.exe" --ps2
CurrentDirectory: C:\WINDOWS\system32\
User: NT AUTHORITY\SYSTEM
LogonGuid: {951b9ce6-713d-6a0d-e703-000000000000}
LogonId: 0x3E7
TerminalSessionId: 0
IntegrityLevel: System
Hashes: MD5=09786E423871374ADDE99874569B1D83,SHA256=BAC42959A130084AFD25DEF2520AA63E58F466C472484A0FB011E51B1838D203,IMPHASH=95FBEA9323F5EA405C7BE38624B06950
ParentProcessGuid: {951b9ce6-7142-6a0d-4a00-000000000b00}
ParentProcessId: 3848
ParentImage: C:\Program Files\Splunk\bin\splunkd.exe
ParentCommandLine: "C:\Program Files\Splunk\bin\splunkd.exe" service
ParentUser: NT AUTHORITY\SYSTEM
05/20/2026 02:52:00.896 PM
LogName=Microsoft-Windows-Sysmon/Operational
EventCode=1
EventType=4
ComputerName=DESKTOP-82HJBKD
User=NOT_TRANSLATED
Sid=S-1-5-18
SidType=0
SourceName=Microsoft-Windows-Sysmon
Type=Information
RecordNumber=21573
Keywords=None
TaskCategory=File created (rule: FileCreate)
OpCode=Info
Message=Process Create:
RuleName: -
UtcTime: 2026-05-20 09:07:00.893
ProcessGuid: {951b9ce6-79b4-6a0d-830a-000000000b00}
ProcessId: 1952
Image: C:\Program Files\Splunk\bin\splunk-powershell.exe
FileVersion: -
Description: -
Product: -
Company: -
OriginalFileName: -
CommandLine: "C:\Program Files\Splunk\bin\splunk-powershell.exe"
CurrentDirectory: C:\WINDOWS\system32\
User: NT AUTHORITY\SYSTEM
LogonGuid: {951b9ce6-713d-6a0d-e703-000000000000}
LogonId: 0x3E7
TerminalSessionId: 0
IntegrityLevel: System
Hashes: MD5=09786E423871374ADDE99874569B1D83,SHA256=BAC42959A130084AFD25DEF2520AA63E58F466C472484A0FB011E51B1838D203,IMPHASH=95FBEA9323F5EA405C7BE38624B06950
ParentProcessGuid: {951b9ce6-7142-6a0d-4a00-000000000b00}
ParentProcessId: 3848
ParentImage: C:\Program Files\Splunk\bin\splunkd.exe
ParentCommandLine: "C:\Program Files\Splunk\bin\splunkd.exe" service
ParentUser: NT AUTHORITY\SYSTEM
05/20/2026 02:51:01.218 PM
LogName=Microsoft-Windows-Sysmon/Operational
EventCode=1
EventType=4
ComputerName=DESKTOP-82HJBKD
User=NOT_TRANSLATED
Sid=S-1-5-18
SidType=0
SourceName=Microsoft-Windows-Sysmon
Type=Information
RecordNumber=21518
Keywords=None
TaskCategory=File created (rule: FileCreate)
OpCode=Info
Message=Process Create:
RuleName: -
UtcTime: 2026-05-20 09:06:01.214
ProcessGuid: {951b9ce6-7979-6a0d-480a-000000000b00}
ProcessId: 5680
Image: C:\Program Files\Splunk\bin\splunk-powershell.exe
FileVersion: -
Description: -
Product: -
Company: -
OriginalFileName: -
CommandLine: "C:\Program Files\Splunk\bin\splunk-powershell.exe" --ps2
CurrentDirectory: C:\WINDOWS\system32\
User: NT AUTHORITY\SYSTEM
LogonGuid: {951b9ce6-713d-6a0d-e703-000000000000}
LogonId: 0x3E7
TerminalSessionId: 0
IntegrityLevel: System
Hashes: MD5=09786E423871374ADDE99874569B1D83,SHA256=BAC42959A130084AFD25DEF2520AA63E58F466C472484A0FB011E51B1838D203,IMPHASH=95FBEA9323F5EA405C7BE38624B06950
ParentProcessGuid: {951b9ce6-7142-6a0d-4a00-000000000b00}
ParentProcessId: 3848
ParentImage: C:\Program Files\Splunk\bin\splunkd.exe
ParentCommandLine: "C:\Program Files\Splunk\bin\splunkd.exe" service
ParentUser: NT AUTHORITY\SYSTEM
05/20/2026 02:51:00.905 PM
LogName=Microsoft-Windows-Sysmon/Operational
EventCode=1
EventType=4
ComputerName=DESKTOP-82HJBKD
User=NOT_TRANSLATED
Sid=S-1-5-18
SidType=0
SourceName=Microsoft-Windows-Sysmon
Type=Information
RecordNumber=21516
Keywords=None
TaskCategory=File created (rule: FileCreate)
OpCode=Info
Message=Process Create:
RuleName: -
UtcTime: 2026-05-20 09:06:00.903
ProcessGuid: {951b9ce6-7978-6a0d-460a-000000000b00}
ProcessId: 8112
Image: C:\Program Files\Splunk\bin\splunk-powershell.exe
FileVersion: -
Description: -
Product: -
Company: -
OriginalFileName: -
CommandLine: "C:\Program Files\Splunk\bin\splunk-powershell.exe"
CurrentDirectory: C:\WINDOWS\system32\
User: NT AUTHORITY\SYSTEM
LogonGuid: {951b9ce6-713d-6a0d-e703-000000000000}
LogonId: 0x3E7
TerminalSessionId: 0
IntegrityLevel: System
Hashes: MD5=09786E423871374ADDE99874569B1D83,SHA256=BAC42959A130084AFD25DEF2520AA63E58F466C472484A0FB011E51B1838D203,IMPHASH=95FBEA9323F5EA405C7BE38624B06950
ParentProcessGuid: {951b9ce6-7142-6a0d-4a00-000000000b00}
ParentProcessId: 3848
ParentImage: C:\Program Files\Splunk\bin\splunkd.exe
ParentCommandLine: "C:\Program Files\Splunk\bin\splunkd.exe" service
ParentUser: NT AUTHORITY\SYSTEM
05/20/2026 02:50:00.914 PM
LogName=Microsoft-Windows-Sysmon/Operational
EventCode=1
EventType=4
ComputerName=DESKTOP-82HJBKD
User=NOT_TRANSLATED
Sid=S-1-5-18
SidType=0
SourceName=Microsoft-Windows-Sysmon
Type=Information
RecordNumber=21454
Keywords=None
TaskCategory=File created (rule: FileCreate)
OpCode=Info
Message=Process Create:
RuleName: -
UtcTime: 2026-05-20 09:05:00.912
ProcessGuid: {951b9ce6-793c-6a0d-060a-000000000b00}
ProcessId: 3112
Image: C:\Program Files\Splunk\bin\splunk-powershell.exe
FileVersion: -
Description: -
Product: -
Company: -
OriginalFileName: -
CommandLine: "C:\Program Files\Splunk\bin\splunk-powershell.exe" --ps2
CurrentDirectory: C:\WINDOWS\system32\
User: NT AUTHORITY\SYSTEM
LogonGuid: {951b9ce6-713d-6a0d-e703-000000000000}
LogonId: 0x3E7
TerminalSessionId: 0
IntegrityLevel: System
Hashes: MD5=09786E423871374ADDE99874569B1D83,SHA256=BAC42959A130084AFD25DEF2520AA63E58F466C472484A0FB011E51B1838D203,IMPHASH=95FBEA9323F5EA405C7BE38624B06950
ParentProcessGuid: {951b9ce6-7142-6a0d-4a00-000000000b00}
ParentProcessId: 3848
ParentImage: C:\Program Files\Splunk\bin\splunkd.exe
ParentCommandLine: "C:\Program Files\Splunk\bin\splunkd.exe" service
ParentUser: NT AUTHORITY\SYSTEM
05/20/2026 02:50:00.617 PM
LogName=Microsoft-Windows-Sysmon/Operational
EventCode=1
EventType=4
ComputerName=DESKTOP-82HJBKD
User=NOT_TRANSLATED
Sid=S-1-5-18
SidType=0
SourceName=Microsoft-Windows-Sysmon
Type=Information
RecordNumber=21453
Keywords=None
TaskCategory=File created (rule: FileCreate)
OpCode=Info
Message=Process Create:
RuleName: -
UtcTime: 2026-05-20 09:05:00.614
ProcessGuid: {951b9ce6-793c-6a0d-050a-000000000b00}
ProcessId: 7860
Image: C:\Program Files\Splunk\bin\splunk-powershell.exe
FileVersion: -
Description: -
Product: -
Company: -
OriginalFileName: -
CommandLine: "C:\Program Files\Splunk\bin\splunk-powershell.exe"
CurrentDirectory: C:\WINDOWS\system32\
User: NT AUTHORITY\SYSTEM
LogonGuid: {951b9ce6-713d-6a0d-e703-000000000000}
LogonId: 0x3E7
TerminalSessionId: 0
IntegrityLevel: System
Hashes: MD5=09786E423871374ADDE99874569B1D83,SHA256=BAC42959A130084AFD25DEF2520AA63E58F466C472484A0FB011E51B1838D203,IMPHASH=95FBEA9323F5EA405C7BE38624B06950
ParentProcessGuid: {951b9ce6-7142-6a0d-4a00-000000000b00}
ParentProcessId: 3848
ParentImage: C:\Program Files\Splunk\bin\splunkd.exe
ParentCommandLine: "C:\Program Files\Splunk\bin\splunkd.exe" service
ParentUser: NT AUTHORITY\SYSTEM
05/20/2026 02:49:01.036 PM
LogName=Microsoft-Windows-Sysmon/Operational
EventCode=1
EventType=4
ComputerName=DESKTOP-82HJBKD
User=NOT_TRANSLATED
Sid=S-1-5-18
SidType=0
SourceName=Microsoft-Windows-Sysmon
Type=Information
RecordNumber=21390
Keywords=None
TaskCategory=File created (rule: FileCreate)
OpCode=Info
Message=Process Create:
RuleName: -
UtcTime: 2026-05-20 09:04:01.033
ProcessGuid: {951b9ce6-7901-6a0d-c909-000000000b00}
ProcessId: 2572
Image: C:\Program Files\Splunk\bin\splunk-powershell.exe
FileVersion: -
Description: -
Product: -
Company: -
OriginalFileName: -
CommandLine: "C:\Program Files\Splunk\bin\splunk-powershell.exe" --ps2
CurrentDirectory: C:\WINDOWS\system32\
User: NT AUTHORITY\SYSTEM
LogonGuid: {951b9ce6-713d-6a0d-e703-000000000000}
LogonId: 0x3E7
TerminalSessionId: 0
IntegrityLevel: System
Hashes: MD5=09786E423871374ADDE99874569B1D83,SHA256=BAC42959A130084AFD25DEF2520AA63E58F466C472484A0FB011E51B1838D203,IMPHASH=95FBEA9323F5EA405C7BE38624B06950
ParentProcessGuid: {951b9ce6-7142-6a0d-4a00-000000000b00}
ParentProcessId: 3848
ParentImage: C:\Program Files\Splunk\bin\splunkd.exe
ParentCommandLine: "C:\Program Files\Splunk\bin\splunkd.exe" service
ParentUser: NT AUTHORITY\SYSTEM
05/20/2026 02:49:00.610 PM
LogName=Microsoft-Windows-Sysmon/Operational
EventCode=1
EventType=4
ComputerName=DESKTOP-82HJBKD
User=NOT_TRANSLATED
Sid=S-1-5-18
SidType=0
SourceName=Microsoft-Windows-Sysmon
Type=Information
RecordNumber=21388
Keywords=None
TaskCategory=File created (rule: FileCreate)
OpCode=Info
Message=Process Create:
RuleName: -
UtcTime: 2026-05-20 09:04:00.607
ProcessGuid: {951b9ce6-7900-6a0d-c709-000000000b00}
ProcessId: 8068
Image: C:\Program Files\Splunk\bin\splunk-powershell.exe
FileVersion: -
Description: -
Product: -
Company: -
OriginalFileName: -
CommandLine: "C:\Program Files\Splunk\bin\splunk-powershell.exe"
CurrentDirectory: C:\WINDOWS\system32\
User: NT AUTHORITY\SYSTEM
LogonGuid: {951b9ce6-713d-6a0d-e703-000000000000}
LogonId: 0x3E7
TerminalSessionId: 0
IntegrityLevel: System
Hashes: MD5=09786E423871374ADDE99874569B1D83,SHA256=BAC42959A130084AFD25DEF2520AA63E58F466C472484A0FB011E51B1838D203,IMPHASH=95FBEA9323F5EA405C7BE38624B06950
ParentProcessGuid: {951b9ce6-7142-6a0d-4a00-000000000b00}
ParentProcessId: 3848
ParentImage: C:\Program Files\Splunk\bin\splunkd.exe
ParentCommandLine: "C:\Program Files\Splunk\bin\splunkd.exe" service
ParentUser: NT AUTHORITY\SYSTEM
05/20/2026 02:48:00.906 PM
LogName=Microsoft-Windows-Sysmon/Operational
EventCode=1
EventType=4
ComputerName=DESKTOP-82HJBKD
User=NOT_TRANSLATED
Sid=S-1-5-18
SidType=0
SourceName=Microsoft-Windows-Sysmon
Type=Information
RecordNumber=20795
Keywords=None
TaskCategory=File created (rule: FileCreate)
OpCode=Info
Message=Process Create:
RuleName: -
UtcTime: 2026-05-20 09:03:00.904
ProcessGuid: {951b9ce6-78c4-6a0d-8e09-000000000b00}
ProcessId: 480
Image: C:\Program Files\Splunk\bin\splunk-powershell.exe
FileVersion: -
Description: -
Product: -
Company: -
OriginalFileName: -
CommandLine: "C:\Program Files\Splunk\bin\splunk-powershell.exe" --ps2
CurrentDirectory: C:\WINDOWS\system32\
User: NT AUTHORITY\SYSTEM
LogonGuid: {951b9ce6-713d-6a0d-e703-000000000000}
LogonId: 0x3E7
TerminalSessionId: 0
IntegrityLevel: System
Hashes: MD5=09786E423871374ADDE99874569B1D83,SHA256=BAC42959A130084AFD25DEF2520AA63E58F466C472484A0FB011E51B1838D203,IMPHASH=95FBEA9323F5EA405C7BE38624B06950
ParentProcessGuid: {951b9ce6-7142-6a0d-4a00-000000000b00}
ParentProcessId: 3848
ParentImage: C:\Program Files\Splunk\bin\splunkd.exe
ParentCommandLine: "C:\Program Files\Splunk\bin\splunkd.exe" service
ParentUser: NT AUTHORITY\SYSTEM
