05/17/2026 01:20:46.937 PM
LogName=Microsoft-Windows-Sysmon/Operational
EventCode=1
EventType=4
ComputerName=DESKTOP-82HJBKD
User=NOT_TRANSLATED
Sid=S-1-5-18
SidType=0
SourceName=Microsoft-Windows-Sysmon
Type=Information
RecordNumber=1416
Keywords=None
TaskCategory=Sysmon config state changed
OpCode=Info
Message=Process Create:
RuleName: -
UtcTime: 2026-05-17 07:35:46.935
ProcessGuid: {951b9ce6-6fd2-6a09-6605-000000000700}
ProcessId: 9564
Image: C:\Program Files\Splunk\bin\splunk-powershell.exe
FileVersion: -
Description: -
Product: -
Company: -
OriginalFileName: -
CommandLine: "C:\Program Files\Splunk\bin\splunk-powershell.exe"
CurrentDirectory: C:\WINDOWS\system32\
User: NT AUTHORITY\SYSTEM
LogonGuid: {951b9ce6-0a02-6a0a-e703-000000000000}
LogonId: 0x3E7
TerminalSessionId: 0
IntegrityLevel: System
Hashes: SHA256=BAC42959A130084AFD25DEF2520AA63E58F466C472484A0FB011E51B1838D203
ParentProcessGuid: {951b9ce6-6f5f-6a09-c004-000000000700}
ParentProcessId: 5092
ParentImage: C:\Program Files\Splunk\bin\splunkd.exe
ParentCommandLine: "C:\Program Files\Splunk\bin\splunkd.exe" service
ParentUser: NT AUTHORITY\SYSTEM
05/17/2026 01:19:47.678 PM
LogName=Microsoft-Windows-Sysmon/Operational
EventCode=1
EventType=4
ComputerName=DESKTOP-82HJBKD
User=NOT_TRANSLATED
Sid=S-1-5-18
SidType=0
SourceName=Microsoft-Windows-Sysmon
Type=Information
RecordNumber=1297
Keywords=None
TaskCategory=Sysmon config state changed
OpCode=Info
Message=Process Create:
RuleName: -
UtcTime: 2026-05-17 07:34:47.651
ProcessGuid: {951b9ce6-6f97-6a09-3005-000000000700}
ProcessId: 7660
Image: C:\Program Files\Splunk\bin\splunk-powershell.exe
FileVersion: -
Description: -
Product: -
Company: -
OriginalFileName: -
CommandLine: "C:\Program Files\Splunk\bin\splunk-powershell.exe" --ps2
CurrentDirectory: C:\WINDOWS\system32\
User: NT AUTHORITY\SYSTEM
LogonGuid: {951b9ce6-0a02-6a0a-e703-000000000000}
LogonId: 0x3E7
TerminalSessionId: 0
IntegrityLevel: System
Hashes: SHA256=BAC42959A130084AFD25DEF2520AA63E58F466C472484A0FB011E51B1838D203
ParentProcessGuid: {951b9ce6-6f5f-6a09-c004-000000000700}
ParentProcessId: 5092
ParentImage: C:\Program Files\Splunk\bin\splunkd.exe
ParentCommandLine: "C:\Program Files\Splunk\bin\splunkd.exe" service
ParentUser: NT AUTHORITY\SYSTEM
05/17/2026 01:19:47.383 PM
LogName=Microsoft-Windows-Sysmon/Operational
EventCode=1
EventType=4
ComputerName=DESKTOP-82HJBKD
User=NOT_TRANSLATED
Sid=S-1-5-18
SidType=0
SourceName=Microsoft-Windows-Sysmon
Type=Information
RecordNumber=1282
Keywords=None
TaskCategory=Sysmon config state changed
OpCode=Info
Message=Process Create:
RuleName: -
UtcTime: 2026-05-17 07:34:47.336
ProcessGuid: {951b9ce6-6f97-6a09-2705-000000000700}
ProcessId: 4820
Image: C:\Program Files\Splunk\bin\splunk-powershell.exe
FileVersion: -
Description: -
Product: -
Company: -
OriginalFileName: -
CommandLine: "C:\Program Files\Splunk\bin\splunk-powershell.exe"
CurrentDirectory: C:\WINDOWS\system32\
User: NT AUTHORITY\SYSTEM
LogonGuid: {951b9ce6-0a02-6a0a-e703-000000000000}
LogonId: 0x3E7
TerminalSessionId: 0
IntegrityLevel: System
Hashes: SHA256=BAC42959A130084AFD25DEF2520AA63E58F466C472484A0FB011E51B1838D203
ParentProcessGuid: {951b9ce6-6f5f-6a09-c004-000000000700}
ParentProcessId: 5092
ParentImage: C:\Program Files\Splunk\bin\splunkd.exe
ParentCommandLine: "C:\Program Files\Splunk\bin\splunkd.exe" service
ParentUser: NT AUTHORITY\SYSTEM
