05/17/2026 02:14:10.022 PM
LogName=Microsoft-Windows-Sysmon/Operational
EventCode=1
EventType=4
ComputerName=DESKTOP-82HJBKD
User=NOT_TRANSLATED
Sid=S-1-5-18
SidType=0
SourceName=Microsoft-Windows-Sysmon
Type=Information
RecordNumber=7036
Keywords=None
TaskCategory=Sysmon config state changed
OpCode=Info
Message=Process Create:
RuleName: -
UtcTime: 2026-05-17 08:29:10.019
ProcessGuid: {951b9ce6-7c56-6a09-0108-000000000800}
ProcessId: 7372
Image: C:\Program Files\Splunk\bin\splunk-powershell.exe
FileVersion: -
Description: -
Product: -
Company: -
OriginalFileName: -
CommandLine: "C:\Program Files\Splunk\bin\splunk-powershell.exe"
CurrentDirectory: C:\WINDOWS\system32\
User: NT AUTHORITY\SYSTEM
LogonGuid: {951b9ce6-7362-6a09-e703-000000000000}
LogonId: 0x3E7
TerminalSessionId: 0
IntegrityLevel: System
Hashes: SHA256=BAC42959A130084AFD25DEF2520AA63E58F466C472484A0FB011E51B1838D203
ParentProcessGuid: {951b9ce6-7366-6a09-4e00-000000000800}
ParentProcessId: 3560
ParentImage: C:\Program Files\Splunk\bin\splunkd.exe
ParentCommandLine: "C:\Program Files\Splunk\bin\splunkd.exe" service
ParentUser: NT AUTHORITY\SYSTEM
05/17/2026 02:13:10.933 PM
LogName=Microsoft-Windows-Sysmon/Operational
EventCode=1
EventType=4
ComputerName=DESKTOP-82HJBKD
User=NOT_TRANSLATED
Sid=S-1-5-18
SidType=0
SourceName=Microsoft-Windows-Sysmon
Type=Information
RecordNumber=6897
Keywords=None
TaskCategory=Sysmon config state changed
OpCode=Info
Message=Process Create:
RuleName: -
UtcTime: 2026-05-17 08:28:10.931
ProcessGuid: {951b9ce6-7c1a-6a09-bb07-000000000800}
ProcessId: 1000
Image: C:\Program Files\Splunk\bin\splunk-powershell.exe
FileVersion: -
Description: -
Product: -
Company: -
OriginalFileName: -
CommandLine: "C:\Program Files\Splunk\bin\splunk-powershell.exe" --ps2
CurrentDirectory: C:\WINDOWS\system32\
User: NT AUTHORITY\SYSTEM
LogonGuid: {951b9ce6-7362-6a09-e703-000000000000}
LogonId: 0x3E7
TerminalSessionId: 0
IntegrityLevel: System
Hashes: SHA256=BAC42959A130084AFD25DEF2520AA63E58F466C472484A0FB011E51B1838D203
ParentProcessGuid: {951b9ce6-7366-6a09-4e00-000000000800}
ParentProcessId: 3560
ParentImage: C:\Program Files\Splunk\bin\splunkd.exe
ParentCommandLine: "C:\Program Files\Splunk\bin\splunkd.exe" service
ParentUser: NT AUTHORITY\SYSTEM
05/17/2026 02:13:10.008 PM
LogName=Microsoft-Windows-Sysmon/Operational
EventCode=1
EventType=4
ComputerName=DESKTOP-82HJBKD
User=NOT_TRANSLATED
Sid=S-1-5-18
SidType=0
SourceName=Microsoft-Windows-Sysmon
Type=Information
RecordNumber=6895
Keywords=None
TaskCategory=Sysmon config state changed
OpCode=Info
Message=Process Create:
RuleName: -
UtcTime: 2026-05-17 08:28:10.006
ProcessGuid: {951b9ce6-7c1a-6a09-ba07-000000000800}
ProcessId: 9912
Image: C:\Program Files\Splunk\bin\splunk-powershell.exe
FileVersion: -
Description: -
Product: -
Company: -
OriginalFileName: -
CommandLine: "C:\Program Files\Splunk\bin\splunk-powershell.exe"
CurrentDirectory: C:\WINDOWS\system32\
User: NT AUTHORITY\SYSTEM
LogonGuid: {951b9ce6-7362-6a09-e703-000000000000}
LogonId: 0x3E7
TerminalSessionId: 0
IntegrityLevel: System
Hashes: SHA256=BAC42959A130084AFD25DEF2520AA63E58F466C472484A0FB011E51B1838D203
ParentProcessGuid: {951b9ce6-7366-6a09-4e00-000000000800}
ParentProcessId: 3560
ParentImage: C:\Program Files\Splunk\bin\splunkd.exe
ParentCommandLine: "C:\Program Files\Splunk\bin\splunkd.exe" service
ParentUser: NT AUTHORITY\SYSTEM
05/17/2026 02:12:11.069 PM
LogName=Microsoft-Windows-Sysmon/Operational
EventCode=1
EventType=4
ComputerName=DESKTOP-82HJBKD
User=NOT_TRANSLATED
Sid=S-1-5-18
SidType=0
SourceName=Microsoft-Windows-Sysmon
Type=Information
RecordNumber=6776
Keywords=None
TaskCategory=Sysmon config state changed
OpCode=Info
Message=Process Create:
RuleName: -
UtcTime: 2026-05-17 08:27:11.067
ProcessGuid: {951b9ce6-7bdf-6a09-8007-000000000800}
ProcessId: 3628
Image: C:\Program Files\Splunk\bin\splunk-powershell.exe
FileVersion: -
Description: -
Product: -
Company: -
OriginalFileName: -
CommandLine: "C:\Program Files\Splunk\bin\splunk-powershell.exe" --ps2
CurrentDirectory: C:\WINDOWS\system32\
User: NT AUTHORITY\SYSTEM
LogonGuid: {951b9ce6-7362-6a09-e703-000000000000}
LogonId: 0x3E7
TerminalSessionId: 0
IntegrityLevel: System
Hashes: SHA256=BAC42959A130084AFD25DEF2520AA63E58F466C472484A0FB011E51B1838D203
ParentProcessGuid: {951b9ce6-7366-6a09-4e00-000000000800}
ParentProcessId: 3560
ParentImage: C:\Program Files\Splunk\bin\splunkd.exe
ParentCommandLine: "C:\Program Files\Splunk\bin\splunkd.exe" service
ParentUser: NT AUTHORITY\SYSTEM
05/17/2026 02:12:09.989 PM
LogName=Microsoft-Windows-Sysmon/Operational
EventCode=1
EventType=4
ComputerName=DESKTOP-82HJBKD
User=NOT_TRANSLATED
Sid=S-1-5-18
SidType=0
SourceName=Microsoft-Windows-Sysmon
Type=Information
RecordNumber=6774
Keywords=None
TaskCategory=Sysmon config state changed
OpCode=Info
Message=Process Create:
RuleName: -
UtcTime: 2026-05-17 08:27:09.986
ProcessGuid: {951b9ce6-7bdd-6a09-7f07-000000000800}
ProcessId: 4764
Image: C:\Program Files\Splunk\bin\splunk-powershell.exe
FileVersion: -
Description: -
Product: -
Company: -
OriginalFileName: -
CommandLine: "C:\Program Files\Splunk\bin\splunk-powershell.exe"
CurrentDirectory: C:\WINDOWS\system32\
User: NT AUTHORITY\SYSTEM
LogonGuid: {951b9ce6-7362-6a09-e703-000000000000}
LogonId: 0x3E7
TerminalSessionId: 0
IntegrityLevel: System
Hashes: SHA256=BAC42959A130084AFD25DEF2520AA63E58F466C472484A0FB011E51B1838D203
ParentProcessGuid: {951b9ce6-7366-6a09-4e00-000000000800}
ParentProcessId: 3560
ParentImage: C:\Program Files\Splunk\bin\splunkd.exe
ParentCommandLine: "C:\Program Files\Splunk\bin\splunkd.exe" service
ParentUser: NT AUTHORITY\SYSTEM
05/17/2026 02:11:11.091 PM
LogName=Microsoft-Windows-Sysmon/Operational
EventCode=1
EventType=4
ComputerName=DESKTOP-82HJBKD
User=NOT_TRANSLATED
Sid=S-1-5-18
SidType=0
SourceName=Microsoft-Windows-Sysmon
Type=Information
RecordNumber=6654
Keywords=None
TaskCategory=Sysmon config state changed
OpCode=Info
Message=Process Create:
RuleName: -
UtcTime: 2026-05-17 08:26:11.085
ProcessGuid: {951b9ce6-7ba3-6a09-4407-000000000800}
ProcessId: 9912
Image: C:\Program Files\Splunk\bin\splunk-powershell.exe
FileVersion: -
Description: -
Product: -
Company: -
OriginalFileName: -
CommandLine: "C:\Program Files\Splunk\bin\splunk-powershell.exe" --ps2
CurrentDirectory: C:\WINDOWS\system32\
User: NT AUTHORITY\SYSTEM
LogonGuid: {951b9ce6-7362-6a09-e703-000000000000}
LogonId: 0x3E7
TerminalSessionId: 0
IntegrityLevel: System
Hashes: SHA256=BAC42959A130084AFD25DEF2520AA63E58F466C472484A0FB011E51B1838D203
ParentProcessGuid: {951b9ce6-7366-6a09-4e00-000000000800}
ParentProcessId: 3560
ParentImage: C:\Program Files\Splunk\bin\splunkd.exe
ParentCommandLine: "C:\Program Files\Splunk\bin\splunkd.exe" service
ParentUser: NT AUTHORITY\SYSTEM
05/17/2026 02:11:09.985 PM
LogName=Microsoft-Windows-Sysmon/Operational
EventCode=1
EventType=4
ComputerName=DESKTOP-82HJBKD
User=NOT_TRANSLATED
Sid=S-1-5-18
SidType=0
SourceName=Microsoft-Windows-Sysmon
Type=Information
RecordNumber=6652
Keywords=None
TaskCategory=Sysmon config state changed
OpCode=Info
Message=Process Create:
RuleName: -
UtcTime: 2026-05-17 08:26:09.984
ProcessGuid: {951b9ce6-7ba1-6a09-4307-000000000800}
ProcessId: 3648
Image: C:\Program Files\Splunk\bin\splunk-powershell.exe
FileVersion: -
Description: -
Product: -
Company: -
OriginalFileName: -
CommandLine: "C:\Program Files\Splunk\bin\splunk-powershell.exe"
CurrentDirectory: C:\WINDOWS\system32\
User: NT AUTHORITY\SYSTEM
LogonGuid: {951b9ce6-7362-6a09-e703-000000000000}
LogonId: 0x3E7
TerminalSessionId: 0
IntegrityLevel: System
Hashes: SHA256=BAC42959A130084AFD25DEF2520AA63E58F466C472484A0FB011E51B1838D203
ParentProcessGuid: {951b9ce6-7366-6a09-4e00-000000000800}
ParentProcessId: 3560
ParentImage: C:\Program Files\Splunk\bin\splunkd.exe
ParentCommandLine: "C:\Program Files\Splunk\bin\splunkd.exe" service
ParentUser: NT AUTHORITY\SYSTEM
05/17/2026 02:10:11.146 PM
LogName=Microsoft-Windows-Sysmon/Operational
EventCode=1
EventType=4
ComputerName=DESKTOP-82HJBKD
User=NOT_TRANSLATED
Sid=S-1-5-18
SidType=0
SourceName=Microsoft-Windows-Sysmon
Type=Information
RecordNumber=6507
Keywords=None
TaskCategory=Sysmon config state changed
OpCode=Info
Message=Process Create:
RuleName: -
UtcTime: 2026-05-17 08:25:11.145
ProcessGuid: {951b9ce6-7b67-6a09-f406-000000000800}
ProcessId: 7680
Image: C:\Program Files\Splunk\bin\splunk-powershell.exe
FileVersion: -
Description: -
Product: -
Company: -
OriginalFileName: -
CommandLine: "C:\Program Files\Splunk\bin\splunk-powershell.exe" --ps2
CurrentDirectory: C:\WINDOWS\system32\
User: NT AUTHORITY\SYSTEM
LogonGuid: {951b9ce6-7362-6a09-e703-000000000000}
LogonId: 0x3E7
TerminalSessionId: 0
IntegrityLevel: System
Hashes: SHA256=BAC42959A130084AFD25DEF2520AA63E58F466C472484A0FB011E51B1838D203
ParentProcessGuid: {951b9ce6-7366-6a09-4e00-000000000800}
ParentProcessId: 3560
ParentImage: C:\Program Files\Splunk\bin\splunkd.exe
ParentCommandLine: "C:\Program Files\Splunk\bin\splunkd.exe" service
ParentUser: NT AUTHORITY\SYSTEM
05/17/2026 02:10:09.988 PM
LogName=Microsoft-Windows-Sysmon/Operational
EventCode=1
EventType=4
ComputerName=DESKTOP-82HJBKD
User=NOT_TRANSLATED
Sid=S-1-5-18
SidType=0
SourceName=Microsoft-Windows-Sysmon
Type=Information
RecordNumber=6501
Keywords=None
TaskCategory=Sysmon config state changed
OpCode=Info
Message=Process Create:
RuleName: -
UtcTime: 2026-05-17 08:25:09.986
ProcessGuid: {951b9ce6-7b65-6a09-f106-000000000800}
ProcessId: 10072
Image: C:\Program Files\Splunk\bin\splunk-powershell.exe
FileVersion: -
Description: -
Product: -
Company: -
OriginalFileName: -
CommandLine: "C:\Program Files\Splunk\bin\splunk-powershell.exe"
CurrentDirectory: C:\WINDOWS\system32\
User: NT AUTHORITY\SYSTEM
LogonGuid: {951b9ce6-7362-6a09-e703-000000000000}
LogonId: 0x3E7
TerminalSessionId: 0
IntegrityLevel: System
Hashes: SHA256=BAC42959A130084AFD25DEF2520AA63E58F466C472484A0FB011E51B1838D203
ParentProcessGuid: {951b9ce6-7366-6a09-4e00-000000000800}
ParentProcessId: 3560
ParentImage: C:\Program Files\Splunk\bin\splunkd.exe
ParentCommandLine: "C:\Program Files\Splunk\bin\splunkd.exe" service
ParentUser: NT AUTHORITY\SYSTEM
05/17/2026 02:09:11.188 PM
LogName=Microsoft-Windows-Sysmon/Operational
EventCode=1
EventType=4
ComputerName=DESKTOP-82HJBKD
User=NOT_TRANSLATED
Sid=S-1-5-18
SidType=0
SourceName=Microsoft-Windows-Sysmon
Type=Information
RecordNumber=6411
Keywords=None
TaskCategory=Sysmon config state changed
OpCode=Info
Message=Process Create:
RuleName: -
UtcTime: 2026-05-17 08:24:11.186
ProcessGuid: {951b9ce6-7b2b-6a09-c406-000000000800}
ProcessId: 9612
Image: C:\Program Files\Splunk\bin\splunk-powershell.exe
FileVersion: -
Description: -
Product: -
Company: -
OriginalFileName: -
CommandLine: "C:\Program Files\Splunk\bin\splunk-powershell.exe" --ps2
CurrentDirectory: C:\WINDOWS\system32\
User: NT AUTHORITY\SYSTEM
LogonGuid: {951b9ce6-7362-6a09-e703-000000000000}
LogonId: 0x3E7
TerminalSessionId: 0
IntegrityLevel: System
Hashes: SHA256=BAC42959A130084AFD25DEF2520AA63E58F466C472484A0FB011E51B1838D203
ParentProcessGuid: {951b9ce6-7366-6a09-4e00-000000000800}
ParentProcessId: 3560
ParentImage: C:\Program Files\Splunk\bin\splunkd.exe
ParentCommandLine: "C:\Program Files\Splunk\bin\splunkd.exe" service
ParentUser: NT AUTHORITY\SYSTEM
05/17/2026 02:09:09.975 PM
LogName=Microsoft-Windows-Sysmon/Operational
EventCode=1
EventType=4
ComputerName=DESKTOP-82HJBKD
User=NOT_TRANSLATED
Sid=S-1-5-18
SidType=0
SourceName=Microsoft-Windows-Sysmon
Type=Information
RecordNumber=6404
Keywords=None
TaskCategory=Sysmon config state changed
OpCode=Info
Message=Process Create:
RuleName: -
UtcTime: 2026-05-17 08:24:09.973
ProcessGuid: {951b9ce6-7b29-6a09-c006-000000000800}
ProcessId: 1644
Image: C:\Program Files\Splunk\bin\splunk-powershell.exe
FileVersion: -
Description: -
Product: -
Company: -
OriginalFileName: -
CommandLine: "C:\Program Files\Splunk\bin\splunk-powershell.exe"
CurrentDirectory: C:\WINDOWS\system32\
User: NT AUTHORITY\SYSTEM
LogonGuid: {951b9ce6-7362-6a09-e703-000000000000}
LogonId: 0x3E7
TerminalSessionId: 0
IntegrityLevel: System
Hashes: SHA256=BAC42959A130084AFD25DEF2520AA63E58F466C472484A0FB011E51B1838D203
ParentProcessGuid: {951b9ce6-7366-6a09-4e00-000000000800}
ParentProcessId: 3560
ParentImage: C:\Program Files\Splunk\bin\splunkd.exe
ParentCommandLine: "C:\Program Files\Splunk\bin\splunkd.exe" service
ParentUser: NT AUTHORITY\SYSTEM
05/17/2026 02:08:41.438 PM
LogName=Microsoft-Windows-Sysmon/Operational
EventCode=1
EventType=4
ComputerName=DESKTOP-82HJBKD
User=NOT_TRANSLATED
Sid=S-1-5-18
SidType=0
SourceName=Microsoft-Windows-Sysmon
Type=Information
RecordNumber=6351
Keywords=None
TaskCategory=Sysmon config state changed
OpCode=Info
Message=Process Create:
RuleName: -
UtcTime: 2026-05-17 08:23:41.435
ProcessGuid: {951b9ce6-7b0d-6a09-a606-000000000800}
ProcessId: 1260
Image: C:\Users\USERR\Downloads\Sysmon\Sysmon64.exe
FileVersion: 15.20
Description: System activity monitor
Product: Sysinternals Sysmon
Company: Sysinternals - www.sysinternals.com
OriginalFileName: -
CommandLine: "C:\Users\USERR\Downloads\Sysmon\Sysmon64.exe" -i
CurrentDirectory: C:\Users\USERR\Downloads\Sysmon\
User: DESKTOP-82HJBKD\USERR
LogonGuid: {951b9ce6-7378-6a09-ced2-0d0000000000}
LogonId: 0xDD2CE
TerminalSessionId: 1
IntegrityLevel: High
Hashes: SHA256=D8115212A7747010593DE813404B02D05B915E4B1D0231502B856B9ACE9274E8
ParentProcessGuid: {951b9ce6-7af1-6a09-9206-000000000800}
ParentProcessId: 1156
ParentImage: C:\Windows\System32\WindowsPowerShell\v1.0\powershell.exe
ParentCommandLine: C:\WINDOWS\System32\WindowsPowerShell\v1.0\powershell.exe
ParentUser: DESKTOP-82HJBKD\USERR
05/17/2026 02:08:13.642 PM
LogName=Microsoft-Windows-Sysmon/Operational
EventCode=1
EventType=4
ComputerName=DESKTOP-82HJBKD
User=NOT_TRANSLATED
Sid=S-1-5-18
SidType=0
SourceName=Microsoft-Windows-Sysmon
Type=Information
RecordNumber=6311
Keywords=None
TaskCategory=Sysmon config state changed
OpCode=Info
Message=Process Create:
RuleName: -
UtcTime: 2026-05-17 08:23:13.631
ProcessGuid: {951b9ce6-7af1-6a09-9206-000000000800}
ProcessId: 1156
Image: C:\Windows\System32\WindowsPowerShell\v1.0\powershell.exe
FileVersion: 10.0.26100.5074 (WinBuild.160101.0800)
Description: Windows PowerShell
Product: Microsoft® Windows® Operating System
Company: Microsoft Corporation
OriginalFileName: PowerShell.EXE
CommandLine: C:\WINDOWS\System32\WindowsPowerShell\v1.0\powershell.exe
CurrentDirectory: C:\Users\USERR\
User: DESKTOP-82HJBKD\USERR
LogonGuid: {951b9ce6-7378-6a09-ced2-0d0000000000}
LogonId: 0xDD2CE
TerminalSessionId: 1
IntegrityLevel: High
Hashes: SHA256=0FF6F2C94BC7E2833A5F7E16DE1622E5DBA70396F31C7D5F56381870317E8C46
ParentProcessGuid: {951b9ce6-7af0-6a09-9006-000000000800}
ParentProcessId: 9968
ParentImage: C:\Program Files\WindowsApps\Microsoft.WindowsTerminal_1.24.11321.0_x64__8wekyb3d8bbwe\WindowsTerminal.exe
ParentCommandLine: "C:\Program Files\WindowsApps\Microsoft.WindowsTerminal_1.24.11321.0_x64__8wekyb3d8bbwe\WindowsTerminal.exe" 
ParentUser: DESKTOP-82HJBKD\USERR
05/17/2026 02:08:11.337 PM
LogName=Microsoft-Windows-Sysmon/Operational
EventCode=1
EventType=4
ComputerName=DESKTOP-82HJBKD
User=NOT_TRANSLATED
Sid=S-1-5-18
SidType=0
SourceName=Microsoft-Windows-Sysmon
Type=Information
RecordNumber=6304
Keywords=None
TaskCategory=Sysmon config state changed
OpCode=Info
Message=Process Create:
RuleName: -
UtcTime: 2026-05-17 08:23:11.305
ProcessGuid: {951b9ce6-7aef-6a09-8e06-000000000800}
ProcessId: 6880
Image: C:\Program Files\Splunk\bin\splunk-powershell.exe
FileVersion: -
Description: -
Product: -
Company: -
OriginalFileName: -
CommandLine: "C:\Program Files\Splunk\bin\splunk-powershell.exe" --ps2
CurrentDirectory: C:\WINDOWS\system32\
User: NT AUTHORITY\SYSTEM
LogonGuid: {951b9ce6-7362-6a09-e703-000000000000}
LogonId: 0x3E7
TerminalSessionId: 0
IntegrityLevel: System
Hashes: SHA256=BAC42959A130084AFD25DEF2520AA63E58F466C472484A0FB011E51B1838D203
ParentProcessGuid: {951b9ce6-7366-6a09-4e00-000000000800}
ParentProcessId: 3560
ParentImage: C:\Program Files\Splunk\bin\splunkd.exe
ParentCommandLine: "C:\Program Files\Splunk\bin\splunkd.exe" service
ParentUser: NT AUTHORITY\SYSTEM
05/17/2026 02:08:09.966 PM
LogName=Microsoft-Windows-Sysmon/Operational
EventCode=1
EventType=4
ComputerName=DESKTOP-82HJBKD
User=NOT_TRANSLATED
Sid=S-1-5-18
SidType=0
SourceName=Microsoft-Windows-Sysmon
Type=Information
RecordNumber=6294
Keywords=None
TaskCategory=Sysmon config state changed
OpCode=Info
Message=Process Create:
RuleName: -
UtcTime: 2026-05-17 08:23:09.964
ProcessGuid: {951b9ce6-7aed-6a09-8806-000000000800}
ProcessId: 5116
Image: C:\Program Files\Splunk\bin\splunk-powershell.exe
FileVersion: -
Description: -
Product: -
Company: -
OriginalFileName: -
CommandLine: "C:\Program Files\Splunk\bin\splunk-powershell.exe"
CurrentDirectory: C:\WINDOWS\system32\
User: NT AUTHORITY\SYSTEM
LogonGuid: {951b9ce6-7362-6a09-e703-000000000000}
LogonId: 0x3E7
TerminalSessionId: 0
IntegrityLevel: System
Hashes: SHA256=BAC42959A130084AFD25DEF2520AA63E58F466C472484A0FB011E51B1838D203
ParentProcessGuid: {951b9ce6-7366-6a09-4e00-000000000800}
ParentProcessId: 3560
ParentImage: C:\Program Files\Splunk\bin\splunkd.exe
ParentCommandLine: "C:\Program Files\Splunk\bin\splunkd.exe" service
ParentUser: NT AUTHORITY\SYSTEM
05/17/2026 02:07:58.741 PM
LogName=Microsoft-Windows-Sysmon/Operational
EventCode=1
EventType=4
ComputerName=DESKTOP-82HJBKD
User=NOT_TRANSLATED
Sid=S-1-5-18
SidType=0
SourceName=Microsoft-Windows-Sysmon
Type=Information
RecordNumber=6270
Keywords=None
TaskCategory=Sysmon config state changed
OpCode=Info
Message=Process Create:
RuleName: -
UtcTime: 2026-05-17 08:22:58.726
ProcessGuid: {951b9ce6-7ae2-6a09-7d06-000000000800}
ProcessId: 9344
Image: C:\Users\USERR\Downloads\Sysmon\Sysmon64.exe
FileVersion: 15.20
Description: System activity monitor
Product: Sysinternals Sysmon
Company: Sysinternals - www.sysinternals.com
OriginalFileName: -
CommandLine: "C:\Users\USERR\Downloads\Sysmon\Sysmon64.exe" -i
CurrentDirectory: C:\Users\USERR\Downloads\Sysmon\
User: DESKTOP-82HJBKD\USERR
LogonGuid: {951b9ce6-7378-6a09-dbd3-0d0000000000}
LogonId: 0xDD3DB
TerminalSessionId: 1
IntegrityLevel: Medium
Hashes: SHA256=D8115212A7747010593DE813404B02D05B915E4B1D0231502B856B9ACE9274E8
ParentProcessGuid: {951b9ce6-7ac6-6a09-6b06-000000000800}
ParentProcessId: 3980
ParentImage: C:\Windows\System32\WindowsPowerShell\v1.0\powershell.exe
ParentCommandLine: C:\WINDOWS\System32\WindowsPowerShell\v1.0\powershell.exe
ParentUser: DESKTOP-82HJBKD\USERR
05/17/2026 02:07:30.297 PM
LogName=Microsoft-Windows-Sysmon/Operational
EventCode=1
EventType=4
ComputerName=DESKTOP-82HJBKD
User=NOT_TRANSLATED
Sid=S-1-5-18
SidType=0
SourceName=Microsoft-Windows-Sysmon
Type=Information
RecordNumber=6233
Keywords=None
TaskCategory=Sysmon config state changed
OpCode=Info
Message=Process Create:
RuleName: -
UtcTime: 2026-05-17 08:22:30.287
ProcessGuid: {951b9ce6-7ac6-6a09-6b06-000000000800}
ProcessId: 3980
Image: C:\Windows\System32\WindowsPowerShell\v1.0\powershell.exe
FileVersion: 10.0.26100.5074 (WinBuild.160101.0800)
Description: Windows PowerShell
Product: Microsoft® Windows® Operating System
Company: Microsoft Corporation
OriginalFileName: PowerShell.EXE
CommandLine: C:\WINDOWS\System32\WindowsPowerShell\v1.0\powershell.exe
CurrentDirectory: C:\Users\USERR\Downloads\Sysmon\
User: DESKTOP-82HJBKD\USERR
LogonGuid: {951b9ce6-7378-6a09-dbd3-0d0000000000}
LogonId: 0xDD3DB
TerminalSessionId: 1
IntegrityLevel: Medium
Hashes: SHA256=0FF6F2C94BC7E2833A5F7E16DE1622E5DBA70396F31C7D5F56381870317E8C46
ParentProcessGuid: {951b9ce6-7ac5-6a09-6906-000000000800}
ParentProcessId: 9576
ParentImage: C:\Program Files\WindowsApps\Microsoft.WindowsTerminal_1.24.11321.0_x64__8wekyb3d8bbwe\WindowsTerminal.exe
ParentCommandLine: "C:\Program Files\WindowsApps\Microsoft.WindowsTerminal_1.24.11321.0_x64__8wekyb3d8bbwe\WindowsTerminal.exe" -d "C:\Users\USERR\Downloads\Sysmon"
ParentUser: DESKTOP-82HJBKD\USERR
05/17/2026 02:07:11.095 PM
LogName=Microsoft-Windows-Sysmon/Operational
EventCode=1
EventType=4
ComputerName=DESKTOP-82HJBKD
User=NOT_TRANSLATED
Sid=S-1-5-18
SidType=0
SourceName=Microsoft-Windows-Sysmon
Type=Information
RecordNumber=6180
Keywords=None
TaskCategory=Sysmon config state changed
OpCode=Info
Message=Process Create:
RuleName: -
UtcTime: 2026-05-17 08:22:11.053
ProcessGuid: {951b9ce6-7ab3-6a09-4f06-000000000800}
ProcessId: 9344
Image: C:\Program Files\Splunk\bin\splunk-powershell.exe
FileVersion: -
Description: -
Product: -
Company: -
OriginalFileName: -
CommandLine: "C:\Program Files\Splunk\bin\splunk-powershell.exe" --ps2
CurrentDirectory: C:\WINDOWS\system32\
User: NT AUTHORITY\SYSTEM
LogonGuid: {951b9ce6-7362-6a09-e703-000000000000}
LogonId: 0x3E7
TerminalSessionId: 0
IntegrityLevel: System
Hashes: SHA256=BAC42959A130084AFD25DEF2520AA63E58F466C472484A0FB011E51B1838D203
ParentProcessGuid: {951b9ce6-7366-6a09-4e00-000000000800}
ParentProcessId: 3560
ParentImage: C:\Program Files\Splunk\bin\splunkd.exe
ParentCommandLine: "C:\Program Files\Splunk\bin\splunkd.exe" service
ParentUser: NT AUTHORITY\SYSTEM
05/17/2026 02:07:09.963 PM
LogName=Microsoft-Windows-Sysmon/Operational
EventCode=1
EventType=4
ComputerName=DESKTOP-82HJBKD
User=NOT_TRANSLATED
Sid=S-1-5-18
SidType=0
SourceName=Microsoft-Windows-Sysmon
Type=Information
RecordNumber=6173
Keywords=None
TaskCategory=Sysmon config state changed
OpCode=Info
Message=Process Create:
RuleName: -
UtcTime: 2026-05-17 08:22:09.959
ProcessGuid: {951b9ce6-7ab1-6a09-4b06-000000000800}
ProcessId: 7740
Image: C:\Program Files\Splunk\bin\splunk-powershell.exe
FileVersion: -
Description: -
Product: -
Company: -
OriginalFileName: -
CommandLine: "C:\Program Files\Splunk\bin\splunk-powershell.exe"
CurrentDirectory: C:\WINDOWS\system32\
User: NT AUTHORITY\SYSTEM
LogonGuid: {951b9ce6-7362-6a09-e703-000000000000}
LogonId: 0x3E7
TerminalSessionId: 0
IntegrityLevel: System
Hashes: SHA256=BAC42959A130084AFD25DEF2520AA63E58F466C472484A0FB011E51B1838D203
ParentProcessGuid: {951b9ce6-7366-6a09-4e00-000000000800}
ParentProcessId: 3560
ParentImage: C:\Program Files\Splunk\bin\splunkd.exe
ParentCommandLine: "C:\Program Files\Splunk\bin\splunkd.exe" service
ParentUser: NT AUTHORITY\SYSTEM
05/17/2026 02:06:11.063 PM
LogName=Microsoft-Windows-Sysmon/Operational
EventCode=1
EventType=4
ComputerName=DESKTOP-82HJBKD
User=NOT_TRANSLATED
Sid=S-1-5-18
SidType=0
SourceName=Microsoft-Windows-Sysmon
Type=Information
RecordNumber=6062
Keywords=None
TaskCategory=Sysmon config state changed
OpCode=Info
Message=Process Create:
RuleName: -
UtcTime: 2026-05-17 08:21:11.061
ProcessGuid: {951b9ce6-7a77-6a09-1506-000000000800}
ProcessId: 2508
Image: C:\Program Files\Splunk\bin\splunk-powershell.exe
FileVersion: -
Description: -
Product: -
Company: -
OriginalFileName: -
CommandLine: "C:\Program Files\Splunk\bin\splunk-powershell.exe" --ps2
CurrentDirectory: C:\WINDOWS\system32\
User: NT AUTHORITY\SYSTEM
LogonGuid: {951b9ce6-7362-6a09-e703-000000000000}
LogonId: 0x3E7
TerminalSessionId: 0
IntegrityLevel: System
Hashes: SHA256=BAC42959A130084AFD25DEF2520AA63E58F466C472484A0FB011E51B1838D203
ParentProcessGuid: {951b9ce6-7366-6a09-4e00-000000000800}
ParentProcessId: 3560
ParentImage: C:\Program Files\Splunk\bin\splunkd.exe
ParentCommandLine: "C:\Program Files\Splunk\bin\splunkd.exe" service
ParentUser: NT AUTHORITY\SYSTEM
05/17/2026 02:06:09.947 PM
LogName=Microsoft-Windows-Sysmon/Operational
EventCode=1
EventType=4
ComputerName=DESKTOP-82HJBKD
User=NOT_TRANSLATED
Sid=S-1-5-18
SidType=0
SourceName=Microsoft-Windows-Sysmon
Type=Information
RecordNumber=6060
Keywords=None
TaskCategory=Sysmon config state changed
OpCode=Info
Message=Process Create:
RuleName: -
UtcTime: 2026-05-17 08:21:09.944
ProcessGuid: {951b9ce6-7a75-6a09-1406-000000000800}
ProcessId: 9000
Image: C:\Program Files\Splunk\bin\splunk-powershell.exe
FileVersion: -
Description: -
Product: -
Company: -
OriginalFileName: -
CommandLine: "C:\Program Files\Splunk\bin\splunk-powershell.exe"
CurrentDirectory: C:\WINDOWS\system32\
User: NT AUTHORITY\SYSTEM
LogonGuid: {951b9ce6-7362-6a09-e703-000000000000}
LogonId: 0x3E7
TerminalSessionId: 0
IntegrityLevel: System
Hashes: SHA256=BAC42959A130084AFD25DEF2520AA63E58F466C472484A0FB011E51B1838D203
ParentProcessGuid: {951b9ce6-7366-6a09-4e00-000000000800}
ParentProcessId: 3560
ParentImage: C:\Program Files\Splunk\bin\splunkd.exe
ParentCommandLine: "C:\Program Files\Splunk\bin\splunkd.exe" service
ParentUser: NT AUTHORITY\SYSTEM
05/17/2026 02:05:37.736 PM
LogName=Microsoft-Windows-Sysmon/Operational
EventCode=1
EventType=4
ComputerName=DESKTOP-82HJBKD
User=NOT_TRANSLATED
Sid=S-1-5-18
SidType=0
SourceName=Microsoft-Windows-Sysmon
Type=Information
RecordNumber=6002
Keywords=None
TaskCategory=Sysmon config state changed
OpCode=Info
Message=Process Create:
RuleName: -
UtcTime: 2026-05-17 08:20:37.732
ProcessGuid: {951b9ce6-7a55-6a09-f905-000000000800}
ProcessId: 5820
Image: C:\Windows\System32\conhost.exe
FileVersion: 10.0.26100.7920 (WinBuild.160101.0800)
Description: Console Window Host
Product: Microsoft® Windows® Operating System
Company: Microsoft Corporation
OriginalFileName: CONHOST.EXE
CommandLine: \??\C:\WINDOWS\system32\conhost.exe 0xffffffff -ForceV1
CurrentDirectory: C:\WINDOWS
User: DESKTOP-82HJBKD\USERR
LogonGuid: {951b9ce6-7378-6a09-ced2-0d0000000000}
LogonId: 0xDD2CE
TerminalSessionId: 1
IntegrityLevel: High
Hashes: SHA256=2B335DE3C724DDB63A4D14E57C8F5A742A87C1D07A41BE0EBAAC4E32A693D153
ParentProcessGuid: {951b9ce6-7a55-6a09-f805-000000000800}
ParentProcessId: 9632
ParentImage: C:\Windows\System32\WindowsPowerShell\v1.0\powershell.exe
ParentCommandLine: "C:\Windows\System32\WindowsPowerShell\v1.0\powershell.exe" 
ParentUser: DESKTOP-82HJBKD\USERR
05/17/2026 02:05:37.610 PM
LogName=Microsoft-Windows-Sysmon/Operational
EventCode=1
EventType=4
ComputerName=DESKTOP-82HJBKD
User=NOT_TRANSLATED
Sid=S-1-5-18
SidType=0
SourceName=Microsoft-Windows-Sysmon
Type=Information
RecordNumber=6001
Keywords=None
TaskCategory=Sysmon config state changed
OpCode=Info
Message=Process Create:
RuleName: -
UtcTime: 2026-05-17 08:20:37.598
ProcessGuid: {951b9ce6-7a55-6a09-f805-000000000800}
ProcessId: 9632
Image: C:\Windows\System32\WindowsPowerShell\v1.0\powershell.exe
FileVersion: 10.0.26100.5074 (WinBuild.160101.0800)
Description: Windows PowerShell
Product: Microsoft® Windows® Operating System
Company: Microsoft Corporation
OriginalFileName: PowerShell.EXE
CommandLine: "C:\Windows\System32\WindowsPowerShell\v1.0\powershell.exe" 
CurrentDirectory: C:\WINDOWS\system32\
User: DESKTOP-82HJBKD\USERR
LogonGuid: {951b9ce6-7378-6a09-ced2-0d0000000000}
LogonId: 0xDD2CE
TerminalSessionId: 1
IntegrityLevel: High
Hashes: SHA256=0FF6F2C94BC7E2833A5F7E16DE1622E5DBA70396F31C7D5F56381870317E8C46
ParentProcessGuid: {951b9ce6-7379-6a09-de00-000000000800}
ParentProcessId: 6500
ParentImage: C:\Windows\explorer.exe
ParentCommandLine: C:\WINDOWS\Explorer.EXE
ParentUser: DESKTOP-82HJBKD\USERR
05/17/2026 02:05:11.365 PM
LogName=Microsoft-Windows-Sysmon/Operational
EventCode=1
EventType=4
ComputerName=DESKTOP-82HJBKD
User=NOT_TRANSLATED
Sid=S-1-5-18
SidType=0
SourceName=Microsoft-Windows-Sysmon
Type=Information
RecordNumber=5922
Keywords=None
TaskCategory=Sysmon config state changed
OpCode=Info
Message=Process Create:
RuleName: -
UtcTime: 2026-05-17 08:20:11.357
ProcessGuid: {951b9ce6-7a3b-6a09-d305-000000000800}
ProcessId: 1500
Image: C:\Program Files\Splunk\bin\splunk-powershell.exe
FileVersion: -
Description: -
Product: -
Company: -
OriginalFileName: -
CommandLine: "C:\Program Files\Splunk\bin\splunk-powershell.exe" --ps2
CurrentDirectory: C:\WINDOWS\system32\
User: NT AUTHORITY\SYSTEM
LogonGuid: {951b9ce6-7362-6a09-e703-000000000000}
LogonId: 0x3E7
TerminalSessionId: 0
IntegrityLevel: System
Hashes: SHA256=BAC42959A130084AFD25DEF2520AA63E58F466C472484A0FB011E51B1838D203
ParentProcessGuid: {951b9ce6-7366-6a09-4e00-000000000800}
ParentProcessId: 3560
ParentImage: C:\Program Files\Splunk\bin\splunkd.exe
ParentCommandLine: "C:\Program Files\Splunk\bin\splunkd.exe" service
ParentUser: NT AUTHORITY\SYSTEM
05/17/2026 02:05:09.936 PM
LogName=Microsoft-Windows-Sysmon/Operational
EventCode=1
EventType=4
ComputerName=DESKTOP-82HJBKD
User=NOT_TRANSLATED
Sid=S-1-5-18
SidType=0
SourceName=Microsoft-Windows-Sysmon
Type=Information
RecordNumber=5910
Keywords=None
TaskCategory=Sysmon config state changed
OpCode=Info
Message=Process Create:
RuleName: -
UtcTime: 2026-05-17 08:20:09.931
ProcessGuid: {951b9ce6-7a39-6a09-cd05-000000000800}
ProcessId: 1992
Image: C:\Program Files\Splunk\bin\splunk-powershell.exe
FileVersion: -
Description: -
Product: -
Company: -
OriginalFileName: -
CommandLine: "C:\Program Files\Splunk\bin\splunk-powershell.exe"
CurrentDirectory: C:\WINDOWS\system32\
User: NT AUTHORITY\SYSTEM
LogonGuid: {951b9ce6-7362-6a09-e703-000000000000}
LogonId: 0x3E7
TerminalSessionId: 0
IntegrityLevel: System
Hashes: SHA256=BAC42959A130084AFD25DEF2520AA63E58F466C472484A0FB011E51B1838D203
ParentProcessGuid: {951b9ce6-7366-6a09-4e00-000000000800}
ParentProcessId: 3560
ParentImage: C:\Program Files\Splunk\bin\splunkd.exe
ParentCommandLine: "C:\Program Files\Splunk\bin\splunkd.exe" service
ParentUser: NT AUTHORITY\SYSTEM
05/17/2026 01:52:07.442 PM
LogName=Microsoft-Windows-Sysmon/Operational
EventCode=1
EventType=4
ComputerName=DESKTOP-82HJBKD
User=NOT_TRANSLATED
Sid=S-1-5-18
SidType=0
SourceName=Microsoft-Windows-Sysmon
Type=Information
RecordNumber=5794
Keywords=None
TaskCategory=Sysmon config state changed
OpCode=Info
Message=Process Create:
RuleName: -
UtcTime: 2026-05-17 08:07:07.440
ProcessGuid: {951b9ce6-772b-6a09-8e05-000000000800}
ProcessId: 7164
Image: C:\Program Files\Splunk\bin\splunk-powershell.exe
FileVersion: -
Description: -
Product: -
Company: -
OriginalFileName: -
CommandLine: "C:\Program Files\Splunk\bin\splunk-powershell.exe" --ps2
CurrentDirectory: C:\WINDOWS\system32\
User: NT AUTHORITY\SYSTEM
LogonGuid: {951b9ce6-7362-6a09-e703-000000000000}
LogonId: 0x3E7
TerminalSessionId: 0
IntegrityLevel: System
Hashes: SHA256=BAC42959A130084AFD25DEF2520AA63E58F466C472484A0FB011E51B1838D203
ParentProcessGuid: {951b9ce6-7366-6a09-4e00-000000000800}
ParentProcessId: 3560
ParentImage: C:\Program Files\Splunk\bin\splunkd.exe
ParentCommandLine: "C:\Program Files\Splunk\bin\splunkd.exe" service
ParentUser: NT AUTHORITY\SYSTEM
05/17/2026 01:52:06.776 PM
LogName=Microsoft-Windows-Sysmon/Operational
EventCode=1
EventType=4
ComputerName=DESKTOP-82HJBKD
User=NOT_TRANSLATED
Sid=S-1-5-18
SidType=0
SourceName=Microsoft-Windows-Sysmon
Type=Information
RecordNumber=5790
Keywords=None
TaskCategory=Sysmon config state changed
OpCode=Info
Message=Process Create:
RuleName: -
UtcTime: 2026-05-17 08:07:06.773
ProcessGuid: {951b9ce6-772a-6a09-8c05-000000000800}
ProcessId: 3736
Image: C:\Program Files\Splunk\bin\splunk-powershell.exe
FileVersion: -
Description: -
Product: -
Company: -
OriginalFileName: -
CommandLine: "C:\Program Files\Splunk\bin\splunk-powershell.exe"
CurrentDirectory: C:\WINDOWS\system32\
User: NT AUTHORITY\SYSTEM
LogonGuid: {951b9ce6-7362-6a09-e703-000000000000}
LogonId: 0x3E7
TerminalSessionId: 0
IntegrityLevel: System
Hashes: SHA256=BAC42959A130084AFD25DEF2520AA63E58F466C472484A0FB011E51B1838D203
ParentProcessGuid: {951b9ce6-7366-6a09-4e00-000000000800}
ParentProcessId: 3560
ParentImage: C:\Program Files\Splunk\bin\splunkd.exe
ParentCommandLine: "C:\Program Files\Splunk\bin\splunkd.exe" service
ParentUser: NT AUTHORITY\SYSTEM
05/17/2026 01:51:07.331 PM
LogName=Microsoft-Windows-Sysmon/Operational
EventCode=1
EventType=4
ComputerName=DESKTOP-82HJBKD
User=NOT_TRANSLATED
Sid=S-1-5-18
SidType=0
SourceName=Microsoft-Windows-Sysmon
Type=Information
RecordNumber=5680
Keywords=None
TaskCategory=Sysmon config state changed
OpCode=Info
Message=Process Create:
RuleName: -
UtcTime: 2026-05-17 08:06:07.329
ProcessGuid: {951b9ce6-76ef-6a09-5605-000000000800}
ProcessId: 3348
Image: C:\Program Files\Splunk\bin\splunk-powershell.exe
FileVersion: -
Description: -
Product: -
Company: -
OriginalFileName: -
CommandLine: "C:\Program Files\Splunk\bin\splunk-powershell.exe" --ps2
CurrentDirectory: C:\WINDOWS\system32\
User: NT AUTHORITY\SYSTEM
LogonGuid: {951b9ce6-7362-6a09-e703-000000000000}
LogonId: 0x3E7
TerminalSessionId: 0
IntegrityLevel: System
Hashes: SHA256=BAC42959A130084AFD25DEF2520AA63E58F466C472484A0FB011E51B1838D203
ParentProcessGuid: {951b9ce6-7366-6a09-4e00-000000000800}
ParentProcessId: 3560
ParentImage: C:\Program Files\Splunk\bin\splunkd.exe
ParentCommandLine: "C:\Program Files\Splunk\bin\splunkd.exe" service
ParentUser: NT AUTHORITY\SYSTEM
05/17/2026 01:51:06.766 PM
LogName=Microsoft-Windows-Sysmon/Operational
EventCode=1
EventType=4
ComputerName=DESKTOP-82HJBKD
User=NOT_TRANSLATED
Sid=S-1-5-18
SidType=0
SourceName=Microsoft-Windows-Sysmon
Type=Information
RecordNumber=5678
Keywords=None
TaskCategory=Sysmon config state changed
OpCode=Info
Message=Process Create:
RuleName: -
UtcTime: 2026-05-17 08:06:06.764
ProcessGuid: {951b9ce6-76ee-6a09-5505-000000000800}
ProcessId: 4680
Image: C:\Program Files\Splunk\bin\splunk-powershell.exe
FileVersion: -
Description: -
Product: -
Company: -
OriginalFileName: -
CommandLine: "C:\Program Files\Splunk\bin\splunk-powershell.exe"
CurrentDirectory: C:\WINDOWS\system32\
User: NT AUTHORITY\SYSTEM
LogonGuid: {951b9ce6-7362-6a09-e703-000000000000}
LogonId: 0x3E7
TerminalSessionId: 0
IntegrityLevel: System
Hashes: SHA256=BAC42959A130084AFD25DEF2520AA63E58F466C472484A0FB011E51B1838D203
ParentProcessGuid: {951b9ce6-7366-6a09-4e00-000000000800}
ParentProcessId: 3560
ParentImage: C:\Program Files\Splunk\bin\splunkd.exe
ParentCommandLine: "C:\Program Files\Splunk\bin\splunkd.exe" service
ParentUser: NT AUTHORITY\SYSTEM
05/17/2026 01:50:07.462 PM
LogName=Microsoft-Windows-Sysmon/Operational
EventCode=1
EventType=4
ComputerName=DESKTOP-82HJBKD
User=NOT_TRANSLATED
Sid=S-1-5-18
SidType=0
SourceName=Microsoft-Windows-Sysmon
Type=Information
RecordNumber=5566
Keywords=None
TaskCategory=Sysmon config state changed
OpCode=Info
Message=Process Create:
RuleName: -
UtcTime: 2026-05-17 08:05:07.460
ProcessGuid: {951b9ce6-76b3-6a09-1b05-000000000800}
ProcessId: 4948
Image: C:\Program Files\Splunk\bin\splunk-powershell.exe
FileVersion: -
Description: -
Product: -
Company: -
OriginalFileName: -
CommandLine: "C:\Program Files\Splunk\bin\splunk-powershell.exe" --ps2
CurrentDirectory: C:\WINDOWS\system32\
User: NT AUTHORITY\SYSTEM
LogonGuid: {951b9ce6-7362-6a09-e703-000000000000}
LogonId: 0x3E7
TerminalSessionId: 0
IntegrityLevel: System
Hashes: SHA256=BAC42959A130084AFD25DEF2520AA63E58F466C472484A0FB011E51B1838D203
ParentProcessGuid: {951b9ce6-7366-6a09-4e00-000000000800}
ParentProcessId: 3560
ParentImage: C:\Program Files\Splunk\bin\splunkd.exe
ParentCommandLine: "C:\Program Files\Splunk\bin\splunkd.exe" service
ParentUser: NT AUTHORITY\SYSTEM
05/17/2026 01:50:06.755 PM
LogName=Microsoft-Windows-Sysmon/Operational
EventCode=1
EventType=4
ComputerName=DESKTOP-82HJBKD
User=NOT_TRANSLATED
Sid=S-1-5-18
SidType=0
SourceName=Microsoft-Windows-Sysmon
Type=Information
RecordNumber=5562
Keywords=None
TaskCategory=Sysmon config state changed
OpCode=Info
Message=Process Create:
RuleName: -
UtcTime: 2026-05-17 08:05:06.753
ProcessGuid: {951b9ce6-76b2-6a09-1905-000000000800}
ProcessId: 1392
Image: C:\Program Files\Splunk\bin\splunk-powershell.exe
FileVersion: -
Description: -
Product: -
Company: -
OriginalFileName: -
CommandLine: "C:\Program Files\Splunk\bin\splunk-powershell.exe"
CurrentDirectory: C:\WINDOWS\system32\
User: NT AUTHORITY\SYSTEM
LogonGuid: {951b9ce6-7362-6a09-e703-000000000000}
LogonId: 0x3E7
TerminalSessionId: 0
IntegrityLevel: System
Hashes: SHA256=BAC42959A130084AFD25DEF2520AA63E58F466C472484A0FB011E51B1838D203
ParentProcessGuid: {951b9ce6-7366-6a09-4e00-000000000800}
ParentProcessId: 3560
ParentImage: C:\Program Files\Splunk\bin\splunkd.exe
ParentCommandLine: "C:\Program Files\Splunk\bin\splunkd.exe" service
ParentUser: NT AUTHORITY\SYSTEM
05/17/2026 01:49:07.330 PM
LogName=Microsoft-Windows-Sysmon/Operational
EventCode=1
EventType=4
ComputerName=DESKTOP-82HJBKD
User=NOT_TRANSLATED
Sid=S-1-5-18
SidType=0
SourceName=Microsoft-Windows-Sysmon
Type=Information
RecordNumber=5459
Keywords=None
TaskCategory=Sysmon config state changed
OpCode=Info
Message=Process Create:
RuleName: -
UtcTime: 2026-05-17 08:04:07.328
ProcessGuid: {951b9ce6-7677-6a09-e704-000000000800}
ProcessId: 7508
Image: C:\Program Files\Splunk\bin\splunk-powershell.exe
FileVersion: -
Description: -
Product: -
Company: -
OriginalFileName: -
CommandLine: "C:\Program Files\Splunk\bin\splunk-powershell.exe" --ps2
CurrentDirectory: C:\WINDOWS\system32\
User: NT AUTHORITY\SYSTEM
LogonGuid: {951b9ce6-7362-6a09-e703-000000000000}
LogonId: 0x3E7
TerminalSessionId: 0
IntegrityLevel: System
Hashes: SHA256=BAC42959A130084AFD25DEF2520AA63E58F466C472484A0FB011E51B1838D203
ParentProcessGuid: {951b9ce6-7366-6a09-4e00-000000000800}
ParentProcessId: 3560
ParentImage: C:\Program Files\Splunk\bin\splunkd.exe
ParentCommandLine: "C:\Program Files\Splunk\bin\splunkd.exe" service
ParentUser: NT AUTHORITY\SYSTEM
05/17/2026 01:49:06.751 PM
LogName=Microsoft-Windows-Sysmon/Operational
EventCode=1
EventType=4
ComputerName=DESKTOP-82HJBKD
User=NOT_TRANSLATED
Sid=S-1-5-18
SidType=0
SourceName=Microsoft-Windows-Sysmon
Type=Information
RecordNumber=5457
Keywords=None
TaskCategory=Sysmon config state changed
OpCode=Info
Message=Process Create:
RuleName: -
UtcTime: 2026-05-17 08:04:06.750
ProcessGuid: {951b9ce6-7676-6a09-e604-000000000800}
ProcessId: 1316
Image: C:\Program Files\Splunk\bin\splunk-powershell.exe
FileVersion: -
Description: -
Product: -
Company: -
OriginalFileName: -
CommandLine: "C:\Program Files\Splunk\bin\splunk-powershell.exe"
CurrentDirectory: C:\WINDOWS\system32\
User: NT AUTHORITY\SYSTEM
LogonGuid: {951b9ce6-7362-6a09-e703-000000000000}
LogonId: 0x3E7
TerminalSessionId: 0
IntegrityLevel: System
Hashes: SHA256=BAC42959A130084AFD25DEF2520AA63E58F466C472484A0FB011E51B1838D203
ParentProcessGuid: {951b9ce6-7366-6a09-4e00-000000000800}
ParentProcessId: 3560
ParentImage: C:\Program Files\Splunk\bin\splunkd.exe
ParentCommandLine: "C:\Program Files\Splunk\bin\splunkd.exe" service
ParentUser: NT AUTHORITY\SYSTEM
05/17/2026 01:48:07.471 PM
LogName=Microsoft-Windows-Sysmon/Operational
EventCode=1
EventType=4
ComputerName=DESKTOP-82HJBKD
User=NOT_TRANSLATED
Sid=S-1-5-18
SidType=0
SourceName=Microsoft-Windows-Sysmon
Type=Information
RecordNumber=5348
Keywords=None
TaskCategory=Sysmon config state changed
OpCode=Info
Message=Process Create:
RuleName: -
UtcTime: 2026-05-17 08:03:07.467
ProcessGuid: {951b9ce6-763b-6a09-b204-000000000800}
ProcessId: 9052
Image: C:\Program Files\Splunk\bin\splunk-powershell.exe
FileVersion: -
Description: -
Product: -
Company: -
OriginalFileName: -
CommandLine: "C:\Program Files\Splunk\bin\splunk-powershell.exe" --ps2
CurrentDirectory: C:\WINDOWS\system32\
User: NT AUTHORITY\SYSTEM
LogonGuid: {951b9ce6-7362-6a09-e703-000000000000}
LogonId: 0x3E7
TerminalSessionId: 0
IntegrityLevel: System
Hashes: SHA256=BAC42959A130084AFD25DEF2520AA63E58F466C472484A0FB011E51B1838D203
ParentProcessGuid: {951b9ce6-7366-6a09-4e00-000000000800}
ParentProcessId: 3560
ParentImage: C:\Program Files\Splunk\bin\splunkd.exe
ParentCommandLine: "C:\Program Files\Splunk\bin\splunkd.exe" service
ParentUser: NT AUTHORITY\SYSTEM
05/17/2026 01:48:06.753 PM
LogName=Microsoft-Windows-Sysmon/Operational
EventCode=1
EventType=4
ComputerName=DESKTOP-82HJBKD
User=NOT_TRANSLATED
Sid=S-1-5-18
SidType=0
SourceName=Microsoft-Windows-Sysmon
Type=Information
RecordNumber=5342
Keywords=None
TaskCategory=Sysmon config state changed
OpCode=Info
Message=Process Create:
RuleName: -
UtcTime: 2026-05-17 08:03:06.746
ProcessGuid: {951b9ce6-763a-6a09-af04-000000000800}
ProcessId: 4700
Image: C:\Program Files\Splunk\bin\splunk-powershell.exe
FileVersion: -
Description: -
Product: -
Company: -
OriginalFileName: -
CommandLine: "C:\Program Files\Splunk\bin\splunk-powershell.exe"
CurrentDirectory: C:\WINDOWS\system32\
User: NT AUTHORITY\SYSTEM
LogonGuid: {951b9ce6-7362-6a09-e703-000000000000}
LogonId: 0x3E7
TerminalSessionId: 0
IntegrityLevel: System
Hashes: SHA256=BAC42959A130084AFD25DEF2520AA63E58F466C472484A0FB011E51B1838D203
ParentProcessGuid: {951b9ce6-7366-6a09-4e00-000000000800}
ParentProcessId: 3560
ParentImage: C:\Program Files\Splunk\bin\splunkd.exe
ParentCommandLine: "C:\Program Files\Splunk\bin\splunkd.exe" service
ParentUser: NT AUTHORITY\SYSTEM
05/17/2026 01:47:07.326 PM
LogName=Microsoft-Windows-Sysmon/Operational
EventCode=1
EventType=4
ComputerName=DESKTOP-82HJBKD
User=NOT_TRANSLATED
Sid=S-1-5-18
SidType=0
SourceName=Microsoft-Windows-Sysmon
Type=Information
RecordNumber=5223
Keywords=None
TaskCategory=Sysmon config state changed
OpCode=Info
Message=Process Create:
RuleName: -
UtcTime: 2026-05-17 08:02:07.323
ProcessGuid: {951b9ce6-75ff-6a09-7404-000000000800}
ProcessId: 2836
Image: C:\Program Files\Splunk\bin\splunk-powershell.exe
FileVersion: -
Description: -
Product: -
Company: -
OriginalFileName: -
CommandLine: "C:\Program Files\Splunk\bin\splunk-powershell.exe" --ps2
CurrentDirectory: C:\WINDOWS\system32\
User: NT AUTHORITY\SYSTEM
LogonGuid: {951b9ce6-7362-6a09-e703-000000000000}
LogonId: 0x3E7
TerminalSessionId: 0
IntegrityLevel: System
Hashes: SHA256=BAC42959A130084AFD25DEF2520AA63E58F466C472484A0FB011E51B1838D203
ParentProcessGuid: {951b9ce6-7366-6a09-4e00-000000000800}
ParentProcessId: 3560
ParentImage: C:\Program Files\Splunk\bin\splunkd.exe
ParentCommandLine: "C:\Program Files\Splunk\bin\splunkd.exe" service
ParentUser: NT AUTHORITY\SYSTEM
05/17/2026 01:47:06.746 PM
LogName=Microsoft-Windows-Sysmon/Operational
EventCode=1
EventType=4
ComputerName=DESKTOP-82HJBKD
User=NOT_TRANSLATED
Sid=S-1-5-18
SidType=0
SourceName=Microsoft-Windows-Sysmon
Type=Information
RecordNumber=5221
Keywords=None
TaskCategory=Sysmon config state changed
OpCode=Info
Message=Process Create:
RuleName: -
UtcTime: 2026-05-17 08:02:06.743
ProcessGuid: {951b9ce6-75fe-6a09-7304-000000000800}
ProcessId: 2940
Image: C:\Program Files\Splunk\bin\splunk-powershell.exe
FileVersion: -
Description: -
Product: -
Company: -
OriginalFileName: -
CommandLine: "C:\Program Files\Splunk\bin\splunk-powershell.exe"
CurrentDirectory: C:\WINDOWS\system32\
User: NT AUTHORITY\SYSTEM
LogonGuid: {951b9ce6-7362-6a09-e703-000000000000}
LogonId: 0x3E7
TerminalSessionId: 0
IntegrityLevel: System
Hashes: SHA256=BAC42959A130084AFD25DEF2520AA63E58F466C472484A0FB011E51B1838D203
ParentProcessGuid: {951b9ce6-7366-6a09-4e00-000000000800}
ParentProcessId: 3560
ParentImage: C:\Program Files\Splunk\bin\splunkd.exe
ParentCommandLine: "C:\Program Files\Splunk\bin\splunkd.exe" service
ParentUser: NT AUTHORITY\SYSTEM
05/17/2026 01:46:07.436 PM
LogName=Microsoft-Windows-Sysmon/Operational
EventCode=1
EventType=4
ComputerName=DESKTOP-82HJBKD
User=NOT_TRANSLATED
Sid=S-1-5-18
SidType=0
SourceName=Microsoft-Windows-Sysmon
Type=Information
RecordNumber=5084
Keywords=None
TaskCategory=Sysmon config state changed
OpCode=Info
Message=Process Create:
RuleName: -
UtcTime: 2026-05-17 08:01:07.434
ProcessGuid: {951b9ce6-75c3-6a09-2804-000000000800}
ProcessId: 4032
Image: C:\Program Files\Splunk\bin\splunk-powershell.exe
FileVersion: -
Description: -
Product: -
Company: -
OriginalFileName: -
CommandLine: "C:\Program Files\Splunk\bin\splunk-powershell.exe" --ps2
CurrentDirectory: C:\WINDOWS\system32\
User: NT AUTHORITY\SYSTEM
LogonGuid: {951b9ce6-7362-6a09-e703-000000000000}
LogonId: 0x3E7
TerminalSessionId: 0
IntegrityLevel: System
Hashes: SHA256=BAC42959A130084AFD25DEF2520AA63E58F466C472484A0FB011E51B1838D203
ParentProcessGuid: {951b9ce6-7366-6a09-4e00-000000000800}
ParentProcessId: 3560
ParentImage: C:\Program Files\Splunk\bin\splunkd.exe
ParentCommandLine: "C:\Program Files\Splunk\bin\splunkd.exe" service
ParentUser: NT AUTHORITY\SYSTEM
05/17/2026 01:46:06.729 PM
LogName=Microsoft-Windows-Sysmon/Operational
EventCode=1
EventType=4
ComputerName=DESKTOP-82HJBKD
User=NOT_TRANSLATED
Sid=S-1-5-18
SidType=0
SourceName=Microsoft-Windows-Sysmon
Type=Information
RecordNumber=5080
Keywords=None
TaskCategory=Sysmon config state changed
OpCode=Info
Message=Process Create:
RuleName: -
UtcTime: 2026-05-17 08:01:06.727
ProcessGuid: {951b9ce6-75c2-6a09-2604-000000000800}
ProcessId: 10508
Image: C:\Program Files\Splunk\bin\splunk-powershell.exe
FileVersion: -
Description: -
Product: -
Company: -
OriginalFileName: -
CommandLine: "C:\Program Files\Splunk\bin\splunk-powershell.exe"
CurrentDirectory: C:\WINDOWS\system32\
User: NT AUTHORITY\SYSTEM
LogonGuid: {951b9ce6-7362-6a09-e703-000000000000}
LogonId: 0x3E7
TerminalSessionId: 0
IntegrityLevel: System
Hashes: SHA256=BAC42959A130084AFD25DEF2520AA63E58F466C472484A0FB011E51B1838D203
ParentProcessGuid: {951b9ce6-7366-6a09-4e00-000000000800}
ParentProcessId: 3560
ParentImage: C:\Program Files\Splunk\bin\splunkd.exe
ParentCommandLine: "C:\Program Files\Splunk\bin\splunkd.exe" service
ParentUser: NT AUTHORITY\SYSTEM
05/17/2026 01:45:07.321 PM
LogName=Microsoft-Windows-Sysmon/Operational
EventCode=1
EventType=4
ComputerName=DESKTOP-82HJBKD
User=NOT_TRANSLATED
Sid=S-1-5-18
SidType=0
SourceName=Microsoft-Windows-Sysmon
Type=Information
RecordNumber=4980
Keywords=None
TaskCategory=Sysmon config state changed
OpCode=Info
Message=Process Create:
RuleName: -
UtcTime: 2026-05-17 08:00:07.319
ProcessGuid: {951b9ce6-7587-6a09-f503-000000000800}
ProcessId: 7932
Image: C:\Program Files\Splunk\bin\splunk-powershell.exe
FileVersion: -
Description: -
Product: -
Company: -
OriginalFileName: -
CommandLine: "C:\Program Files\Splunk\bin\splunk-powershell.exe" --ps2
CurrentDirectory: C:\WINDOWS\system32\
User: NT AUTHORITY\SYSTEM
LogonGuid: {951b9ce6-7362-6a09-e703-000000000000}
LogonId: 0x3E7
TerminalSessionId: 0
IntegrityLevel: System
Hashes: SHA256=BAC42959A130084AFD25DEF2520AA63E58F466C472484A0FB011E51B1838D203
ParentProcessGuid: {951b9ce6-7366-6a09-4e00-000000000800}
ParentProcessId: 3560
ParentImage: C:\Program Files\Splunk\bin\splunkd.exe
ParentCommandLine: "C:\Program Files\Splunk\bin\splunkd.exe" service
ParentUser: NT AUTHORITY\SYSTEM
05/17/2026 01:45:06.742 PM
LogName=Microsoft-Windows-Sysmon/Operational
EventCode=1
EventType=4
ComputerName=DESKTOP-82HJBKD
User=NOT_TRANSLATED
Sid=S-1-5-18
SidType=0
SourceName=Microsoft-Windows-Sysmon
Type=Information
RecordNumber=4978
Keywords=None
TaskCategory=Sysmon config state changed
OpCode=Info
Message=Process Create:
RuleName: -
UtcTime: 2026-05-17 08:00:06.738
ProcessGuid: {951b9ce6-7586-6a09-f403-000000000800}
ProcessId: 4596
Image: C:\Program Files\Splunk\bin\splunk-powershell.exe
FileVersion: -
Description: -
Product: -
Company: -
OriginalFileName: -
CommandLine: "C:\Program Files\Splunk\bin\splunk-powershell.exe"
CurrentDirectory: C:\WINDOWS\system32\
User: NT AUTHORITY\SYSTEM
LogonGuid: {951b9ce6-7362-6a09-e703-000000000000}
LogonId: 0x3E7
TerminalSessionId: 0
IntegrityLevel: System
Hashes: SHA256=BAC42959A130084AFD25DEF2520AA63E58F466C472484A0FB011E51B1838D203
ParentProcessGuid: {951b9ce6-7366-6a09-4e00-000000000800}
ParentProcessId: 3560
ParentImage: C:\Program Files\Splunk\bin\splunkd.exe
ParentCommandLine: "C:\Program Files\Splunk\bin\splunkd.exe" service
ParentUser: NT AUTHORITY\SYSTEM
05/17/2026 01:44:07.549 PM
LogName=Microsoft-Windows-Sysmon/Operational
EventCode=1
EventType=4
ComputerName=DESKTOP-82HJBKD
User=NOT_TRANSLATED
Sid=S-1-5-18
SidType=0
SourceName=Microsoft-Windows-Sysmon
Type=Information
RecordNumber=4876
Keywords=None
TaskCategory=Sysmon config state changed
OpCode=Info
Message=Process Create:
RuleName: -
UtcTime: 2026-05-17 07:59:07.547
ProcessGuid: {951b9ce6-754b-6a09-c203-000000000800}
ProcessId: 7472
Image: C:\Program Files\Splunk\bin\splunk-powershell.exe
FileVersion: -
Description: -
Product: -
Company: -
OriginalFileName: -
CommandLine: "C:\Program Files\Splunk\bin\splunk-powershell.exe" --ps2
CurrentDirectory: C:\WINDOWS\system32\
User: NT AUTHORITY\SYSTEM
LogonGuid: {951b9ce6-7362-6a09-e703-000000000000}
LogonId: 0x3E7
TerminalSessionId: 0
IntegrityLevel: System
Hashes: SHA256=BAC42959A130084AFD25DEF2520AA63E58F466C472484A0FB011E51B1838D203
ParentProcessGuid: {951b9ce6-7366-6a09-4e00-000000000800}
ParentProcessId: 3560
ParentImage: C:\Program Files\Splunk\bin\splunkd.exe
ParentCommandLine: "C:\Program Files\Splunk\bin\splunkd.exe" service
ParentUser: NT AUTHORITY\SYSTEM
05/17/2026 01:44:06.737 PM
LogName=Microsoft-Windows-Sysmon/Operational
EventCode=1
EventType=4
ComputerName=DESKTOP-82HJBKD
User=NOT_TRANSLATED
Sid=S-1-5-18
SidType=0
SourceName=Microsoft-Windows-Sysmon
Type=Information
RecordNumber=4870
Keywords=None
TaskCategory=Sysmon config state changed
OpCode=Info
Message=Process Create:
RuleName: -
UtcTime: 2026-05-17 07:59:06.735
ProcessGuid: {951b9ce6-754a-6a09-bf03-000000000800}
ProcessId: 1664
Image: C:\Program Files\Splunk\bin\splunk-powershell.exe
FileVersion: -
Description: -
Product: -
Company: -
OriginalFileName: -
CommandLine: "C:\Program Files\Splunk\bin\splunk-powershell.exe"
CurrentDirectory: C:\WINDOWS\system32\
User: NT AUTHORITY\SYSTEM
LogonGuid: {951b9ce6-7362-6a09-e703-000000000000}
LogonId: 0x3E7
TerminalSessionId: 0
IntegrityLevel: System
Hashes: SHA256=BAC42959A130084AFD25DEF2520AA63E58F466C472484A0FB011E51B1838D203
ParentProcessGuid: {951b9ce6-7366-6a09-4e00-000000000800}
ParentProcessId: 3560
ParentImage: C:\Program Files\Splunk\bin\splunkd.exe
ParentCommandLine: "C:\Program Files\Splunk\bin\splunkd.exe" service
ParentUser: NT AUTHORITY\SYSTEM
