05/20/2026 03:27:01.120 PM
LogName=Microsoft-Windows-Sysmon/Operational
EventCode=1
EventType=4
ComputerName=DESKTOP-82HJBKD
User=NOT_TRANSLATED
Sid=S-1-5-18
SidType=0
SourceName=Microsoft-Windows-Sysmon
Type=Information
RecordNumber=24532
Keywords=None
TaskCategory=File created (rule: FileCreate)
OpCode=Info
Message=Process Create:
RuleName: -
UtcTime: 2026-05-20 09:42:01.117
ProcessGuid: {951b9ce6-81e9-6a0d-d812-000000000b00}
ProcessId: 1332
Image: C:\Program Files\Splunk\bin\splunk-powershell.exe
FileVersion: -
Description: -
Product: -
Company: -
OriginalFileName: -
CommandLine: "C:\Program Files\Splunk\bin\splunk-powershell.exe"
CurrentDirectory: C:\WINDOWS\system32\
User: NT AUTHORITY\SYSTEM
LogonGuid: {951b9ce6-713d-6a0d-e703-000000000000}
LogonId: 0x3E7
TerminalSessionId: 0
IntegrityLevel: System
Hashes: MD5=09786E423871374ADDE99874569B1D83,SHA256=BAC42959A130084AFD25DEF2520AA63E58F466C472484A0FB011E51B1838D203,IMPHASH=95FBEA9323F5EA405C7BE38624B06950
ParentProcessGuid: {951b9ce6-7142-6a0d-4a00-000000000b00}
ParentProcessId: 3848
ParentImage: C:\Program Files\Splunk\bin\splunkd.exe
ParentCommandLine: "C:\Program Files\Splunk\bin\splunkd.exe" service
ParentUser: NT AUTHORITY\SYSTEM
05/20/2026 03:26:10.752 PM
LogName=Microsoft-Windows-Sysmon/Operational
EventCode=1
EventType=4
ComputerName=DESKTOP-82HJBKD
User=NOT_TRANSLATED
Sid=S-1-5-18
SidType=0
SourceName=Microsoft-Windows-Sysmon
Type=Information
RecordNumber=24472
Keywords=None
TaskCategory=File created (rule: FileCreate)
OpCode=Info
Message=Process Create:
RuleName: -
UtcTime: 2026-05-20 09:41:10.744
ProcessGuid: {951b9ce6-81b6-6a0d-9f12-000000000b00}
ProcessId: 1900
Image: C:\Windows\System32\WindowsPowerShell\v1.0\powershell.exe
FileVersion: 10.0.26100.5074 (WinBuild.160101.0800)
Description: Windows PowerShell
Product: Microsoft® Windows® Operating System
Company: Microsoft Corporation
OriginalFileName: PowerShell.EXE
CommandLine: powershell.exe -ExecutionPolicy Restricted -Command Write-Host 'Final result: 1';
CurrentDirectory: C:\WINDOWS\system32\
User: NT AUTHORITY\SYSTEM
LogonGuid: {951b9ce6-713d-6a0d-e703-000000000000}
LogonId: 0x3E7
TerminalSessionId: 0
IntegrityLevel: System
Hashes: MD5=A97E6573B97B44C96122BFA543A82EA1,SHA256=0FF6F2C94BC7E2833A5F7E16DE1622E5DBA70396F31C7D5F56381870317E8C46,IMPHASH=AFACF6DC9041114B198160AAB4D0AE77
ParentProcessGuid: {951b9ce6-8193-6a0d-6a12-000000000b00}
ParentProcessId: 7416
ParentImage: C:\Windows\System32\CompatTelRunner.exe
ParentCommandLine: C:\WINDOWS\system32\compattelrunner.exe -cv:qk68eEjj/kCwQPg5.0.11 -wce:000000000000021C  -m:appraiser.dll -f:DoScheduledTelemetryRun 
ParentUser: NT AUTHORITY\SYSTEM
05/20/2026 03:26:08.559 PM
LogName=Microsoft-Windows-Sysmon/Operational
EventCode=1
EventType=4
ComputerName=DESKTOP-82HJBKD
User=NOT_TRANSLATED
Sid=S-1-5-18
SidType=0
SourceName=Microsoft-Windows-Sysmon
Type=Information
RecordNumber=24468
Keywords=None
TaskCategory=File created (rule: FileCreate)
OpCode=Info
Message=Process Create:
RuleName: -
UtcTime: 2026-05-20 09:41:08.555
ProcessGuid: {951b9ce6-81b4-6a0d-9c12-000000000b00}
ProcessId: 1644
Image: C:\Windows\System32\Dism\DismHost.exe
FileVersion: 10.0.26100.5074 (WinBuild.160101.0800)
Description: Dism Host Servicing Process
Product: Microsoft® Windows® Operating System
Company: Microsoft Corporation
OriginalFileName: DismHost.exe
CommandLine: C:\Windows\System32\Dism\dismhost.exe {F2257821-99FA-46E3-AA73-7624AD3F8B6F}
CurrentDirectory: C:\WINDOWS\system32\
User: NT AUTHORITY\SYSTEM
LogonGuid: {951b9ce6-713d-6a0d-e703-000000000000}
LogonId: 0x3E7
TerminalSessionId: 0
IntegrityLevel: System
Hashes: MD5=33D2996B06329D4FF1FE0E596DFE403A,SHA256=45CCD2AC275D2574D428093921F0590EEB8A8B607627A0395EF60CEFBFAA20F7,IMPHASH=9DDBEC2516241A81664067A928EDBA2E
ParentProcessGuid: {951b9ce6-81b0-6a0d-9312-000000000b00}
ParentProcessId: 8840
ParentImage: C:\Windows\System32\WindowsPowerShell\v1.0\powershell.exe
ParentCommandLine: powershell.exe -ExecutionPolicy Restricted -Command 
                    $Res = 0
                    $WMICFeature = Get-WindowsCapability -Online -Name 'WMIC~~~~'
                    if ($WMICFeature -and $WMICFeature.State -eq 'Installed') {
                        $Res = 1
                    }
                    Write-Host 'Final result:', $Res
                
ParentUser: NT AUTHORITY\SYSTEM
05/20/2026 03:26:04.574 PM
LogName=Microsoft-Windows-Sysmon/Operational
EventCode=1
EventType=4
ComputerName=DESKTOP-82HJBKD
User=NOT_TRANSLATED
Sid=S-1-5-18
SidType=0
SourceName=Microsoft-Windows-Sysmon
Type=Information
RecordNumber=24458
Keywords=None
TaskCategory=File created (rule: FileCreate)
OpCode=Info
Message=Process Create:
RuleName: -
UtcTime: 2026-05-20 09:41:04.554
ProcessGuid: {951b9ce6-81b0-6a0d-9312-000000000b00}
ProcessId: 8840
Image: C:\Windows\System32\WindowsPowerShell\v1.0\powershell.exe
FileVersion: 10.0.26100.5074 (WinBuild.160101.0800)
Description: Windows PowerShell
Product: Microsoft® Windows® Operating System
Company: Microsoft Corporation
OriginalFileName: PowerShell.EXE
CommandLine: powershell.exe -ExecutionPolicy Restricted -Command 
                    $Res = 0
                    $WMICFeature = Get-WindowsCapability -Online -Name 'WMIC~~~~'
                    if ($WMICFeature -and $WMICFeature.State -eq 'Installed') {
                        $Res = 1
                    }
                    Write-Host 'Final result:', $Res
                
CurrentDirectory: C:\WINDOWS\system32\
User: NT AUTHORITY\SYSTEM
LogonGuid: {951b9ce6-713d-6a0d-e703-000000000000}
LogonId: 0x3E7
TerminalSessionId: 0
IntegrityLevel: System
Hashes: MD5=A97E6573B97B44C96122BFA543A82EA1,SHA256=0FF6F2C94BC7E2833A5F7E16DE1622E5DBA70396F31C7D5F56381870317E8C46,IMPHASH=AFACF6DC9041114B198160AAB4D0AE77
ParentProcessGuid: {951b9ce6-8193-6a0d-6a12-000000000b00}
ParentProcessId: 7416
ParentImage: C:\Windows\System32\CompatTelRunner.exe
ParentCommandLine: C:\WINDOWS\system32\compattelrunner.exe -cv:qk68eEjj/kCwQPg5.0.11 -wce:000000000000021C  -m:appraiser.dll -f:DoScheduledTelemetryRun 
ParentUser: NT AUTHORITY\SYSTEM
05/20/2026 03:26:01.909 PM
LogName=Microsoft-Windows-Sysmon/Operational
EventCode=1
EventType=4
ComputerName=DESKTOP-82HJBKD
User=NOT_TRANSLATED
Sid=S-1-5-18
SidType=0
SourceName=Microsoft-Windows-Sysmon
Type=Information
RecordNumber=24449
Keywords=None
TaskCategory=File created (rule: FileCreate)
OpCode=Info
Message=Process Create:
RuleName: -
UtcTime: 2026-05-20 09:41:01.906
ProcessGuid: {951b9ce6-81ad-6a0d-8d12-000000000b00}
ProcessId: 3588
Image: C:\Program Files\Splunk\bin\splunk-powershell.exe
FileVersion: -
Description: -
Product: -
Company: -
OriginalFileName: -
CommandLine: "C:\Program Files\Splunk\bin\splunk-powershell.exe" --ps2
CurrentDirectory: C:\WINDOWS\system32\
User: NT AUTHORITY\SYSTEM
LogonGuid: {951b9ce6-713d-6a0d-e703-000000000000}
LogonId: 0x3E7
TerminalSessionId: 0
IntegrityLevel: System
Hashes: MD5=09786E423871374ADDE99874569B1D83,SHA256=BAC42959A130084AFD25DEF2520AA63E58F466C472484A0FB011E51B1838D203,IMPHASH=95FBEA9323F5EA405C7BE38624B06950
ParentProcessGuid: {951b9ce6-7142-6a0d-4a00-000000000b00}
ParentProcessId: 3848
ParentImage: C:\Program Files\Splunk\bin\splunkd.exe
ParentCommandLine: "C:\Program Files\Splunk\bin\splunkd.exe" service
ParentUser: NT AUTHORITY\SYSTEM
05/20/2026 03:26:01.125 PM
LogName=Microsoft-Windows-Sysmon/Operational
EventCode=1
EventType=4
ComputerName=DESKTOP-82HJBKD
User=NOT_TRANSLATED
Sid=S-1-5-18
SidType=0
SourceName=Microsoft-Windows-Sysmon
Type=Information
RecordNumber=24447
Keywords=None
TaskCategory=File created (rule: FileCreate)
OpCode=Info
Message=Process Create:
RuleName: -
UtcTime: 2026-05-20 09:41:01.123
ProcessGuid: {951b9ce6-81ad-6a0d-8b12-000000000b00}
ProcessId: 3088
Image: C:\Program Files\Splunk\bin\splunk-powershell.exe
FileVersion: -
Description: -
Product: -
Company: -
OriginalFileName: -
CommandLine: "C:\Program Files\Splunk\bin\splunk-powershell.exe"
CurrentDirectory: C:\WINDOWS\system32\
User: NT AUTHORITY\SYSTEM
LogonGuid: {951b9ce6-713d-6a0d-e703-000000000000}
LogonId: 0x3E7
TerminalSessionId: 0
IntegrityLevel: System
Hashes: MD5=09786E423871374ADDE99874569B1D83,SHA256=BAC42959A130084AFD25DEF2520AA63E58F466C472484A0FB011E51B1838D203,IMPHASH=95FBEA9323F5EA405C7BE38624B06950
ParentProcessGuid: {951b9ce6-7142-6a0d-4a00-000000000b00}
ParentProcessId: 3848
ParentImage: C:\Program Files\Splunk\bin\splunkd.exe
ParentCommandLine: "C:\Program Files\Splunk\bin\splunkd.exe" service
ParentUser: NT AUTHORITY\SYSTEM
05/20/2026 03:25:01.453 PM
LogName=Microsoft-Windows-Sysmon/Operational
EventCode=1
EventType=4
ComputerName=DESKTOP-82HJBKD
User=NOT_TRANSLATED
Sid=S-1-5-18
SidType=0
SourceName=Microsoft-Windows-Sysmon
Type=Information
RecordNumber=24092
Keywords=None
TaskCategory=File created (rule: FileCreate)
OpCode=Info
Message=Process Create:
RuleName: -
UtcTime: 2026-05-20 09:40:01.451
ProcessGuid: {951b9ce6-8171-6a0d-4612-000000000b00}
ProcessId: 7832
Image: C:\Program Files\Splunk\bin\splunk-powershell.exe
FileVersion: -
Description: -
Product: -
Company: -
OriginalFileName: -
CommandLine: "C:\Program Files\Splunk\bin\splunk-powershell.exe" --ps2
CurrentDirectory: C:\WINDOWS\system32\
User: NT AUTHORITY\SYSTEM
LogonGuid: {951b9ce6-713d-6a0d-e703-000000000000}
LogonId: 0x3E7
TerminalSessionId: 0
IntegrityLevel: System
Hashes: MD5=09786E423871374ADDE99874569B1D83,SHA256=BAC42959A130084AFD25DEF2520AA63E58F466C472484A0FB011E51B1838D203,IMPHASH=95FBEA9323F5EA405C7BE38624B06950
ParentProcessGuid: {951b9ce6-7142-6a0d-4a00-000000000b00}
ParentProcessId: 3848
ParentImage: C:\Program Files\Splunk\bin\splunkd.exe
ParentCommandLine: "C:\Program Files\Splunk\bin\splunkd.exe" service
ParentUser: NT AUTHORITY\SYSTEM
05/20/2026 03:25:01.278 PM
LogName=Microsoft-Windows-Sysmon/Operational
EventCode=1
EventType=4
ComputerName=DESKTOP-82HJBKD
User=NOT_TRANSLATED
Sid=S-1-5-18
SidType=0
SourceName=Microsoft-Windows-Sysmon
Type=Information
RecordNumber=24076
Keywords=None
TaskCategory=File created (rule: FileCreate)
OpCode=Info
Message=Process Create:
RuleName: -
UtcTime: 2026-05-20 09:40:01.275
ProcessGuid: {951b9ce6-8171-6a0d-4512-000000000b00}
ProcessId: 2076
Image: C:\Program Files\Splunk\bin\splunk-powershell.exe
FileVersion: -
Description: -
Product: -
Company: -
OriginalFileName: -
CommandLine: "C:\Program Files\Splunk\bin\splunk-powershell.exe"
CurrentDirectory: C:\WINDOWS\system32\
User: NT AUTHORITY\SYSTEM
LogonGuid: {951b9ce6-713d-6a0d-e703-000000000000}
LogonId: 0x3E7
TerminalSessionId: 0
IntegrityLevel: System
Hashes: MD5=09786E423871374ADDE99874569B1D83,SHA256=BAC42959A130084AFD25DEF2520AA63E58F466C472484A0FB011E51B1838D203,IMPHASH=95FBEA9323F5EA405C7BE38624B06950
ParentProcessGuid: {951b9ce6-7142-6a0d-4a00-000000000b00}
ParentProcessId: 3848
ParentImage: C:\Program Files\Splunk\bin\splunkd.exe
ParentCommandLine: "C:\Program Files\Splunk\bin\splunkd.exe" service
ParentUser: NT AUTHORITY\SYSTEM
05/20/2026 03:24:01.635 PM
LogName=Microsoft-Windows-Sysmon/Operational
EventCode=1
EventType=4
ComputerName=DESKTOP-82HJBKD
User=NOT_TRANSLATED
Sid=S-1-5-18
SidType=0
SourceName=Microsoft-Windows-Sysmon
Type=Information
RecordNumber=23666
Keywords=None
TaskCategory=File created (rule: FileCreate)
OpCode=Info
Message=Process Create:
RuleName: -
UtcTime: 2026-05-20 09:39:01.632
ProcessGuid: {951b9ce6-8135-6a0d-0812-000000000b00}
ProcessId: 5528
Image: C:\Program Files\Splunk\bin\splunk-powershell.exe
FileVersion: -
Description: -
Product: -
Company: -
OriginalFileName: -
CommandLine: "C:\Program Files\Splunk\bin\splunk-powershell.exe"
CurrentDirectory: C:\WINDOWS\system32\
User: NT AUTHORITY\SYSTEM
LogonGuid: {951b9ce6-713d-6a0d-e703-000000000000}
LogonId: 0x3E7
TerminalSessionId: 0
IntegrityLevel: System
Hashes: MD5=09786E423871374ADDE99874569B1D83,SHA256=BAC42959A130084AFD25DEF2520AA63E58F466C472484A0FB011E51B1838D203,IMPHASH=95FBEA9323F5EA405C7BE38624B06950
ParentProcessGuid: {951b9ce6-7142-6a0d-4a00-000000000b00}
ParentProcessId: 3848
ParentImage: C:\Program Files\Splunk\bin\splunkd.exe
ParentCommandLine: "C:\Program Files\Splunk\bin\splunkd.exe" service
ParentUser: NT AUTHORITY\SYSTEM
05/20/2026 03:24:01.261 PM
LogName=Microsoft-Windows-Sysmon/Operational
EventCode=1
EventType=4
ComputerName=DESKTOP-82HJBKD
User=NOT_TRANSLATED
Sid=S-1-5-18
SidType=0
SourceName=Microsoft-Windows-Sysmon
Type=Information
RecordNumber=23664
Keywords=None
TaskCategory=File created (rule: FileCreate)
OpCode=Info
Message=Process Create:
RuleName: -
UtcTime: 2026-05-20 09:39:01.258
ProcessGuid: {951b9ce6-8135-6a0d-0612-000000000b00}
ProcessId: 5620
Image: C:\Program Files\Splunk\bin\splunk-powershell.exe
FileVersion: -
Description: -
Product: -
Company: -
OriginalFileName: -
CommandLine: "C:\Program Files\Splunk\bin\splunk-powershell.exe" --ps2
CurrentDirectory: C:\WINDOWS\system32\
User: NT AUTHORITY\SYSTEM
LogonGuid: {951b9ce6-713d-6a0d-e703-000000000000}
LogonId: 0x3E7
TerminalSessionId: 0
IntegrityLevel: System
Hashes: MD5=09786E423871374ADDE99874569B1D83,SHA256=BAC42959A130084AFD25DEF2520AA63E58F466C472484A0FB011E51B1838D203,IMPHASH=95FBEA9323F5EA405C7BE38624B06950
ParentProcessGuid: {951b9ce6-7142-6a0d-4a00-000000000b00}
ParentProcessId: 3848
ParentImage: C:\Program Files\Splunk\bin\splunkd.exe
ParentCommandLine: "C:\Program Files\Splunk\bin\splunkd.exe" service
ParentUser: NT AUTHORITY\SYSTEM
05/20/2026 03:23:01.625 PM
LogName=Microsoft-Windows-Sysmon/Operational
EventCode=1
EventType=4
ComputerName=DESKTOP-82HJBKD
User=NOT_TRANSLATED
Sid=S-1-5-18
SidType=0
SourceName=Microsoft-Windows-Sysmon
Type=Information
RecordNumber=23606
Keywords=None
TaskCategory=File created (rule: FileCreate)
OpCode=Info
Message=Process Create:
RuleName: -
UtcTime: 2026-05-20 09:38:01.623
ProcessGuid: {951b9ce6-80f9-6a0d-c811-000000000b00}
ProcessId: 5784
Image: C:\Program Files\Splunk\bin\splunk-powershell.exe
FileVersion: -
Description: -
Product: -
Company: -
OriginalFileName: -
CommandLine: "C:\Program Files\Splunk\bin\splunk-powershell.exe"
CurrentDirectory: C:\WINDOWS\system32\
User: NT AUTHORITY\SYSTEM
LogonGuid: {951b9ce6-713d-6a0d-e703-000000000000}
LogonId: 0x3E7
TerminalSessionId: 0
IntegrityLevel: System
Hashes: MD5=09786E423871374ADDE99874569B1D83,SHA256=BAC42959A130084AFD25DEF2520AA63E58F466C472484A0FB011E51B1838D203,IMPHASH=95FBEA9323F5EA405C7BE38624B06950
ParentProcessGuid: {951b9ce6-7142-6a0d-4a00-000000000b00}
ParentProcessId: 3848
ParentImage: C:\Program Files\Splunk\bin\splunkd.exe
ParentCommandLine: "C:\Program Files\Splunk\bin\splunkd.exe" service
ParentUser: NT AUTHORITY\SYSTEM
05/20/2026 03:23:01.360 PM
LogName=Microsoft-Windows-Sysmon/Operational
EventCode=1
EventType=4
ComputerName=DESKTOP-82HJBKD
User=NOT_TRANSLATED
Sid=S-1-5-18
SidType=0
SourceName=Microsoft-Windows-Sysmon
Type=Information
RecordNumber=23605
Keywords=None
TaskCategory=File created (rule: FileCreate)
OpCode=Info
Message=Process Create:
RuleName: -
UtcTime: 2026-05-20 09:38:01.357
ProcessGuid: {951b9ce6-80f9-6a0d-c711-000000000b00}
ProcessId: 2064
Image: C:\Program Files\Splunk\bin\splunk-powershell.exe
FileVersion: -
Description: -
Product: -
Company: -
OriginalFileName: -
CommandLine: "C:\Program Files\Splunk\bin\splunk-powershell.exe" --ps2
CurrentDirectory: C:\WINDOWS\system32\
User: NT AUTHORITY\SYSTEM
LogonGuid: {951b9ce6-713d-6a0d-e703-000000000000}
LogonId: 0x3E7
TerminalSessionId: 0
IntegrityLevel: System
Hashes: MD5=09786E423871374ADDE99874569B1D83,SHA256=BAC42959A130084AFD25DEF2520AA63E58F466C472484A0FB011E51B1838D203,IMPHASH=95FBEA9323F5EA405C7BE38624B06950
ParentProcessGuid: {951b9ce6-7142-6a0d-4a00-000000000b00}
ParentProcessId: 3848
ParentImage: C:\Program Files\Splunk\bin\splunkd.exe
ParentCommandLine: "C:\Program Files\Splunk\bin\splunkd.exe" service
ParentUser: NT AUTHORITY\SYSTEM
05/20/2026 03:22:01.615 PM
LogName=Microsoft-Windows-Sysmon/Operational
EventCode=1
EventType=4
ComputerName=DESKTOP-82HJBKD
User=NOT_TRANSLATED
Sid=S-1-5-18
SidType=0
SourceName=Microsoft-Windows-Sysmon
Type=Information
RecordNumber=23393
Keywords=None
TaskCategory=File created (rule: FileCreate)
OpCode=Info
Message=Process Create:
RuleName: -
UtcTime: 2026-05-20 09:37:01.613
ProcessGuid: {951b9ce6-80bd-6a0d-8a11-000000000b00}
ProcessId: 1608
Image: C:\Program Files\Splunk\bin\splunk-powershell.exe
FileVersion: -
Description: -
Product: -
Company: -
OriginalFileName: -
CommandLine: "C:\Program Files\Splunk\bin\splunk-powershell.exe" --ps2
CurrentDirectory: C:\WINDOWS\system32\
User: NT AUTHORITY\SYSTEM
LogonGuid: {951b9ce6-713d-6a0d-e703-000000000000}
LogonId: 0x3E7
TerminalSessionId: 0
IntegrityLevel: System
Hashes: MD5=09786E423871374ADDE99874569B1D83,SHA256=BAC42959A130084AFD25DEF2520AA63E58F466C472484A0FB011E51B1838D203,IMPHASH=95FBEA9323F5EA405C7BE38624B06950
ParentProcessGuid: {951b9ce6-7142-6a0d-4a00-000000000b00}
ParentProcessId: 3848
ParentImage: C:\Program Files\Splunk\bin\splunkd.exe
ParentCommandLine: "C:\Program Files\Splunk\bin\splunkd.exe" service
ParentUser: NT AUTHORITY\SYSTEM
05/20/2026 03:22:01.349 PM
LogName=Microsoft-Windows-Sysmon/Operational
EventCode=1
EventType=4
ComputerName=DESKTOP-82HJBKD
User=NOT_TRANSLATED
Sid=S-1-5-18
SidType=0
SourceName=Microsoft-Windows-Sysmon
Type=Information
RecordNumber=23392
Keywords=None
TaskCategory=File created (rule: FileCreate)
OpCode=Info
Message=Process Create:
RuleName: -
UtcTime: 2026-05-20 09:37:01.347
ProcessGuid: {951b9ce6-80bd-6a0d-8911-000000000b00}
ProcessId: 1268
Image: C:\Program Files\Splunk\bin\splunk-powershell.exe
FileVersion: -
Description: -
Product: -
Company: -
OriginalFileName: -
CommandLine: "C:\Program Files\Splunk\bin\splunk-powershell.exe"
CurrentDirectory: C:\WINDOWS\system32\
User: NT AUTHORITY\SYSTEM
LogonGuid: {951b9ce6-713d-6a0d-e703-000000000000}
LogonId: 0x3E7
TerminalSessionId: 0
IntegrityLevel: System
Hashes: MD5=09786E423871374ADDE99874569B1D83,SHA256=BAC42959A130084AFD25DEF2520AA63E58F466C472484A0FB011E51B1838D203,IMPHASH=95FBEA9323F5EA405C7BE38624B06950
ParentProcessGuid: {951b9ce6-7142-6a0d-4a00-000000000b00}
ParentProcessId: 3848
ParentImage: C:\Program Files\Splunk\bin\splunkd.exe
ParentCommandLine: "C:\Program Files\Splunk\bin\splunkd.exe" service
ParentUser: NT AUTHORITY\SYSTEM
05/20/2026 03:21:01.620 PM
LogName=Microsoft-Windows-Sysmon/Operational
EventCode=1
EventType=4
ComputerName=DESKTOP-82HJBKD
User=NOT_TRANSLATED
Sid=S-1-5-18
SidType=0
SourceName=Microsoft-Windows-Sysmon
Type=Information
RecordNumber=23331
Keywords=None
TaskCategory=File created (rule: FileCreate)
OpCode=Info
Message=Process Create:
RuleName: -
UtcTime: 2026-05-20 09:36:01.618
ProcessGuid: {951b9ce6-8081-6a0d-4c11-000000000b00}
ProcessId: 6912
Image: C:\Program Files\Splunk\bin\splunk-powershell.exe
FileVersion: -
Description: -
Product: -
Company: -
OriginalFileName: -
CommandLine: "C:\Program Files\Splunk\bin\splunk-powershell.exe" --ps2
CurrentDirectory: C:\WINDOWS\system32\
User: NT AUTHORITY\SYSTEM
LogonGuid: {951b9ce6-713d-6a0d-e703-000000000000}
LogonId: 0x3E7
TerminalSessionId: 0
IntegrityLevel: System
Hashes: MD5=09786E423871374ADDE99874569B1D83,SHA256=BAC42959A130084AFD25DEF2520AA63E58F466C472484A0FB011E51B1838D203,IMPHASH=95FBEA9323F5EA405C7BE38624B06950
ParentProcessGuid: {951b9ce6-7142-6a0d-4a00-000000000b00}
ParentProcessId: 3848
ParentImage: C:\Program Files\Splunk\bin\splunkd.exe
ParentCommandLine: "C:\Program Files\Splunk\bin\splunkd.exe" service
ParentUser: NT AUTHORITY\SYSTEM
05/20/2026 03:21:01.341 PM
LogName=Microsoft-Windows-Sysmon/Operational
EventCode=1
EventType=4
ComputerName=DESKTOP-82HJBKD
User=NOT_TRANSLATED
Sid=S-1-5-18
SidType=0
SourceName=Microsoft-Windows-Sysmon
Type=Information
RecordNumber=23329
Keywords=None
TaskCategory=File created (rule: FileCreate)
OpCode=Info
Message=Process Create:
RuleName: -
UtcTime: 2026-05-20 09:36:01.338
ProcessGuid: {951b9ce6-8081-6a0d-4a11-000000000b00}
ProcessId: 10244
Image: C:\Program Files\Splunk\bin\splunk-powershell.exe
FileVersion: -
Description: -
Product: -
Company: -
OriginalFileName: -
CommandLine: "C:\Program Files\Splunk\bin\splunk-powershell.exe"
CurrentDirectory: C:\WINDOWS\system32\
User: NT AUTHORITY\SYSTEM
LogonGuid: {951b9ce6-713d-6a0d-e703-000000000000}
LogonId: 0x3E7
TerminalSessionId: 0
IntegrityLevel: System
Hashes: MD5=09786E423871374ADDE99874569B1D83,SHA256=BAC42959A130084AFD25DEF2520AA63E58F466C472484A0FB011E51B1838D203,IMPHASH=95FBEA9323F5EA405C7BE38624B06950
ParentProcessGuid: {951b9ce6-7142-6a0d-4a00-000000000b00}
ParentProcessId: 3848
ParentImage: C:\Program Files\Splunk\bin\splunkd.exe
ParentCommandLine: "C:\Program Files\Splunk\bin\splunkd.exe" service
ParentUser: NT AUTHORITY\SYSTEM
05/20/2026 03:20:01.699 PM
LogName=Microsoft-Windows-Sysmon/Operational
EventCode=1
EventType=4
ComputerName=DESKTOP-82HJBKD
User=NOT_TRANSLATED
Sid=S-1-5-18
SidType=0
SourceName=Microsoft-Windows-Sysmon
Type=Information
RecordNumber=23268
Keywords=None
TaskCategory=File created (rule: FileCreate)
OpCode=Info
Message=Process Create:
RuleName: -
UtcTime: 2026-05-20 09:35:01.697
ProcessGuid: {951b9ce6-8045-6a0d-0c11-000000000b00}
ProcessId: 4776
Image: C:\Program Files\Splunk\bin\splunk-powershell.exe
FileVersion: -
Description: -
Product: -
Company: -
OriginalFileName: -
CommandLine: "C:\Program Files\Splunk\bin\splunk-powershell.exe" --ps2
CurrentDirectory: C:\WINDOWS\system32\
User: NT AUTHORITY\SYSTEM
LogonGuid: {951b9ce6-713d-6a0d-e703-000000000000}
LogonId: 0x3E7
TerminalSessionId: 0
IntegrityLevel: System
Hashes: MD5=09786E423871374ADDE99874569B1D83,SHA256=BAC42959A130084AFD25DEF2520AA63E58F466C472484A0FB011E51B1838D203,IMPHASH=95FBEA9323F5EA405C7BE38624B06950
ParentProcessGuid: {951b9ce6-7142-6a0d-4a00-000000000b00}
ParentProcessId: 3848
ParentImage: C:\Program Files\Splunk\bin\splunkd.exe
ParentCommandLine: "C:\Program Files\Splunk\bin\splunkd.exe" service
ParentUser: NT AUTHORITY\SYSTEM
05/20/2026 03:20:01.336 PM
LogName=Microsoft-Windows-Sysmon/Operational
EventCode=1
EventType=4
ComputerName=DESKTOP-82HJBKD
User=NOT_TRANSLATED
Sid=S-1-5-18
SidType=0
SourceName=Microsoft-Windows-Sysmon
Type=Information
RecordNumber=23266
Keywords=None
TaskCategory=File created (rule: FileCreate)
OpCode=Info
Message=Process Create:
RuleName: -
UtcTime: 2026-05-20 09:35:01.334
ProcessGuid: {951b9ce6-8045-6a0d-0a11-000000000b00}
ProcessId: 5444
Image: C:\Program Files\Splunk\bin\splunk-powershell.exe
FileVersion: -
Description: -
Product: -
Company: -
OriginalFileName: -
CommandLine: "C:\Program Files\Splunk\bin\splunk-powershell.exe"
CurrentDirectory: C:\WINDOWS\system32\
User: NT AUTHORITY\SYSTEM
LogonGuid: {951b9ce6-713d-6a0d-e703-000000000000}
LogonId: 0x3E7
TerminalSessionId: 0
IntegrityLevel: System
Hashes: MD5=09786E423871374ADDE99874569B1D83,SHA256=BAC42959A130084AFD25DEF2520AA63E58F466C472484A0FB011E51B1838D203,IMPHASH=95FBEA9323F5EA405C7BE38624B06950
ParentProcessGuid: {951b9ce6-7142-6a0d-4a00-000000000b00}
ParentProcessId: 3848
ParentImage: C:\Program Files\Splunk\bin\splunkd.exe
ParentCommandLine: "C:\Program Files\Splunk\bin\splunkd.exe" service
ParentUser: NT AUTHORITY\SYSTEM
05/20/2026 03:19:01.702 PM
LogName=Microsoft-Windows-Sysmon/Operational
EventCode=1
EventType=4
ComputerName=DESKTOP-82HJBKD
User=NOT_TRANSLATED
Sid=S-1-5-18
SidType=0
SourceName=Microsoft-Windows-Sysmon
Type=Information
RecordNumber=23211
Keywords=None
TaskCategory=File created (rule: FileCreate)
OpCode=Info
Message=Process Create:
RuleName: -
UtcTime: 2026-05-20 09:34:01.700
ProcessGuid: {951b9ce6-8009-6a0d-d310-000000000b00}
ProcessId: 7760
Image: C:\Program Files\Splunk\bin\splunk-powershell.exe
FileVersion: -
Description: -
Product: -
Company: -
OriginalFileName: -
CommandLine: "C:\Program Files\Splunk\bin\splunk-powershell.exe"
CurrentDirectory: C:\WINDOWS\system32\
User: NT AUTHORITY\SYSTEM
LogonGuid: {951b9ce6-713d-6a0d-e703-000000000000}
LogonId: 0x3E7
TerminalSessionId: 0
IntegrityLevel: System
Hashes: MD5=09786E423871374ADDE99874569B1D83,SHA256=BAC42959A130084AFD25DEF2520AA63E58F466C472484A0FB011E51B1838D203,IMPHASH=95FBEA9323F5EA405C7BE38624B06950
ParentProcessGuid: {951b9ce6-7142-6a0d-4a00-000000000b00}
ParentProcessId: 3848
ParentImage: C:\Program Files\Splunk\bin\splunkd.exe
ParentCommandLine: "C:\Program Files\Splunk\bin\splunkd.exe" service
ParentUser: NT AUTHORITY\SYSTEM
05/20/2026 03:19:01.327 PM
LogName=Microsoft-Windows-Sysmon/Operational
EventCode=1
EventType=4
ComputerName=DESKTOP-82HJBKD
User=NOT_TRANSLATED
Sid=S-1-5-18
SidType=0
SourceName=Microsoft-Windows-Sysmon
Type=Information
RecordNumber=23209
Keywords=None
TaskCategory=File created (rule: FileCreate)
OpCode=Info
Message=Process Create:
RuleName: -
UtcTime: 2026-05-20 09:34:01.325
ProcessGuid: {951b9ce6-8009-6a0d-d110-000000000b00}
ProcessId: 4976
Image: C:\Program Files\Splunk\bin\splunk-powershell.exe
FileVersion: -
Description: -
Product: -
Company: -
OriginalFileName: -
CommandLine: "C:\Program Files\Splunk\bin\splunk-powershell.exe" --ps2
CurrentDirectory: C:\WINDOWS\system32\
User: NT AUTHORITY\SYSTEM
LogonGuid: {951b9ce6-713d-6a0d-e703-000000000000}
LogonId: 0x3E7
TerminalSessionId: 0
IntegrityLevel: System
Hashes: MD5=09786E423871374ADDE99874569B1D83,SHA256=BAC42959A130084AFD25DEF2520AA63E58F466C472484A0FB011E51B1838D203,IMPHASH=95FBEA9323F5EA405C7BE38624B06950
ParentProcessGuid: {951b9ce6-7142-6a0d-4a00-000000000b00}
ParentProcessId: 3848
ParentImage: C:\Program Files\Splunk\bin\splunkd.exe
ParentCommandLine: "C:\Program Files\Splunk\bin\splunkd.exe" service
ParentUser: NT AUTHORITY\SYSTEM
05/20/2026 03:18:01.874 PM
LogName=Microsoft-Windows-Sysmon/Operational
EventCode=1
EventType=4
ComputerName=DESKTOP-82HJBKD
User=NOT_TRANSLATED
Sid=S-1-5-18
SidType=0
SourceName=Microsoft-Windows-Sysmon
Type=Information
RecordNumber=23149
Keywords=None
TaskCategory=File created (rule: FileCreate)
OpCode=Info
Message=Process Create:
RuleName: -
UtcTime: 2026-05-20 09:33:01.872
ProcessGuid: {951b9ce6-7fcd-6a0d-9410-000000000b00}
ProcessId: 9368
Image: C:\Program Files\Splunk\bin\splunk-powershell.exe
FileVersion: -
Description: -
Product: -
Company: -
OriginalFileName: -
CommandLine: "C:\Program Files\Splunk\bin\splunk-powershell.exe"
CurrentDirectory: C:\WINDOWS\system32\
User: NT AUTHORITY\SYSTEM
LogonGuid: {951b9ce6-713d-6a0d-e703-000000000000}
LogonId: 0x3E7
TerminalSessionId: 0
IntegrityLevel: System
Hashes: MD5=09786E423871374ADDE99874569B1D83,SHA256=BAC42959A130084AFD25DEF2520AA63E58F466C472484A0FB011E51B1838D203,IMPHASH=95FBEA9323F5EA405C7BE38624B06950
ParentProcessGuid: {951b9ce6-7142-6a0d-4a00-000000000b00}
ParentProcessId: 3848
ParentImage: C:\Program Files\Splunk\bin\splunkd.exe
ParentCommandLine: "C:\Program Files\Splunk\bin\splunkd.exe" service
ParentUser: NT AUTHORITY\SYSTEM
05/20/2026 03:18:01.455 PM
LogName=Microsoft-Windows-Sysmon/Operational
EventCode=1
EventType=4
ComputerName=DESKTOP-82HJBKD
User=NOT_TRANSLATED
Sid=S-1-5-18
SidType=0
SourceName=Microsoft-Windows-Sysmon
Type=Information
RecordNumber=23147
Keywords=None
TaskCategory=File created (rule: FileCreate)
OpCode=Info
Message=Process Create:
RuleName: -
UtcTime: 2026-05-20 09:33:01.453
ProcessGuid: {951b9ce6-7fcd-6a0d-9210-000000000b00}
ProcessId: 2520
Image: C:\Program Files\Splunk\bin\splunk-powershell.exe
FileVersion: -
Description: -
Product: -
Company: -
OriginalFileName: -
CommandLine: "C:\Program Files\Splunk\bin\splunk-powershell.exe" --ps2
CurrentDirectory: C:\WINDOWS\system32\
User: NT AUTHORITY\SYSTEM
LogonGuid: {951b9ce6-713d-6a0d-e703-000000000000}
LogonId: 0x3E7
TerminalSessionId: 0
IntegrityLevel: System
Hashes: MD5=09786E423871374ADDE99874569B1D83,SHA256=BAC42959A130084AFD25DEF2520AA63E58F466C472484A0FB011E51B1838D203,IMPHASH=95FBEA9323F5EA405C7BE38624B06950
ParentProcessGuid: {951b9ce6-7142-6a0d-4a00-000000000b00}
ParentProcessId: 3848
ParentImage: C:\Program Files\Splunk\bin\splunkd.exe
ParentCommandLine: "C:\Program Files\Splunk\bin\splunkd.exe" service
ParentUser: NT AUTHORITY\SYSTEM
05/20/2026 03:17:01.713 PM
LogName=Microsoft-Windows-Sysmon/Operational
EventCode=1
EventType=4
ComputerName=DESKTOP-82HJBKD
User=NOT_TRANSLATED
Sid=S-1-5-18
SidType=0
SourceName=Microsoft-Windows-Sysmon
Type=Information
RecordNumber=23087
Keywords=None
TaskCategory=File created (rule: FileCreate)
OpCode=Info
Message=Process Create:
RuleName: -
UtcTime: 2026-05-20 09:32:01.711
ProcessGuid: {951b9ce6-7f91-6a0d-5410-000000000b00}
ProcessId: 2432
Image: C:\Program Files\Splunk\bin\splunk-powershell.exe
FileVersion: -
Description: -
Product: -
Company: -
OriginalFileName: -
CommandLine: "C:\Program Files\Splunk\bin\splunk-powershell.exe"
CurrentDirectory: C:\WINDOWS\system32\
User: NT AUTHORITY\SYSTEM
LogonGuid: {951b9ce6-713d-6a0d-e703-000000000000}
LogonId: 0x3E7
TerminalSessionId: 0
IntegrityLevel: System
Hashes: MD5=09786E423871374ADDE99874569B1D83,SHA256=BAC42959A130084AFD25DEF2520AA63E58F466C472484A0FB011E51B1838D203,IMPHASH=95FBEA9323F5EA405C7BE38624B06950
ParentProcessGuid: {951b9ce6-7142-6a0d-4a00-000000000b00}
ParentProcessId: 3848
ParentImage: C:\Program Files\Splunk\bin\splunkd.exe
ParentCommandLine: "C:\Program Files\Splunk\bin\splunkd.exe" service
ParentUser: NT AUTHORITY\SYSTEM
05/20/2026 03:17:01.448 PM
LogName=Microsoft-Windows-Sysmon/Operational
EventCode=1
EventType=4
ComputerName=DESKTOP-82HJBKD
User=NOT_TRANSLATED
Sid=S-1-5-18
SidType=0
SourceName=Microsoft-Windows-Sysmon
Type=Information
RecordNumber=23086
Keywords=None
TaskCategory=File created (rule: FileCreate)
OpCode=Info
Message=Process Create:
RuleName: -
UtcTime: 2026-05-20 09:32:01.446
ProcessGuid: {951b9ce6-7f91-6a0d-5310-000000000b00}
ProcessId: 9692
Image: C:\Program Files\Splunk\bin\splunk-powershell.exe
FileVersion: -
Description: -
Product: -
Company: -
OriginalFileName: -
CommandLine: "C:\Program Files\Splunk\bin\splunk-powershell.exe" --ps2
CurrentDirectory: C:\WINDOWS\system32\
User: NT AUTHORITY\SYSTEM
LogonGuid: {951b9ce6-713d-6a0d-e703-000000000000}
LogonId: 0x3E7
TerminalSessionId: 0
IntegrityLevel: System
Hashes: MD5=09786E423871374ADDE99874569B1D83,SHA256=BAC42959A130084AFD25DEF2520AA63E58F466C472484A0FB011E51B1838D203,IMPHASH=95FBEA9323F5EA405C7BE38624B06950
ParentProcessGuid: {951b9ce6-7142-6a0d-4a00-000000000b00}
ParentProcessId: 3848
ParentImage: C:\Program Files\Splunk\bin\splunkd.exe
ParentCommandLine: "C:\Program Files\Splunk\bin\splunkd.exe" service
ParentUser: NT AUTHORITY\SYSTEM
05/20/2026 03:16:01.778 PM
LogName=Microsoft-Windows-Sysmon/Operational
EventCode=1
EventType=4
ComputerName=DESKTOP-82HJBKD
User=NOT_TRANSLATED
Sid=S-1-5-18
SidType=0
SourceName=Microsoft-Windows-Sysmon
Type=Information
RecordNumber=23013
Keywords=None
TaskCategory=File created (rule: FileCreate)
OpCode=Info
Message=Process Create:
RuleName: -
UtcTime: 2026-05-20 09:31:01.773
ProcessGuid: {951b9ce6-7f55-6a0d-0a10-000000000b00}
ProcessId: 5340
Image: C:\Program Files\Splunk\bin\splunk-powershell.exe
FileVersion: -
Description: -
Product: -
Company: -
OriginalFileName: -
CommandLine: "C:\Program Files\Splunk\bin\splunk-powershell.exe" --ps2
CurrentDirectory: C:\WINDOWS\system32\
User: NT AUTHORITY\SYSTEM
LogonGuid: {951b9ce6-713d-6a0d-e703-000000000000}
LogonId: 0x3E7
TerminalSessionId: 0
IntegrityLevel: System
Hashes: MD5=09786E423871374ADDE99874569B1D83,SHA256=BAC42959A130084AFD25DEF2520AA63E58F466C472484A0FB011E51B1838D203,IMPHASH=95FBEA9323F5EA405C7BE38624B06950
ParentProcessGuid: {951b9ce6-7142-6a0d-4a00-000000000b00}
ParentProcessId: 3848
ParentImage: C:\Program Files\Splunk\bin\splunkd.exe
ParentCommandLine: "C:\Program Files\Splunk\bin\splunkd.exe" service
ParentUser: NT AUTHORITY\SYSTEM
05/20/2026 03:16:01.685 PM
LogName=Microsoft-Windows-Sysmon/Operational
EventCode=1
EventType=4
ComputerName=DESKTOP-82HJBKD
User=NOT_TRANSLATED
Sid=S-1-5-18
SidType=0
SourceName=Microsoft-Windows-Sysmon
Type=Information
RecordNumber=23012
Keywords=None
TaskCategory=File created (rule: FileCreate)
OpCode=Info
Message=Process Create:
RuleName: -
UtcTime: 2026-05-20 09:31:01.679
ProcessGuid: {951b9ce6-7f55-6a0d-0910-000000000b00}
ProcessId: 4196
Image: C:\Program Files\Splunk\bin\splunk-powershell.exe
FileVersion: -
Description: -
Product: -
Company: -
OriginalFileName: -
CommandLine: "C:\Program Files\Splunk\bin\splunk-powershell.exe"
CurrentDirectory: C:\WINDOWS\system32\
User: NT AUTHORITY\SYSTEM
LogonGuid: {951b9ce6-713d-6a0d-e703-000000000000}
LogonId: 0x3E7
TerminalSessionId: 0
IntegrityLevel: System
Hashes: MD5=09786E423871374ADDE99874569B1D83,SHA256=BAC42959A130084AFD25DEF2520AA63E58F466C472484A0FB011E51B1838D203,IMPHASH=95FBEA9323F5EA405C7BE38624B06950
ParentProcessGuid: {951b9ce6-7142-6a0d-4a00-000000000b00}
ParentProcessId: 3848
ParentImage: C:\Program Files\Splunk\bin\splunkd.exe
ParentCommandLine: "C:\Program Files\Splunk\bin\splunkd.exe" service
ParentUser: NT AUTHORITY\SYSTEM
05/20/2026 03:15:01.944 PM
LogName=Microsoft-Windows-Sysmon/Operational
EventCode=1
EventType=4
ComputerName=DESKTOP-82HJBKD
User=NOT_TRANSLATED
Sid=S-1-5-18
SidType=0
SourceName=Microsoft-Windows-Sysmon
Type=Information
RecordNumber=22940
Keywords=None
TaskCategory=File created (rule: FileCreate)
OpCode=Info
Message=Process Create:
RuleName: -
UtcTime: 2026-05-20 09:30:01.942
ProcessGuid: {951b9ce6-7f19-6a0d-c50f-000000000b00}
ProcessId: 7032
Image: C:\Program Files\Splunk\bin\splunk-powershell.exe
FileVersion: -
Description: -
Product: -
Company: -
OriginalFileName: -
CommandLine: "C:\Program Files\Splunk\bin\splunk-powershell.exe" --ps2
CurrentDirectory: C:\WINDOWS\system32\
User: NT AUTHORITY\SYSTEM
LogonGuid: {951b9ce6-713d-6a0d-e703-000000000000}
LogonId: 0x3E7
TerminalSessionId: 0
IntegrityLevel: System
Hashes: MD5=09786E423871374ADDE99874569B1D83,SHA256=BAC42959A130084AFD25DEF2520AA63E58F466C472484A0FB011E51B1838D203,IMPHASH=95FBEA9323F5EA405C7BE38624B06950
ParentProcessGuid: {951b9ce6-7142-6a0d-4a00-000000000b00}
ParentProcessId: 3848
ParentImage: C:\Program Files\Splunk\bin\splunkd.exe
ParentCommandLine: "C:\Program Files\Splunk\bin\splunkd.exe" service
ParentUser: NT AUTHORITY\SYSTEM
05/20/2026 03:15:01.585 PM
LogName=Microsoft-Windows-Sysmon/Operational
EventCode=1
EventType=4
ComputerName=DESKTOP-82HJBKD
User=NOT_TRANSLATED
Sid=S-1-5-18
SidType=0
SourceName=Microsoft-Windows-Sysmon
Type=Information
RecordNumber=22938
Keywords=None
TaskCategory=File created (rule: FileCreate)
OpCode=Info
Message=Process Create:
RuleName: -
UtcTime: 2026-05-20 09:30:01.583
ProcessGuid: {951b9ce6-7f19-6a0d-c30f-000000000b00}
ProcessId: 4104
Image: C:\Program Files\Splunk\bin\splunk-powershell.exe
FileVersion: -
Description: -
Product: -
Company: -
OriginalFileName: -
CommandLine: "C:\Program Files\Splunk\bin\splunk-powershell.exe"
CurrentDirectory: C:\WINDOWS\system32\
User: NT AUTHORITY\SYSTEM
LogonGuid: {951b9ce6-713d-6a0d-e703-000000000000}
LogonId: 0x3E7
TerminalSessionId: 0
IntegrityLevel: System
Hashes: MD5=09786E423871374ADDE99874569B1D83,SHA256=BAC42959A130084AFD25DEF2520AA63E58F466C472484A0FB011E51B1838D203,IMPHASH=95FBEA9323F5EA405C7BE38624B06950
ParentProcessGuid: {951b9ce6-7142-6a0d-4a00-000000000b00}
ParentProcessId: 3848
ParentImage: C:\Program Files\Splunk\bin\splunkd.exe
ParentCommandLine: "C:\Program Files\Splunk\bin\splunkd.exe" service
ParentUser: NT AUTHORITY\SYSTEM
05/20/2026 03:14:01.897 PM
LogName=Microsoft-Windows-Sysmon/Operational
EventCode=1
EventType=4
ComputerName=DESKTOP-82HJBKD
User=NOT_TRANSLATED
Sid=S-1-5-18
SidType=0
SourceName=Microsoft-Windows-Sysmon
Type=Information
RecordNumber=22882
Keywords=None
TaskCategory=File created (rule: FileCreate)
OpCode=Info
Message=Process Create:
RuleName: -
UtcTime: 2026-05-20 09:29:01.895
ProcessGuid: {951b9ce6-7edd-6a0d-8b0f-000000000b00}
ProcessId: 1044
Image: C:\Program Files\Splunk\bin\splunk-powershell.exe
FileVersion: -
Description: -
Product: -
Company: -
OriginalFileName: -
CommandLine: "C:\Program Files\Splunk\bin\splunk-powershell.exe" --ps2
CurrentDirectory: C:\WINDOWS\system32\
User: NT AUTHORITY\SYSTEM
LogonGuid: {951b9ce6-713d-6a0d-e703-000000000000}
LogonId: 0x3E7
TerminalSessionId: 0
IntegrityLevel: System
Hashes: MD5=09786E423871374ADDE99874569B1D83,SHA256=BAC42959A130084AFD25DEF2520AA63E58F466C472484A0FB011E51B1838D203,IMPHASH=95FBEA9323F5EA405C7BE38624B06950
ParentProcessGuid: {951b9ce6-7142-6a0d-4a00-000000000b00}
ParentProcessId: 3848
ParentImage: C:\Program Files\Splunk\bin\splunkd.exe
ParentCommandLine: "C:\Program Files\Splunk\bin\splunkd.exe" service
ParentUser: NT AUTHORITY\SYSTEM
05/20/2026 03:14:01.648 PM
LogName=Microsoft-Windows-Sysmon/Operational
EventCode=1
EventType=4
ComputerName=DESKTOP-82HJBKD
User=NOT_TRANSLATED
Sid=S-1-5-18
SidType=0
SourceName=Microsoft-Windows-Sysmon
Type=Information
RecordNumber=22880
Keywords=None
TaskCategory=File created (rule: FileCreate)
OpCode=Info
Message=Process Create:
RuleName: -
UtcTime: 2026-05-20 09:29:01.645
ProcessGuid: {951b9ce6-7edd-6a0d-890f-000000000b00}
ProcessId: 10720
Image: C:\Program Files\Splunk\bin\splunk-powershell.exe
FileVersion: -
Description: -
Product: -
Company: -
OriginalFileName: -
CommandLine: "C:\Program Files\Splunk\bin\splunk-powershell.exe"
CurrentDirectory: C:\WINDOWS\system32\
User: NT AUTHORITY\SYSTEM
LogonGuid: {951b9ce6-713d-6a0d-e703-000000000000}
LogonId: 0x3E7
TerminalSessionId: 0
IntegrityLevel: System
Hashes: MD5=09786E423871374ADDE99874569B1D83,SHA256=BAC42959A130084AFD25DEF2520AA63E58F466C472484A0FB011E51B1838D203,IMPHASH=95FBEA9323F5EA405C7BE38624B06950
ParentProcessGuid: {951b9ce6-7142-6a0d-4a00-000000000b00}
ParentProcessId: 3848
ParentImage: C:\Program Files\Splunk\bin\splunkd.exe
ParentCommandLine: "C:\Program Files\Splunk\bin\splunkd.exe" service
ParentUser: NT AUTHORITY\SYSTEM
05/20/2026 03:13:01.471 PM
LogName=Microsoft-Windows-Sysmon/Operational
EventCode=1
EventType=4
ComputerName=DESKTOP-82HJBKD
User=NOT_TRANSLATED
Sid=S-1-5-18
SidType=0
SourceName=Microsoft-Windows-Sysmon
Type=Information
RecordNumber=22823
Keywords=None
TaskCategory=File created (rule: FileCreate)
OpCode=Info
Message=Process Create:
RuleName: -
UtcTime: 2026-05-20 09:28:01.469
ProcessGuid: {951b9ce6-7ea1-6a0d-500f-000000000b00}
ProcessId: 3428
Image: C:\Program Files\Splunk\bin\splunk-powershell.exe
FileVersion: -
Description: -
Product: -
Company: -
OriginalFileName: -
CommandLine: "C:\Program Files\Splunk\bin\splunk-powershell.exe" --ps2
CurrentDirectory: C:\WINDOWS\system32\
User: NT AUTHORITY\SYSTEM
LogonGuid: {951b9ce6-713d-6a0d-e703-000000000000}
LogonId: 0x3E7
TerminalSessionId: 0
IntegrityLevel: System
Hashes: MD5=09786E423871374ADDE99874569B1D83,SHA256=BAC42959A130084AFD25DEF2520AA63E58F466C472484A0FB011E51B1838D203,IMPHASH=95FBEA9323F5EA405C7BE38624B06950
ParentProcessGuid: {951b9ce6-7142-6a0d-4a00-000000000b00}
ParentProcessId: 3848
ParentImage: C:\Program Files\Splunk\bin\splunkd.exe
ParentCommandLine: "C:\Program Files\Splunk\bin\splunkd.exe" service
ParentUser: NT AUTHORITY\SYSTEM
05/20/2026 03:13:01.189 PM
LogName=Microsoft-Windows-Sysmon/Operational
EventCode=1
EventType=4
ComputerName=DESKTOP-82HJBKD
User=NOT_TRANSLATED
Sid=S-1-5-18
SidType=0
SourceName=Microsoft-Windows-Sysmon
Type=Information
RecordNumber=22822
Keywords=None
TaskCategory=File created (rule: FileCreate)
OpCode=Info
Message=Process Create:
RuleName: -
UtcTime: 2026-05-20 09:28:01.186
ProcessGuid: {951b9ce6-7ea1-6a0d-4f0f-000000000b00}
ProcessId: 6884
Image: C:\Program Files\Splunk\bin\splunk-powershell.exe
FileVersion: -
Description: -
Product: -
Company: -
OriginalFileName: -
CommandLine: "C:\Program Files\Splunk\bin\splunk-powershell.exe"
CurrentDirectory: C:\WINDOWS\system32\
User: NT AUTHORITY\SYSTEM
LogonGuid: {951b9ce6-713d-6a0d-e703-000000000000}
LogonId: 0x3E7
TerminalSessionId: 0
IntegrityLevel: System
Hashes: MD5=09786E423871374ADDE99874569B1D83,SHA256=BAC42959A130084AFD25DEF2520AA63E58F466C472484A0FB011E51B1838D203,IMPHASH=95FBEA9323F5EA405C7BE38624B06950
ParentProcessGuid: {951b9ce6-7142-6a0d-4a00-000000000b00}
ParentProcessId: 3848
ParentImage: C:\Program Files\Splunk\bin\splunkd.exe
ParentCommandLine: "C:\Program Files\Splunk\bin\splunkd.exe" service
ParentUser: NT AUTHORITY\SYSTEM
05/20/2026 03:12:01.463 PM
LogName=Microsoft-Windows-Sysmon/Operational
EventCode=1
EventType=4
ComputerName=DESKTOP-82HJBKD
User=NOT_TRANSLATED
Sid=S-1-5-18
SidType=0
SourceName=Microsoft-Windows-Sysmon
Type=Information
RecordNumber=22764
Keywords=None
TaskCategory=File created (rule: FileCreate)
OpCode=Info
Message=Process Create:
RuleName: -
UtcTime: 2026-05-20 09:27:01.461
ProcessGuid: {951b9ce6-7e65-6a0d-190f-000000000b00}
ProcessId: 10540
Image: C:\Program Files\Splunk\bin\splunk-powershell.exe
FileVersion: -
Description: -
Product: -
Company: -
OriginalFileName: -
CommandLine: "C:\Program Files\Splunk\bin\splunk-powershell.exe" --ps2
CurrentDirectory: C:\WINDOWS\system32\
User: NT AUTHORITY\SYSTEM
LogonGuid: {951b9ce6-713d-6a0d-e703-000000000000}
LogonId: 0x3E7
TerminalSessionId: 0
IntegrityLevel: System
Hashes: MD5=09786E423871374ADDE99874569B1D83,SHA256=BAC42959A130084AFD25DEF2520AA63E58F466C472484A0FB011E51B1838D203,IMPHASH=95FBEA9323F5EA405C7BE38624B06950
ParentProcessGuid: {951b9ce6-7142-6a0d-4a00-000000000b00}
ParentProcessId: 3848
ParentImage: C:\Program Files\Splunk\bin\splunkd.exe
ParentCommandLine: "C:\Program Files\Splunk\bin\splunkd.exe" service
ParentUser: NT AUTHORITY\SYSTEM
05/20/2026 03:12:01.167 PM
LogName=Microsoft-Windows-Sysmon/Operational
EventCode=1
EventType=4
ComputerName=DESKTOP-82HJBKD
User=NOT_TRANSLATED
Sid=S-1-5-18
SidType=0
SourceName=Microsoft-Windows-Sysmon
Type=Information
RecordNumber=22762
Keywords=None
TaskCategory=File created (rule: FileCreate)
OpCode=Info
Message=Process Create:
RuleName: -
UtcTime: 2026-05-20 09:27:01.164
ProcessGuid: {951b9ce6-7e65-6a0d-170f-000000000b00}
ProcessId: 8496
Image: C:\Program Files\Splunk\bin\splunk-powershell.exe
FileVersion: -
Description: -
Product: -
Company: -
OriginalFileName: -
CommandLine: "C:\Program Files\Splunk\bin\splunk-powershell.exe"
CurrentDirectory: C:\WINDOWS\system32\
User: NT AUTHORITY\SYSTEM
LogonGuid: {951b9ce6-713d-6a0d-e703-000000000000}
LogonId: 0x3E7
TerminalSessionId: 0
IntegrityLevel: System
Hashes: MD5=09786E423871374ADDE99874569B1D83,SHA256=BAC42959A130084AFD25DEF2520AA63E58F466C472484A0FB011E51B1838D203,IMPHASH=95FBEA9323F5EA405C7BE38624B06950
ParentProcessGuid: {951b9ce6-7142-6a0d-4a00-000000000b00}
ParentProcessId: 3848
ParentImage: C:\Program Files\Splunk\bin\splunkd.exe
ParentCommandLine: "C:\Program Files\Splunk\bin\splunkd.exe" service
ParentUser: NT AUTHORITY\SYSTEM
05/20/2026 03:11:01.439 PM
LogName=Microsoft-Windows-Sysmon/Operational
EventCode=1
EventType=4
ComputerName=DESKTOP-82HJBKD
User=NOT_TRANSLATED
Sid=S-1-5-18
SidType=0
SourceName=Microsoft-Windows-Sysmon
Type=Information
RecordNumber=22702
Keywords=None
TaskCategory=File created (rule: FileCreate)
OpCode=Info
Message=Process Create:
RuleName: -
UtcTime: 2026-05-20 09:26:01.437
ProcessGuid: {951b9ce6-7e29-6a0d-db0e-000000000b00}
ProcessId: 6560
Image: C:\Program Files\Splunk\bin\splunk-powershell.exe
FileVersion: -
Description: -
Product: -
Company: -
OriginalFileName: -
CommandLine: "C:\Program Files\Splunk\bin\splunk-powershell.exe" --ps2
CurrentDirectory: C:\WINDOWS\system32\
User: NT AUTHORITY\SYSTEM
LogonGuid: {951b9ce6-713d-6a0d-e703-000000000000}
LogonId: 0x3E7
TerminalSessionId: 0
IntegrityLevel: System
Hashes: MD5=09786E423871374ADDE99874569B1D83,SHA256=BAC42959A130084AFD25DEF2520AA63E58F466C472484A0FB011E51B1838D203,IMPHASH=95FBEA9323F5EA405C7BE38624B06950
ParentProcessGuid: {951b9ce6-7142-6a0d-4a00-000000000b00}
ParentProcessId: 3848
ParentImage: C:\Program Files\Splunk\bin\splunkd.exe
ParentCommandLine: "C:\Program Files\Splunk\bin\splunkd.exe" service
ParentUser: NT AUTHORITY\SYSTEM
05/20/2026 03:11:01.172 PM
LogName=Microsoft-Windows-Sysmon/Operational
EventCode=1
EventType=4
ComputerName=DESKTOP-82HJBKD
User=NOT_TRANSLATED
Sid=S-1-5-18
SidType=0
SourceName=Microsoft-Windows-Sysmon
Type=Information
RecordNumber=22701
Keywords=None
TaskCategory=File created (rule: FileCreate)
OpCode=Info
Message=Process Create:
RuleName: -
UtcTime: 2026-05-20 09:26:01.170
ProcessGuid: {951b9ce6-7e29-6a0d-da0e-000000000b00}
ProcessId: 8120
Image: C:\Program Files\Splunk\bin\splunk-powershell.exe
FileVersion: -
Description: -
Product: -
Company: -
OriginalFileName: -
CommandLine: "C:\Program Files\Splunk\bin\splunk-powershell.exe"
CurrentDirectory: C:\WINDOWS\system32\
User: NT AUTHORITY\SYSTEM
LogonGuid: {951b9ce6-713d-6a0d-e703-000000000000}
LogonId: 0x3E7
TerminalSessionId: 0
IntegrityLevel: System
Hashes: MD5=09786E423871374ADDE99874569B1D83,SHA256=BAC42959A130084AFD25DEF2520AA63E58F466C472484A0FB011E51B1838D203,IMPHASH=95FBEA9323F5EA405C7BE38624B06950
ParentProcessGuid: {951b9ce6-7142-6a0d-4a00-000000000b00}
ParentProcessId: 3848
ParentImage: C:\Program Files\Splunk\bin\splunkd.exe
ParentCommandLine: "C:\Program Files\Splunk\bin\splunkd.exe" service
ParentUser: NT AUTHORITY\SYSTEM
05/20/2026 03:10:01.552 PM
LogName=Microsoft-Windows-Sysmon/Operational
EventCode=1
EventType=4
ComputerName=DESKTOP-82HJBKD
User=NOT_TRANSLATED
Sid=S-1-5-18
SidType=0
SourceName=Microsoft-Windows-Sysmon
Type=Information
RecordNumber=22646
Keywords=None
TaskCategory=File created (rule: FileCreate)
OpCode=Info
Message=Process Create:
RuleName: -
UtcTime: 2026-05-20 09:25:01.551
ProcessGuid: {951b9ce6-7ded-6a0d-a30e-000000000b00}
ProcessId: 5176
Image: C:\Program Files\Splunk\bin\splunk-powershell.exe
FileVersion: -
Description: -
Product: -
Company: -
OriginalFileName: -
CommandLine: "C:\Program Files\Splunk\bin\splunk-powershell.exe" --ps2
CurrentDirectory: C:\WINDOWS\system32\
User: NT AUTHORITY\SYSTEM
LogonGuid: {951b9ce6-713d-6a0d-e703-000000000000}
LogonId: 0x3E7
TerminalSessionId: 0
IntegrityLevel: System
Hashes: MD5=09786E423871374ADDE99874569B1D83,SHA256=BAC42959A130084AFD25DEF2520AA63E58F466C472484A0FB011E51B1838D203,IMPHASH=95FBEA9323F5EA405C7BE38624B06950
ParentProcessGuid: {951b9ce6-7142-6a0d-4a00-000000000b00}
ParentProcessId: 3848
ParentImage: C:\Program Files\Splunk\bin\splunkd.exe
ParentCommandLine: "C:\Program Files\Splunk\bin\splunkd.exe" service
ParentUser: NT AUTHORITY\SYSTEM
05/20/2026 03:10:01.174 PM
LogName=Microsoft-Windows-Sysmon/Operational
EventCode=1
EventType=4
ComputerName=DESKTOP-82HJBKD
User=NOT_TRANSLATED
Sid=S-1-5-18
SidType=0
SourceName=Microsoft-Windows-Sysmon
Type=Information
RecordNumber=22644
Keywords=None
TaskCategory=File created (rule: FileCreate)
OpCode=Info
Message=Process Create:
RuleName: -
UtcTime: 2026-05-20 09:25:01.173
ProcessGuid: {951b9ce6-7ded-6a0d-a10e-000000000b00}
ProcessId: 1192
Image: C:\Program Files\Splunk\bin\splunk-powershell.exe
FileVersion: -
Description: -
Product: -
Company: -
OriginalFileName: -
CommandLine: "C:\Program Files\Splunk\bin\splunk-powershell.exe"
CurrentDirectory: C:\WINDOWS\system32\
User: NT AUTHORITY\SYSTEM
LogonGuid: {951b9ce6-713d-6a0d-e703-000000000000}
LogonId: 0x3E7
TerminalSessionId: 0
IntegrityLevel: System
Hashes: MD5=09786E423871374ADDE99874569B1D83,SHA256=BAC42959A130084AFD25DEF2520AA63E58F466C472484A0FB011E51B1838D203,IMPHASH=95FBEA9323F5EA405C7BE38624B06950
ParentProcessGuid: {951b9ce6-7142-6a0d-4a00-000000000b00}
ParentProcessId: 3848
ParentImage: C:\Program Files\Splunk\bin\splunkd.exe
ParentCommandLine: "C:\Program Files\Splunk\bin\splunkd.exe" service
ParentUser: NT AUTHORITY\SYSTEM
05/20/2026 03:09:01.293 PM
LogName=Microsoft-Windows-Sysmon/Operational
EventCode=1
EventType=4
ComputerName=DESKTOP-82HJBKD
User=NOT_TRANSLATED
Sid=S-1-5-18
SidType=0
SourceName=Microsoft-Windows-Sysmon
Type=Information
RecordNumber=22588
Keywords=None
TaskCategory=File created (rule: FileCreate)
OpCode=Info
Message=Process Create:
RuleName: -
UtcTime: 2026-05-20 09:24:01.291
ProcessGuid: {951b9ce6-7db1-6a0d-690e-000000000b00}
ProcessId: 120
Image: C:\Program Files\Splunk\bin\splunk-powershell.exe
FileVersion: -
Description: -
Product: -
Company: -
OriginalFileName: -
CommandLine: "C:\Program Files\Splunk\bin\splunk-powershell.exe" --ps2
CurrentDirectory: C:\WINDOWS\system32\
User: NT AUTHORITY\SYSTEM
LogonGuid: {951b9ce6-713d-6a0d-e703-000000000000}
LogonId: 0x3E7
TerminalSessionId: 0
IntegrityLevel: System
Hashes: MD5=09786E423871374ADDE99874569B1D83,SHA256=BAC42959A130084AFD25DEF2520AA63E58F466C472484A0FB011E51B1838D203,IMPHASH=95FBEA9323F5EA405C7BE38624B06950
ParentProcessGuid: {951b9ce6-7142-6a0d-4a00-000000000b00}
ParentProcessId: 3848
ParentImage: C:\Program Files\Splunk\bin\splunkd.exe
ParentCommandLine: "C:\Program Files\Splunk\bin\splunkd.exe" service
ParentUser: NT AUTHORITY\SYSTEM
05/20/2026 03:09:01.173 PM
LogName=Microsoft-Windows-Sysmon/Operational
EventCode=1
EventType=4
ComputerName=DESKTOP-82HJBKD
User=NOT_TRANSLATED
Sid=S-1-5-18
SidType=0
SourceName=Microsoft-Windows-Sysmon
Type=Information
RecordNumber=22586
Keywords=None
TaskCategory=File created (rule: FileCreate)
OpCode=Info
Message=Process Create:
RuleName: -
UtcTime: 2026-05-20 09:24:01.169
ProcessGuid: {951b9ce6-7db1-6a0d-670e-000000000b00}
ProcessId: 8708
Image: C:\Program Files\Splunk\bin\splunk-powershell.exe
FileVersion: -
Description: -
Product: -
Company: -
OriginalFileName: -
CommandLine: "C:\Program Files\Splunk\bin\splunk-powershell.exe"
CurrentDirectory: C:\WINDOWS\system32\
User: NT AUTHORITY\SYSTEM
LogonGuid: {951b9ce6-713d-6a0d-e703-000000000000}
LogonId: 0x3E7
TerminalSessionId: 0
IntegrityLevel: System
Hashes: MD5=09786E423871374ADDE99874569B1D83,SHA256=BAC42959A130084AFD25DEF2520AA63E58F466C472484A0FB011E51B1838D203,IMPHASH=95FBEA9323F5EA405C7BE38624B06950
ParentProcessGuid: {951b9ce6-7142-6a0d-4a00-000000000b00}
ParentProcessId: 3848
ParentImage: C:\Program Files\Splunk\bin\splunkd.exe
ParentCommandLine: "C:\Program Files\Splunk\bin\splunkd.exe" service
ParentUser: NT AUTHORITY\SYSTEM
