05/23/2026 01:17:57.123 PM
LogName=Microsoft-Windows-Sysmon/Operational
EventCode=1
EventType=4
ComputerName=DESKTOP-82HJBKD
User=NOT_TRANSLATED
Sid=S-1-5-18
SidType=0
SourceName=Microsoft-Windows-Sysmon
Type=Information
RecordNumber=30102
Keywords=None
TaskCategory=Process Create (rule: ProcessCreate)
OpCode=Info
Message=Process Create:
RuleName: -
UtcTime: 2026-05-23 07:32:57.121
ProcessGuid: {951b9ce6-5829-6a11-8f0b-000000000f00}
ProcessId: 9752
Image: C:\Program Files\Splunk\bin\splunk-powershell.exe
FileVersion: -
Description: -
Product: -
Company: -
OriginalFileName: -
CommandLine: "C:\Program Files\Splunk\bin\splunk-powershell.exe" --ps2
CurrentDirectory: C:\WINDOWS\system32\
User: NT AUTHORITY\SYSTEM
LogonGuid: {951b9ce6-5027-6a11-e703-000000000000}
LogonId: 0x3E7
TerminalSessionId: 0
IntegrityLevel: System
Hashes: MD5=09786E423871374ADDE99874569B1D83,SHA256=BAC42959A130084AFD25DEF2520AA63E58F466C472484A0FB011E51B1838D203,IMPHASH=95FBEA9323F5EA405C7BE38624B06950
ParentProcessGuid: {951b9ce6-502c-6a11-4e00-000000000f00}
ParentProcessId: 3584
ParentImage: C:\Program Files\Splunk\bin\splunkd.exe
ParentCommandLine: "C:\Program Files\Splunk\bin\splunkd.exe" service
ParentUser: NT AUTHORITY\SYSTEM
05/23/2026 01:17:56.571 PM
LogName=Microsoft-Windows-Sysmon/Operational
EventCode=1
EventType=4
ComputerName=DESKTOP-82HJBKD
User=NOT_TRANSLATED
Sid=S-1-5-18
SidType=0
SourceName=Microsoft-Windows-Sysmon
Type=Information
RecordNumber=30100
Keywords=None
TaskCategory=Process Create (rule: ProcessCreate)
OpCode=Info
Message=Process Create:
RuleName: -
UtcTime: 2026-05-23 07:32:56.569
ProcessGuid: {951b9ce6-5828-6a11-8d0b-000000000f00}
ProcessId: 2200
Image: C:\Program Files\Splunk\bin\splunk-powershell.exe
FileVersion: -
Description: -
Product: -
Company: -
OriginalFileName: -
CommandLine: "C:\Program Files\Splunk\bin\splunk-powershell.exe"
CurrentDirectory: C:\WINDOWS\system32\
User: NT AUTHORITY\SYSTEM
LogonGuid: {951b9ce6-5027-6a11-e703-000000000000}
LogonId: 0x3E7
TerminalSessionId: 0
IntegrityLevel: System
Hashes: MD5=09786E423871374ADDE99874569B1D83,SHA256=BAC42959A130084AFD25DEF2520AA63E58F466C472484A0FB011E51B1838D203,IMPHASH=95FBEA9323F5EA405C7BE38624B06950
ParentProcessGuid: {951b9ce6-502c-6a11-4e00-000000000f00}
ParentProcessId: 3584
ParentImage: C:\Program Files\Splunk\bin\splunkd.exe
ParentCommandLine: "C:\Program Files\Splunk\bin\splunkd.exe" service
ParentUser: NT AUTHORITY\SYSTEM
05/23/2026 01:16:57.088 PM
LogName=Microsoft-Windows-Sysmon/Operational
EventCode=1
EventType=4
ComputerName=DESKTOP-82HJBKD
User=NOT_TRANSLATED
Sid=S-1-5-18
SidType=0
SourceName=Microsoft-Windows-Sysmon
Type=Information
RecordNumber=30032
Keywords=None
TaskCategory=Process Create (rule: ProcessCreate)
OpCode=Info
Message=Process Create:
RuleName: -
UtcTime: 2026-05-23 07:31:57.086
ProcessGuid: {951b9ce6-57ed-6a11-4b0b-000000000f00}
ProcessId: 12144
Image: C:\Program Files\Splunk\bin\splunk-powershell.exe
FileVersion: -
Description: -
Product: -
Company: -
OriginalFileName: -
CommandLine: "C:\Program Files\Splunk\bin\splunk-powershell.exe" --ps2
CurrentDirectory: C:\WINDOWS\system32\
User: NT AUTHORITY\SYSTEM
LogonGuid: {951b9ce6-5027-6a11-e703-000000000000}
LogonId: 0x3E7
TerminalSessionId: 0
IntegrityLevel: System
Hashes: MD5=09786E423871374ADDE99874569B1D83,SHA256=BAC42959A130084AFD25DEF2520AA63E58F466C472484A0FB011E51B1838D203,IMPHASH=95FBEA9323F5EA405C7BE38624B06950
ParentProcessGuid: {951b9ce6-502c-6a11-4e00-000000000f00}
ParentProcessId: 3584
ParentImage: C:\Program Files\Splunk\bin\splunkd.exe
ParentCommandLine: "C:\Program Files\Splunk\bin\splunkd.exe" service
ParentUser: NT AUTHORITY\SYSTEM
05/23/2026 01:16:56.550 PM
LogName=Microsoft-Windows-Sysmon/Operational
EventCode=1
EventType=4
ComputerName=DESKTOP-82HJBKD
User=NOT_TRANSLATED
Sid=S-1-5-18
SidType=0
SourceName=Microsoft-Windows-Sysmon
Type=Information
RecordNumber=30030
Keywords=None
TaskCategory=Process Create (rule: ProcessCreate)
OpCode=Info
Message=Process Create:
RuleName: -
UtcTime: 2026-05-23 07:31:56.548
ProcessGuid: {951b9ce6-57ec-6a11-490b-000000000f00}
ProcessId: 10944
Image: C:\Program Files\Splunk\bin\splunk-powershell.exe
FileVersion: -
Description: -
Product: -
Company: -
OriginalFileName: -
CommandLine: "C:\Program Files\Splunk\bin\splunk-powershell.exe"
CurrentDirectory: C:\WINDOWS\system32\
User: NT AUTHORITY\SYSTEM
LogonGuid: {951b9ce6-5027-6a11-e703-000000000000}
LogonId: 0x3E7
TerminalSessionId: 0
IntegrityLevel: System
Hashes: MD5=09786E423871374ADDE99874569B1D83,SHA256=BAC42959A130084AFD25DEF2520AA63E58F466C472484A0FB011E51B1838D203,IMPHASH=95FBEA9323F5EA405C7BE38624B06950
ParentProcessGuid: {951b9ce6-502c-6a11-4e00-000000000f00}
ParentProcessId: 3584
ParentImage: C:\Program Files\Splunk\bin\splunkd.exe
ParentCommandLine: "C:\Program Files\Splunk\bin\splunkd.exe" service
ParentUser: NT AUTHORITY\SYSTEM
05/23/2026 01:15:57.067 PM
LogName=Microsoft-Windows-Sysmon/Operational
EventCode=1
EventType=4
ComputerName=DESKTOP-82HJBKD
User=NOT_TRANSLATED
Sid=S-1-5-18
SidType=0
SourceName=Microsoft-Windows-Sysmon
Type=Information
RecordNumber=29961
Keywords=None
TaskCategory=Process Create (rule: ProcessCreate)
OpCode=Info
Message=Process Create:
RuleName: -
UtcTime: 2026-05-23 07:30:57.065
ProcessGuid: {951b9ce6-57b1-6a11-070b-000000000f00}
ProcessId: 4372
Image: C:\Program Files\Splunk\bin\splunk-powershell.exe
FileVersion: -
Description: -
Product: -
Company: -
OriginalFileName: -
CommandLine: "C:\Program Files\Splunk\bin\splunk-powershell.exe" --ps2
CurrentDirectory: C:\WINDOWS\system32\
User: NT AUTHORITY\SYSTEM
LogonGuid: {951b9ce6-5027-6a11-e703-000000000000}
LogonId: 0x3E7
TerminalSessionId: 0
IntegrityLevel: System
Hashes: MD5=09786E423871374ADDE99874569B1D83,SHA256=BAC42959A130084AFD25DEF2520AA63E58F466C472484A0FB011E51B1838D203,IMPHASH=95FBEA9323F5EA405C7BE38624B06950
ParentProcessGuid: {951b9ce6-502c-6a11-4e00-000000000f00}
ParentProcessId: 3584
ParentImage: C:\Program Files\Splunk\bin\splunkd.exe
ParentCommandLine: "C:\Program Files\Splunk\bin\splunkd.exe" service
ParentUser: NT AUTHORITY\SYSTEM
05/23/2026 01:15:56.536 PM
LogName=Microsoft-Windows-Sysmon/Operational
EventCode=1
EventType=4
ComputerName=DESKTOP-82HJBKD
User=NOT_TRANSLATED
Sid=S-1-5-18
SidType=0
SourceName=Microsoft-Windows-Sysmon
Type=Information
RecordNumber=29959
Keywords=None
TaskCategory=Process Create (rule: ProcessCreate)
OpCode=Info
Message=Process Create:
RuleName: -
UtcTime: 2026-05-23 07:30:56.534
ProcessGuid: {951b9ce6-57b0-6a11-050b-000000000f00}
ProcessId: 1048
Image: C:\Program Files\Splunk\bin\splunk-powershell.exe
FileVersion: -
Description: -
Product: -
Company: -
OriginalFileName: -
CommandLine: "C:\Program Files\Splunk\bin\splunk-powershell.exe"
CurrentDirectory: C:\WINDOWS\system32\
User: NT AUTHORITY\SYSTEM
LogonGuid: {951b9ce6-5027-6a11-e703-000000000000}
LogonId: 0x3E7
TerminalSessionId: 0
IntegrityLevel: System
Hashes: MD5=09786E423871374ADDE99874569B1D83,SHA256=BAC42959A130084AFD25DEF2520AA63E58F466C472484A0FB011E51B1838D203,IMPHASH=95FBEA9323F5EA405C7BE38624B06950
ParentProcessGuid: {951b9ce6-502c-6a11-4e00-000000000f00}
ParentProcessId: 3584
ParentImage: C:\Program Files\Splunk\bin\splunkd.exe
ParentCommandLine: "C:\Program Files\Splunk\bin\splunkd.exe" service
ParentUser: NT AUTHORITY\SYSTEM
05/23/2026 01:14:57.183 PM
LogName=Microsoft-Windows-Sysmon/Operational
EventCode=1
EventType=4
ComputerName=DESKTOP-82HJBKD
User=NOT_TRANSLATED
Sid=S-1-5-18
SidType=0
SourceName=Microsoft-Windows-Sysmon
Type=Information
RecordNumber=29883
Keywords=None
TaskCategory=Process Create (rule: ProcessCreate)
OpCode=Info
Message=Process Create:
RuleName: -
UtcTime: 2026-05-23 07:29:57.181
ProcessGuid: {951b9ce6-5775-6a11-bb0a-000000000f00}
ProcessId: 2732
Image: C:\Program Files\Splunk\bin\splunk-powershell.exe
FileVersion: -
Description: -
Product: -
Company: -
OriginalFileName: -
CommandLine: "C:\Program Files\Splunk\bin\splunk-powershell.exe" --ps2
CurrentDirectory: C:\WINDOWS\system32\
User: NT AUTHORITY\SYSTEM
LogonGuid: {951b9ce6-5027-6a11-e703-000000000000}
LogonId: 0x3E7
TerminalSessionId: 0
IntegrityLevel: System
Hashes: MD5=09786E423871374ADDE99874569B1D83,SHA256=BAC42959A130084AFD25DEF2520AA63E58F466C472484A0FB011E51B1838D203,IMPHASH=95FBEA9323F5EA405C7BE38624B06950
ParentProcessGuid: {951b9ce6-502c-6a11-4e00-000000000f00}
ParentProcessId: 3584
ParentImage: C:\Program Files\Splunk\bin\splunkd.exe
ParentCommandLine: "C:\Program Files\Splunk\bin\splunkd.exe" service
ParentUser: NT AUTHORITY\SYSTEM
05/23/2026 01:14:56.517 PM
LogName=Microsoft-Windows-Sysmon/Operational
EventCode=1
EventType=4
ComputerName=DESKTOP-82HJBKD
User=NOT_TRANSLATED
Sid=S-1-5-18
SidType=0
SourceName=Microsoft-Windows-Sysmon
Type=Information
RecordNumber=29881
Keywords=None
TaskCategory=Process Create (rule: ProcessCreate)
OpCode=Info
Message=Process Create:
RuleName: -
UtcTime: 2026-05-23 07:29:56.515
ProcessGuid: {951b9ce6-5774-6a11-b90a-000000000f00}
ProcessId: 13216
Image: C:\Program Files\Splunk\bin\splunk-powershell.exe
FileVersion: -
Description: -
Product: -
Company: -
OriginalFileName: -
CommandLine: "C:\Program Files\Splunk\bin\splunk-powershell.exe"
CurrentDirectory: C:\WINDOWS\system32\
User: NT AUTHORITY\SYSTEM
LogonGuid: {951b9ce6-5027-6a11-e703-000000000000}
LogonId: 0x3E7
TerminalSessionId: 0
IntegrityLevel: System
Hashes: MD5=09786E423871374ADDE99874569B1D83,SHA256=BAC42959A130084AFD25DEF2520AA63E58F466C472484A0FB011E51B1838D203,IMPHASH=95FBEA9323F5EA405C7BE38624B06950
ParentProcessGuid: {951b9ce6-502c-6a11-4e00-000000000f00}
ParentProcessId: 3584
ParentImage: C:\Program Files\Splunk\bin\splunkd.exe
ParentCommandLine: "C:\Program Files\Splunk\bin\splunkd.exe" service
ParentUser: NT AUTHORITY\SYSTEM
05/23/2026 01:13:57.170 PM
LogName=Microsoft-Windows-Sysmon/Operational
EventCode=1
EventType=4
ComputerName=DESKTOP-82HJBKD
User=NOT_TRANSLATED
Sid=S-1-5-18
SidType=0
SourceName=Microsoft-Windows-Sysmon
Type=Information
RecordNumber=29808
Keywords=None
TaskCategory=Process Create (rule: ProcessCreate)
OpCode=Info
Message=Process Create:
RuleName: -
UtcTime: 2026-05-23 07:28:57.169
ProcessGuid: {951b9ce6-5739-6a11-6c0a-000000000f00}
ProcessId: 10560
Image: C:\Program Files\Splunk\bin\splunk-powershell.exe
FileVersion: -
Description: -
Product: -
Company: -
OriginalFileName: -
CommandLine: "C:\Program Files\Splunk\bin\splunk-powershell.exe" --ps2
CurrentDirectory: C:\WINDOWS\system32\
User: NT AUTHORITY\SYSTEM
LogonGuid: {951b9ce6-5027-6a11-e703-000000000000}
LogonId: 0x3E7
TerminalSessionId: 0
IntegrityLevel: System
Hashes: MD5=09786E423871374ADDE99874569B1D83,SHA256=BAC42959A130084AFD25DEF2520AA63E58F466C472484A0FB011E51B1838D203,IMPHASH=95FBEA9323F5EA405C7BE38624B06950
ParentProcessGuid: {951b9ce6-502c-6a11-4e00-000000000f00}
ParentProcessId: 3584
ParentImage: C:\Program Files\Splunk\bin\splunkd.exe
ParentCommandLine: "C:\Program Files\Splunk\bin\splunkd.exe" service
ParentUser: NT AUTHORITY\SYSTEM
05/23/2026 01:13:56.528 PM
LogName=Microsoft-Windows-Sysmon/Operational
EventCode=1
EventType=4
ComputerName=DESKTOP-82HJBKD
User=NOT_TRANSLATED
Sid=S-1-5-18
SidType=0
SourceName=Microsoft-Windows-Sysmon
Type=Information
RecordNumber=29806
Keywords=None
TaskCategory=Process Create (rule: ProcessCreate)
OpCode=Info
Message=Process Create:
RuleName: -
UtcTime: 2026-05-23 07:28:56.526
ProcessGuid: {951b9ce6-5738-6a11-6a0a-000000000f00}
ProcessId: 7460
Image: C:\Program Files\Splunk\bin\splunk-powershell.exe
FileVersion: -
Description: -
Product: -
Company: -
OriginalFileName: -
CommandLine: "C:\Program Files\Splunk\bin\splunk-powershell.exe"
CurrentDirectory: C:\WINDOWS\system32\
User: NT AUTHORITY\SYSTEM
LogonGuid: {951b9ce6-5027-6a11-e703-000000000000}
LogonId: 0x3E7
TerminalSessionId: 0
IntegrityLevel: System
Hashes: MD5=09786E423871374ADDE99874569B1D83,SHA256=BAC42959A130084AFD25DEF2520AA63E58F466C472484A0FB011E51B1838D203,IMPHASH=95FBEA9323F5EA405C7BE38624B06950
ParentProcessGuid: {951b9ce6-502c-6a11-4e00-000000000f00}
ParentProcessId: 3584
ParentImage: C:\Program Files\Splunk\bin\splunkd.exe
ParentCommandLine: "C:\Program Files\Splunk\bin\splunkd.exe" service
ParentUser: NT AUTHORITY\SYSTEM
05/23/2026 01:12:57.170 PM
LogName=Microsoft-Windows-Sysmon/Operational
EventCode=1
EventType=4
ComputerName=DESKTOP-82HJBKD
User=NOT_TRANSLATED
Sid=S-1-5-18
SidType=0
SourceName=Microsoft-Windows-Sysmon
Type=Information
RecordNumber=29736
Keywords=None
TaskCategory=Process Create (rule: ProcessCreate)
OpCode=Info
Message=Process Create:
RuleName: -
UtcTime: 2026-05-23 07:27:57.169
ProcessGuid: {951b9ce6-56fd-6a11-250a-000000000f00}
ProcessId: 12792
Image: C:\Program Files\Splunk\bin\splunk-powershell.exe
FileVersion: -
Description: -
Product: -
Company: -
OriginalFileName: -
CommandLine: "C:\Program Files\Splunk\bin\splunk-powershell.exe" --ps2
CurrentDirectory: C:\WINDOWS\system32\
User: NT AUTHORITY\SYSTEM
LogonGuid: {951b9ce6-5027-6a11-e703-000000000000}
LogonId: 0x3E7
TerminalSessionId: 0
IntegrityLevel: System
Hashes: MD5=09786E423871374ADDE99874569B1D83,SHA256=BAC42959A130084AFD25DEF2520AA63E58F466C472484A0FB011E51B1838D203,IMPHASH=95FBEA9323F5EA405C7BE38624B06950
ParentProcessGuid: {951b9ce6-502c-6a11-4e00-000000000f00}
ParentProcessId: 3584
ParentImage: C:\Program Files\Splunk\bin\splunkd.exe
ParentCommandLine: "C:\Program Files\Splunk\bin\splunkd.exe" service
ParentUser: NT AUTHORITY\SYSTEM
05/23/2026 01:12:56.526 PM
LogName=Microsoft-Windows-Sysmon/Operational
EventCode=1
EventType=4
ComputerName=DESKTOP-82HJBKD
User=NOT_TRANSLATED
Sid=S-1-5-18
SidType=0
SourceName=Microsoft-Windows-Sysmon
Type=Information
RecordNumber=29734
Keywords=None
TaskCategory=Process Create (rule: ProcessCreate)
OpCode=Info
Message=Process Create:
RuleName: -
UtcTime: 2026-05-23 07:27:56.524
ProcessGuid: {951b9ce6-56fc-6a11-230a-000000000f00}
ProcessId: 10960
Image: C:\Program Files\Splunk\bin\splunk-powershell.exe
FileVersion: -
Description: -
Product: -
Company: -
OriginalFileName: -
CommandLine: "C:\Program Files\Splunk\bin\splunk-powershell.exe"
CurrentDirectory: C:\WINDOWS\system32\
User: NT AUTHORITY\SYSTEM
LogonGuid: {951b9ce6-5027-6a11-e703-000000000000}
LogonId: 0x3E7
TerminalSessionId: 0
IntegrityLevel: System
Hashes: MD5=09786E423871374ADDE99874569B1D83,SHA256=BAC42959A130084AFD25DEF2520AA63E58F466C472484A0FB011E51B1838D203,IMPHASH=95FBEA9323F5EA405C7BE38624B06950
ParentProcessGuid: {951b9ce6-502c-6a11-4e00-000000000f00}
ParentProcessId: 3584
ParentImage: C:\Program Files\Splunk\bin\splunkd.exe
ParentCommandLine: "C:\Program Files\Splunk\bin\splunkd.exe" service
ParentUser: NT AUTHORITY\SYSTEM
05/23/2026 01:11:57.307 PM
LogName=Microsoft-Windows-Sysmon/Operational
EventCode=1
EventType=4
ComputerName=DESKTOP-82HJBKD
User=NOT_TRANSLATED
Sid=S-1-5-18
SidType=0
SourceName=Microsoft-Windows-Sysmon
Type=Information
RecordNumber=29665
Keywords=None
TaskCategory=Process Create (rule: ProcessCreate)
OpCode=Info
Message=Process Create:
RuleName: -
UtcTime: 2026-05-23 07:26:57.306
ProcessGuid: {951b9ce6-56c1-6a11-e209-000000000f00}
ProcessId: 8400
Image: C:\Program Files\Splunk\bin\splunk-powershell.exe
FileVersion: -
Description: -
Product: -
Company: -
OriginalFileName: -
CommandLine: "C:\Program Files\Splunk\bin\splunk-powershell.exe" --ps2
CurrentDirectory: C:\WINDOWS\system32\
User: NT AUTHORITY\SYSTEM
LogonGuid: {951b9ce6-5027-6a11-e703-000000000000}
LogonId: 0x3E7
TerminalSessionId: 0
IntegrityLevel: System
Hashes: MD5=09786E423871374ADDE99874569B1D83,SHA256=BAC42959A130084AFD25DEF2520AA63E58F466C472484A0FB011E51B1838D203,IMPHASH=95FBEA9323F5EA405C7BE38624B06950
ParentProcessGuid: {951b9ce6-502c-6a11-4e00-000000000f00}
ParentProcessId: 3584
ParentImage: C:\Program Files\Splunk\bin\splunkd.exe
ParentCommandLine: "C:\Program Files\Splunk\bin\splunkd.exe" service
ParentUser: NT AUTHORITY\SYSTEM
05/23/2026 01:11:56.522 PM
LogName=Microsoft-Windows-Sysmon/Operational
EventCode=1
EventType=4
ComputerName=DESKTOP-82HJBKD
User=NOT_TRANSLATED
Sid=S-1-5-18
SidType=0
SourceName=Microsoft-Windows-Sysmon
Type=Information
RecordNumber=29663
Keywords=None
TaskCategory=Process Create (rule: ProcessCreate)
OpCode=Info
Message=Process Create:
RuleName: -
UtcTime: 2026-05-23 07:26:56.520
ProcessGuid: {951b9ce6-56c0-6a11-e009-000000000f00}
ProcessId: 9376
Image: C:\Program Files\Splunk\bin\splunk-powershell.exe
FileVersion: -
Description: -
Product: -
Company: -
OriginalFileName: -
CommandLine: "C:\Program Files\Splunk\bin\splunk-powershell.exe"
CurrentDirectory: C:\WINDOWS\system32\
User: NT AUTHORITY\SYSTEM
LogonGuid: {951b9ce6-5027-6a11-e703-000000000000}
LogonId: 0x3E7
TerminalSessionId: 0
IntegrityLevel: System
Hashes: MD5=09786E423871374ADDE99874569B1D83,SHA256=BAC42959A130084AFD25DEF2520AA63E58F466C472484A0FB011E51B1838D203,IMPHASH=95FBEA9323F5EA405C7BE38624B06950
ParentProcessGuid: {951b9ce6-502c-6a11-4e00-000000000f00}
ParentProcessId: 3584
ParentImage: C:\Program Files\Splunk\bin\splunkd.exe
ParentCommandLine: "C:\Program Files\Splunk\bin\splunkd.exe" service
ParentUser: NT AUTHORITY\SYSTEM
05/23/2026 01:10:57.303 PM
LogName=Microsoft-Windows-Sysmon/Operational
EventCode=1
EventType=4
ComputerName=DESKTOP-82HJBKD
User=NOT_TRANSLATED
Sid=S-1-5-18
SidType=0
SourceName=Microsoft-Windows-Sysmon
Type=Information
RecordNumber=29595
Keywords=None
TaskCategory=Process Create (rule: ProcessCreate)
OpCode=Info
Message=Process Create:
RuleName: -
UtcTime: 2026-05-23 07:25:57.301
ProcessGuid: {951b9ce6-5685-6a11-9f09-000000000f00}
ProcessId: 1632
Image: C:\Program Files\Splunk\bin\splunk-powershell.exe
FileVersion: -
Description: -
Product: -
Company: -
OriginalFileName: -
CommandLine: "C:\Program Files\Splunk\bin\splunk-powershell.exe" --ps2
CurrentDirectory: C:\WINDOWS\system32\
User: NT AUTHORITY\SYSTEM
LogonGuid: {951b9ce6-5027-6a11-e703-000000000000}
LogonId: 0x3E7
TerminalSessionId: 0
IntegrityLevel: System
Hashes: MD5=09786E423871374ADDE99874569B1D83,SHA256=BAC42959A130084AFD25DEF2520AA63E58F466C472484A0FB011E51B1838D203,IMPHASH=95FBEA9323F5EA405C7BE38624B06950
ParentProcessGuid: {951b9ce6-502c-6a11-4e00-000000000f00}
ParentProcessId: 3584
ParentImage: C:\Program Files\Splunk\bin\splunkd.exe
ParentCommandLine: "C:\Program Files\Splunk\bin\splunkd.exe" service
ParentUser: NT AUTHORITY\SYSTEM
05/23/2026 01:10:56.527 PM
LogName=Microsoft-Windows-Sysmon/Operational
EventCode=1
EventType=4
ComputerName=DESKTOP-82HJBKD
User=NOT_TRANSLATED
Sid=S-1-5-18
SidType=0
SourceName=Microsoft-Windows-Sysmon
Type=Information
RecordNumber=29592
Keywords=None
TaskCategory=Process Create (rule: ProcessCreate)
OpCode=Info
Message=Process Create:
RuleName: -
UtcTime: 2026-05-23 07:25:56.525
ProcessGuid: {951b9ce6-5684-6a11-9c09-000000000f00}
ProcessId: 4520
Image: C:\Program Files\Splunk\bin\splunk-powershell.exe
FileVersion: -
Description: -
Product: -
Company: -
OriginalFileName: -
CommandLine: "C:\Program Files\Splunk\bin\splunk-powershell.exe"
CurrentDirectory: C:\WINDOWS\system32\
User: NT AUTHORITY\SYSTEM
LogonGuid: {951b9ce6-5027-6a11-e703-000000000000}
LogonId: 0x3E7
TerminalSessionId: 0
IntegrityLevel: System
Hashes: MD5=09786E423871374ADDE99874569B1D83,SHA256=BAC42959A130084AFD25DEF2520AA63E58F466C472484A0FB011E51B1838D203,IMPHASH=95FBEA9323F5EA405C7BE38624B06950
ParentProcessGuid: {951b9ce6-502c-6a11-4e00-000000000f00}
ParentProcessId: 3584
ParentImage: C:\Program Files\Splunk\bin\splunkd.exe
ParentCommandLine: "C:\Program Files\Splunk\bin\splunkd.exe" service
ParentUser: NT AUTHORITY\SYSTEM
05/23/2026 01:09:57.299 PM
LogName=Microsoft-Windows-Sysmon/Operational
EventCode=1
EventType=4
ComputerName=DESKTOP-82HJBKD
User=NOT_TRANSLATED
Sid=S-1-5-18
SidType=0
SourceName=Microsoft-Windows-Sysmon
Type=Information
RecordNumber=29525
Keywords=None
TaskCategory=Process Create (rule: ProcessCreate)
OpCode=Info
Message=Process Create:
RuleName: -
UtcTime: 2026-05-23 07:24:57.296
ProcessGuid: {951b9ce6-5649-6a11-5b09-000000000f00}
ProcessId: 10864
Image: C:\Program Files\Splunk\bin\splunk-powershell.exe
FileVersion: -
Description: -
Product: -
Company: -
OriginalFileName: -
CommandLine: "C:\Program Files\Splunk\bin\splunk-powershell.exe" --ps2
CurrentDirectory: C:\WINDOWS\system32\
User: NT AUTHORITY\SYSTEM
LogonGuid: {951b9ce6-5027-6a11-e703-000000000000}
LogonId: 0x3E7
TerminalSessionId: 0
IntegrityLevel: System
Hashes: MD5=09786E423871374ADDE99874569B1D83,SHA256=BAC42959A130084AFD25DEF2520AA63E58F466C472484A0FB011E51B1838D203,IMPHASH=95FBEA9323F5EA405C7BE38624B06950
ParentProcessGuid: {951b9ce6-502c-6a11-4e00-000000000f00}
ParentProcessId: 3584
ParentImage: C:\Program Files\Splunk\bin\splunkd.exe
ParentCommandLine: "C:\Program Files\Splunk\bin\splunkd.exe" service
ParentUser: NT AUTHORITY\SYSTEM
05/23/2026 01:09:56.526 PM
LogName=Microsoft-Windows-Sysmon/Operational
EventCode=1
EventType=4
ComputerName=DESKTOP-82HJBKD
User=NOT_TRANSLATED
Sid=S-1-5-18
SidType=0
SourceName=Microsoft-Windows-Sysmon
Type=Information
RecordNumber=29523
Keywords=None
TaskCategory=Process Create (rule: ProcessCreate)
OpCode=Info
Message=Process Create:
RuleName: -
UtcTime: 2026-05-23 07:24:56.524
ProcessGuid: {951b9ce6-5648-6a11-5909-000000000f00}
ProcessId: 10880
Image: C:\Program Files\Splunk\bin\splunk-powershell.exe
FileVersion: -
Description: -
Product: -
Company: -
OriginalFileName: -
CommandLine: "C:\Program Files\Splunk\bin\splunk-powershell.exe"
CurrentDirectory: C:\WINDOWS\system32\
User: NT AUTHORITY\SYSTEM
LogonGuid: {951b9ce6-5027-6a11-e703-000000000000}
LogonId: 0x3E7
TerminalSessionId: 0
IntegrityLevel: System
Hashes: MD5=09786E423871374ADDE99874569B1D83,SHA256=BAC42959A130084AFD25DEF2520AA63E58F466C472484A0FB011E51B1838D203,IMPHASH=95FBEA9323F5EA405C7BE38624B06950
ParentProcessGuid: {951b9ce6-502c-6a11-4e00-000000000f00}
ParentProcessId: 3584
ParentImage: C:\Program Files\Splunk\bin\splunkd.exe
ParentCommandLine: "C:\Program Files\Splunk\bin\splunkd.exe" service
ParentUser: NT AUTHORITY\SYSTEM
05/23/2026 01:08:57.296 PM
LogName=Microsoft-Windows-Sysmon/Operational
EventCode=1
EventType=4
ComputerName=DESKTOP-82HJBKD
User=NOT_TRANSLATED
Sid=S-1-5-18
SidType=0
SourceName=Microsoft-Windows-Sysmon
Type=Information
RecordNumber=29454
Keywords=None
TaskCategory=Process Create (rule: ProcessCreate)
OpCode=Info
Message=Process Create:
RuleName: -
UtcTime: 2026-05-23 07:23:57.294
ProcessGuid: {951b9ce6-560d-6a11-1809-000000000f00}
ProcessId: 6520
Image: C:\Program Files\Splunk\bin\splunk-powershell.exe
FileVersion: -
Description: -
Product: -
Company: -
OriginalFileName: -
CommandLine: "C:\Program Files\Splunk\bin\splunk-powershell.exe" --ps2
CurrentDirectory: C:\WINDOWS\system32\
User: NT AUTHORITY\SYSTEM
LogonGuid: {951b9ce6-5027-6a11-e703-000000000000}
LogonId: 0x3E7
TerminalSessionId: 0
IntegrityLevel: System
Hashes: MD5=09786E423871374ADDE99874569B1D83,SHA256=BAC42959A130084AFD25DEF2520AA63E58F466C472484A0FB011E51B1838D203,IMPHASH=95FBEA9323F5EA405C7BE38624B06950
ParentProcessGuid: {951b9ce6-502c-6a11-4e00-000000000f00}
ParentProcessId: 3584
ParentImage: C:\Program Files\Splunk\bin\splunkd.exe
ParentCommandLine: "C:\Program Files\Splunk\bin\splunkd.exe" service
ParentUser: NT AUTHORITY\SYSTEM
05/23/2026 01:08:56.519 PM
LogName=Microsoft-Windows-Sysmon/Operational
EventCode=1
EventType=4
ComputerName=DESKTOP-82HJBKD
User=NOT_TRANSLATED
Sid=S-1-5-18
SidType=0
SourceName=Microsoft-Windows-Sysmon
Type=Information
RecordNumber=29451
Keywords=None
TaskCategory=Process Create (rule: ProcessCreate)
OpCode=Info
Message=Process Create:
RuleName: -
UtcTime: 2026-05-23 07:23:56.517
ProcessGuid: {951b9ce6-560c-6a11-1509-000000000f00}
ProcessId: 13176
Image: C:\Program Files\Splunk\bin\splunk-powershell.exe
FileVersion: -
Description: -
Product: -
Company: -
OriginalFileName: -
CommandLine: "C:\Program Files\Splunk\bin\splunk-powershell.exe"
CurrentDirectory: C:\WINDOWS\system32\
User: NT AUTHORITY\SYSTEM
LogonGuid: {951b9ce6-5027-6a11-e703-000000000000}
LogonId: 0x3E7
TerminalSessionId: 0
IntegrityLevel: System
Hashes: MD5=09786E423871374ADDE99874569B1D83,SHA256=BAC42959A130084AFD25DEF2520AA63E58F466C472484A0FB011E51B1838D203,IMPHASH=95FBEA9323F5EA405C7BE38624B06950
ParentProcessGuid: {951b9ce6-502c-6a11-4e00-000000000f00}
ParentProcessId: 3584
ParentImage: C:\Program Files\Splunk\bin\splunkd.exe
ParentCommandLine: "C:\Program Files\Splunk\bin\splunkd.exe" service
ParentUser: NT AUTHORITY\SYSTEM
05/23/2026 01:07:57.301 PM
LogName=Microsoft-Windows-Sysmon/Operational
EventCode=1
EventType=4
ComputerName=DESKTOP-82HJBKD
User=NOT_TRANSLATED
Sid=S-1-5-18
SidType=0
SourceName=Microsoft-Windows-Sysmon
Type=Information
RecordNumber=29384
Keywords=None
TaskCategory=Process Create (rule: ProcessCreate)
OpCode=Info
Message=Process Create:
RuleName: -
UtcTime: 2026-05-23 07:22:57.298
ProcessGuid: {951b9ce6-55d1-6a11-d508-000000000f00}
ProcessId: 5628
Image: C:\Program Files\Splunk\bin\splunk-powershell.exe
FileVersion: -
Description: -
Product: -
Company: -
OriginalFileName: -
CommandLine: "C:\Program Files\Splunk\bin\splunk-powershell.exe" --ps2
CurrentDirectory: C:\WINDOWS\system32\
User: NT AUTHORITY\SYSTEM
LogonGuid: {951b9ce6-5027-6a11-e703-000000000000}
LogonId: 0x3E7
TerminalSessionId: 0
IntegrityLevel: System
Hashes: MD5=09786E423871374ADDE99874569B1D83,SHA256=BAC42959A130084AFD25DEF2520AA63E58F466C472484A0FB011E51B1838D203,IMPHASH=95FBEA9323F5EA405C7BE38624B06950
ParentProcessGuid: {951b9ce6-502c-6a11-4e00-000000000f00}
ParentProcessId: 3584
ParentImage: C:\Program Files\Splunk\bin\splunkd.exe
ParentCommandLine: "C:\Program Files\Splunk\bin\splunkd.exe" service
ParentUser: NT AUTHORITY\SYSTEM
05/23/2026 01:07:56.571 PM
LogName=Microsoft-Windows-Sysmon/Operational
EventCode=1
EventType=4
ComputerName=DESKTOP-82HJBKD
User=NOT_TRANSLATED
Sid=S-1-5-18
SidType=0
SourceName=Microsoft-Windows-Sysmon
Type=Information
RecordNumber=29382
Keywords=None
TaskCategory=Process Create (rule: ProcessCreate)
OpCode=Info
Message=Process Create:
RuleName: -
UtcTime: 2026-05-23 07:22:56.566
ProcessGuid: {951b9ce6-55d0-6a11-d308-000000000f00}
ProcessId: 9124
Image: C:\Program Files\Splunk\bin\splunk-powershell.exe
FileVersion: -
Description: -
Product: -
Company: -
OriginalFileName: -
CommandLine: "C:\Program Files\Splunk\bin\splunk-powershell.exe"
CurrentDirectory: C:\WINDOWS\system32\
User: NT AUTHORITY\SYSTEM
LogonGuid: {951b9ce6-5027-6a11-e703-000000000000}
LogonId: 0x3E7
TerminalSessionId: 0
IntegrityLevel: System
Hashes: MD5=09786E423871374ADDE99874569B1D83,SHA256=BAC42959A130084AFD25DEF2520AA63E58F466C472484A0FB011E51B1838D203,IMPHASH=95FBEA9323F5EA405C7BE38624B06950
ParentProcessGuid: {951b9ce6-502c-6a11-4e00-000000000f00}
ParentProcessId: 3584
ParentImage: C:\Program Files\Splunk\bin\splunkd.exe
ParentCommandLine: "C:\Program Files\Splunk\bin\splunkd.exe" service
ParentUser: NT AUTHORITY\SYSTEM
05/23/2026 01:06:57.258 PM
LogName=Microsoft-Windows-Sysmon/Operational
EventCode=1
EventType=4
ComputerName=DESKTOP-82HJBKD
User=NOT_TRANSLATED
Sid=S-1-5-18
SidType=0
SourceName=Microsoft-Windows-Sysmon
Type=Information
RecordNumber=29296
Keywords=None
TaskCategory=Process Create (rule: ProcessCreate)
OpCode=Info
Message=Process Create:
RuleName: -
UtcTime: 2026-05-23 07:21:57.256
ProcessGuid: {951b9ce6-5595-6a11-7b08-000000000f00}
ProcessId: 5496
Image: C:\Program Files\Splunk\bin\splunk-powershell.exe
FileVersion: -
Description: -
Product: -
Company: -
OriginalFileName: -
CommandLine: "C:\Program Files\Splunk\bin\splunk-powershell.exe" --ps2
CurrentDirectory: C:\WINDOWS\system32\
User: NT AUTHORITY\SYSTEM
LogonGuid: {951b9ce6-5027-6a11-e703-000000000000}
LogonId: 0x3E7
TerminalSessionId: 0
IntegrityLevel: System
Hashes: MD5=09786E423871374ADDE99874569B1D83,SHA256=BAC42959A130084AFD25DEF2520AA63E58F466C472484A0FB011E51B1838D203,IMPHASH=95FBEA9323F5EA405C7BE38624B06950
ParentProcessGuid: {951b9ce6-502c-6a11-4e00-000000000f00}
ParentProcessId: 3584
ParentImage: C:\Program Files\Splunk\bin\splunkd.exe
ParentCommandLine: "C:\Program Files\Splunk\bin\splunkd.exe" service
ParentUser: NT AUTHORITY\SYSTEM
05/23/2026 01:06:56.551 PM
LogName=Microsoft-Windows-Sysmon/Operational
EventCode=1
EventType=4
ComputerName=DESKTOP-82HJBKD
User=NOT_TRANSLATED
Sid=S-1-5-18
SidType=0
SourceName=Microsoft-Windows-Sysmon
Type=Information
RecordNumber=29294
Keywords=None
TaskCategory=Process Create (rule: ProcessCreate)
OpCode=Info
Message=Process Create:
RuleName: -
UtcTime: 2026-05-23 07:21:56.549
ProcessGuid: {951b9ce6-5594-6a11-7908-000000000f00}
ProcessId: 12536
Image: C:\Program Files\Splunk\bin\splunk-powershell.exe
FileVersion: -
Description: -
Product: -
Company: -
OriginalFileName: -
CommandLine: "C:\Program Files\Splunk\bin\splunk-powershell.exe"
CurrentDirectory: C:\WINDOWS\system32\
User: NT AUTHORITY\SYSTEM
LogonGuid: {951b9ce6-5027-6a11-e703-000000000000}
LogonId: 0x3E7
TerminalSessionId: 0
IntegrityLevel: System
Hashes: MD5=09786E423871374ADDE99874569B1D83,SHA256=BAC42959A130084AFD25DEF2520AA63E58F466C472484A0FB011E51B1838D203,IMPHASH=95FBEA9323F5EA405C7BE38624B06950
ParentProcessGuid: {951b9ce6-502c-6a11-4e00-000000000f00}
ParentProcessId: 3584
ParentImage: C:\Program Files\Splunk\bin\splunkd.exe
ParentCommandLine: "C:\Program Files\Splunk\bin\splunkd.exe" service
ParentUser: NT AUTHORITY\SYSTEM
05/23/2026 01:05:57.155 PM
LogName=Microsoft-Windows-Sysmon/Operational
EventCode=1
EventType=4
ComputerName=DESKTOP-82HJBKD
User=NOT_TRANSLATED
Sid=S-1-5-18
SidType=0
SourceName=Microsoft-Windows-Sysmon
Type=Information
RecordNumber=29200
Keywords=None
TaskCategory=Process Create (rule: ProcessCreate)
OpCode=Info
Message=Process Create:
RuleName: -
UtcTime: 2026-05-23 07:20:57.153
ProcessGuid: {951b9ce6-5559-6a11-2608-000000000f00}
ProcessId: 12596
Image: C:\Program Files\Splunk\bin\splunk-powershell.exe
FileVersion: -
Description: -
Product: -
Company: -
OriginalFileName: -
CommandLine: "C:\Program Files\Splunk\bin\splunk-powershell.exe" --ps2
CurrentDirectory: C:\WINDOWS\system32\
User: NT AUTHORITY\SYSTEM
LogonGuid: {951b9ce6-5027-6a11-e703-000000000000}
LogonId: 0x3E7
TerminalSessionId: 0
IntegrityLevel: System
Hashes: MD5=09786E423871374ADDE99874569B1D83,SHA256=BAC42959A130084AFD25DEF2520AA63E58F466C472484A0FB011E51B1838D203,IMPHASH=95FBEA9323F5EA405C7BE38624B06950
ParentProcessGuid: {951b9ce6-502c-6a11-4e00-000000000f00}
ParentProcessId: 3584
ParentImage: C:\Program Files\Splunk\bin\splunkd.exe
ParentCommandLine: "C:\Program Files\Splunk\bin\splunkd.exe" service
ParentUser: NT AUTHORITY\SYSTEM
05/23/2026 01:05:56.701 PM
LogName=Microsoft-Windows-Sysmon/Operational
EventCode=1
EventType=4
ComputerName=DESKTOP-82HJBKD
User=NOT_TRANSLATED
Sid=S-1-5-18
SidType=0
SourceName=Microsoft-Windows-Sysmon
Type=Information
RecordNumber=29199
Keywords=None
TaskCategory=Process Create (rule: ProcessCreate)
OpCode=Info
Message=Process Create:
RuleName: -
UtcTime: 2026-05-23 07:20:56.698
ProcessGuid: {951b9ce6-5558-6a11-2508-000000000f00}
ProcessId: 8704
Image: C:\Program Files\Splunk\bin\splunk-powershell.exe
FileVersion: -
Description: -
Product: -
Company: -
OriginalFileName: -
CommandLine: "C:\Program Files\Splunk\bin\splunk-powershell.exe"
CurrentDirectory: C:\WINDOWS\system32\
User: NT AUTHORITY\SYSTEM
LogonGuid: {951b9ce6-5027-6a11-e703-000000000000}
LogonId: 0x3E7
TerminalSessionId: 0
IntegrityLevel: System
Hashes: MD5=09786E423871374ADDE99874569B1D83,SHA256=BAC42959A130084AFD25DEF2520AA63E58F466C472484A0FB011E51B1838D203,IMPHASH=95FBEA9323F5EA405C7BE38624B06950
ParentProcessGuid: {951b9ce6-502c-6a11-4e00-000000000f00}
ParentProcessId: 3584
ParentImage: C:\Program Files\Splunk\bin\splunkd.exe
ParentCommandLine: "C:\Program Files\Splunk\bin\splunkd.exe" service
ParentUser: NT AUTHORITY\SYSTEM
05/23/2026 01:04:57.146 PM
LogName=Microsoft-Windows-Sysmon/Operational
EventCode=1
EventType=4
ComputerName=DESKTOP-82HJBKD
User=NOT_TRANSLATED
Sid=S-1-5-18
SidType=0
SourceName=Microsoft-Windows-Sysmon
Type=Information
RecordNumber=29106
Keywords=None
TaskCategory=Process Create (rule: ProcessCreate)
OpCode=Info
Message=Process Create:
RuleName: -
UtcTime: 2026-05-23 07:19:57.144
ProcessGuid: {951b9ce6-551d-6a11-d707-000000000f00}
ProcessId: 2900
Image: C:\Program Files\Splunk\bin\splunk-powershell.exe
FileVersion: -
Description: -
Product: -
Company: -
OriginalFileName: -
CommandLine: "C:\Program Files\Splunk\bin\splunk-powershell.exe" --ps2
CurrentDirectory: C:\WINDOWS\system32\
User: NT AUTHORITY\SYSTEM
LogonGuid: {951b9ce6-5027-6a11-e703-000000000000}
LogonId: 0x3E7
TerminalSessionId: 0
IntegrityLevel: System
Hashes: MD5=09786E423871374ADDE99874569B1D83,SHA256=BAC42959A130084AFD25DEF2520AA63E58F466C472484A0FB011E51B1838D203,IMPHASH=95FBEA9323F5EA405C7BE38624B06950
ParentProcessGuid: {951b9ce6-502c-6a11-4e00-000000000f00}
ParentProcessId: 3584
ParentImage: C:\Program Files\Splunk\bin\splunkd.exe
ParentCommandLine: "C:\Program Files\Splunk\bin\splunkd.exe" service
ParentUser: NT AUTHORITY\SYSTEM
05/23/2026 01:04:56.687 PM
LogName=Microsoft-Windows-Sysmon/Operational
EventCode=1
EventType=4
ComputerName=DESKTOP-82HJBKD
User=NOT_TRANSLATED
Sid=S-1-5-18
SidType=0
SourceName=Microsoft-Windows-Sysmon
Type=Information
RecordNumber=29105
Keywords=None
TaskCategory=Process Create (rule: ProcessCreate)
OpCode=Info
Message=Process Create:
RuleName: -
UtcTime: 2026-05-23 07:19:56.685
ProcessGuid: {951b9ce6-551c-6a11-d607-000000000f00}
ProcessId: 5588
Image: C:\Program Files\Splunk\bin\splunk-powershell.exe
FileVersion: -
Description: -
Product: -
Company: -
OriginalFileName: -
CommandLine: "C:\Program Files\Splunk\bin\splunk-powershell.exe"
CurrentDirectory: C:\WINDOWS\system32\
User: NT AUTHORITY\SYSTEM
LogonGuid: {951b9ce6-5027-6a11-e703-000000000000}
LogonId: 0x3E7
TerminalSessionId: 0
IntegrityLevel: System
Hashes: MD5=09786E423871374ADDE99874569B1D83,SHA256=BAC42959A130084AFD25DEF2520AA63E58F466C472484A0FB011E51B1838D203,IMPHASH=95FBEA9323F5EA405C7BE38624B06950
ParentProcessGuid: {951b9ce6-502c-6a11-4e00-000000000f00}
ParentProcessId: 3584
ParentImage: C:\Program Files\Splunk\bin\splunkd.exe
ParentCommandLine: "C:\Program Files\Splunk\bin\splunkd.exe" service
ParentUser: NT AUTHORITY\SYSTEM
05/23/2026 01:03:57.145 PM
LogName=Microsoft-Windows-Sysmon/Operational
EventCode=1
EventType=4
ComputerName=DESKTOP-82HJBKD
User=NOT_TRANSLATED
Sid=S-1-5-18
SidType=0
SourceName=Microsoft-Windows-Sysmon
Type=Information
RecordNumber=29029
Keywords=None
TaskCategory=Process Create (rule: ProcessCreate)
OpCode=Info
Message=Process Create:
RuleName: -
UtcTime: 2026-05-23 07:18:57.143
ProcessGuid: {951b9ce6-54e1-6a11-8d07-000000000f00}
ProcessId: 5648
Image: C:\Program Files\Splunk\bin\splunk-powershell.exe
FileVersion: -
Description: -
Product: -
Company: -
OriginalFileName: -
CommandLine: "C:\Program Files\Splunk\bin\splunk-powershell.exe" --ps2
CurrentDirectory: C:\WINDOWS\system32\
User: NT AUTHORITY\SYSTEM
LogonGuid: {951b9ce6-5027-6a11-e703-000000000000}
LogonId: 0x3E7
TerminalSessionId: 0
IntegrityLevel: System
Hashes: MD5=09786E423871374ADDE99874569B1D83,SHA256=BAC42959A130084AFD25DEF2520AA63E58F466C472484A0FB011E51B1838D203,IMPHASH=95FBEA9323F5EA405C7BE38624B06950
ParentProcessGuid: {951b9ce6-502c-6a11-4e00-000000000f00}
ParentProcessId: 3584
ParentImage: C:\Program Files\Splunk\bin\splunkd.exe
ParentCommandLine: "C:\Program Files\Splunk\bin\splunkd.exe" service
ParentUser: NT AUTHORITY\SYSTEM
05/23/2026 01:03:56.677 PM
LogName=Microsoft-Windows-Sysmon/Operational
EventCode=1
EventType=4
ComputerName=DESKTOP-82HJBKD
User=NOT_TRANSLATED
Sid=S-1-5-18
SidType=0
SourceName=Microsoft-Windows-Sysmon
Type=Information
RecordNumber=29028
Keywords=None
TaskCategory=Process Create (rule: ProcessCreate)
OpCode=Info
Message=Process Create:
RuleName: -
UtcTime: 2026-05-23 07:18:56.675
ProcessGuid: {951b9ce6-54e0-6a11-8c07-000000000f00}
ProcessId: 11580
Image: C:\Program Files\Splunk\bin\splunk-powershell.exe
FileVersion: -
Description: -
Product: -
Company: -
OriginalFileName: -
CommandLine: "C:\Program Files\Splunk\bin\splunk-powershell.exe"
CurrentDirectory: C:\WINDOWS\system32\
User: NT AUTHORITY\SYSTEM
LogonGuid: {951b9ce6-5027-6a11-e703-000000000000}
LogonId: 0x3E7
TerminalSessionId: 0
IntegrityLevel: System
Hashes: MD5=09786E423871374ADDE99874569B1D83,SHA256=BAC42959A130084AFD25DEF2520AA63E58F466C472484A0FB011E51B1838D203,IMPHASH=95FBEA9323F5EA405C7BE38624B06950
ParentProcessGuid: {951b9ce6-502c-6a11-4e00-000000000f00}
ParentProcessId: 3584
ParentImage: C:\Program Files\Splunk\bin\splunkd.exe
ParentCommandLine: "C:\Program Files\Splunk\bin\splunkd.exe" service
ParentUser: NT AUTHORITY\SYSTEM
05/23/2026 01:02:57.138 PM
LogName=Microsoft-Windows-Sysmon/Operational
EventCode=1
EventType=4
ComputerName=DESKTOP-82HJBKD
User=NOT_TRANSLATED
Sid=S-1-5-18
SidType=0
SourceName=Microsoft-Windows-Sysmon
Type=Information
RecordNumber=28943
Keywords=None
TaskCategory=Process Create (rule: ProcessCreate)
OpCode=Info
Message=Process Create:
RuleName: -
UtcTime: 2026-05-23 07:17:57.128
ProcessGuid: {951b9ce6-54a5-6a11-3907-000000000f00}
ProcessId: 13004
Image: C:\Program Files\Splunk\bin\splunk-powershell.exe
FileVersion: -
Description: -
Product: -
Company: -
OriginalFileName: -
CommandLine: "C:\Program Files\Splunk\bin\splunk-powershell.exe" --ps2
CurrentDirectory: C:\WINDOWS\system32\
User: NT AUTHORITY\SYSTEM
LogonGuid: {951b9ce6-5027-6a11-e703-000000000000}
LogonId: 0x3E7
TerminalSessionId: 0
IntegrityLevel: System
Hashes: MD5=09786E423871374ADDE99874569B1D83,SHA256=BAC42959A130084AFD25DEF2520AA63E58F466C472484A0FB011E51B1838D203,IMPHASH=95FBEA9323F5EA405C7BE38624B06950
ParentProcessGuid: {951b9ce6-502c-6a11-4e00-000000000f00}
ParentProcessId: 3584
ParentImage: C:\Program Files\Splunk\bin\splunkd.exe
ParentCommandLine: "C:\Program Files\Splunk\bin\splunkd.exe" service
ParentUser: NT AUTHORITY\SYSTEM
05/23/2026 01:02:56.755 PM
LogName=Microsoft-Windows-Sysmon/Operational
EventCode=1
EventType=4
ComputerName=DESKTOP-82HJBKD
User=NOT_TRANSLATED
Sid=S-1-5-18
SidType=0
SourceName=Microsoft-Windows-Sysmon
Type=Information
RecordNumber=28941
Keywords=None
TaskCategory=Process Create (rule: ProcessCreate)
OpCode=Info
Message=Process Create:
RuleName: -
UtcTime: 2026-05-23 07:17:56.752
ProcessGuid: {951b9ce6-54a4-6a11-3707-000000000f00}
ProcessId: 12888
Image: C:\Program Files\Splunk\bin\splunk-powershell.exe
FileVersion: -
Description: -
Product: -
Company: -
OriginalFileName: -
CommandLine: "C:\Program Files\Splunk\bin\splunk-powershell.exe"
CurrentDirectory: C:\WINDOWS\system32\
User: NT AUTHORITY\SYSTEM
LogonGuid: {951b9ce6-5027-6a11-e703-000000000000}
LogonId: 0x3E7
TerminalSessionId: 0
IntegrityLevel: System
Hashes: MD5=09786E423871374ADDE99874569B1D83,SHA256=BAC42959A130084AFD25DEF2520AA63E58F466C472484A0FB011E51B1838D203,IMPHASH=95FBEA9323F5EA405C7BE38624B06950
ParentProcessGuid: {951b9ce6-502c-6a11-4e00-000000000f00}
ParentProcessId: 3584
ParentImage: C:\Program Files\Splunk\bin\splunkd.exe
ParentCommandLine: "C:\Program Files\Splunk\bin\splunkd.exe" service
ParentUser: NT AUTHORITY\SYSTEM
05/23/2026 01:01:57.120 PM
LogName=Microsoft-Windows-Sysmon/Operational
EventCode=1
EventType=4
ComputerName=DESKTOP-82HJBKD
User=NOT_TRANSLATED
Sid=S-1-5-18
SidType=0
SourceName=Microsoft-Windows-Sysmon
Type=Information
RecordNumber=28869
Keywords=None
TaskCategory=Process Create (rule: ProcessCreate)
OpCode=Info
Message=Process Create:
RuleName: -
UtcTime: 2026-05-23 07:16:57.117
ProcessGuid: {951b9ce6-5469-6a11-f406-000000000f00}
ProcessId: 12532
Image: C:\Program Files\Splunk\bin\splunk-powershell.exe
FileVersion: -
Description: -
Product: -
Company: -
OriginalFileName: -
CommandLine: "C:\Program Files\Splunk\bin\splunk-powershell.exe" --ps2
CurrentDirectory: C:\WINDOWS\system32\
User: NT AUTHORITY\SYSTEM
LogonGuid: {951b9ce6-5027-6a11-e703-000000000000}
LogonId: 0x3E7
TerminalSessionId: 0
IntegrityLevel: System
Hashes: MD5=09786E423871374ADDE99874569B1D83,SHA256=BAC42959A130084AFD25DEF2520AA63E58F466C472484A0FB011E51B1838D203,IMPHASH=95FBEA9323F5EA405C7BE38624B06950
ParentProcessGuid: {951b9ce6-502c-6a11-4e00-000000000f00}
ParentProcessId: 3584
ParentImage: C:\Program Files\Splunk\bin\splunkd.exe
ParentCommandLine: "C:\Program Files\Splunk\bin\splunkd.exe" service
ParentUser: NT AUTHORITY\SYSTEM
05/23/2026 01:01:56.761 PM
LogName=Microsoft-Windows-Sysmon/Operational
EventCode=1
EventType=4
ComputerName=DESKTOP-82HJBKD
User=NOT_TRANSLATED
Sid=S-1-5-18
SidType=0
SourceName=Microsoft-Windows-Sysmon
Type=Information
RecordNumber=28868
Keywords=None
TaskCategory=Process Create (rule: ProcessCreate)
OpCode=Info
Message=Process Create:
RuleName: -
UtcTime: 2026-05-23 07:16:56.759
ProcessGuid: {951b9ce6-5468-6a11-f306-000000000f00}
ProcessId: 6248
Image: C:\Program Files\Splunk\bin\splunk-powershell.exe
FileVersion: -
Description: -
Product: -
Company: -
OriginalFileName: -
CommandLine: "C:\Program Files\Splunk\bin\splunk-powershell.exe"
CurrentDirectory: C:\WINDOWS\system32\
User: NT AUTHORITY\SYSTEM
LogonGuid: {951b9ce6-5027-6a11-e703-000000000000}
LogonId: 0x3E7
TerminalSessionId: 0
IntegrityLevel: System
Hashes: MD5=09786E423871374ADDE99874569B1D83,SHA256=BAC42959A130084AFD25DEF2520AA63E58F466C472484A0FB011E51B1838D203,IMPHASH=95FBEA9323F5EA405C7BE38624B06950
ParentProcessGuid: {951b9ce6-502c-6a11-4e00-000000000f00}
ParentProcessId: 3584
ParentImage: C:\Program Files\Splunk\bin\splunkd.exe
ParentCommandLine: "C:\Program Files\Splunk\bin\splunkd.exe" service
ParentUser: NT AUTHORITY\SYSTEM
05/23/2026 01:00:57.120 PM
LogName=Microsoft-Windows-Sysmon/Operational
EventCode=1
EventType=4
ComputerName=DESKTOP-82HJBKD
User=NOT_TRANSLATED
Sid=S-1-5-18
SidType=0
SourceName=Microsoft-Windows-Sysmon
Type=Information
RecordNumber=28796
Keywords=None
TaskCategory=Process Create (rule: ProcessCreate)
OpCode=Info
Message=Process Create:
RuleName: -
UtcTime: 2026-05-23 07:15:57.118
ProcessGuid: {951b9ce6-542d-6a11-ad06-000000000f00}
ProcessId: 8240
Image: C:\Program Files\Splunk\bin\splunk-powershell.exe
FileVersion: -
Description: -
Product: -
Company: -
OriginalFileName: -
CommandLine: "C:\Program Files\Splunk\bin\splunk-powershell.exe" --ps2
CurrentDirectory: C:\WINDOWS\system32\
User: NT AUTHORITY\SYSTEM
LogonGuid: {951b9ce6-5027-6a11-e703-000000000000}
LogonId: 0x3E7
TerminalSessionId: 0
IntegrityLevel: System
Hashes: MD5=09786E423871374ADDE99874569B1D83,SHA256=BAC42959A130084AFD25DEF2520AA63E58F466C472484A0FB011E51B1838D203,IMPHASH=95FBEA9323F5EA405C7BE38624B06950
ParentProcessGuid: {951b9ce6-502c-6a11-4e00-000000000f00}
ParentProcessId: 3584
ParentImage: C:\Program Files\Splunk\bin\splunkd.exe
ParentCommandLine: "C:\Program Files\Splunk\bin\splunkd.exe" service
ParentUser: NT AUTHORITY\SYSTEM
05/23/2026 01:00:56.762 PM
LogName=Microsoft-Windows-Sysmon/Operational
EventCode=1
EventType=4
ComputerName=DESKTOP-82HJBKD
User=NOT_TRANSLATED
Sid=S-1-5-18
SidType=0
SourceName=Microsoft-Windows-Sysmon
Type=Information
RecordNumber=28795
Keywords=None
TaskCategory=Process Create (rule: ProcessCreate)
OpCode=Info
Message=Process Create:
RuleName: -
UtcTime: 2026-05-23 07:15:56.759
ProcessGuid: {951b9ce6-542c-6a11-ac06-000000000f00}
ProcessId: 8996
Image: C:\Program Files\Splunk\bin\splunk-powershell.exe
FileVersion: -
Description: -
Product: -
Company: -
OriginalFileName: -
CommandLine: "C:\Program Files\Splunk\bin\splunk-powershell.exe"
CurrentDirectory: C:\WINDOWS\system32\
User: NT AUTHORITY\SYSTEM
LogonGuid: {951b9ce6-5027-6a11-e703-000000000000}
LogonId: 0x3E7
TerminalSessionId: 0
IntegrityLevel: System
Hashes: MD5=09786E423871374ADDE99874569B1D83,SHA256=BAC42959A130084AFD25DEF2520AA63E58F466C472484A0FB011E51B1838D203,IMPHASH=95FBEA9323F5EA405C7BE38624B06950
ParentProcessGuid: {951b9ce6-502c-6a11-4e00-000000000f00}
ParentProcessId: 3584
ParentImage: C:\Program Files\Splunk\bin\splunkd.exe
ParentCommandLine: "C:\Program Files\Splunk\bin\splunkd.exe" service
ParentUser: NT AUTHORITY\SYSTEM
05/23/2026 12:59:57.097 PM
LogName=Microsoft-Windows-Sysmon/Operational
EventCode=1
EventType=4
ComputerName=DESKTOP-82HJBKD
User=NOT_TRANSLATED
Sid=S-1-5-18
SidType=0
SourceName=Microsoft-Windows-Sysmon
Type=Information
RecordNumber=28720
Keywords=None
TaskCategory=Process Create (rule: ProcessCreate)
OpCode=Info
Message=Process Create:
RuleName: -
UtcTime: 2026-05-23 07:14:57.095
ProcessGuid: {951b9ce6-53f1-6a11-5e06-000000000f00}
ProcessId: 11776
Image: C:\Program Files\Splunk\bin\splunk-powershell.exe
FileVersion: -
Description: -
Product: -
Company: -
OriginalFileName: -
CommandLine: "C:\Program Files\Splunk\bin\splunk-powershell.exe" --ps2
CurrentDirectory: C:\WINDOWS\system32\
User: NT AUTHORITY\SYSTEM
LogonGuid: {951b9ce6-5027-6a11-e703-000000000000}
LogonId: 0x3E7
TerminalSessionId: 0
IntegrityLevel: System
Hashes: MD5=09786E423871374ADDE99874569B1D83,SHA256=BAC42959A130084AFD25DEF2520AA63E58F466C472484A0FB011E51B1838D203,IMPHASH=95FBEA9323F5EA405C7BE38624B06950
ParentProcessGuid: {951b9ce6-502c-6a11-4e00-000000000f00}
ParentProcessId: 3584
ParentImage: C:\Program Files\Splunk\bin\splunkd.exe
ParentCommandLine: "C:\Program Files\Splunk\bin\splunkd.exe" service
ParentUser: NT AUTHORITY\SYSTEM
05/23/2026 12:59:56.736 PM
LogName=Microsoft-Windows-Sysmon/Operational
EventCode=1
EventType=4
ComputerName=DESKTOP-82HJBKD
User=NOT_TRANSLATED
Sid=S-1-5-18
SidType=0
SourceName=Microsoft-Windows-Sysmon
Type=Information
RecordNumber=28719
Keywords=None
TaskCategory=Process Create (rule: ProcessCreate)
OpCode=Info
Message=Process Create:
RuleName: -
UtcTime: 2026-05-23 07:14:56.734
ProcessGuid: {951b9ce6-53f0-6a11-5d06-000000000f00}
ProcessId: 12984
Image: C:\Program Files\Splunk\bin\splunk-powershell.exe
FileVersion: -
Description: -
Product: -
Company: -
OriginalFileName: -
CommandLine: "C:\Program Files\Splunk\bin\splunk-powershell.exe"
CurrentDirectory: C:\WINDOWS\system32\
User: NT AUTHORITY\SYSTEM
LogonGuid: {951b9ce6-5027-6a11-e703-000000000000}
LogonId: 0x3E7
TerminalSessionId: 0
IntegrityLevel: System
Hashes: MD5=09786E423871374ADDE99874569B1D83,SHA256=BAC42959A130084AFD25DEF2520AA63E58F466C472484A0FB011E51B1838D203,IMPHASH=95FBEA9323F5EA405C7BE38624B06950
ParentProcessGuid: {951b9ce6-502c-6a11-4e00-000000000f00}
ParentProcessId: 3584
ParentImage: C:\Program Files\Splunk\bin\splunkd.exe
ParentCommandLine: "C:\Program Files\Splunk\bin\splunkd.exe" service
ParentUser: NT AUTHORITY\SYSTEM
05/23/2026 12:58:57.104 PM
LogName=Microsoft-Windows-Sysmon/Operational
EventCode=1
EventType=4
ComputerName=DESKTOP-82HJBKD
User=NOT_TRANSLATED
Sid=S-1-5-18
SidType=0
SourceName=Microsoft-Windows-Sysmon
Type=Information
RecordNumber=28643
Keywords=None
TaskCategory=Process Create (rule: ProcessCreate)
OpCode=Info
Message=Process Create:
RuleName: -
UtcTime: 2026-05-23 07:13:57.102
ProcessGuid: {951b9ce6-53b5-6a11-1b06-000000000f00}
ProcessId: 5484
Image: C:\Program Files\Splunk\bin\splunk-powershell.exe
FileVersion: -
Description: -
Product: -
Company: -
OriginalFileName: -
CommandLine: "C:\Program Files\Splunk\bin\splunk-powershell.exe" --ps2
CurrentDirectory: C:\WINDOWS\system32\
User: NT AUTHORITY\SYSTEM
LogonGuid: {951b9ce6-5027-6a11-e703-000000000000}
LogonId: 0x3E7
TerminalSessionId: 0
IntegrityLevel: System
Hashes: MD5=09786E423871374ADDE99874569B1D83,SHA256=BAC42959A130084AFD25DEF2520AA63E58F466C472484A0FB011E51B1838D203,IMPHASH=95FBEA9323F5EA405C7BE38624B06950
ParentProcessGuid: {951b9ce6-502c-6a11-4e00-000000000f00}
ParentProcessId: 3584
ParentImage: C:\Program Files\Splunk\bin\splunkd.exe
ParentCommandLine: "C:\Program Files\Splunk\bin\splunkd.exe" service
ParentUser: NT AUTHORITY\SYSTEM
05/23/2026 12:58:56.727 PM
LogName=Microsoft-Windows-Sysmon/Operational
EventCode=1
EventType=4
ComputerName=DESKTOP-82HJBKD
User=NOT_TRANSLATED
Sid=S-1-5-18
SidType=0
SourceName=Microsoft-Windows-Sysmon
Type=Information
RecordNumber=28642
Keywords=None
TaskCategory=Process Create (rule: ProcessCreate)
OpCode=Info
Message=Process Create:
RuleName: -
UtcTime: 2026-05-23 07:13:56.725
ProcessGuid: {951b9ce6-53b4-6a11-1a06-000000000f00}
ProcessId: 9052
Image: C:\Program Files\Splunk\bin\splunk-powershell.exe
FileVersion: -
Description: -
Product: -
Company: -
OriginalFileName: -
CommandLine: "C:\Program Files\Splunk\bin\splunk-powershell.exe"
CurrentDirectory: C:\WINDOWS\system32\
User: NT AUTHORITY\SYSTEM
LogonGuid: {951b9ce6-5027-6a11-e703-000000000000}
LogonId: 0x3E7
TerminalSessionId: 0
IntegrityLevel: System
Hashes: MD5=09786E423871374ADDE99874569B1D83,SHA256=BAC42959A130084AFD25DEF2520AA63E58F466C472484A0FB011E51B1838D203,IMPHASH=95FBEA9323F5EA405C7BE38624B06950
ParentProcessGuid: {951b9ce6-502c-6a11-4e00-000000000f00}
ParentProcessId: 3584
ParentImage: C:\Program Files\Splunk\bin\splunkd.exe
ParentCommandLine: "C:\Program Files\Splunk\bin\splunkd.exe" service
ParentUser: NT AUTHORITY\SYSTEM
05/23/2026 12:57:57.102 PM
LogName=Microsoft-Windows-Sysmon/Operational
EventCode=1
EventType=4
ComputerName=DESKTOP-82HJBKD
User=NOT_TRANSLATED
Sid=S-1-5-18
SidType=0
SourceName=Microsoft-Windows-Sysmon
Type=Information
RecordNumber=28568
Keywords=None
TaskCategory=Process Create (rule: ProcessCreate)
OpCode=Info
Message=Process Create:
RuleName: -
UtcTime: 2026-05-23 07:12:57.099
ProcessGuid: {951b9ce6-5379-6a11-cf05-000000000f00}
ProcessId: 13068
Image: C:\Program Files\Splunk\bin\splunk-powershell.exe
FileVersion: -
Description: -
Product: -
Company: -
OriginalFileName: -
CommandLine: "C:\Program Files\Splunk\bin\splunk-powershell.exe" --ps2
CurrentDirectory: C:\WINDOWS\system32\
User: NT AUTHORITY\SYSTEM
LogonGuid: {951b9ce6-5027-6a11-e703-000000000000}
LogonId: 0x3E7
TerminalSessionId: 0
IntegrityLevel: System
Hashes: MD5=09786E423871374ADDE99874569B1D83,SHA256=BAC42959A130084AFD25DEF2520AA63E58F466C472484A0FB011E51B1838D203,IMPHASH=95FBEA9323F5EA405C7BE38624B06950
ParentProcessGuid: {951b9ce6-502c-6a11-4e00-000000000f00}
ParentProcessId: 3584
ParentImage: C:\Program Files\Splunk\bin\splunkd.exe
ParentCommandLine: "C:\Program Files\Splunk\bin\splunkd.exe" service
ParentUser: NT AUTHORITY\SYSTEM
